{"level":"debug","time":"2025-03-26T13:14:17.579+0530","caller":"cmd/bin.go:137","msg":"cli os: darwin, cli arch: amd64"}
{"level":"debug","time":"2025-03-26T13:14:18.361+0530","caller":"cmd/bin.go:146","msg":"Upstream version details: {Name:cli Min:0.2.195 Max:0.2.261} "}
{"level":"debug","time":"2025-03-26T13:14:21.024+0530","caller":"core/lifecycle.go:107","msg":"Setting environment"}
{"level":"debug","time":"2025-03-26T13:14:21.024+0530","caller":"core/lifecycle.go:110","msg":"Parsing config"}
{"level":"debug","time":"2025-03-26T13:14:21.024+0530","caller":"yamlconfigmanager/setup.go:702","msg":"Custom location for .hyperexecute.yaml specified. Using: hyperexecute.yaml"}
{"level":"debug","time":"2025-03-26T13:14:21.024+0530","caller":"yamlconfigmanager/setup.go:115","msg":"using hyperexecute config from : hyperexecute.yaml"}
{"level":"debug","time":"2025-03-26T13:14:21.738+0530","caller":"yamlconfigmanager/setup.go:2025","msg":"Autodetecting test type in files of path : /Users/roshank/selenium-java"}
{"level":"debug","time":"2025-03-26T13:14:21.740+0530","caller":"yamlconfigmanager/setup.go:526","msg":"Tunnel: %!t(<nil>)"}
{"level":"info","time":"2025-03-26T13:14:21.740+0530","caller":"models/HypertestYamlConfig.go:850","msg":"\n\u001b[4m\u001b[1m\u001b[97mExecution Plan\u001b[0m\u001b[22m\u001b[24m"}
{"level":"info","time":"2025-03-26T13:14:21.740+0530","caller":"models/HypertestYamlConfig.go:651","msg":"Mode:    \u001b[36mautosplit\u001b[0m"}
{"level":"info","time":"2025-03-26T13:14:21.740+0530","caller":"models/HypertestYamlConfig.go:711","msg":"Runson:    \u001b[36mwin\u001b[0m"}
{"level":"info","time":"2025-03-26T13:14:21.740+0530","caller":"models/HypertestYamlConfig.go:719","msg":"Concurrency:    \u001b[36m3\u001b[0m"}
{"level":"info","time":"2025-03-26T13:14:21.740+0530","caller":"models/HypertestYamlConfig.go:783","msg":"Report:    \u001b[36mdisabled\u001b[0m"}
{"level":"info","time":"2025-03-26T13:14:21.740+0530","caller":"models/HypertestYamlConfig.go:863","msg":""}
{"level":"debug","time":"2025-03-26T13:14:21.740+0530","caller":"filevalidator/setup.go:49","msg":"Warning: Checking data.json file in current directory, no dataJsonPath found in .hyperexecute.yaml"}
{"level":"debug","time":"2025-03-26T13:14:21.740+0530","caller":"filevalidator/setup.go:53","msg":"Warning: data.json file doesn't exist"}
{"level":"error","time":"2025-03-26T13:14:22.374+0530","caller":"receptionmanager/setup.go:105","msg":"2025-03-26T13:14:16+05:30    error    \u001b[91mERR::JSON::UN_MAR\u001b[0m     Unable to unmarshal. json: cannot unmarshal string into Go value of type models.ReceptionResponse    Unable to parse job upload link response."}
{"level":"error","time":"2025-03-26T13:14:22.374+0530","caller":"core/lifecycle.go:393","msg":"2025-03-26T13:14:16+05:30    error    \u001b[91mERR::JSON::UN_MAR\u001b[0m     Unable to unmarshal. json: cannot unmarshal string into Go value of type models.ReceptionResponse - Unable to get job upload link."}
{"level":"debug","time":"2025-03-26T13:14:22.374+0530","caller":"core/lifecycle.go:58","msg":"Quit requested from main goroutine...."}
{"level":"debug","time":"2025-03-26T13:14:22.374+0530","caller":"core/lifecycle.go:59","msg":"Waiting for the goroutines to exit"}
{"level":"debug","time":"2025-03-26T13:14:22.375+0530","caller":"core/lifecycle.go:62","msg":"All lifecycle goroutines exited"}
{"level":"debug","time":"2025-03-26T13:14:22.375+0530","caller":"cmd/bin.go:385","msg":"Exiting application due to error \u001b[91mERR::JSON::UN_MAR\u001b[0m     Unable to unmarshal. json: cannot unmarshal string into Go value of type models.ReceptionResponse"}
{"level":"debug","time":"2025-03-26T13:18:04.846+0530","caller":"cmd/bin.go:137","msg":"cli os: darwin, cli arch: amd64"}
{"level":"debug","time":"2025-03-26T13:18:05.497+0530","caller":"cmd/bin.go:146","msg":"Upstream version details: {Name:cli Min:0.2.195 Max:0.2.261} "}
{"level":"debug","time":"2025-03-26T13:18:08.197+0530","caller":"core/lifecycle.go:107","msg":"Setting environment"}
{"level":"debug","time":"2025-03-26T13:18:08.199+0530","caller":"core/lifecycle.go:110","msg":"Parsing config"}
{"level":"debug","time":"2025-03-26T13:18:08.200+0530","caller":"yamlconfigmanager/setup.go:702","msg":"Custom location for .hyperexecute.yaml specified. Using: hyperexecute.yaml"}
{"level":"debug","time":"2025-03-26T13:18:08.201+0530","caller":"yamlconfigmanager/setup.go:115","msg":"using hyperexecute config from : hyperexecute.yaml"}
{"level":"debug","time":"2025-03-26T13:18:08.928+0530","caller":"yamlconfigmanager/setup.go:2025","msg":"Autodetecting test type in files of path : /Users/roshank/selenium-java"}
{"level":"debug","time":"2025-03-26T13:18:08.931+0530","caller":"yamlconfigmanager/setup.go:526","msg":"Tunnel: %!t(<nil>)"}
{"level":"info","time":"2025-03-26T13:18:08.931+0530","caller":"models/HypertestYamlConfig.go:850","msg":"\n\u001b[4m\u001b[1m\u001b[97mExecution Plan\u001b[0m\u001b[22m\u001b[24m"}
{"level":"info","time":"2025-03-26T13:18:08.933+0530","caller":"models/HypertestYamlConfig.go:651","msg":"Mode:    \u001b[36mautosplit\u001b[0m"}
{"level":"info","time":"2025-03-26T13:18:08.933+0530","caller":"models/HypertestYamlConfig.go:711","msg":"Runson:    \u001b[36mwin\u001b[0m"}
{"level":"info","time":"2025-03-26T13:18:08.933+0530","caller":"models/HypertestYamlConfig.go:719","msg":"Concurrency:    \u001b[36m3\u001b[0m"}
{"level":"info","time":"2025-03-26T13:18:08.933+0530","caller":"models/HypertestYamlConfig.go:783","msg":"Report:    \u001b[36mdisabled\u001b[0m"}
{"level":"info","time":"2025-03-26T13:18:08.933+0530","caller":"models/HypertestYamlConfig.go:863","msg":""}
{"level":"debug","time":"2025-03-26T13:18:08.933+0530","caller":"filevalidator/setup.go:49","msg":"Warning: Checking data.json file in current directory, no dataJsonPath found in .hyperexecute.yaml"}
{"level":"debug","time":"2025-03-26T13:18:08.934+0530","caller":"filevalidator/setup.go:53","msg":"Warning: data.json file doesn't exist"}
{"level":"error","time":"2025-03-26T13:18:09.662+0530","caller":"receptionmanager/setup.go:105","msg":"2025-03-26T13:18:04+05:30    error    \u001b[91mERR::JSON::UN_MAR\u001b[0m     Unable to unmarshal. json: cannot unmarshal string into Go value of type models.ReceptionResponse    Unable to parse job upload link response."}
{"level":"error","time":"2025-03-26T13:18:09.663+0530","caller":"core/lifecycle.go:393","msg":"2025-03-26T13:18:04+05:30    error    \u001b[91mERR::JSON::UN_MAR\u001b[0m     Unable to unmarshal. json: cannot unmarshal string into Go value of type models.ReceptionResponse - Unable to get job upload link."}
{"level":"debug","time":"2025-03-26T13:18:09.664+0530","caller":"core/lifecycle.go:58","msg":"Quit requested from main goroutine...."}
{"level":"debug","time":"2025-03-26T13:18:09.664+0530","caller":"core/lifecycle.go:59","msg":"Waiting for the goroutines to exit"}
{"level":"debug","time":"2025-03-26T13:18:09.664+0530","caller":"core/lifecycle.go:62","msg":"All lifecycle goroutines exited"}
{"level":"debug","time":"2025-03-26T13:18:09.664+0530","caller":"cmd/bin.go:385","msg":"Exiting application due to error \u001b[91mERR::JSON::UN_MAR\u001b[0m     Unable to unmarshal. json: cannot unmarshal string into Go value of type models.ReceptionResponse"}
{"level":"debug","time":"2025-03-26T13:21:18.864+0530","caller":"cmd/bin.go:137","msg":"cli os: darwin, cli arch: amd64"}
{"level":"debug","time":"2025-03-26T13:21:19.746+0530","caller":"cmd/bin.go:146","msg":"Upstream version details: {Name:cli Min:0.2.195 Max:0.2.261} "}
{"level":"debug","time":"2025-03-26T13:21:22.444+0530","caller":"core/lifecycle.go:107","msg":"Setting environment"}
{"level":"debug","time":"2025-03-26T13:21:22.445+0530","caller":"core/lifecycle.go:110","msg":"Parsing config"}
{"level":"debug","time":"2025-03-26T13:21:22.445+0530","caller":"yamlconfigmanager/setup.go:702","msg":"Custom location for .hyperexecute.yaml specified. Using: hyperexecute.yaml"}
{"level":"debug","time":"2025-03-26T13:21:22.445+0530","caller":"yamlconfigmanager/setup.go:115","msg":"using hyperexecute config from : hyperexecute.yaml"}
{"level":"debug","time":"2025-03-26T13:21:23.173+0530","caller":"yamlconfigmanager/setup.go:2025","msg":"Autodetecting test type in files of path : /Users/roshank/selenium-java"}
{"level":"debug","time":"2025-03-26T13:21:23.176+0530","caller":"yamlconfigmanager/setup.go:526","msg":"Tunnel: %!t(<nil>)"}
{"level":"info","time":"2025-03-26T13:21:23.176+0530","caller":"models/HypertestYamlConfig.go:850","msg":"\n\u001b[4m\u001b[1m\u001b[97mExecution Plan\u001b[0m\u001b[22m\u001b[24m"}
{"level":"info","time":"2025-03-26T13:21:23.176+0530","caller":"models/HypertestYamlConfig.go:651","msg":"Mode:    \u001b[36mautosplit\u001b[0m"}
{"level":"info","time":"2025-03-26T13:21:23.176+0530","caller":"models/HypertestYamlConfig.go:711","msg":"Runson:    \u001b[36mwin\u001b[0m"}
{"level":"info","time":"2025-03-26T13:21:23.176+0530","caller":"models/HypertestYamlConfig.go:719","msg":"Concurrency:    \u001b[36m3\u001b[0m"}
{"level":"info","time":"2025-03-26T13:21:23.176+0530","caller":"models/HypertestYamlConfig.go:783","msg":"Report:    \u001b[36mdisabled\u001b[0m"}
{"level":"info","time":"2025-03-26T13:21:23.176+0530","caller":"models/HypertestYamlConfig.go:863","msg":""}
{"level":"debug","time":"2025-03-26T13:21:23.176+0530","caller":"filevalidator/setup.go:49","msg":"Warning: Checking data.json file in current directory, no dataJsonPath found in .hyperexecute.yaml"}
{"level":"debug","time":"2025-03-26T13:21:23.176+0530","caller":"filevalidator/setup.go:53","msg":"Warning: data.json file doesn't exist"}
{"level":"error","time":"2025-03-26T13:21:23.847+0530","caller":"receptionmanager/setup.go:105","msg":"2025-03-26T13:21:18+05:30    error    \u001b[91mERR::JSON::UN_MAR\u001b[0m     Unable to unmarshal. json: cannot unmarshal string into Go value of type models.ReceptionResponse    Unable to parse job upload link response."}
{"level":"error","time":"2025-03-26T13:21:23.847+0530","caller":"core/lifecycle.go:393","msg":"2025-03-26T13:21:18+05:30    error    \u001b[91mERR::JSON::UN_MAR\u001b[0m     Unable to unmarshal. json: cannot unmarshal string into Go value of type models.ReceptionResponse - Unable to get job upload link."}
{"level":"debug","time":"2025-03-26T13:21:23.848+0530","caller":"core/lifecycle.go:58","msg":"Quit requested from main goroutine...."}
{"level":"debug","time":"2025-03-26T13:21:23.848+0530","caller":"core/lifecycle.go:59","msg":"Waiting for the goroutines to exit"}
{"level":"debug","time":"2025-03-26T13:21:23.848+0530","caller":"core/lifecycle.go:62","msg":"All lifecycle goroutines exited"}
{"level":"debug","time":"2025-03-26T13:21:23.848+0530","caller":"cmd/bin.go:385","msg":"Exiting application due to error \u001b[91mERR::JSON::UN_MAR\u001b[0m     Unable to unmarshal. json: cannot unmarshal string into Go value of type models.ReceptionResponse"}
{"level":"debug","time":"2025-03-26T13:21:45.347+0530","caller":"cmd/bin.go:137","msg":"cli os: darwin, cli arch: amd64"}
{"level":"debug","time":"2025-03-26T13:21:46.016+0530","caller":"cmd/bin.go:146","msg":"Upstream version details: {Name:cli Min:0.2.195 Max:0.2.261} "}
{"level":"debug","time":"2025-03-26T13:21:48.539+0530","caller":"core/lifecycle.go:107","msg":"Setting environment"}
{"level":"debug","time":"2025-03-26T13:21:48.539+0530","caller":"core/lifecycle.go:110","msg":"Parsing config"}
{"level":"debug","time":"2025-03-26T13:21:48.540+0530","caller":"yamlconfigmanager/setup.go:702","msg":"Custom location for .hyperexecute.yaml specified. Using: hyperexecute.yaml"}
{"level":"debug","time":"2025-03-26T13:21:48.540+0530","caller":"yamlconfigmanager/setup.go:115","msg":"using hyperexecute config from : hyperexecute.yaml"}
{"level":"debug","time":"2025-03-26T13:21:49.305+0530","caller":"yamlconfigmanager/setup.go:2025","msg":"Autodetecting test type in files of path : /Users/roshank/selenium-java"}
{"level":"debug","time":"2025-03-26T13:21:49.306+0530","caller":"yamlconfigmanager/setup.go:526","msg":"Tunnel: %!t(<nil>)"}
{"level":"info","time":"2025-03-26T13:21:49.307+0530","caller":"models/HypertestYamlConfig.go:850","msg":"\n\u001b[4m\u001b[1m\u001b[97mExecution Plan\u001b[0m\u001b[22m\u001b[24m"}
{"level":"info","time":"2025-03-26T13:21:49.307+0530","caller":"models/HypertestYamlConfig.go:651","msg":"Mode:    \u001b[36mautosplit\u001b[0m"}
{"level":"info","time":"2025-03-26T13:21:49.307+0530","caller":"models/HypertestYamlConfig.go:711","msg":"Runson:    \u001b[36mwin\u001b[0m"}
{"level":"info","time":"2025-03-26T13:21:49.307+0530","caller":"models/HypertestYamlConfig.go:719","msg":"Concurrency:    \u001b[36m3\u001b[0m"}
{"level":"info","time":"2025-03-26T13:21:49.307+0530","caller":"models/HypertestYamlConfig.go:783","msg":"Report:    \u001b[36mdisabled\u001b[0m"}
{"level":"info","time":"2025-03-26T13:21:49.307+0530","caller":"models/HypertestYamlConfig.go:863","msg":""}
{"level":"debug","time":"2025-03-26T13:21:49.307+0530","caller":"filevalidator/setup.go:49","msg":"Warning: Checking data.json file in current directory, no dataJsonPath found in .hyperexecute.yaml"}
{"level":"debug","time":"2025-03-26T13:21:49.307+0530","caller":"filevalidator/setup.go:53","msg":"Warning: data.json file doesn't exist"}
{"level":"error","time":"2025-03-26T13:21:50.011+0530","caller":"receptionmanager/setup.go:105","msg":"2025-03-26T13:21:44+05:30    error    \u001b[91mERR::JSON::UN_MAR\u001b[0m     Unable to unmarshal. json: cannot unmarshal string into Go value of type models.ReceptionResponse    Unable to parse job upload link response."}
{"level":"error","time":"2025-03-26T13:21:50.011+0530","caller":"core/lifecycle.go:393","msg":"2025-03-26T13:21:44+05:30    error    \u001b[91mERR::JSON::UN_MAR\u001b[0m     Unable to unmarshal. json: cannot unmarshal string into Go value of type models.ReceptionResponse - Unable to get job upload link."}
{"level":"debug","time":"2025-03-26T13:21:50.011+0530","caller":"core/lifecycle.go:58","msg":"Quit requested from main goroutine...."}
{"level":"debug","time":"2025-03-26T13:21:50.011+0530","caller":"core/lifecycle.go:59","msg":"Waiting for the goroutines to exit"}
{"level":"debug","time":"2025-03-26T13:21:50.011+0530","caller":"core/lifecycle.go:62","msg":"All lifecycle goroutines exited"}
{"level":"debug","time":"2025-03-26T13:21:50.011+0530","caller":"cmd/bin.go:385","msg":"Exiting application due to error \u001b[91mERR::JSON::UN_MAR\u001b[0m     Unable to unmarshal. json: cannot unmarshal string into Go value of type models.ReceptionResponse"}
{"level":"debug","time":"2025-03-26T13:27:10.803+0530","caller":"cmd/bin.go:137","msg":"cli os: darwin, cli arch: amd64"}
{"level":"debug","time":"2025-03-26T13:27:11.455+0530","caller":"cmd/bin.go:146","msg":"Upstream version details: {Name:cli Min:0.2.195 Max:0.2.261} "}
{"level":"debug","time":"2025-03-26T13:27:14.128+0530","caller":"core/lifecycle.go:107","msg":"Setting environment"}
{"level":"debug","time":"2025-03-26T13:27:14.130+0530","caller":"core/lifecycle.go:110","msg":"Parsing config"}
{"level":"debug","time":"2025-03-26T13:27:14.132+0530","caller":"yamlconfigmanager/setup.go:702","msg":"Custom location for .hyperexecute.yaml specified. Using: hyperexecute.yaml"}
{"level":"debug","time":"2025-03-26T13:27:14.133+0530","caller":"yamlconfigmanager/setup.go:115","msg":"using hyperexecute config from : hyperexecute.yaml"}
{"level":"debug","time":"2025-03-26T13:27:15.013+0530","caller":"yamlconfigmanager/setup.go:2025","msg":"Autodetecting test type in files of path : /Users/roshank/selenium-java"}
{"level":"debug","time":"2025-03-26T13:27:15.016+0530","caller":"yamlconfigmanager/setup.go:526","msg":"Tunnel: %!t(<nil>)"}
{"level":"info","time":"2025-03-26T13:27:15.017+0530","caller":"models/HypertestYamlConfig.go:850","msg":"\n\u001b[4m\u001b[1m\u001b[97mExecution Plan\u001b[0m\u001b[22m\u001b[24m"}
{"level":"info","time":"2025-03-26T13:27:15.018+0530","caller":"models/HypertestYamlConfig.go:651","msg":"Mode:    \u001b[36mautosplit\u001b[0m"}
{"level":"info","time":"2025-03-26T13:27:15.018+0530","caller":"models/HypertestYamlConfig.go:711","msg":"Runson:    \u001b[36mwin\u001b[0m"}
{"level":"info","time":"2025-03-26T13:27:15.018+0530","caller":"models/HypertestYamlConfig.go:719","msg":"Concurrency:    \u001b[36m3\u001b[0m"}
{"level":"info","time":"2025-03-26T13:27:15.018+0530","caller":"models/HypertestYamlConfig.go:783","msg":"Report:    \u001b[36mdisabled\u001b[0m"}
{"level":"info","time":"2025-03-26T13:27:15.019+0530","caller":"models/HypertestYamlConfig.go:863","msg":""}
{"level":"debug","time":"2025-03-26T13:27:15.019+0530","caller":"filevalidator/setup.go:49","msg":"Warning: Checking data.json file in current directory, no dataJsonPath found in .hyperexecute.yaml"}
{"level":"debug","time":"2025-03-26T13:27:15.019+0530","caller":"filevalidator/setup.go:53","msg":"Warning: data.json file doesn't exist"}
{"level":"error","time":"2025-03-26T13:27:15.733+0530","caller":"receptionmanager/setup.go:105","msg":"2025-03-26T13:27:10+05:30    error    \u001b[91mERR::JSON::UN_MAR\u001b[0m     Unable to unmarshal. json: cannot unmarshal string into Go value of type models.ReceptionResponse    Unable to parse job upload link response."}
{"level":"error","time":"2025-03-26T13:27:15.733+0530","caller":"core/lifecycle.go:393","msg":"2025-03-26T13:27:10+05:30    error    \u001b[91mERR::JSON::UN_MAR\u001b[0m     Unable to unmarshal. json: cannot unmarshal string into Go value of type models.ReceptionResponse - Unable to get job upload link."}
{"level":"debug","time":"2025-03-26T13:27:15.734+0530","caller":"core/lifecycle.go:58","msg":"Quit requested from main goroutine...."}
{"level":"debug","time":"2025-03-26T13:27:15.734+0530","caller":"core/lifecycle.go:59","msg":"Waiting for the goroutines to exit"}
{"level":"debug","time":"2025-03-26T13:27:15.734+0530","caller":"core/lifecycle.go:62","msg":"All lifecycle goroutines exited"}
{"level":"debug","time":"2025-03-26T13:27:15.734+0530","caller":"cmd/bin.go:385","msg":"Exiting application due to error \u001b[91mERR::JSON::UN_MAR\u001b[0m     Unable to unmarshal. json: cannot unmarshal string into Go value of type models.ReceptionResponse"}
{"level":"debug","time":"2025-03-26T13:31:28.628+0530","caller":"cmd/bin.go:137","msg":"cli os: darwin, cli arch: amd64"}
{"level":"debug","time":"2025-03-26T13:31:29.417+0530","caller":"cmd/bin.go:146","msg":"Upstream version details: {Name:cli Min:0.2.195 Max:0.2.261} "}
{"level":"debug","time":"2025-03-26T13:31:32.028+0530","caller":"core/lifecycle.go:107","msg":"Setting environment"}
{"level":"debug","time":"2025-03-26T13:31:32.030+0530","caller":"core/lifecycle.go:110","msg":"Parsing config"}
{"level":"debug","time":"2025-03-26T13:31:32.031+0530","caller":"yamlconfigmanager/setup.go:702","msg":"Custom location for .hyperexecute.yaml specified. Using: hyperexecute.yaml"}
{"level":"debug","time":"2025-03-26T13:31:32.032+0530","caller":"yamlconfigmanager/setup.go:115","msg":"using hyperexecute config from : hyperexecute.yaml"}
{"level":"debug","time":"2025-03-26T13:31:32.782+0530","caller":"yamlconfigmanager/setup.go:2025","msg":"Autodetecting test type in files of path : /Users/roshank/selenium-java"}
{"level":"debug","time":"2025-03-26T13:31:32.785+0530","caller":"yamlconfigmanager/setup.go:526","msg":"Tunnel: %!t(<nil>)"}
{"level":"info","time":"2025-03-26T13:31:32.785+0530","caller":"models/HypertestYamlConfig.go:850","msg":"\n\u001b[4m\u001b[1m\u001b[97mExecution Plan\u001b[0m\u001b[22m\u001b[24m"}
{"level":"info","time":"2025-03-26T13:31:32.787+0530","caller":"models/HypertestYamlConfig.go:651","msg":"Mode:    \u001b[36mautosplit\u001b[0m"}
{"level":"info","time":"2025-03-26T13:31:32.787+0530","caller":"models/HypertestYamlConfig.go:711","msg":"Runson:    \u001b[36mwin\u001b[0m"}
{"level":"info","time":"2025-03-26T13:31:32.787+0530","caller":"models/HypertestYamlConfig.go:719","msg":"Concurrency:    \u001b[36m3\u001b[0m"}
{"level":"info","time":"2025-03-26T13:31:32.788+0530","caller":"models/HypertestYamlConfig.go:783","msg":"Report:    \u001b[36mdisabled\u001b[0m"}
{"level":"info","time":"2025-03-26T13:31:32.789+0530","caller":"models/HypertestYamlConfig.go:863","msg":""}
{"level":"debug","time":"2025-03-26T13:31:32.789+0530","caller":"filevalidator/setup.go:49","msg":"Warning: Checking data.json file in current directory, no dataJsonPath found in .hyperexecute.yaml"}
{"level":"debug","time":"2025-03-26T13:31:32.790+0530","caller":"filevalidator/setup.go:53","msg":"Warning: data.json file doesn't exist"}
{"level":"error","time":"2025-03-26T13:31:33.439+0530","caller":"receptionmanager/setup.go:105","msg":"2025-03-26T13:31:27+05:30    error    \u001b[91mERR::JSON::UN_MAR\u001b[0m     Unable to unmarshal. json: cannot unmarshal string into Go value of type models.ReceptionResponse    Unable to parse job upload link response."}
{"level":"error","time":"2025-03-26T13:31:33.440+0530","caller":"core/lifecycle.go:393","msg":"2025-03-26T13:31:27+05:30    error    \u001b[91mERR::JSON::UN_MAR\u001b[0m     Unable to unmarshal. json: cannot unmarshal string into Go value of type models.ReceptionResponse - Unable to get job upload link."}
{"level":"debug","time":"2025-03-26T13:31:33.441+0530","caller":"core/lifecycle.go:58","msg":"Quit requested from main goroutine...."}
{"level":"debug","time":"2025-03-26T13:31:33.441+0530","caller":"core/lifecycle.go:59","msg":"Waiting for the goroutines to exit"}
{"level":"debug","time":"2025-03-26T13:31:33.441+0530","caller":"core/lifecycle.go:62","msg":"All lifecycle goroutines exited"}
{"level":"debug","time":"2025-03-26T13:31:33.441+0530","caller":"cmd/bin.go:385","msg":"Exiting application due to error \u001b[91mERR::JSON::UN_MAR\u001b[0m     Unable to unmarshal. json: cannot unmarshal string into Go value of type models.ReceptionResponse"}
{"level":"debug","time":"2025-03-26T13:51:49.075+0530","caller":"cmd/bin.go:137","msg":"cli os: darwin, cli arch: amd64"}
{"level":"debug","time":"2025-03-26T13:51:49.838+0530","caller":"cmd/bin.go:146","msg":"Upstream version details: {Name:cli Min:0.2.195 Max:0.2.261} "}
{"level":"debug","time":"2025-03-26T13:51:52.602+0530","caller":"core/lifecycle.go:107","msg":"Setting environment"}
{"level":"debug","time":"2025-03-26T13:51:52.602+0530","caller":"core/lifecycle.go:110","msg":"Parsing config"}
{"level":"debug","time":"2025-03-26T13:51:52.603+0530","caller":"yamlconfigmanager/setup.go:702","msg":"Custom location for .hyperexecute.yaml specified. Using: hyperexecute.yaml"}
{"level":"debug","time":"2025-03-26T13:51:52.603+0530","caller":"yamlconfigmanager/setup.go:115","msg":"using hyperexecute config from : hyperexecute.yaml"}
{"level":"debug","time":"2025-03-26T13:51:53.345+0530","caller":"yamlconfigmanager/setup.go:2025","msg":"Autodetecting test type in files of path : /Users/roshank/selenium-java"}
{"level":"debug","time":"2025-03-26T13:51:53.347+0530","caller":"yamlconfigmanager/setup.go:526","msg":"Tunnel: %!t(<nil>)"}
{"level":"info","time":"2025-03-26T13:51:53.347+0530","caller":"models/HypertestYamlConfig.go:850","msg":"\n\u001b[4m\u001b[1m\u001b[97mExecution Plan\u001b[0m\u001b[22m\u001b[24m"}
{"level":"info","time":"2025-03-26T13:51:53.347+0530","caller":"models/HypertestYamlConfig.go:651","msg":"Mode:    \u001b[36mautosplit\u001b[0m"}
{"level":"info","time":"2025-03-26T13:51:53.347+0530","caller":"models/HypertestYamlConfig.go:711","msg":"Runson:    \u001b[36mwin\u001b[0m"}
{"level":"info","time":"2025-03-26T13:51:53.347+0530","caller":"models/HypertestYamlConfig.go:719","msg":"Concurrency:    \u001b[36m3\u001b[0m"}
{"level":"info","time":"2025-03-26T13:51:53.347+0530","caller":"models/HypertestYamlConfig.go:783","msg":"Report:    \u001b[36mdisabled\u001b[0m"}
{"level":"info","time":"2025-03-26T13:51:53.347+0530","caller":"models/HypertestYamlConfig.go:863","msg":""}
{"level":"debug","time":"2025-03-26T13:51:53.347+0530","caller":"filevalidator/setup.go:49","msg":"Warning: Checking data.json file in current directory, no dataJsonPath found in .hyperexecute.yaml"}
{"level":"debug","time":"2025-03-26T13:51:53.347+0530","caller":"filevalidator/setup.go:53","msg":"Warning: data.json file doesn't exist"}
{"level":"error","time":"2025-03-26T13:51:54.111+0530","caller":"receptionmanager/setup.go:105","msg":"2025-03-26T13:51:48+05:30    error    \u001b[91mERR::JSON::UN_MAR\u001b[0m     Unable to unmarshal. json: cannot unmarshal string into Go value of type models.ReceptionResponse    Unable to parse job upload link response."}
{"level":"error","time":"2025-03-26T13:51:54.111+0530","caller":"core/lifecycle.go:393","msg":"2025-03-26T13:51:48+05:30    error    \u001b[91mERR::JSON::UN_MAR\u001b[0m     Unable to unmarshal. json: cannot unmarshal string into Go value of type models.ReceptionResponse - Unable to get job upload link."}
{"level":"debug","time":"2025-03-26T13:51:54.112+0530","caller":"core/lifecycle.go:58","msg":"Quit requested from main goroutine...."}
{"level":"debug","time":"2025-03-26T13:51:54.112+0530","caller":"core/lifecycle.go:59","msg":"Waiting for the goroutines to exit"}
{"level":"debug","time":"2025-03-26T13:51:54.112+0530","caller":"core/lifecycle.go:62","msg":"All lifecycle goroutines exited"}
{"level":"debug","time":"2025-03-26T13:51:54.112+0530","caller":"cmd/bin.go:385","msg":"Exiting application due to error \u001b[91mERR::JSON::UN_MAR\u001b[0m     Unable to unmarshal. json: cannot unmarshal string into Go value of type models.ReceptionResponse"}
{"level":"debug","time":"2025-03-26T13:59:22.373+0530","caller":"cmd/bin.go:137","msg":"cli os: darwin, cli arch: amd64"}
{"level":"debug","time":"2025-03-26T13:59:23.055+0530","caller":"cmd/bin.go:146","msg":"Upstream version details: {Name:cli Min:0.2.195 Max:0.2.261} "}
{"level":"debug","time":"2025-03-26T13:59:25.744+0530","caller":"core/lifecycle.go:107","msg":"Setting environment"}
{"level":"debug","time":"2025-03-26T13:59:25.746+0530","caller":"core/lifecycle.go:110","msg":"Parsing config"}
{"level":"debug","time":"2025-03-26T13:59:25.748+0530","caller":"yamlconfigmanager/setup.go:702","msg":"Custom location for .hyperexecute.yaml specified. Using: hyperexecute.yaml"}
{"level":"debug","time":"2025-03-26T13:59:25.748+0530","caller":"yamlconfigmanager/setup.go:115","msg":"using hyperexecute config from : hyperexecute.yaml"}
{"level":"debug","time":"2025-03-26T13:59:27.024+0530","caller":"yamlconfigmanager/setup.go:2025","msg":"Autodetecting test type in files of path : /Users/roshank/selenium-java"}
{"level":"debug","time":"2025-03-26T13:59:27.026+0530","caller":"yamlconfigmanager/setup.go:526","msg":"Tunnel: %!t(<nil>)"}
{"level":"info","time":"2025-03-26T13:59:27.026+0530","caller":"models/HypertestYamlConfig.go:850","msg":"\n\u001b[4m\u001b[1m\u001b[97mExecution Plan\u001b[0m\u001b[22m\u001b[24m"}
{"level":"info","time":"2025-03-26T13:59:27.028+0530","caller":"models/HypertestYamlConfig.go:651","msg":"Mode:    \u001b[36mautosplit\u001b[0m"}
{"level":"info","time":"2025-03-26T13:59:27.028+0530","caller":"models/HypertestYamlConfig.go:711","msg":"Runson:    \u001b[36mwin\u001b[0m"}
{"level":"info","time":"2025-03-26T13:59:27.028+0530","caller":"models/HypertestYamlConfig.go:719","msg":"Concurrency:    \u001b[36m3\u001b[0m"}
{"level":"info","time":"2025-03-26T13:59:27.028+0530","caller":"models/HypertestYamlConfig.go:783","msg":"Report:    \u001b[36mdisabled\u001b[0m"}
{"level":"info","time":"2025-03-26T13:59:27.029+0530","caller":"models/HypertestYamlConfig.go:863","msg":""}
{"level":"debug","time":"2025-03-26T13:59:27.029+0530","caller":"filevalidator/setup.go:49","msg":"Warning: Checking data.json file in current directory, no dataJsonPath found in .hyperexecute.yaml"}
{"level":"debug","time":"2025-03-26T13:59:27.029+0530","caller":"filevalidator/setup.go:53","msg":"Warning: data.json file doesn't exist"}
{"level":"error","time":"2025-03-26T13:59:27.692+0530","caller":"receptionmanager/setup.go:105","msg":"2025-03-26T13:59:21+05:30    error    \u001b[91mERR::JSON::UN_MAR\u001b[0m     Unable to unmarshal. json: cannot unmarshal string into Go value of type models.ReceptionResponse    Unable to parse job upload link response."}
{"level":"error","time":"2025-03-26T13:59:27.692+0530","caller":"core/lifecycle.go:393","msg":"2025-03-26T13:59:21+05:30    error    \u001b[91mERR::JSON::UN_MAR\u001b[0m     Unable to unmarshal. json: cannot unmarshal string into Go value of type models.ReceptionResponse - Unable to get job upload link."}
{"level":"debug","time":"2025-03-26T13:59:27.693+0530","caller":"core/lifecycle.go:58","msg":"Quit requested from main goroutine...."}
{"level":"debug","time":"2025-03-26T13:59:27.693+0530","caller":"core/lifecycle.go:59","msg":"Waiting for the goroutines to exit"}
{"level":"debug","time":"2025-03-26T13:59:27.693+0530","caller":"core/lifecycle.go:62","msg":"All lifecycle goroutines exited"}
{"level":"debug","time":"2025-03-26T13:59:27.694+0530","caller":"cmd/bin.go:385","msg":"Exiting application due to error \u001b[91mERR::JSON::UN_MAR\u001b[0m     Unable to unmarshal. json: cannot unmarshal string into Go value of type models.ReceptionResponse"}
{"level":"debug","time":"2025-03-26T14:10:24.245+0530","caller":"cmd/bin.go:137","msg":"cli os: darwin, cli arch: amd64"}
{"level":"debug","time":"2025-03-26T14:10:24.892+0530","caller":"cmd/bin.go:146","msg":"Upstream version details: {Name:cli Min:0.2.195 Max:0.2.261} "}
{"level":"debug","time":"2025-03-26T14:10:27.610+0530","caller":"core/lifecycle.go:107","msg":"Setting environment"}
{"level":"debug","time":"2025-03-26T14:10:27.611+0530","caller":"core/lifecycle.go:110","msg":"Parsing config"}
{"level":"debug","time":"2025-03-26T14:10:27.612+0530","caller":"yamlconfigmanager/setup.go:702","msg":"Custom location for .hyperexecute.yaml specified. Using: hyperexecute.yaml"}
{"level":"debug","time":"2025-03-26T14:10:27.613+0530","caller":"yamlconfigmanager/setup.go:115","msg":"using hyperexecute config from : hyperexecute.yaml"}
{"level":"debug","time":"2025-03-26T14:10:28.357+0530","caller":"yamlconfigmanager/setup.go:2025","msg":"Autodetecting test type in files of path : /Users/roshank/selenium-java"}
{"level":"debug","time":"2025-03-26T14:10:28.358+0530","caller":"yamlconfigmanager/setup.go:526","msg":"Tunnel: %!t(<nil>)"}
{"level":"info","time":"2025-03-26T14:10:28.358+0530","caller":"models/HypertestYamlConfig.go:850","msg":"\n\u001b[4m\u001b[1m\u001b[97mExecution Plan\u001b[0m\u001b[22m\u001b[24m"}
{"level":"info","time":"2025-03-26T14:10:28.359+0530","caller":"models/HypertestYamlConfig.go:651","msg":"Mode:    \u001b[36mautosplit\u001b[0m"}
{"level":"info","time":"2025-03-26T14:10:28.359+0530","caller":"models/HypertestYamlConfig.go:711","msg":"Runson:    \u001b[36mwin\u001b[0m"}
{"level":"info","time":"2025-03-26T14:10:28.359+0530","caller":"models/HypertestYamlConfig.go:719","msg":"Concurrency:    \u001b[36m3\u001b[0m"}
{"level":"info","time":"2025-03-26T14:10:28.359+0530","caller":"models/HypertestYamlConfig.go:783","msg":"Report:    \u001b[36mdisabled\u001b[0m"}
{"level":"info","time":"2025-03-26T14:10:28.359+0530","caller":"models/HypertestYamlConfig.go:863","msg":""}
{"level":"debug","time":"2025-03-26T14:10:28.359+0530","caller":"filevalidator/setup.go:49","msg":"Warning: Checking data.json file in current directory, no dataJsonPath found in .hyperexecute.yaml"}
{"level":"debug","time":"2025-03-26T14:10:28.359+0530","caller":"filevalidator/setup.go:53","msg":"Warning: data.json file doesn't exist"}
{"level":"debug","time":"2025-03-26T14:10:28.359+0530","caller":"testdiscoverer/discoverer.go:81","msg":"Test Discovery Command: grep 'public class' /src/test/java/com/example/*.java | awk '{print$3}'"}
{"level":"error","time":"2025-03-26T14:10:28.412+0530","caller":"core/lifecycle.go:354","msg":"2025-03-26T14:10:23+05:30    error    \u001b[91mERR_TEST_DSC\u001b[0m     Test Discovery Error: No tests found in test discovery - Error doing test discovery."}
{"level":"debug","time":"2025-03-26T14:10:28.412+0530","caller":"core/lifecycle.go:58","msg":"Quit requested from main goroutine...."}
{"level":"debug","time":"2025-03-26T14:10:28.412+0530","caller":"core/lifecycle.go:59","msg":"Waiting for the goroutines to exit"}
{"level":"debug","time":"2025-03-26T14:10:28.412+0530","caller":"core/lifecycle.go:62","msg":"All lifecycle goroutines exited"}
{"level":"debug","time":"2025-03-26T14:10:28.412+0530","caller":"cmd/bin.go:385","msg":"Exiting application due to error \u001b[91mERR_TEST_DSC\u001b[0m     Test Discovery Error: No tests found in test discovery"}
{"level":"debug","time":"2025-03-26T14:21:41.483+0530","caller":"cmd/bin.go:137","msg":"cli os: darwin, cli arch: amd64"}
{"level":"debug","time":"2025-03-26T14:21:42.146+0530","caller":"cmd/bin.go:146","msg":"Upstream version details: {Name:cli Min:0.2.195 Max:0.2.261} "}
{"level":"debug","time":"2025-03-26T14:21:44.859+0530","caller":"core/lifecycle.go:107","msg":"Setting environment"}
{"level":"debug","time":"2025-03-26T14:21:44.860+0530","caller":"core/lifecycle.go:110","msg":"Parsing config"}
{"level":"debug","time":"2025-03-26T14:21:44.861+0530","caller":"yamlconfigmanager/setup.go:702","msg":"Custom location for .hyperexecute.yaml specified. Using: hyperexecute.yaml"}
{"level":"debug","time":"2025-03-26T14:21:44.861+0530","caller":"yamlconfigmanager/setup.go:115","msg":"using hyperexecute config from : hyperexecute.yaml"}
{"level":"debug","time":"2025-03-26T14:21:45.606+0530","caller":"yamlconfigmanager/setup.go:2025","msg":"Autodetecting test type in files of path : /Users/roshank/selenium-java"}
{"level":"debug","time":"2025-03-26T14:21:45.610+0530","caller":"yamlconfigmanager/setup.go:526","msg":"Tunnel: %!t(<nil>)"}
{"level":"info","time":"2025-03-26T14:21:45.610+0530","caller":"models/HypertestYamlConfig.go:850","msg":"\n\u001b[4m\u001b[1m\u001b[97mExecution Plan\u001b[0m\u001b[22m\u001b[24m"}
{"level":"info","time":"2025-03-26T14:21:45.610+0530","caller":"models/HypertestYamlConfig.go:651","msg":"Mode:    \u001b[36mautosplit\u001b[0m"}
{"level":"info","time":"2025-03-26T14:21:45.611+0530","caller":"models/HypertestYamlConfig.go:711","msg":"Runson:    \u001b[36mwin\u001b[0m"}
{"level":"info","time":"2025-03-26T14:21:45.612+0530","caller":"models/HypertestYamlConfig.go:719","msg":"Concurrency:    \u001b[36m3\u001b[0m"}
{"level":"info","time":"2025-03-26T14:21:45.612+0530","caller":"models/HypertestYamlConfig.go:783","msg":"Report:    \u001b[36mdisabled\u001b[0m"}
{"level":"info","time":"2025-03-26T14:21:45.612+0530","caller":"models/HypertestYamlConfig.go:863","msg":""}
{"level":"debug","time":"2025-03-26T14:21:45.612+0530","caller":"filevalidator/setup.go:49","msg":"Warning: Checking data.json file in current directory, no dataJsonPath found in .hyperexecute.yaml"}
{"level":"debug","time":"2025-03-26T14:21:45.612+0530","caller":"filevalidator/setup.go:53","msg":"Warning: data.json file doesn't exist"}
{"level":"error","time":"2025-03-26T14:21:46.271+0530","caller":"receptionmanager/setup.go:105","msg":"2025-03-26T14:21:40+05:30    error    \u001b[91mERR::JSON::UN_MAR\u001b[0m     Unable to unmarshal. json: cannot unmarshal string into Go value of type models.ReceptionResponse    Unable to parse job upload link response."}
{"level":"error","time":"2025-03-26T14:21:46.271+0530","caller":"core/lifecycle.go:393","msg":"2025-03-26T14:21:40+05:30    error    \u001b[91mERR::JSON::UN_MAR\u001b[0m     Unable to unmarshal. json: cannot unmarshal string into Go value of type models.ReceptionResponse - Unable to get job upload link."}
{"level":"debug","time":"2025-03-26T14:21:46.272+0530","caller":"core/lifecycle.go:58","msg":"Quit requested from main goroutine...."}
{"level":"debug","time":"2025-03-26T14:21:46.272+0530","caller":"core/lifecycle.go:59","msg":"Waiting for the goroutines to exit"}
{"level":"debug","time":"2025-03-26T14:21:46.272+0530","caller":"core/lifecycle.go:62","msg":"All lifecycle goroutines exited"}
{"level":"debug","time":"2025-03-26T14:21:46.272+0530","caller":"cmd/bin.go:385","msg":"Exiting application due to error \u001b[91mERR::JSON::UN_MAR\u001b[0m     Unable to unmarshal. json: cannot unmarshal string into Go value of type models.ReceptionResponse"}
{"level":"debug","time":"2025-03-26T14:28:11.743+0530","caller":"cmd/bin.go:137","msg":"cli os: darwin, cli arch: amd64"}
{"level":"debug","time":"2025-03-26T14:28:12.416+0530","caller":"cmd/bin.go:146","msg":"Upstream version details: {Name:cli Min:0.2.195 Max:0.2.261} "}
{"level":"debug","time":"2025-03-26T14:28:15.143+0530","caller":"core/lifecycle.go:107","msg":"Setting environment"}
{"level":"debug","time":"2025-03-26T14:28:15.144+0530","caller":"core/lifecycle.go:110","msg":"Parsing config"}
{"level":"debug","time":"2025-03-26T14:28:15.146+0530","caller":"yamlconfigmanager/setup.go:702","msg":"Custom location for .hyperexecute.yaml specified. Using: hyperexecute.yaml"}
{"level":"debug","time":"2025-03-26T14:28:15.146+0530","caller":"yamlconfigmanager/setup.go:115","msg":"using hyperexecute config from : hyperexecute.yaml"}
{"level":"debug","time":"2025-03-26T14:28:15.900+0530","caller":"yamlconfigmanager/setup.go:2025","msg":"Autodetecting test type in files of path : /Users/roshank/selenium-java"}
{"level":"debug","time":"2025-03-26T14:28:15.903+0530","caller":"yamlconfigmanager/setup.go:526","msg":"Tunnel: %!t(<nil>)"}
{"level":"info","time":"2025-03-26T14:28:15.904+0530","caller":"models/HypertestYamlConfig.go:850","msg":"\n\u001b[4m\u001b[1m\u001b[97mExecution Plan\u001b[0m\u001b[22m\u001b[24m"}
{"level":"info","time":"2025-03-26T14:28:15.904+0530","caller":"models/HypertestYamlConfig.go:651","msg":"Mode:    \u001b[36mautosplit\u001b[0m"}
{"level":"info","time":"2025-03-26T14:28:15.904+0530","caller":"models/HypertestYamlConfig.go:711","msg":"Runson:    \u001b[36mwin\u001b[0m"}
{"level":"info","time":"2025-03-26T14:28:15.904+0530","caller":"models/HypertestYamlConfig.go:719","msg":"Concurrency:    \u001b[36m3\u001b[0m"}
{"level":"info","time":"2025-03-26T14:28:15.904+0530","caller":"models/HypertestYamlConfig.go:783","msg":"Report:    \u001b[36mdisabled\u001b[0m"}
{"level":"info","time":"2025-03-26T14:28:15.904+0530","caller":"models/HypertestYamlConfig.go:863","msg":""}
{"level":"debug","time":"2025-03-26T14:28:15.904+0530","caller":"filevalidator/setup.go:49","msg":"Warning: Checking data.json file in current directory, no dataJsonPath found in .hyperexecute.yaml"}
{"level":"debug","time":"2025-03-26T14:28:15.905+0530","caller":"filevalidator/setup.go:53","msg":"Warning: data.json file doesn't exist"}
{"level":"error","time":"2025-03-26T14:28:17.142+0530","caller":"receptionmanager/setup.go:105","msg":"2025-03-26T14:28:11+05:30    error    \u001b[91mERR::JSON::UN_MAR\u001b[0m     Unable to unmarshal. json: cannot unmarshal string into Go value of type models.ReceptionResponse    Unable to parse job upload link response."}
{"level":"error","time":"2025-03-26T14:28:17.142+0530","caller":"core/lifecycle.go:393","msg":"2025-03-26T14:28:11+05:30    error    \u001b[91mERR::JSON::UN_MAR\u001b[0m     Unable to unmarshal. json: cannot unmarshal string into Go value of type models.ReceptionResponse - Unable to get job upload link."}
{"level":"debug","time":"2025-03-26T14:28:17.143+0530","caller":"core/lifecycle.go:58","msg":"Quit requested from main goroutine...."}
{"level":"debug","time":"2025-03-26T14:28:17.143+0530","caller":"core/lifecycle.go:59","msg":"Waiting for the goroutines to exit"}
{"level":"debug","time":"2025-03-26T14:28:17.143+0530","caller":"core/lifecycle.go:62","msg":"All lifecycle goroutines exited"}
{"level":"debug","time":"2025-03-26T14:28:17.143+0530","caller":"cmd/bin.go:385","msg":"Exiting application due to error \u001b[91mERR::JSON::UN_MAR\u001b[0m     Unable to unmarshal. json: cannot unmarshal string into Go value of type models.ReceptionResponse"}
{"level":"debug","time":"2025-03-26T14:30:37.079+0530","caller":"cmd/bin.go:137","msg":"cli os: darwin, cli arch: amd64"}
{"level":"debug","time":"2025-03-26T14:30:37.742+0530","caller":"cmd/bin.go:146","msg":"Upstream version details: {Name:cli Min:0.2.195 Max:0.2.261} "}
{"level":"debug","time":"2025-03-26T14:30:40.701+0530","caller":"core/lifecycle.go:107","msg":"Setting environment"}
{"level":"debug","time":"2025-03-26T14:30:40.703+0530","caller":"core/lifecycle.go:110","msg":"Parsing config"}
{"level":"debug","time":"2025-03-26T14:30:40.705+0530","caller":"yamlconfigmanager/setup.go:702","msg":"Custom location for .hyperexecute.yaml specified. Using: hyperexecute.yaml"}
{"level":"debug","time":"2025-03-26T14:30:40.705+0530","caller":"yamlconfigmanager/setup.go:115","msg":"using hyperexecute config from : hyperexecute.yaml"}
{"level":"debug","time":"2025-03-26T14:30:41.603+0530","caller":"yamlconfigmanager/setup.go:2025","msg":"Autodetecting test type in files of path : /Users/roshank/selenium-java"}
{"level":"debug","time":"2025-03-26T14:30:41.605+0530","caller":"yamlconfigmanager/setup.go:526","msg":"Tunnel: %!t(<nil>)"}
{"level":"info","time":"2025-03-26T14:30:41.605+0530","caller":"models/HypertestYamlConfig.go:850","msg":"\n\u001b[4m\u001b[1m\u001b[97mExecution Plan\u001b[0m\u001b[22m\u001b[24m"}
{"level":"info","time":"2025-03-26T14:30:41.607+0530","caller":"models/HypertestYamlConfig.go:651","msg":"Mode:    \u001b[36mautosplit\u001b[0m"}
{"level":"info","time":"2025-03-26T14:30:41.607+0530","caller":"models/HypertestYamlConfig.go:711","msg":"Runson:    \u001b[36mwin\u001b[0m"}
{"level":"info","time":"2025-03-26T14:30:41.607+0530","caller":"models/HypertestYamlConfig.go:719","msg":"Concurrency:    \u001b[36m3\u001b[0m"}
{"level":"info","time":"2025-03-26T14:30:41.607+0530","caller":"models/HypertestYamlConfig.go:783","msg":"Report:    \u001b[36mdisabled\u001b[0m"}
{"level":"info","time":"2025-03-26T14:30:41.607+0530","caller":"models/HypertestYamlConfig.go:863","msg":""}
{"level":"debug","time":"2025-03-26T14:30:41.607+0530","caller":"filevalidator/setup.go:49","msg":"Warning: Checking data.json file in current directory, no dataJsonPath found in .hyperexecute.yaml"}
{"level":"debug","time":"2025-03-26T14:30:41.608+0530","caller":"filevalidator/setup.go:53","msg":"Warning: data.json file doesn't exist"}
{"level":"error","time":"2025-03-26T14:30:42.260+0530","caller":"receptionmanager/setup.go:105","msg":"2025-03-26T14:30:36+05:30    error    \u001b[91mERR::JSON::UN_MAR\u001b[0m     Unable to unmarshal. json: cannot unmarshal string into Go value of type models.ReceptionResponse    Unable to parse job upload link response."}
{"level":"error","time":"2025-03-26T14:30:42.261+0530","caller":"core/lifecycle.go:393","msg":"2025-03-26T14:30:36+05:30    error    \u001b[91mERR::JSON::UN_MAR\u001b[0m     Unable to unmarshal. json: cannot unmarshal string into Go value of type models.ReceptionResponse - Unable to get job upload link."}
{"level":"debug","time":"2025-03-26T14:30:42.261+0530","caller":"core/lifecycle.go:58","msg":"Quit requested from main goroutine...."}
{"level":"debug","time":"2025-03-26T14:30:42.261+0530","caller":"core/lifecycle.go:59","msg":"Waiting for the goroutines to exit"}
{"level":"debug","time":"2025-03-26T14:30:42.262+0530","caller":"core/lifecycle.go:62","msg":"All lifecycle goroutines exited"}
{"level":"debug","time":"2025-03-26T14:30:42.262+0530","caller":"cmd/bin.go:385","msg":"Exiting application due to error \u001b[91mERR::JSON::UN_MAR\u001b[0m     Unable to unmarshal. json: cannot unmarshal string into Go value of type models.ReceptionResponse"}
{"level":"debug","time":"2025-03-26T14:32:39.276+0530","caller":"cmd/bin.go:137","msg":"cli os: darwin, cli arch: amd64"}
{"level":"debug","time":"2025-03-26T14:32:39.934+0530","caller":"cmd/bin.go:146","msg":"Upstream version details: {Name:cli Min:0.2.195 Max:0.2.261} "}
{"level":"debug","time":"2025-03-26T14:32:42.606+0530","caller":"core/lifecycle.go:107","msg":"Setting environment"}
{"level":"debug","time":"2025-03-26T14:32:42.608+0530","caller":"core/lifecycle.go:110","msg":"Parsing config"}
{"level":"debug","time":"2025-03-26T14:32:42.610+0530","caller":"yamlconfigmanager/setup.go:702","msg":"Custom location for .hyperexecute.yaml specified. Using: hyperexecute.yaml"}
{"level":"debug","time":"2025-03-26T14:32:42.610+0530","caller":"yamlconfigmanager/setup.go:115","msg":"using hyperexecute config from : hyperexecute.yaml"}
{"level":"debug","time":"2025-03-26T14:32:43.341+0530","caller":"yamlconfigmanager/setup.go:2025","msg":"Autodetecting test type in files of path : /Users/roshank/selenium-java"}
{"level":"debug","time":"2025-03-26T14:32:43.344+0530","caller":"yamlconfigmanager/setup.go:526","msg":"Tunnel: %!t(<nil>)"}
{"level":"info","time":"2025-03-26T14:32:43.345+0530","caller":"models/HypertestYamlConfig.go:850","msg":"\n\u001b[4m\u001b[1m\u001b[97mExecution Plan\u001b[0m\u001b[22m\u001b[24m"}
{"level":"info","time":"2025-03-26T14:32:43.346+0530","caller":"models/HypertestYamlConfig.go:651","msg":"Mode:    \u001b[36mautosplit\u001b[0m"}
{"level":"info","time":"2025-03-26T14:32:43.346+0530","caller":"models/HypertestYamlConfig.go:711","msg":"Runson:    \u001b[36mwin\u001b[0m"}
{"level":"info","time":"2025-03-26T14:32:43.346+0530","caller":"models/HypertestYamlConfig.go:719","msg":"Concurrency:    \u001b[36m3\u001b[0m"}
{"level":"info","time":"2025-03-26T14:32:43.346+0530","caller":"models/HypertestYamlConfig.go:783","msg":"Report:    \u001b[36mdisabled\u001b[0m"}
{"level":"info","time":"2025-03-26T14:32:43.346+0530","caller":"models/HypertestYamlConfig.go:863","msg":""}
{"level":"debug","time":"2025-03-26T14:32:43.346+0530","caller":"filevalidator/setup.go:49","msg":"Warning: Checking data.json file in current directory, no dataJsonPath found in .hyperexecute.yaml"}
{"level":"debug","time":"2025-03-26T14:32:43.347+0530","caller":"filevalidator/setup.go:53","msg":"Warning: data.json file doesn't exist"}
{"level":"error","time":"2025-03-26T14:32:44.001+0530","caller":"receptionmanager/setup.go:105","msg":"2025-03-26T14:32:38+05:30    error    \u001b[91mERR::JSON::UN_MAR\u001b[0m     Unable to unmarshal. json: cannot unmarshal string into Go value of type models.ReceptionResponse    Unable to parse job upload link response."}
{"level":"error","time":"2025-03-26T14:32:44.002+0530","caller":"core/lifecycle.go:393","msg":"2025-03-26T14:32:38+05:30    error    \u001b[91mERR::JSON::UN_MAR\u001b[0m     Unable to unmarshal. json: cannot unmarshal string into Go value of type models.ReceptionResponse - Unable to get job upload link."}
{"level":"debug","time":"2025-03-26T14:32:44.002+0530","caller":"core/lifecycle.go:58","msg":"Quit requested from main goroutine...."}
{"level":"debug","time":"2025-03-26T14:32:44.002+0530","caller":"core/lifecycle.go:59","msg":"Waiting for the goroutines to exit"}
{"level":"debug","time":"2025-03-26T14:32:44.002+0530","caller":"core/lifecycle.go:62","msg":"All lifecycle goroutines exited"}
{"level":"debug","time":"2025-03-26T14:32:44.002+0530","caller":"cmd/bin.go:385","msg":"Exiting application due to error \u001b[91mERR::JSON::UN_MAR\u001b[0m     Unable to unmarshal. json: cannot unmarshal string into Go value of type models.ReceptionResponse"}
{"level":"debug","time":"2025-03-26T14:44:02.203+0530","caller":"cmd/bin.go:137","msg":"cli os: darwin, cli arch: amd64"}
{"level":"debug","time":"2025-03-26T14:44:02.863+0530","caller":"cmd/bin.go:146","msg":"Upstream version details: {Name:cli Min:0.2.195 Max:0.2.261} "}
{"level":"debug","time":"2025-03-26T14:44:05.634+0530","caller":"core/lifecycle.go:107","msg":"Setting environment"}
{"level":"debug","time":"2025-03-26T14:44:05.636+0530","caller":"core/lifecycle.go:110","msg":"Parsing config"}
{"level":"debug","time":"2025-03-26T14:44:05.638+0530","caller":"yamlconfigmanager/setup.go:702","msg":"Custom location for .hyperexecute.yaml specified. Using: hyperexecute.yaml"}
{"level":"debug","time":"2025-03-26T14:44:05.639+0530","caller":"yamlconfigmanager/setup.go:115","msg":"using hyperexecute config from : hyperexecute.yaml"}
{"level":"debug","time":"2025-03-26T14:44:06.522+0530","caller":"yamlconfigmanager/setup.go:2025","msg":"Autodetecting test type in files of path : /Users/roshank/selenium-java"}
{"level":"debug","time":"2025-03-26T14:44:06.525+0530","caller":"yamlconfigmanager/setup.go:526","msg":"Tunnel: %!t(<nil>)"}
{"level":"info","time":"2025-03-26T14:44:06.525+0530","caller":"models/HypertestYamlConfig.go:850","msg":"\n\u001b[4m\u001b[1m\u001b[97mExecution Plan\u001b[0m\u001b[22m\u001b[24m"}
{"level":"info","time":"2025-03-26T14:44:06.527+0530","caller":"models/HypertestYamlConfig.go:651","msg":"Mode:    \u001b[36mautosplit\u001b[0m"}
{"level":"info","time":"2025-03-26T14:44:06.527+0530","caller":"models/HypertestYamlConfig.go:711","msg":"Runson:    \u001b[36mwin\u001b[0m"}
{"level":"info","time":"2025-03-26T14:44:06.527+0530","caller":"models/HypertestYamlConfig.go:719","msg":"Concurrency:    \u001b[36m3\u001b[0m"}
{"level":"info","time":"2025-03-26T14:44:06.527+0530","caller":"models/HypertestYamlConfig.go:783","msg":"Report:    \u001b[36mdisabled\u001b[0m"}
{"level":"info","time":"2025-03-26T14:44:06.528+0530","caller":"models/HypertestYamlConfig.go:863","msg":""}
{"level":"debug","time":"2025-03-26T14:44:06.528+0530","caller":"filevalidator/setup.go:49","msg":"Warning: Checking data.json file in current directory, no dataJsonPath found in .hyperexecute.yaml"}
{"level":"debug","time":"2025-03-26T14:44:06.528+0530","caller":"filevalidator/setup.go:53","msg":"Warning: data.json file doesn't exist"}
{"level":"error","time":"2025-03-26T14:44:07.176+0530","caller":"receptionmanager/setup.go:105","msg":"2025-03-26T14:44:01+05:30    error    \u001b[91mERR::JSON::UN_MAR\u001b[0m     Unable to unmarshal. json: cannot unmarshal string into Go value of type models.ReceptionResponse    Unable to parse job upload link response."}
{"level":"error","time":"2025-03-26T14:44:07.177+0530","caller":"core/lifecycle.go:393","msg":"2025-03-26T14:44:01+05:30    error    \u001b[91mERR::JSON::UN_MAR\u001b[0m     Unable to unmarshal. json: cannot unmarshal string into Go value of type models.ReceptionResponse - Unable to get job upload link."}
{"level":"debug","time":"2025-03-26T14:44:07.177+0530","caller":"core/lifecycle.go:58","msg":"Quit requested from main goroutine...."}
{"level":"debug","time":"2025-03-26T14:44:07.177+0530","caller":"core/lifecycle.go:59","msg":"Waiting for the goroutines to exit"}
{"level":"debug","time":"2025-03-26T14:44:07.177+0530","caller":"core/lifecycle.go:62","msg":"All lifecycle goroutines exited"}
{"level":"debug","time":"2025-03-26T14:44:07.177+0530","caller":"cmd/bin.go:385","msg":"Exiting application due to error \u001b[91mERR::JSON::UN_MAR\u001b[0m     Unable to unmarshal. json: cannot unmarshal string into Go value of type models.ReceptionResponse"}
{"level":"debug","time":"2025-03-26T14:45:09.014+0530","caller":"cmd/bin.go:137","msg":"cli os: darwin, cli arch: amd64"}
{"level":"debug","time":"2025-03-26T14:45:09.668+0530","caller":"cmd/bin.go:146","msg":"Upstream version details: {Name:cli Min:0.2.195 Max:0.2.261} "}
{"level":"debug","time":"2025-03-26T14:45:12.257+0530","caller":"core/lifecycle.go:107","msg":"Setting environment"}
{"level":"debug","time":"2025-03-26T14:45:12.258+0530","caller":"core/lifecycle.go:110","msg":"Parsing config"}
{"level":"debug","time":"2025-03-26T14:45:12.259+0530","caller":"yamlconfigmanager/setup.go:702","msg":"Custom location for .hyperexecute.yaml specified. Using: hyperexecute.yaml"}
{"level":"debug","time":"2025-03-26T14:45:12.260+0530","caller":"yamlconfigmanager/setup.go:115","msg":"using hyperexecute config from : hyperexecute.yaml"}
{"level":"debug","time":"2025-03-26T14:45:12.994+0530","caller":"yamlconfigmanager/setup.go:2025","msg":"Autodetecting test type in files of path : /Users/roshank/selenium-java"}
{"level":"debug","time":"2025-03-26T14:45:12.997+0530","caller":"yamlconfigmanager/setup.go:526","msg":"Tunnel: %!t(<nil>)"}
{"level":"info","time":"2025-03-26T14:45:12.997+0530","caller":"models/HypertestYamlConfig.go:850","msg":"\n\u001b[4m\u001b[1m\u001b[97mExecution Plan\u001b[0m\u001b[22m\u001b[24m"}
{"level":"info","time":"2025-03-26T14:45:12.998+0530","caller":"models/HypertestYamlConfig.go:651","msg":"Mode:    \u001b[36mautosplit\u001b[0m"}
{"level":"info","time":"2025-03-26T14:45:12.999+0530","caller":"models/HypertestYamlConfig.go:711","msg":"Runson:    \u001b[36mmac\u001b[0m"}
{"level":"info","time":"2025-03-26T14:45:12.999+0530","caller":"models/HypertestYamlConfig.go:719","msg":"Concurrency:    \u001b[36m3\u001b[0m"}
{"level":"info","time":"2025-03-26T14:45:12.999+0530","caller":"models/HypertestYamlConfig.go:783","msg":"Report:    \u001b[36mdisabled\u001b[0m"}
{"level":"info","time":"2025-03-26T14:45:12.999+0530","caller":"models/HypertestYamlConfig.go:863","msg":""}
{"level":"debug","time":"2025-03-26T14:45:12.999+0530","caller":"filevalidator/setup.go:49","msg":"Warning: Checking data.json file in current directory, no dataJsonPath found in .hyperexecute.yaml"}
{"level":"debug","time":"2025-03-26T14:45:12.999+0530","caller":"filevalidator/setup.go:53","msg":"Warning: data.json file doesn't exist"}
{"level":"error","time":"2025-03-26T14:45:13.645+0530","caller":"receptionmanager/setup.go:105","msg":"2025-03-26T14:45:08+05:30    error    \u001b[91mERR::JSON::UN_MAR\u001b[0m     Unable to unmarshal. json: cannot unmarshal string into Go value of type models.ReceptionResponse    Unable to parse job upload link response."}
{"level":"error","time":"2025-03-26T14:45:13.645+0530","caller":"core/lifecycle.go:393","msg":"2025-03-26T14:45:08+05:30    error    \u001b[91mERR::JSON::UN_MAR\u001b[0m     Unable to unmarshal. json: cannot unmarshal string into Go value of type models.ReceptionResponse - Unable to get job upload link."}
{"level":"debug","time":"2025-03-26T14:45:13.645+0530","caller":"core/lifecycle.go:58","msg":"Quit requested from main goroutine...."}
{"level":"debug","time":"2025-03-26T14:45:13.646+0530","caller":"core/lifecycle.go:59","msg":"Waiting for the goroutines to exit"}
{"level":"debug","time":"2025-03-26T14:45:13.646+0530","caller":"core/lifecycle.go:62","msg":"All lifecycle goroutines exited"}
{"level":"debug","time":"2025-03-26T14:45:13.646+0530","caller":"cmd/bin.go:385","msg":"Exiting application due to error \u001b[91mERR::JSON::UN_MAR\u001b[0m     Unable to unmarshal. json: cannot unmarshal string into Go value of type models.ReceptionResponse"}
{"level":"debug","time":"2025-03-26T14:45:37.080+0530","caller":"cmd/bin.go:137","msg":"cli os: darwin, cli arch: amd64"}
{"level":"debug","time":"2025-03-26T14:45:37.730+0530","caller":"cmd/bin.go:146","msg":"Upstream version details: {Name:cli Min:0.2.195 Max:0.2.261} "}
{"level":"debug","time":"2025-03-26T14:45:40.490+0530","caller":"core/lifecycle.go:107","msg":"Setting environment"}
{"level":"debug","time":"2025-03-26T14:45:40.492+0530","caller":"core/lifecycle.go:110","msg":"Parsing config"}
{"level":"debug","time":"2025-03-26T14:45:40.494+0530","caller":"yamlconfigmanager/setup.go:702","msg":"Custom location for .hyperexecute.yaml specified. Using: hyperexecute.yaml"}
{"level":"debug","time":"2025-03-26T14:45:40.494+0530","caller":"yamlconfigmanager/setup.go:115","msg":"using hyperexecute config from : hyperexecute.yaml"}
{"level":"debug","time":"2025-03-26T14:45:41.263+0530","caller":"yamlconfigmanager/setup.go:2025","msg":"Autodetecting test type in files of path : /Users/roshank/selenium-java"}
{"level":"debug","time":"2025-03-26T14:45:41.266+0530","caller":"yamlconfigmanager/setup.go:526","msg":"Tunnel: %!t(<nil>)"}
{"level":"info","time":"2025-03-26T14:45:41.266+0530","caller":"models/HypertestYamlConfig.go:850","msg":"\n\u001b[4m\u001b[1m\u001b[97mExecution Plan\u001b[0m\u001b[22m\u001b[24m"}
{"level":"info","time":"2025-03-26T14:45:41.267+0530","caller":"models/HypertestYamlConfig.go:651","msg":"Mode:    \u001b[36mautosplit\u001b[0m"}
{"level":"info","time":"2025-03-26T14:45:41.268+0530","caller":"models/HypertestYamlConfig.go:711","msg":"Runson:    \u001b[36mmac\u001b[0m"}
{"level":"info","time":"2025-03-26T14:45:41.268+0530","caller":"models/HypertestYamlConfig.go:719","msg":"Concurrency:    \u001b[36m3\u001b[0m"}
{"level":"info","time":"2025-03-26T14:45:41.268+0530","caller":"models/HypertestYamlConfig.go:783","msg":"Report:    \u001b[36mdisabled\u001b[0m"}
{"level":"info","time":"2025-03-26T14:45:41.268+0530","caller":"models/HypertestYamlConfig.go:863","msg":""}
{"level":"debug","time":"2025-03-26T14:45:41.269+0530","caller":"filevalidator/setup.go:49","msg":"Warning: Checking data.json file in current directory, no dataJsonPath found in .hyperexecute.yaml"}
{"level":"debug","time":"2025-03-26T14:45:41.269+0530","caller":"filevalidator/setup.go:53","msg":"Warning: data.json file doesn't exist"}
{"level":"error","time":"2025-03-26T14:45:41.926+0530","caller":"receptionmanager/setup.go:105","msg":"2025-03-26T14:45:36+05:30    error    \u001b[91mERR::JSON::UN_MAR\u001b[0m     Unable to unmarshal. json: cannot unmarshal string into Go value of type models.ReceptionResponse    Unable to parse job upload link response."}
{"level":"error","time":"2025-03-26T14:45:41.926+0530","caller":"core/lifecycle.go:393","msg":"2025-03-26T14:45:36+05:30    error    \u001b[91mERR::JSON::UN_MAR\u001b[0m     Unable to unmarshal. json: cannot unmarshal string into Go value of type models.ReceptionResponse - Unable to get job upload link."}
{"level":"debug","time":"2025-03-26T14:45:41.926+0530","caller":"core/lifecycle.go:58","msg":"Quit requested from main goroutine...."}
{"level":"debug","time":"2025-03-26T14:45:41.926+0530","caller":"core/lifecycle.go:59","msg":"Waiting for the goroutines to exit"}
{"level":"debug","time":"2025-03-26T14:45:41.926+0530","caller":"core/lifecycle.go:62","msg":"All lifecycle goroutines exited"}
{"level":"debug","time":"2025-03-26T14:45:41.926+0530","caller":"cmd/bin.go:385","msg":"Exiting application due to error \u001b[91mERR::JSON::UN_MAR\u001b[0m     Unable to unmarshal. json: cannot unmarshal string into Go value of type models.ReceptionResponse"}
{"level":"debug","time":"2025-03-26T16:38:11.744+0530","caller":"cmd/bin.go:137","msg":"cli os: darwin, cli arch: amd64"}
{"level":"debug","time":"2025-03-26T16:38:12.643+0530","caller":"cmd/bin.go:146","msg":"Upstream version details: {Name:cli Min:0.2.195 Max:0.2.262} "}
{"level":"info","time":"2025-03-26T16:38:12.643+0530","caller":"cmd/bin.go:154","msg":"Current binary version 0.2.261 is less than max upstream version 0.2.262."}
{"level":"info","time":"2025-03-26T16:38:12.643+0530","caller":"updater/updater.go:63","msg":"Auto updating binary ..................."}
{"level":"debug","time":"2025-03-26T16:38:12.643+0530","caller":"updater/updater.go:64","msg":"Download url: https://downloads.hyperexecute.cloud/hyperexecute/cli/0.2.262/darwin/hyperexecute"}
{"level":"debug","time":"2025-03-26T16:38:18.766+0530","caller":"updater/updater.go:85","msg":"New binary downloaded successfully "}
{"level":"info","time":"2025-03-26T16:38:18.767+0530","caller":"cmd/bin.go:166","msg":"Update successfully installed. Restarting the binary..."}
{"level":"debug","time":"2025-03-26T16:38:21.132+0530","caller":"cmd/bin.go:137","msg":"cli os: darwin, cli arch: amd64"}
{"level":"debug","time":"2025-03-26T16:38:21.888+0530","caller":"cmd/bin.go:146","msg":"Upstream version details: {Name:cli Min:0.2.195 Max:0.2.262} "}
{"level":"debug","time":"2025-03-26T16:38:24.670+0530","caller":"core/lifecycle.go:107","msg":"Setting environment"}
{"level":"debug","time":"2025-03-26T16:38:24.671+0530","caller":"core/lifecycle.go:110","msg":"Parsing config"}
{"level":"debug","time":"2025-03-26T16:38:24.671+0530","caller":"yamlconfigmanager/setup.go:702","msg":"Custom location for .hyperexecute.yaml specified. Using: hyperexecute.yaml"}
{"level":"debug","time":"2025-03-26T16:38:24.671+0530","caller":"yamlconfigmanager/setup.go:115","msg":"using hyperexecute config from : hyperexecute.yaml"}
{"level":"debug","time":"2025-03-26T16:38:25.599+0530","caller":"yamlconfigmanager/setup.go:2025","msg":"Autodetecting test type in files of path : /Users/roshank/selenium-java"}
{"level":"debug","time":"2025-03-26T16:38:25.602+0530","caller":"yamlconfigmanager/setup.go:526","msg":"Tunnel: %!t(<nil>)"}
{"level":"info","time":"2025-03-26T16:38:25.602+0530","caller":"models/HypertestYamlConfig.go:850","msg":"\n\u001b[4m\u001b[1m\u001b[97mExecution Plan\u001b[0m\u001b[22m\u001b[24m"}
{"level":"info","time":"2025-03-26T16:38:25.603+0530","caller":"models/HypertestYamlConfig.go:651","msg":"Mode:    \u001b[36mautosplit\u001b[0m"}
{"level":"info","time":"2025-03-26T16:38:25.603+0530","caller":"models/HypertestYamlConfig.go:711","msg":"Runson:    \u001b[36mmac\u001b[0m"}
{"level":"info","time":"2025-03-26T16:38:25.603+0530","caller":"models/HypertestYamlConfig.go:719","msg":"Concurrency:    \u001b[36m3\u001b[0m"}
{"level":"info","time":"2025-03-26T16:38:25.603+0530","caller":"models/HypertestYamlConfig.go:783","msg":"Report:    \u001b[36mdisabled\u001b[0m"}
{"level":"info","time":"2025-03-26T16:38:25.603+0530","caller":"models/HypertestYamlConfig.go:863","msg":""}
{"level":"debug","time":"2025-03-26T16:38:25.603+0530","caller":"filevalidator/setup.go:49","msg":"Warning: Checking data.json file in current directory, no dataJsonPath found in .hyperexecute.yaml"}
{"level":"debug","time":"2025-03-26T16:38:25.604+0530","caller":"filevalidator/setup.go:53","msg":"Warning: data.json file doesn't exist"}
{"level":"error","time":"2025-03-26T16:38:26.472+0530","caller":"receptionmanager/setup.go:105","msg":"2025-03-26T16:38:20+05:30    error    \u001b[91mERR::JSON::UN_MAR\u001b[0m     Unable to unmarshal. json: cannot unmarshal string into Go value of type models.ReceptionResponse    Unable to parse job upload link response."}
{"level":"error","time":"2025-03-26T16:38:26.472+0530","caller":"core/lifecycle.go:393","msg":"2025-03-26T16:38:20+05:30    error    \u001b[91mERR::JSON::UN_MAR\u001b[0m     Unable to unmarshal. json: cannot unmarshal string into Go value of type models.ReceptionResponse - Unable to get job upload link."}
{"level":"debug","time":"2025-03-26T16:38:26.473+0530","caller":"core/lifecycle.go:58","msg":"Quit requested from main goroutine...."}
{"level":"debug","time":"2025-03-26T16:38:26.473+0530","caller":"core/lifecycle.go:59","msg":"Waiting for the goroutines to exit"}
{"level":"debug","time":"2025-03-26T16:38:26.473+0530","caller":"core/lifecycle.go:62","msg":"All lifecycle goroutines exited"}
{"level":"debug","time":"2025-03-26T16:38:26.473+0530","caller":"cmd/bin.go:385","msg":"Exiting application due to error \u001b[91mERR::JSON::UN_MAR\u001b[0m     Unable to unmarshal. json: cannot unmarshal string into Go value of type models.ReceptionResponse"}
{"level":"debug","time":"2025-03-26T16:38:26.481+0530","caller":"cmd/bin.go:186","msg":"Child binary process exited with error: exit status 1"}
{"level":"debug","time":"2025-03-26T17:26:33.311+0530","caller":"cmd/bin.go:137","msg":"cli os: darwin, cli arch: amd64"}
{"level":"debug","time":"2025-03-26T17:26:34.096+0530","caller":"cmd/bin.go:146","msg":"Upstream version details: {Name:cli Min:0.2.195 Max:0.2.262} "}
{"level":"debug","time":"2025-03-26T17:26:36.793+0530","caller":"core/lifecycle.go:107","msg":"Setting environment"}
{"level":"debug","time":"2025-03-26T17:26:36.794+0530","caller":"core/lifecycle.go:110","msg":"Parsing config"}
{"level":"debug","time":"2025-03-26T17:26:36.795+0530","caller":"yamlconfigmanager/setup.go:702","msg":"Custom location for .hyperexecute.yaml specified. Using: hyperexecute.yaml"}
{"level":"debug","time":"2025-03-26T17:26:36.796+0530","caller":"yamlconfigmanager/setup.go:115","msg":"using hyperexecute config from : hyperexecute.yaml"}
{"level":"debug","time":"2025-03-26T17:26:37.598+0530","caller":"yamlconfigmanager/setup.go:2025","msg":"Autodetecting test type in files of path : /Users/roshank/selenium-java"}
{"level":"debug","time":"2025-03-26T17:26:37.601+0530","caller":"yamlconfigmanager/setup.go:526","msg":"Tunnel: %!t(<nil>)"}
{"level":"info","time":"2025-03-26T17:26:37.601+0530","caller":"models/HypertestYamlConfig.go:850","msg":"\n\u001b[4m\u001b[1m\u001b[97mExecution Plan\u001b[0m\u001b[22m\u001b[24m"}
{"level":"info","time":"2025-03-26T17:26:37.602+0530","caller":"models/HypertestYamlConfig.go:651","msg":"Mode:    \u001b[36mautosplit\u001b[0m"}
{"level":"info","time":"2025-03-26T17:26:37.602+0530","caller":"models/HypertestYamlConfig.go:711","msg":"Runson:    \u001b[36mmac\u001b[0m"}
{"level":"info","time":"2025-03-26T17:26:37.603+0530","caller":"models/HypertestYamlConfig.go:719","msg":"Concurrency:    \u001b[36m3\u001b[0m"}
{"level":"info","time":"2025-03-26T17:26:37.603+0530","caller":"models/HypertestYamlConfig.go:783","msg":"Report:    \u001b[36mdisabled\u001b[0m"}
{"level":"info","time":"2025-03-26T17:26:37.603+0530","caller":"models/HypertestYamlConfig.go:863","msg":""}
{"level":"debug","time":"2025-03-26T17:26:37.603+0530","caller":"filevalidator/setup.go:49","msg":"Warning: Checking data.json file in current directory, no dataJsonPath found in .hyperexecute.yaml"}
{"level":"debug","time":"2025-03-26T17:26:37.603+0530","caller":"filevalidator/setup.go:53","msg":"Warning: data.json file doesn't exist"}
{"level":"error","time":"2025-03-26T17:26:38.290+0530","caller":"receptionmanager/setup.go:105","msg":"2025-03-26T17:26:32+05:30    error    \u001b[91mERR::JSON::UN_MAR\u001b[0m     Unable to unmarshal. json: cannot unmarshal string into Go value of type models.ReceptionResponse    Unable to parse job upload link response."}
{"level":"error","time":"2025-03-26T17:26:38.291+0530","caller":"core/lifecycle.go:393","msg":"2025-03-26T17:26:32+05:30    error    \u001b[91mERR::JSON::UN_MAR\u001b[0m     Unable to unmarshal. json: cannot unmarshal string into Go value of type models.ReceptionResponse - Unable to get job upload link."}
{"level":"debug","time":"2025-03-26T17:26:38.291+0530","caller":"core/lifecycle.go:58","msg":"Quit requested from main goroutine...."}
{"level":"debug","time":"2025-03-26T17:26:38.291+0530","caller":"core/lifecycle.go:59","msg":"Waiting for the goroutines to exit"}
{"level":"debug","time":"2025-03-26T17:26:38.291+0530","caller":"core/lifecycle.go:62","msg":"All lifecycle goroutines exited"}
{"level":"debug","time":"2025-03-26T17:26:38.291+0530","caller":"cmd/bin.go:385","msg":"Exiting application due to error \u001b[91mERR::JSON::UN_MAR\u001b[0m     Unable to unmarshal. json: cannot unmarshal string into Go value of type models.ReceptionResponse"}
{"level":"debug","time":"2025-03-26T17:29:06.807+0530","caller":"cmd/bin.go:137","msg":"cli os: darwin, cli arch: amd64"}
{"level":"debug","time":"2025-03-26T17:29:07.567+0530","caller":"cmd/bin.go:146","msg":"Upstream version details: {Name:cli Min:0.2.195 Max:0.2.262} "}
{"level":"debug","time":"2025-03-26T17:29:10.569+0530","caller":"core/lifecycle.go:107","msg":"Setting environment"}
{"level":"debug","time":"2025-03-26T17:29:10.570+0530","caller":"core/lifecycle.go:110","msg":"Parsing config"}
{"level":"debug","time":"2025-03-26T17:29:10.573+0530","caller":"yamlconfigmanager/setup.go:702","msg":"Custom location for .hyperexecute.yaml specified. Using: hyperexecute.yaml"}
{"level":"debug","time":"2025-03-26T17:29:10.574+0530","caller":"yamlconfigmanager/setup.go:115","msg":"using hyperexecute config from : hyperexecute.yaml"}
{"level":"debug","time":"2025-03-26T17:29:10.578+0530","caller":"yamlconfigmanager/setup.go:1797","msg":"Environment variable not set against the variable - test mentioned in yaml"}
{"level":"debug","time":"2025-03-26T17:29:11.350+0530","caller":"yamlconfigmanager/setup.go:2025","msg":"Autodetecting test type in files of path : /Users/roshank/selenium-java"}
{"level":"debug","time":"2025-03-26T17:29:11.354+0530","caller":"yamlconfigmanager/setup.go:526","msg":"Tunnel: %!t(<nil>)"}
{"level":"info","time":"2025-03-26T17:29:11.354+0530","caller":"models/HypertestYamlConfig.go:850","msg":"\n\u001b[4m\u001b[1m\u001b[97mExecution Plan\u001b[0m\u001b[22m\u001b[24m"}
{"level":"info","time":"2025-03-26T17:29:11.355+0530","caller":"models/HypertestYamlConfig.go:651","msg":"Mode:    \u001b[36mautosplit\u001b[0m"}
{"level":"info","time":"2025-03-26T17:29:11.356+0530","caller":"models/HypertestYamlConfig.go:711","msg":"Runson:    \u001b[36mmac\u001b[0m"}
{"level":"info","time":"2025-03-26T17:29:11.356+0530","caller":"models/HypertestYamlConfig.go:719","msg":"Concurrency:    \u001b[36m3\u001b[0m"}
{"level":"info","time":"2025-03-26T17:29:11.356+0530","caller":"models/HypertestYamlConfig.go:783","msg":"Report:    \u001b[36mdisabled\u001b[0m"}
{"level":"info","time":"2025-03-26T17:29:11.356+0530","caller":"models/HypertestYamlConfig.go:863","msg":""}
{"level":"debug","time":"2025-03-26T17:29:11.356+0530","caller":"filevalidator/setup.go:49","msg":"Warning: Checking data.json file in current directory, no dataJsonPath found in .hyperexecute.yaml"}
{"level":"debug","time":"2025-03-26T17:29:11.357+0530","caller":"filevalidator/setup.go:53","msg":"Warning: data.json file doesn't exist"}
{"level":"error","time":"2025-03-26T17:29:12.062+0530","caller":"receptionmanager/setup.go:105","msg":"2025-03-26T17:29:06+05:30    error    \u001b[91mERR::JSON::UN_MAR\u001b[0m     Unable to unmarshal. json: cannot unmarshal string into Go value of type models.ReceptionResponse    Unable to parse job upload link response."}
{"level":"error","time":"2025-03-26T17:29:12.062+0530","caller":"core/lifecycle.go:393","msg":"2025-03-26T17:29:06+05:30    error    \u001b[91mERR::JSON::UN_MAR\u001b[0m     Unable to unmarshal. json: cannot unmarshal string into Go value of type models.ReceptionResponse - Unable to get job upload link."}
{"level":"debug","time":"2025-03-26T17:29:12.063+0530","caller":"core/lifecycle.go:58","msg":"Quit requested from main goroutine...."}
{"level":"debug","time":"2025-03-26T17:29:12.063+0530","caller":"core/lifecycle.go:59","msg":"Waiting for the goroutines to exit"}
{"level":"debug","time":"2025-03-26T17:29:12.063+0530","caller":"core/lifecycle.go:62","msg":"All lifecycle goroutines exited"}
{"level":"debug","time":"2025-03-26T17:29:12.063+0530","caller":"cmd/bin.go:385","msg":"Exiting application due to error \u001b[91mERR::JSON::UN_MAR\u001b[0m     Unable to unmarshal. json: cannot unmarshal string into Go value of type models.ReceptionResponse"}
{"level":"debug","time":"2025-03-26T17:35:23.865+0530","caller":"cmd/bin.go:137","msg":"cli os: darwin, cli arch: amd64"}
{"level":"debug","time":"2025-03-26T17:35:24.539+0530","caller":"cmd/bin.go:146","msg":"Upstream version details: {Name:cli Min:0.2.195 Max:0.2.262} "}
{"level":"debug","time":"2025-03-26T17:35:26.655+0530","caller":"core/lifecycle.go:107","msg":"Setting environment"}
{"level":"debug","time":"2025-03-26T17:35:26.656+0530","caller":"core/lifecycle.go:110","msg":"Parsing config"}
{"level":"debug","time":"2025-03-26T17:35:26.657+0530","caller":"yamlconfigmanager/setup.go:702","msg":"Custom location for .hyperexecute.yaml specified. Using: hyperexecute.yaml"}
{"level":"debug","time":"2025-03-26T17:35:26.658+0530","caller":"yamlconfigmanager/setup.go:115","msg":"using hyperexecute config from : hyperexecute.yaml"}
{"level":"debug","time":"2025-03-26T17:35:26.660+0530","caller":"yamlconfigmanager/setup.go:1797","msg":"Environment variable not set against the variable - test mentioned in yaml"}
{"level":"debug","time":"2025-03-26T17:35:27.576+0530","caller":"yamlconfigmanager/setup.go:2025","msg":"Autodetecting test type in files of path : /Users/roshank/selenium-java"}
{"level":"debug","time":"2025-03-26T17:35:27.578+0530","caller":"yamlconfigmanager/setup.go:526","msg":"Tunnel: %!t(<nil>)"}
{"level":"info","time":"2025-03-26T17:35:27.578+0530","caller":"models/HypertestYamlConfig.go:850","msg":"\n\u001b[4m\u001b[1m\u001b[97mExecution Plan\u001b[0m\u001b[22m\u001b[24m"}
{"level":"info","time":"2025-03-26T17:35:27.579+0530","caller":"models/HypertestYamlConfig.go:651","msg":"Mode:    \u001b[36mautosplit\u001b[0m"}
{"level":"info","time":"2025-03-26T17:35:27.579+0530","caller":"models/HypertestYamlConfig.go:711","msg":"Runson:    \u001b[36mmac\u001b[0m"}
{"level":"info","time":"2025-03-26T17:35:27.579+0530","caller":"models/HypertestYamlConfig.go:719","msg":"Concurrency:    \u001b[36m3\u001b[0m"}
{"level":"info","time":"2025-03-26T17:35:27.579+0530","caller":"models/HypertestYamlConfig.go:783","msg":"Report:    \u001b[36mdisabled\u001b[0m"}
{"level":"info","time":"2025-03-26T17:35:27.579+0530","caller":"models/HypertestYamlConfig.go:863","msg":""}
{"level":"debug","time":"2025-03-26T17:35:27.579+0530","caller":"filevalidator/setup.go:49","msg":"Warning: Checking data.json file in current directory, no dataJsonPath found in .hyperexecute.yaml"}
{"level":"debug","time":"2025-03-26T17:35:27.579+0530","caller":"filevalidator/setup.go:53","msg":"Warning: data.json file doesn't exist"}
{"level":"error","time":"2025-03-26T17:35:28.498+0530","caller":"receptionmanager/setup.go:105","msg":"2025-03-26T17:35:23+05:30    error    \u001b[91mERR::JSON::UN_MAR\u001b[0m     Unable to unmarshal. json: cannot unmarshal string into Go value of type models.ReceptionResponse    Unable to parse job upload link response."}
{"level":"error","time":"2025-03-26T17:35:28.498+0530","caller":"core/lifecycle.go:393","msg":"2025-03-26T17:35:23+05:30    error    \u001b[91mERR::JSON::UN_MAR\u001b[0m     Unable to unmarshal. json: cannot unmarshal string into Go value of type models.ReceptionResponse - Unable to get job upload link."}
{"level":"debug","time":"2025-03-26T17:35:28.498+0530","caller":"core/lifecycle.go:58","msg":"Quit requested from main goroutine...."}
{"level":"debug","time":"2025-03-26T17:35:28.498+0530","caller":"core/lifecycle.go:59","msg":"Waiting for the goroutines to exit"}
{"level":"debug","time":"2025-03-26T17:35:28.498+0530","caller":"core/lifecycle.go:62","msg":"All lifecycle goroutines exited"}
{"level":"debug","time":"2025-03-26T17:35:28.498+0530","caller":"cmd/bin.go:385","msg":"Exiting application due to error \u001b[91mERR::JSON::UN_MAR\u001b[0m     Unable to unmarshal. json: cannot unmarshal string into Go value of type models.ReceptionResponse"}
{"level":"debug","time":"2025-03-26T17:44:49.363+0530","caller":"cmd/bin.go:137","msg":"cli os: darwin, cli arch: amd64"}
{"level":"debug","time":"2025-03-26T17:44:50.118+0530","caller":"cmd/bin.go:146","msg":"Upstream version details: {Name:cli Min:0.2.195 Max:0.2.262} "}
{"level":"debug","time":"2025-03-26T17:44:52.991+0530","caller":"core/lifecycle.go:107","msg":"Setting environment"}
{"level":"debug","time":"2025-03-26T17:44:52.993+0530","caller":"core/lifecycle.go:110","msg":"Parsing config"}
{"level":"debug","time":"2025-03-26T17:44:52.994+0530","caller":"yamlconfigmanager/setup.go:702","msg":"Custom location for .hyperexecute.yaml specified. Using: hyperexecute.yaml"}
{"level":"debug","time":"2025-03-26T17:44:52.995+0530","caller":"yamlconfigmanager/setup.go:115","msg":"using hyperexecute config from : hyperexecute.yaml"}
{"level":"debug","time":"2025-03-26T17:44:52.997+0530","caller":"yamlconfigmanager/setup.go:1797","msg":"Environment variable not set against the variable - test mentioned in yaml"}
{"level":"debug","time":"2025-03-26T17:44:53.744+0530","caller":"yamlconfigmanager/setup.go:2025","msg":"Autodetecting test type in files of path : /Users/roshank/selenium-java"}
{"level":"debug","time":"2025-03-26T17:44:53.746+0530","caller":"yamlconfigmanager/setup.go:526","msg":"Tunnel: %!t(<nil>)"}
{"level":"info","time":"2025-03-26T17:44:53.746+0530","caller":"models/HypertestYamlConfig.go:850","msg":"\n\u001b[4m\u001b[1m\u001b[97mExecution Plan\u001b[0m\u001b[22m\u001b[24m"}
{"level":"info","time":"2025-03-26T17:44:53.748+0530","caller":"models/HypertestYamlConfig.go:651","msg":"Mode:    \u001b[36mautosplit\u001b[0m"}
{"level":"info","time":"2025-03-26T17:44:53.748+0530","caller":"models/HypertestYamlConfig.go:711","msg":"Runson:    \u001b[36mmac\u001b[0m"}
{"level":"info","time":"2025-03-26T17:44:53.748+0530","caller":"models/HypertestYamlConfig.go:719","msg":"Concurrency:    \u001b[36m3\u001b[0m"}
{"level":"info","time":"2025-03-26T17:44:53.748+0530","caller":"models/HypertestYamlConfig.go:783","msg":"Report:    \u001b[36mdisabled\u001b[0m"}
{"level":"info","time":"2025-03-26T17:44:53.749+0530","caller":"models/HypertestYamlConfig.go:863","msg":""}
{"level":"debug","time":"2025-03-26T17:44:53.749+0530","caller":"filevalidator/setup.go:49","msg":"Warning: Checking data.json file in current directory, no dataJsonPath found in .hyperexecute.yaml"}
{"level":"debug","time":"2025-03-26T17:44:53.750+0530","caller":"filevalidator/setup.go:53","msg":"Warning: data.json file doesn't exist"}
{"level":"error","time":"2025-03-26T17:44:54.416+0530","caller":"receptionmanager/setup.go:105","msg":"2025-03-26T17:44:48+05:30    error    \u001b[91mERR::JSON::UN_MAR\u001b[0m     Unable to unmarshal. json: cannot unmarshal string into Go value of type models.ReceptionResponse    Unable to parse job upload link response."}
{"level":"error","time":"2025-03-26T17:44:54.417+0530","caller":"core/lifecycle.go:393","msg":"2025-03-26T17:44:48+05:30    error    \u001b[91mERR::JSON::UN_MAR\u001b[0m     Unable to unmarshal. json: cannot unmarshal string into Go value of type models.ReceptionResponse - Unable to get job upload link."}
{"level":"debug","time":"2025-03-26T17:44:54.417+0530","caller":"core/lifecycle.go:58","msg":"Quit requested from main goroutine...."}
{"level":"debug","time":"2025-03-26T17:44:54.417+0530","caller":"core/lifecycle.go:59","msg":"Waiting for the goroutines to exit"}
{"level":"debug","time":"2025-03-26T17:44:54.417+0530","caller":"core/lifecycle.go:62","msg":"All lifecycle goroutines exited"}
{"level":"debug","time":"2025-03-26T17:44:54.417+0530","caller":"cmd/bin.go:385","msg":"Exiting application due to error \u001b[91mERR::JSON::UN_MAR\u001b[0m     Unable to unmarshal. json: cannot unmarshal string into Go value of type models.ReceptionResponse"}
{"level":"debug","time":"2025-03-26T17:47:15.204+0530","caller":"cmd/bin.go:137","msg":"cli os: darwin, cli arch: amd64"}
{"level":"debug","time":"2025-03-26T17:47:15.924+0530","caller":"cmd/bin.go:146","msg":"Upstream version details: {Name:cli Min:0.2.195 Max:0.2.262} "}
{"level":"debug","time":"2025-03-26T17:47:18.544+0530","caller":"core/lifecycle.go:107","msg":"Setting environment"}
{"level":"debug","time":"2025-03-26T17:47:18.546+0530","caller":"core/lifecycle.go:110","msg":"Parsing config"}
{"level":"debug","time":"2025-03-26T17:47:18.548+0530","caller":"yamlconfigmanager/setup.go:702","msg":"Custom location for .hyperexecute.yaml specified. Using: hyperexecute.yaml"}
{"level":"debug","time":"2025-03-26T17:47:18.548+0530","caller":"yamlconfigmanager/setup.go:115","msg":"using hyperexecute config from : hyperexecute.yaml"}
{"level":"debug","time":"2025-03-26T17:47:18.553+0530","caller":"yamlconfigmanager/setup.go:1797","msg":"Environment variable not set against the variable - test mentioned in yaml"}
{"level":"debug","time":"2025-03-26T17:47:19.443+0530","caller":"yamlconfigmanager/setup.go:2025","msg":"Autodetecting test type in files of path : /Users/roshank/selenium-java"}
{"level":"debug","time":"2025-03-26T17:47:19.445+0530","caller":"yamlconfigmanager/setup.go:526","msg":"Tunnel: %!t(<nil>)"}
{"level":"info","time":"2025-03-26T17:47:19.445+0530","caller":"models/HypertestYamlConfig.go:850","msg":"\n\u001b[4m\u001b[1m\u001b[97mExecution Plan\u001b[0m\u001b[22m\u001b[24m"}
{"level":"info","time":"2025-03-26T17:47:19.447+0530","caller":"models/HypertestYamlConfig.go:651","msg":"Mode:    \u001b[36mautosplit\u001b[0m"}
{"level":"info","time":"2025-03-26T17:47:19.447+0530","caller":"models/HypertestYamlConfig.go:711","msg":"Runson:    \u001b[36mmac\u001b[0m"}
{"level":"info","time":"2025-03-26T17:47:19.447+0530","caller":"models/HypertestYamlConfig.go:719","msg":"Concurrency:    \u001b[36m3\u001b[0m"}
{"level":"info","time":"2025-03-26T17:47:19.447+0530","caller":"models/HypertestYamlConfig.go:783","msg":"Report:    \u001b[36mdisabled\u001b[0m"}
{"level":"info","time":"2025-03-26T17:47:19.447+0530","caller":"models/HypertestYamlConfig.go:863","msg":""}
{"level":"debug","time":"2025-03-26T17:47:19.447+0530","caller":"filevalidator/setup.go:49","msg":"Warning: Checking data.json file in current directory, no dataJsonPath found in .hyperexecute.yaml"}
{"level":"debug","time":"2025-03-26T17:47:19.448+0530","caller":"filevalidator/setup.go:53","msg":"Warning: data.json file doesn't exist"}
{"level":"error","time":"2025-03-26T17:47:20.365+0530","caller":"receptionmanager/setup.go:105","msg":"2025-03-26T17:47:14+05:30    error    \u001b[91mERR::JSON::UN_MAR\u001b[0m     Unable to unmarshal. json: cannot unmarshal string into Go value of type models.ReceptionResponse    Unable to parse job upload link response."}
{"level":"error","time":"2025-03-26T17:47:20.366+0530","caller":"core/lifecycle.go:393","msg":"2025-03-26T17:47:14+05:30    error    \u001b[91mERR::JSON::UN_MAR\u001b[0m     Unable to unmarshal. json: cannot unmarshal string into Go value of type models.ReceptionResponse - Unable to get job upload link."}
{"level":"debug","time":"2025-03-26T17:47:20.366+0530","caller":"core/lifecycle.go:58","msg":"Quit requested from main goroutine...."}
{"level":"debug","time":"2025-03-26T17:47:20.366+0530","caller":"core/lifecycle.go:59","msg":"Waiting for the goroutines to exit"}
{"level":"debug","time":"2025-03-26T17:47:20.366+0530","caller":"core/lifecycle.go:62","msg":"All lifecycle goroutines exited"}
{"level":"debug","time":"2025-03-26T17:47:20.366+0530","caller":"cmd/bin.go:385","msg":"Exiting application due to error \u001b[91mERR::JSON::UN_MAR\u001b[0m     Unable to unmarshal. json: cannot unmarshal string into Go value of type models.ReceptionResponse"}
{"level":"debug","time":"2025-03-26T17:50:54.181+0530","caller":"cmd/bin.go:137","msg":"cli os: darwin, cli arch: amd64"}
{"level":"debug","time":"2025-03-26T17:50:54.919+0530","caller":"cmd/bin.go:146","msg":"Upstream version details: {Name:cli Min:0.2.195 Max:0.2.262} "}
{"level":"debug","time":"2025-03-26T17:50:57.675+0530","caller":"core/lifecycle.go:107","msg":"Setting environment"}
{"level":"debug","time":"2025-03-26T17:50:57.677+0530","caller":"core/lifecycle.go:110","msg":"Parsing config"}
{"level":"debug","time":"2025-03-26T17:50:57.678+0530","caller":"yamlconfigmanager/setup.go:702","msg":"Custom location for .hyperexecute.yaml specified. Using: hyperexecute.yaml"}
{"level":"debug","time":"2025-03-26T17:50:57.678+0530","caller":"yamlconfigmanager/setup.go:115","msg":"using hyperexecute config from : hyperexecute.yaml"}
{"level":"debug","time":"2025-03-26T17:50:57.681+0530","caller":"yamlconfigmanager/setup.go:1797","msg":"Environment variable not set against the variable - test:-DefaultTest mentioned in yaml"}
{"level":"debug","time":"2025-03-26T17:50:58.631+0530","caller":"yamlconfigmanager/setup.go:2025","msg":"Autodetecting test type in files of path : /Users/roshank/selenium-java"}
{"level":"debug","time":"2025-03-26T17:50:58.633+0530","caller":"yamlconfigmanager/setup.go:526","msg":"Tunnel: %!t(<nil>)"}
{"level":"info","time":"2025-03-26T17:50:58.634+0530","caller":"models/HypertestYamlConfig.go:850","msg":"\n\u001b[4m\u001b[1m\u001b[97mExecution Plan\u001b[0m\u001b[22m\u001b[24m"}
{"level":"info","time":"2025-03-26T17:50:58.635+0530","caller":"models/HypertestYamlConfig.go:651","msg":"Mode:    \u001b[36mautosplit\u001b[0m"}
{"level":"info","time":"2025-03-26T17:50:58.635+0530","caller":"models/HypertestYamlConfig.go:711","msg":"Runson:    \u001b[36mmac\u001b[0m"}
{"level":"info","time":"2025-03-26T17:50:58.636+0530","caller":"models/HypertestYamlConfig.go:719","msg":"Concurrency:    \u001b[36m3\u001b[0m"}
{"level":"info","time":"2025-03-26T17:50:58.636+0530","caller":"models/HypertestYamlConfig.go:783","msg":"Report:    \u001b[36mdisabled\u001b[0m"}
{"level":"info","time":"2025-03-26T17:50:58.636+0530","caller":"models/HypertestYamlConfig.go:863","msg":""}
{"level":"debug","time":"2025-03-26T17:50:58.636+0530","caller":"filevalidator/setup.go:49","msg":"Warning: Checking data.json file in current directory, no dataJsonPath found in .hyperexecute.yaml"}
{"level":"debug","time":"2025-03-26T17:50:58.636+0530","caller":"filevalidator/setup.go:53","msg":"Warning: data.json file doesn't exist"}
{"level":"error","time":"2025-03-26T17:50:59.382+0530","caller":"receptionmanager/setup.go:105","msg":"2025-03-26T17:50:53+05:30    error    \u001b[91mERR::JSON::UN_MAR\u001b[0m     Unable to unmarshal. json: cannot unmarshal string into Go value of type models.ReceptionResponse    Unable to parse job upload link response."}
{"level":"error","time":"2025-03-26T17:50:59.382+0530","caller":"core/lifecycle.go:393","msg":"2025-03-26T17:50:53+05:30    error    \u001b[91mERR::JSON::UN_MAR\u001b[0m     Unable to unmarshal. json: cannot unmarshal string into Go value of type models.ReceptionResponse - Unable to get job upload link."}
{"level":"debug","time":"2025-03-26T17:50:59.382+0530","caller":"core/lifecycle.go:58","msg":"Quit requested from main goroutine...."}
{"level":"debug","time":"2025-03-26T17:50:59.382+0530","caller":"core/lifecycle.go:59","msg":"Waiting for the goroutines to exit"}
{"level":"debug","time":"2025-03-26T17:50:59.382+0530","caller":"core/lifecycle.go:62","msg":"All lifecycle goroutines exited"}
{"level":"debug","time":"2025-03-26T17:50:59.383+0530","caller":"cmd/bin.go:385","msg":"Exiting application due to error \u001b[91mERR::JSON::UN_MAR\u001b[0m     Unable to unmarshal. json: cannot unmarshal string into Go value of type models.ReceptionResponse"}
{"level":"debug","time":"2025-03-26T17:52:48.826+0530","caller":"cmd/bin.go:137","msg":"cli os: darwin, cli arch: amd64"}
{"level":"debug","time":"2025-03-26T17:52:49.568+0530","caller":"cmd/bin.go:146","msg":"Upstream version details: {Name:cli Min:0.2.195 Max:0.2.262} "}
{"level":"debug","time":"2025-03-26T17:52:52.416+0530","caller":"core/lifecycle.go:107","msg":"Setting environment"}
{"level":"debug","time":"2025-03-26T17:52:52.418+0530","caller":"core/lifecycle.go:110","msg":"Parsing config"}
{"level":"debug","time":"2025-03-26T17:52:52.419+0530","caller":"yamlconfigmanager/setup.go:702","msg":"Custom location for .hyperexecute.yaml specified. Using: hyperexecute.yaml"}
{"level":"debug","time":"2025-03-26T17:52:52.419+0530","caller":"yamlconfigmanager/setup.go:115","msg":"using hyperexecute config from : hyperexecute.yaml"}
{"level":"debug","time":"2025-03-26T17:52:52.421+0530","caller":"yamlconfigmanager/setup.go:1797","msg":"Environment variable not set against the variable - test:-DefaultTest mentioned in yaml"}
{"level":"debug","time":"2025-03-26T17:52:53.217+0530","caller":"yamlconfigmanager/setup.go:2025","msg":"Autodetecting test type in files of path : /Users/roshank/selenium-java"}
{"level":"debug","time":"2025-03-26T17:52:53.220+0530","caller":"yamlconfigmanager/setup.go:526","msg":"Tunnel: %!t(<nil>)"}
{"level":"info","time":"2025-03-26T17:52:53.220+0530","caller":"models/HypertestYamlConfig.go:850","msg":"\n\u001b[4m\u001b[1m\u001b[97mExecution Plan\u001b[0m\u001b[22m\u001b[24m"}
{"level":"info","time":"2025-03-26T17:52:53.221+0530","caller":"models/HypertestYamlConfig.go:651","msg":"Mode:    \u001b[36mautosplit\u001b[0m"}
{"level":"info","time":"2025-03-26T17:52:53.221+0530","caller":"models/HypertestYamlConfig.go:711","msg":"Runson:    \u001b[36mmac\u001b[0m"}
{"level":"info","time":"2025-03-26T17:52:53.221+0530","caller":"models/HypertestYamlConfig.go:719","msg":"Concurrency:    \u001b[36m3\u001b[0m"}
{"level":"info","time":"2025-03-26T17:52:53.221+0530","caller":"models/HypertestYamlConfig.go:783","msg":"Report:    \u001b[36mdisabled\u001b[0m"}
{"level":"info","time":"2025-03-26T17:52:53.222+0530","caller":"models/HypertestYamlConfig.go:863","msg":""}
{"level":"debug","time":"2025-03-26T17:52:53.222+0530","caller":"filevalidator/setup.go:49","msg":"Warning: Checking data.json file in current directory, no dataJsonPath found in .hyperexecute.yaml"}
{"level":"debug","time":"2025-03-26T17:52:53.222+0530","caller":"filevalidator/setup.go:53","msg":"Warning: data.json file doesn't exist"}
{"level":"error","time":"2025-03-26T17:52:53.969+0530","caller":"receptionmanager/setup.go:105","msg":"2025-03-26T17:52:47+05:30    error    \u001b[91mERR::JSON::UN_MAR\u001b[0m     Unable to unmarshal. json: cannot unmarshal string into Go value of type models.ReceptionResponse    Unable to parse job upload link response."}
{"level":"error","time":"2025-03-26T17:52:53.969+0530","caller":"core/lifecycle.go:393","msg":"2025-03-26T17:52:47+05:30    error    \u001b[91mERR::JSON::UN_MAR\u001b[0m     Unable to unmarshal. json: cannot unmarshal string into Go value of type models.ReceptionResponse - Unable to get job upload link."}
{"level":"debug","time":"2025-03-26T17:52:53.970+0530","caller":"core/lifecycle.go:58","msg":"Quit requested from main goroutine...."}
{"level":"debug","time":"2025-03-26T17:52:53.970+0530","caller":"core/lifecycle.go:59","msg":"Waiting for the goroutines to exit"}
{"level":"debug","time":"2025-03-26T17:52:53.970+0530","caller":"core/lifecycle.go:62","msg":"All lifecycle goroutines exited"}
{"level":"debug","time":"2025-03-26T17:52:53.970+0530","caller":"cmd/bin.go:385","msg":"Exiting application due to error \u001b[91mERR::JSON::UN_MAR\u001b[0m     Unable to unmarshal. json: cannot unmarshal string into Go value of type models.ReceptionResponse"}
{"level":"debug","time":"2025-03-26T17:54:03.700+0530","caller":"cmd/bin.go:137","msg":"cli os: darwin, cli arch: amd64"}
{"level":"debug","time":"2025-03-26T17:54:04.514+0530","caller":"cmd/bin.go:146","msg":"Upstream version details: {Name:cli Min:0.2.195 Max:0.2.262} "}
{"level":"debug","time":"2025-03-26T17:54:07.395+0530","caller":"core/lifecycle.go:107","msg":"Setting environment"}
{"level":"debug","time":"2025-03-26T17:54:07.397+0530","caller":"core/lifecycle.go:110","msg":"Parsing config"}
{"level":"debug","time":"2025-03-26T17:54:07.399+0530","caller":"yamlconfigmanager/setup.go:702","msg":"Custom location for .hyperexecute.yaml specified. Using: hyperexecute.yaml"}
{"level":"debug","time":"2025-03-26T17:54:07.399+0530","caller":"yamlconfigmanager/setup.go:115","msg":"using hyperexecute config from : hyperexecute.yaml"}
{"level":"debug","time":"2025-03-26T17:54:08.413+0530","caller":"yamlconfigmanager/setup.go:2025","msg":"Autodetecting test type in files of path : /Users/roshank/selenium-java"}
{"level":"debug","time":"2025-03-26T17:54:08.417+0530","caller":"yamlconfigmanager/setup.go:526","msg":"Tunnel: %!t(<nil>)"}
{"level":"info","time":"2025-03-26T17:54:08.417+0530","caller":"models/HypertestYamlConfig.go:850","msg":"\n\u001b[4m\u001b[1m\u001b[97mExecution Plan\u001b[0m\u001b[22m\u001b[24m"}
{"level":"info","time":"2025-03-26T17:54:08.418+0530","caller":"models/HypertestYamlConfig.go:651","msg":"Mode:    \u001b[36mautosplit\u001b[0m"}
{"level":"info","time":"2025-03-26T17:54:08.418+0530","caller":"models/HypertestYamlConfig.go:711","msg":"Runson:    \u001b[36mmac\u001b[0m"}
{"level":"info","time":"2025-03-26T17:54:08.418+0530","caller":"models/HypertestYamlConfig.go:719","msg":"Concurrency:    \u001b[36m3\u001b[0m"}
{"level":"info","time":"2025-03-26T17:54:08.418+0530","caller":"models/HypertestYamlConfig.go:783","msg":"Report:    \u001b[36mdisabled\u001b[0m"}
{"level":"info","time":"2025-03-26T17:54:08.418+0530","caller":"models/HypertestYamlConfig.go:863","msg":""}
{"level":"debug","time":"2025-03-26T17:54:08.419+0530","caller":"filevalidator/setup.go:49","msg":"Warning: Checking data.json file in current directory, no dataJsonPath found in .hyperexecute.yaml"}
{"level":"debug","time":"2025-03-26T17:54:08.419+0530","caller":"filevalidator/setup.go:53","msg":"Warning: data.json file doesn't exist"}
{"level":"error","time":"2025-03-26T17:54:09.325+0530","caller":"receptionmanager/setup.go:105","msg":"2025-03-26T17:54:02+05:30    error    \u001b[91mERR::JSON::UN_MAR\u001b[0m     Unable to unmarshal. json: cannot unmarshal string into Go value of type models.ReceptionResponse    Unable to parse job upload link response."}
{"level":"error","time":"2025-03-26T17:54:09.326+0530","caller":"core/lifecycle.go:393","msg":"2025-03-26T17:54:02+05:30    error    \u001b[91mERR::JSON::UN_MAR\u001b[0m     Unable to unmarshal. json: cannot unmarshal string into Go value of type models.ReceptionResponse - Unable to get job upload link."}
{"level":"debug","time":"2025-03-26T17:54:09.326+0530","caller":"core/lifecycle.go:58","msg":"Quit requested from main goroutine...."}
{"level":"debug","time":"2025-03-26T17:54:09.326+0530","caller":"core/lifecycle.go:59","msg":"Waiting for the goroutines to exit"}
{"level":"debug","time":"2025-03-26T17:54:09.326+0530","caller":"core/lifecycle.go:62","msg":"All lifecycle goroutines exited"}
{"level":"debug","time":"2025-03-26T17:54:09.326+0530","caller":"cmd/bin.go:385","msg":"Exiting application due to error \u001b[91mERR::JSON::UN_MAR\u001b[0m     Unable to unmarshal. json: cannot unmarshal string into Go value of type models.ReceptionResponse"}
{"level":"debug","time":"2025-03-26T18:01:44.345+0530","caller":"cmd/bin.go:137","msg":"cli os: darwin, cli arch: amd64"}
{"level":"debug","time":"2025-03-26T18:01:45.072+0530","caller":"cmd/bin.go:146","msg":"Upstream version details: {Name:cli Min:0.2.195 Max:0.2.262} "}
{"level":"debug","time":"2025-03-26T18:01:47.791+0530","caller":"core/lifecycle.go:107","msg":"Setting environment"}
{"level":"debug","time":"2025-03-26T18:01:47.792+0530","caller":"core/lifecycle.go:110","msg":"Parsing config"}
{"level":"debug","time":"2025-03-26T18:01:47.792+0530","caller":"yamlconfigmanager/setup.go:702","msg":"Custom location for .hyperexecute.yaml specified. Using: hyperexecute.yaml"}
{"level":"debug","time":"2025-03-26T18:01:47.792+0530","caller":"yamlconfigmanager/setup.go:115","msg":"using hyperexecute config from : hyperexecute.yaml"}
{"level":"debug","time":"2025-03-26T18:01:48.595+0530","caller":"yamlconfigmanager/setup.go:2025","msg":"Autodetecting test type in files of path : /Users/roshank/selenium-java"}
{"level":"debug","time":"2025-03-26T18:01:48.598+0530","caller":"yamlconfigmanager/setup.go:526","msg":"Tunnel: %!t(<nil>)"}
{"level":"info","time":"2025-03-26T18:01:48.598+0530","caller":"models/HypertestYamlConfig.go:850","msg":"\n\u001b[4m\u001b[1m\u001b[97mExecution Plan\u001b[0m\u001b[22m\u001b[24m"}
{"level":"info","time":"2025-03-26T18:01:48.598+0530","caller":"models/HypertestYamlConfig.go:651","msg":"Mode:    \u001b[36mautosplit\u001b[0m"}
{"level":"info","time":"2025-03-26T18:01:48.598+0530","caller":"models/HypertestYamlConfig.go:711","msg":"Runson:    \u001b[36mmac\u001b[0m"}
{"level":"info","time":"2025-03-26T18:01:48.598+0530","caller":"models/HypertestYamlConfig.go:719","msg":"Concurrency:    \u001b[36m3\u001b[0m"}
{"level":"info","time":"2025-03-26T18:01:48.598+0530","caller":"models/HypertestYamlConfig.go:783","msg":"Report:    \u001b[36mdisabled\u001b[0m"}
{"level":"info","time":"2025-03-26T18:01:48.598+0530","caller":"models/HypertestYamlConfig.go:863","msg":""}
{"level":"debug","time":"2025-03-26T18:01:48.598+0530","caller":"filevalidator/setup.go:49","msg":"Warning: Checking data.json file in current directory, no dataJsonPath found in .hyperexecute.yaml"}
{"level":"debug","time":"2025-03-26T18:01:48.599+0530","caller":"filevalidator/setup.go:53","msg":"Warning: data.json file doesn't exist"}
{"level":"error","time":"2025-03-26T18:01:49.352+0530","caller":"receptionmanager/setup.go:105","msg":"2025-03-26T18:01:43+05:30    error    \u001b[91mERR::JSON::UN_MAR\u001b[0m     Unable to unmarshal. json: cannot unmarshal string into Go value of type models.ReceptionResponse    Unable to parse job upload link response."}
{"level":"error","time":"2025-03-26T18:01:49.352+0530","caller":"core/lifecycle.go:393","msg":"2025-03-26T18:01:43+05:30    error    \u001b[91mERR::JSON::UN_MAR\u001b[0m     Unable to unmarshal. json: cannot unmarshal string into Go value of type models.ReceptionResponse - Unable to get job upload link."}
{"level":"debug","time":"2025-03-26T18:01:49.352+0530","caller":"core/lifecycle.go:58","msg":"Quit requested from main goroutine...."}
{"level":"debug","time":"2025-03-26T18:01:49.353+0530","caller":"core/lifecycle.go:59","msg":"Waiting for the goroutines to exit"}
{"level":"debug","time":"2025-03-26T18:01:49.353+0530","caller":"core/lifecycle.go:62","msg":"All lifecycle goroutines exited"}
{"level":"debug","time":"2025-03-26T18:01:49.353+0530","caller":"cmd/bin.go:385","msg":"Exiting application due to error \u001b[91mERR::JSON::UN_MAR\u001b[0m     Unable to unmarshal. json: cannot unmarshal string into Go value of type models.ReceptionResponse"}
{"level":"debug","time":"2025-03-26T18:07:39.795+0530","caller":"cmd/bin.go:137","msg":"cli os: darwin, cli arch: amd64"}
{"level":"debug","time":"2025-03-26T18:07:40.505+0530","caller":"cmd/bin.go:146","msg":"Upstream version details: {Name:cli Min:0.2.195 Max:0.2.262} "}
{"level":"debug","time":"2025-03-26T18:07:43.315+0530","caller":"core/lifecycle.go:107","msg":"Setting environment"}
{"level":"debug","time":"2025-03-26T18:07:43.318+0530","caller":"core/lifecycle.go:110","msg":"Parsing config"}
{"level":"debug","time":"2025-03-26T18:07:43.319+0530","caller":"yamlconfigmanager/setup.go:702","msg":"Custom location for .hyperexecute.yaml specified. Using: hyperexecute.yaml"}
{"level":"debug","time":"2025-03-26T18:07:43.319+0530","caller":"yamlconfigmanager/setup.go:115","msg":"using hyperexecute config from : hyperexecute.yaml"}
{"level":"debug","time":"2025-03-26T18:07:44.204+0530","caller":"yamlconfigmanager/setup.go:2025","msg":"Autodetecting test type in files of path : /Users/roshank/selenium-java"}
{"level":"debug","time":"2025-03-26T18:07:44.208+0530","caller":"yamlconfigmanager/setup.go:526","msg":"Tunnel: %!t(<nil>)"}
{"level":"info","time":"2025-03-26T18:07:44.208+0530","caller":"models/HypertestYamlConfig.go:850","msg":"\n\u001b[4m\u001b[1m\u001b[97mExecution Plan\u001b[0m\u001b[22m\u001b[24m"}
{"level":"info","time":"2025-03-26T18:07:44.209+0530","caller":"models/HypertestYamlConfig.go:651","msg":"Mode:    \u001b[36mautosplit\u001b[0m"}
{"level":"info","time":"2025-03-26T18:07:44.210+0530","caller":"models/HypertestYamlConfig.go:711","msg":"Runson:    \u001b[36mmac\u001b[0m"}
{"level":"info","time":"2025-03-26T18:07:44.210+0530","caller":"models/HypertestYamlConfig.go:719","msg":"Concurrency:    \u001b[36m3\u001b[0m"}
{"level":"info","time":"2025-03-26T18:07:44.210+0530","caller":"models/HypertestYamlConfig.go:783","msg":"Report:    \u001b[36mdisabled\u001b[0m"}
{"level":"info","time":"2025-03-26T18:07:44.210+0530","caller":"models/HypertestYamlConfig.go:863","msg":""}
{"level":"debug","time":"2025-03-26T18:07:44.210+0530","caller":"filevalidator/setup.go:49","msg":"Warning: Checking data.json file in current directory, no dataJsonPath found in .hyperexecute.yaml"}
{"level":"debug","time":"2025-03-26T18:07:44.211+0530","caller":"filevalidator/setup.go:53","msg":"Warning: data.json file doesn't exist"}
{"level":"error","time":"2025-03-26T18:07:44.917+0530","caller":"receptionmanager/setup.go:105","msg":"2025-03-26T18:07:38+05:30    error    \u001b[91mERR::JSON::UN_MAR\u001b[0m     Unable to unmarshal. json: cannot unmarshal string into Go value of type models.ReceptionResponse    Unable to parse job upload link response."}
{"level":"error","time":"2025-03-26T18:07:44.918+0530","caller":"core/lifecycle.go:393","msg":"2025-03-26T18:07:38+05:30    error    \u001b[91mERR::JSON::UN_MAR\u001b[0m     Unable to unmarshal. json: cannot unmarshal string into Go value of type models.ReceptionResponse - Unable to get job upload link."}
{"level":"debug","time":"2025-03-26T18:07:44.918+0530","caller":"core/lifecycle.go:58","msg":"Quit requested from main goroutine...."}
{"level":"debug","time":"2025-03-26T18:07:44.918+0530","caller":"core/lifecycle.go:59","msg":"Waiting for the goroutines to exit"}
{"level":"debug","time":"2025-03-26T18:07:44.918+0530","caller":"core/lifecycle.go:62","msg":"All lifecycle goroutines exited"}
{"level":"debug","time":"2025-03-26T18:07:44.918+0530","caller":"cmd/bin.go:385","msg":"Exiting application due to error \u001b[91mERR::JSON::UN_MAR\u001b[0m     Unable to unmarshal. json: cannot unmarshal string into Go value of type models.ReceptionResponse"}
{"level":"debug","time":"2025-03-26T18:09:17.393+0530","caller":"cmd/bin.go:137","msg":"cli os: darwin, cli arch: amd64"}
{"level":"debug","time":"2025-03-26T18:09:18.056+0530","caller":"cmd/bin.go:146","msg":"Upstream version details: {Name:cli Min:0.2.195 Max:0.2.262} "}
{"level":"debug","time":"2025-03-26T18:09:20.808+0530","caller":"core/lifecycle.go:107","msg":"Setting environment"}
{"level":"debug","time":"2025-03-26T18:09:20.810+0530","caller":"core/lifecycle.go:110","msg":"Parsing config"}
{"level":"debug","time":"2025-03-26T18:09:20.812+0530","caller":"yamlconfigmanager/setup.go:702","msg":"Custom location for .hyperexecute.yaml specified. Using: hyperexecute.yaml"}
{"level":"debug","time":"2025-03-26T18:09:20.812+0530","caller":"yamlconfigmanager/setup.go:115","msg":"using hyperexecute config from : hyperexecute.yaml"}
{"level":"debug","time":"2025-03-26T18:09:21.549+0530","caller":"yamlconfigmanager/setup.go:2025","msg":"Autodetecting test type in files of path : /Users/roshank/selenium-java"}
{"level":"debug","time":"2025-03-26T18:09:21.553+0530","caller":"yamlconfigmanager/setup.go:526","msg":"Tunnel: %!t(<nil>)"}
{"level":"info","time":"2025-03-26T18:09:21.553+0530","caller":"models/HypertestYamlConfig.go:850","msg":"\n\u001b[4m\u001b[1m\u001b[97mExecution Plan\u001b[0m\u001b[22m\u001b[24m"}
{"level":"info","time":"2025-03-26T18:09:21.555+0530","caller":"models/HypertestYamlConfig.go:651","msg":"Mode:    \u001b[36mautosplit\u001b[0m"}
{"level":"info","time":"2025-03-26T18:09:21.555+0530","caller":"models/HypertestYamlConfig.go:711","msg":"Runson:    \u001b[36mmac\u001b[0m"}
{"level":"info","time":"2025-03-26T18:09:21.555+0530","caller":"models/HypertestYamlConfig.go:719","msg":"Concurrency:    \u001b[36m3\u001b[0m"}
{"level":"info","time":"2025-03-26T18:09:21.555+0530","caller":"models/HypertestYamlConfig.go:783","msg":"Report:    \u001b[36mdisabled\u001b[0m"}
{"level":"info","time":"2025-03-26T18:09:21.556+0530","caller":"models/HypertestYamlConfig.go:863","msg":""}
{"level":"debug","time":"2025-03-26T18:09:21.556+0530","caller":"filevalidator/setup.go:49","msg":"Warning: Checking data.json file in current directory, no dataJsonPath found in .hyperexecute.yaml"}
{"level":"debug","time":"2025-03-26T18:09:21.557+0530","caller":"filevalidator/setup.go:53","msg":"Warning: data.json file doesn't exist"}
{"level":"error","time":"2025-03-26T18:09:22.304+0530","caller":"receptionmanager/setup.go:105","msg":"2025-03-26T18:09:16+05:30    error    \u001b[91mERR::JSON::UN_MAR\u001b[0m     Unable to unmarshal. json: cannot unmarshal string into Go value of type models.ReceptionResponse    Unable to parse job upload link response."}
{"level":"error","time":"2025-03-26T18:09:22.305+0530","caller":"core/lifecycle.go:393","msg":"2025-03-26T18:09:16+05:30    error    \u001b[91mERR::JSON::UN_MAR\u001b[0m     Unable to unmarshal. json: cannot unmarshal string into Go value of type models.ReceptionResponse - Unable to get job upload link."}
{"level":"debug","time":"2025-03-26T18:09:22.305+0530","caller":"core/lifecycle.go:58","msg":"Quit requested from main goroutine...."}
{"level":"debug","time":"2025-03-26T18:09:22.305+0530","caller":"core/lifecycle.go:59","msg":"Waiting for the goroutines to exit"}
{"level":"debug","time":"2025-03-26T18:09:22.305+0530","caller":"core/lifecycle.go:62","msg":"All lifecycle goroutines exited"}
{"level":"debug","time":"2025-03-26T18:09:22.305+0530","caller":"cmd/bin.go:385","msg":"Exiting application due to error \u001b[91mERR::JSON::UN_MAR\u001b[0m     Unable to unmarshal. json: cannot unmarshal string into Go value of type models.ReceptionResponse"}
{"level":"debug","time":"2025-03-26T18:12:58.969+0530","caller":"cmd/bin.go:137","msg":"cli os: darwin, cli arch: amd64"}
{"level":"debug","time":"2025-03-26T18:12:59.630+0530","caller":"cmd/bin.go:146","msg":"Upstream version details: {Name:cli Min:0.2.195 Max:0.2.262} "}
{"level":"debug","time":"2025-03-26T18:13:02.251+0530","caller":"core/lifecycle.go:107","msg":"Setting environment"}
{"level":"debug","time":"2025-03-26T18:13:02.252+0530","caller":"core/lifecycle.go:110","msg":"Parsing config"}
{"level":"debug","time":"2025-03-26T18:13:02.253+0530","caller":"yamlconfigmanager/setup.go:702","msg":"Custom location for .hyperexecute.yaml specified. Using: hyperexecute.yaml"}
{"level":"debug","time":"2025-03-26T18:13:02.253+0530","caller":"yamlconfigmanager/setup.go:115","msg":"using hyperexecute config from : hyperexecute.yaml"}
{"level":"debug","time":"2025-03-26T18:13:02.985+0530","caller":"yamlconfigmanager/setup.go:2025","msg":"Autodetecting test type in files of path : /Users/roshank/selenium-java"}
{"level":"debug","time":"2025-03-26T18:13:02.987+0530","caller":"yamlconfigmanager/setup.go:526","msg":"Tunnel: %!t(<nil>)"}
{"level":"info","time":"2025-03-26T18:13:02.987+0530","caller":"models/HypertestYamlConfig.go:850","msg":"\n\u001b[4m\u001b[1m\u001b[97mExecution Plan\u001b[0m\u001b[22m\u001b[24m"}
{"level":"info","time":"2025-03-26T18:13:02.989+0530","caller":"models/HypertestYamlConfig.go:651","msg":"Mode:    \u001b[36mautosplit\u001b[0m"}
{"level":"info","time":"2025-03-26T18:13:02.989+0530","caller":"models/HypertestYamlConfig.go:711","msg":"Runson:    \u001b[36mmac\u001b[0m"}
{"level":"info","time":"2025-03-26T18:13:02.989+0530","caller":"models/HypertestYamlConfig.go:719","msg":"Concurrency:    \u001b[36m3\u001b[0m"}
{"level":"info","time":"2025-03-26T18:13:02.989+0530","caller":"models/HypertestYamlConfig.go:783","msg":"Report:    \u001b[36mdisabled\u001b[0m"}
{"level":"info","time":"2025-03-26T18:13:02.989+0530","caller":"models/HypertestYamlConfig.go:863","msg":""}
{"level":"debug","time":"2025-03-26T18:13:02.989+0530","caller":"filevalidator/setup.go:49","msg":"Warning: Checking data.json file in current directory, no dataJsonPath found in .hyperexecute.yaml"}
{"level":"debug","time":"2025-03-26T18:13:02.989+0530","caller":"filevalidator/setup.go:53","msg":"Warning: data.json file doesn't exist"}
{"level":"error","time":"2025-03-26T18:13:03.765+0530","caller":"receptionmanager/setup.go:105","msg":"2025-03-26T18:12:58+05:30    error    \u001b[91mERR::JSON::UN_MAR\u001b[0m     Unable to unmarshal. json: cannot unmarshal string into Go value of type models.ReceptionResponse    Unable to parse job upload link response."}
{"level":"error","time":"2025-03-26T18:13:03.765+0530","caller":"core/lifecycle.go:393","msg":"2025-03-26T18:12:58+05:30    error    \u001b[91mERR::JSON::UN_MAR\u001b[0m     Unable to unmarshal. json: cannot unmarshal string into Go value of type models.ReceptionResponse - Unable to get job upload link."}
{"level":"debug","time":"2025-03-26T18:13:03.766+0530","caller":"core/lifecycle.go:58","msg":"Quit requested from main goroutine...."}
{"level":"debug","time":"2025-03-26T18:13:03.766+0530","caller":"core/lifecycle.go:59","msg":"Waiting for the goroutines to exit"}
{"level":"debug","time":"2025-03-26T18:13:03.766+0530","caller":"core/lifecycle.go:62","msg":"All lifecycle goroutines exited"}
{"level":"debug","time":"2025-03-26T18:13:03.766+0530","caller":"cmd/bin.go:385","msg":"Exiting application due to error \u001b[91mERR::JSON::UN_MAR\u001b[0m     Unable to unmarshal. json: cannot unmarshal string into Go value of type models.ReceptionResponse"}
{"level":"debug","time":"2025-03-26T18:14:44.776+0530","caller":"cmd/bin.go:137","msg":"cli os: darwin, cli arch: amd64"}
{"level":"debug","time":"2025-03-26T18:14:45.469+0530","caller":"cmd/bin.go:146","msg":"Upstream version details: {Name:cli Min:0.2.195 Max:0.2.262} "}
{"level":"debug","time":"2025-03-26T18:14:49.423+0530","caller":"core/lifecycle.go:107","msg":"Setting environment"}
{"level":"debug","time":"2025-03-26T18:14:49.425+0530","caller":"core/lifecycle.go:110","msg":"Parsing config"}
{"level":"debug","time":"2025-03-26T18:14:49.426+0530","caller":"yamlconfigmanager/setup.go:702","msg":"Custom location for .hyperexecute.yaml specified. Using: hyperexecute.yaml"}
{"level":"debug","time":"2025-03-26T18:14:49.427+0530","caller":"yamlconfigmanager/setup.go:115","msg":"using hyperexecute config from : hyperexecute.yaml"}
{"level":"debug","time":"2025-03-26T18:14:50.208+0530","caller":"yamlconfigmanager/setup.go:2025","msg":"Autodetecting test type in files of path : /Users/roshank/selenium-java"}
{"level":"debug","time":"2025-03-26T18:14:50.211+0530","caller":"yamlconfigmanager/setup.go:526","msg":"Tunnel: %!t(<nil>)"}
{"level":"info","time":"2025-03-26T18:14:50.211+0530","caller":"models/HypertestYamlConfig.go:850","msg":"\n\u001b[4m\u001b[1m\u001b[97mExecution Plan\u001b[0m\u001b[22m\u001b[24m"}
{"level":"info","time":"2025-03-26T18:14:50.213+0530","caller":"models/HypertestYamlConfig.go:651","msg":"Mode:    \u001b[36mautosplit\u001b[0m"}
{"level":"info","time":"2025-03-26T18:14:50.213+0530","caller":"models/HypertestYamlConfig.go:711","msg":"Runson:    \u001b[36mmac\u001b[0m"}
{"level":"info","time":"2025-03-26T18:14:50.213+0530","caller":"models/HypertestYamlConfig.go:719","msg":"Concurrency:    \u001b[36m3\u001b[0m"}
{"level":"info","time":"2025-03-26T18:14:50.213+0530","caller":"models/HypertestYamlConfig.go:783","msg":"Report:    \u001b[36mdisabled\u001b[0m"}
{"level":"info","time":"2025-03-26T18:14:50.214+0530","caller":"models/HypertestYamlConfig.go:863","msg":""}
{"level":"debug","time":"2025-03-26T18:14:50.214+0530","caller":"filevalidator/setup.go:49","msg":"Warning: Checking data.json file in current directory, no dataJsonPath found in .hyperexecute.yaml"}
{"level":"debug","time":"2025-03-26T18:14:50.214+0530","caller":"filevalidator/setup.go:53","msg":"Warning: data.json file doesn't exist"}
{"level":"error","time":"2025-03-26T18:14:50.999+0530","caller":"receptionmanager/setup.go:105","msg":"2025-03-26T18:14:44+05:30    error    \u001b[91mERR::JSON::UN_MAR\u001b[0m     Unable to unmarshal. json: cannot unmarshal string into Go value of type models.ReceptionResponse    Unable to parse job upload link response."}
{"level":"error","time":"2025-03-26T18:14:51.000+0530","caller":"core/lifecycle.go:393","msg":"2025-03-26T18:14:44+05:30    error    \u001b[91mERR::JSON::UN_MAR\u001b[0m     Unable to unmarshal. json: cannot unmarshal string into Go value of type models.ReceptionResponse - Unable to get job upload link."}
{"level":"debug","time":"2025-03-26T18:14:51.000+0530","caller":"core/lifecycle.go:58","msg":"Quit requested from main goroutine...."}
{"level":"debug","time":"2025-03-26T18:14:51.000+0530","caller":"core/lifecycle.go:59","msg":"Waiting for the goroutines to exit"}
{"level":"debug","time":"2025-03-26T18:14:51.000+0530","caller":"core/lifecycle.go:62","msg":"All lifecycle goroutines exited"}
{"level":"debug","time":"2025-03-26T18:14:51.000+0530","caller":"cmd/bin.go:385","msg":"Exiting application due to error \u001b[91mERR::JSON::UN_MAR\u001b[0m     Unable to unmarshal. json: cannot unmarshal string into Go value of type models.ReceptionResponse"}
{"level":"debug","time":"2025-03-26T18:15:39.415+0530","caller":"cmd/bin.go:137","msg":"cli os: darwin, cli arch: amd64"}
{"level":"debug","time":"2025-03-26T18:15:40.069+0530","caller":"cmd/bin.go:146","msg":"Upstream version details: {Name:cli Min:0.2.195 Max:0.2.262} "}
{"level":"debug","time":"2025-03-26T18:15:42.249+0530","caller":"core/lifecycle.go:107","msg":"Setting environment"}
{"level":"debug","time":"2025-03-26T18:15:42.249+0530","caller":"core/lifecycle.go:110","msg":"Parsing config"}
{"level":"debug","time":"2025-03-26T18:15:42.251+0530","caller":"yamlconfigmanager/setup.go:702","msg":"Custom location for .hyperexecute.yaml specified. Using: hyperexecute.yaml"}
{"level":"debug","time":"2025-03-26T18:15:42.251+0530","caller":"yamlconfigmanager/setup.go:115","msg":"using hyperexecute config from : hyperexecute.yaml"}
{"level":"debug","time":"2025-03-26T18:15:43.107+0530","caller":"yamlconfigmanager/setup.go:2025","msg":"Autodetecting test type in files of path : /Users/roshank/selenium-java"}
{"level":"debug","time":"2025-03-26T18:15:43.108+0530","caller":"yamlconfigmanager/setup.go:526","msg":"Tunnel: %!t(<nil>)"}
{"level":"info","time":"2025-03-26T18:15:43.108+0530","caller":"models/HypertestYamlConfig.go:850","msg":"\n\u001b[4m\u001b[1m\u001b[97mExecution Plan\u001b[0m\u001b[22m\u001b[24m"}
{"level":"info","time":"2025-03-26T18:15:43.108+0530","caller":"models/HypertestYamlConfig.go:651","msg":"Mode:    \u001b[36mautosplit\u001b[0m"}
{"level":"info","time":"2025-03-26T18:15:43.109+0530","caller":"models/HypertestYamlConfig.go:711","msg":"Runson:    \u001b[36mmac\u001b[0m"}
{"level":"info","time":"2025-03-26T18:15:43.109+0530","caller":"models/HypertestYamlConfig.go:719","msg":"Concurrency:    \u001b[36m3\u001b[0m"}
{"level":"info","time":"2025-03-26T18:15:43.109+0530","caller":"models/HypertestYamlConfig.go:783","msg":"Report:    \u001b[36mdisabled\u001b[0m"}
{"level":"info","time":"2025-03-26T18:15:43.109+0530","caller":"models/HypertestYamlConfig.go:863","msg":""}
{"level":"debug","time":"2025-03-26T18:15:43.109+0530","caller":"filevalidator/setup.go:49","msg":"Warning: Checking data.json file in current directory, no dataJsonPath found in .hyperexecute.yaml"}
{"level":"debug","time":"2025-03-26T18:15:43.109+0530","caller":"filevalidator/setup.go:53","msg":"Warning: data.json file doesn't exist"}
{"level":"error","time":"2025-03-26T18:15:43.805+0530","caller":"receptionmanager/setup.go:105","msg":"2025-03-26T18:15:38+05:30    error    \u001b[91mERR::JSON::UN_MAR\u001b[0m     Unable to unmarshal. json: cannot unmarshal string into Go value of type models.ReceptionResponse    Unable to parse job upload link response."}
{"level":"error","time":"2025-03-26T18:15:43.805+0530","caller":"core/lifecycle.go:393","msg":"2025-03-26T18:15:38+05:30    error    \u001b[91mERR::JSON::UN_MAR\u001b[0m     Unable to unmarshal. json: cannot unmarshal string into Go value of type models.ReceptionResponse - Unable to get job upload link."}
{"level":"debug","time":"2025-03-26T18:15:43.805+0530","caller":"core/lifecycle.go:58","msg":"Quit requested from main goroutine...."}
{"level":"debug","time":"2025-03-26T18:15:43.805+0530","caller":"core/lifecycle.go:59","msg":"Waiting for the goroutines to exit"}
{"level":"debug","time":"2025-03-26T18:15:43.805+0530","caller":"core/lifecycle.go:62","msg":"All lifecycle goroutines exited"}
{"level":"debug","time":"2025-03-26T18:15:43.805+0530","caller":"cmd/bin.go:385","msg":"Exiting application due to error \u001b[91mERR::JSON::UN_MAR\u001b[0m     Unable to unmarshal. json: cannot unmarshal string into Go value of type models.ReceptionResponse"}
{"level":"debug","time":"2025-03-26T18:16:29.204+0530","caller":"cmd/bin.go:137","msg":"cli os: darwin, cli arch: amd64"}
{"level":"debug","time":"2025-03-26T18:16:30.101+0530","caller":"cmd/bin.go:146","msg":"Upstream version details: {Name:cli Min:0.2.195 Max:0.2.262} "}
{"level":"debug","time":"2025-03-26T18:16:32.654+0530","caller":"core/lifecycle.go:107","msg":"Setting environment"}
{"level":"debug","time":"2025-03-26T18:16:32.655+0530","caller":"core/lifecycle.go:110","msg":"Parsing config"}
{"level":"debug","time":"2025-03-26T18:16:32.656+0530","caller":"yamlconfigmanager/setup.go:702","msg":"Custom location for .hyperexecute.yaml specified. Using: hyperexecute.yaml"}
{"level":"debug","time":"2025-03-26T18:16:32.656+0530","caller":"yamlconfigmanager/setup.go:115","msg":"using hyperexecute config from : hyperexecute.yaml"}
{"level":"debug","time":"2025-03-26T18:16:33.412+0530","caller":"yamlconfigmanager/setup.go:2025","msg":"Autodetecting test type in files of path : /Users/roshank/selenium-java"}
{"level":"debug","time":"2025-03-26T18:16:33.415+0530","caller":"yamlconfigmanager/setup.go:526","msg":"Tunnel: %!t(<nil>)"}
{"level":"info","time":"2025-03-26T18:16:33.415+0530","caller":"models/HypertestYamlConfig.go:850","msg":"\n\u001b[4m\u001b[1m\u001b[97mExecution Plan\u001b[0m\u001b[22m\u001b[24m"}
{"level":"info","time":"2025-03-26T18:16:33.416+0530","caller":"models/HypertestYamlConfig.go:651","msg":"Mode:    \u001b[36mautosplit\u001b[0m"}
{"level":"info","time":"2025-03-26T18:16:33.416+0530","caller":"models/HypertestYamlConfig.go:711","msg":"Runson:    \u001b[36mmac\u001b[0m"}
{"level":"info","time":"2025-03-26T18:16:33.416+0530","caller":"models/HypertestYamlConfig.go:719","msg":"Concurrency:    \u001b[36m3\u001b[0m"}
{"level":"info","time":"2025-03-26T18:16:33.416+0530","caller":"models/HypertestYamlConfig.go:783","msg":"Report:    \u001b[36mdisabled\u001b[0m"}
{"level":"info","time":"2025-03-26T18:16:33.417+0530","caller":"models/HypertestYamlConfig.go:863","msg":""}
{"level":"debug","time":"2025-03-26T18:16:33.417+0530","caller":"filevalidator/setup.go:49","msg":"Warning: Checking data.json file in current directory, no dataJsonPath found in .hyperexecute.yaml"}
{"level":"debug","time":"2025-03-26T18:16:33.417+0530","caller":"filevalidator/setup.go:53","msg":"Warning: data.json file doesn't exist"}
{"level":"error","time":"2025-03-26T18:16:34.069+0530","caller":"receptionmanager/setup.go:105","msg":"2025-03-26T18:16:28+05:30    error    \u001b[91mERR::JSON::UN_MAR\u001b[0m     Unable to unmarshal. json: cannot unmarshal string into Go value of type models.ReceptionResponse    Unable to parse job upload link response."}
{"level":"error","time":"2025-03-26T18:16:34.070+0530","caller":"core/lifecycle.go:393","msg":"2025-03-26T18:16:28+05:30    error    \u001b[91mERR::JSON::UN_MAR\u001b[0m     Unable to unmarshal. json: cannot unmarshal string into Go value of type models.ReceptionResponse - Unable to get job upload link."}
{"level":"debug","time":"2025-03-26T18:16:34.070+0530","caller":"core/lifecycle.go:58","msg":"Quit requested from main goroutine...."}
{"level":"debug","time":"2025-03-26T18:16:34.070+0530","caller":"core/lifecycle.go:59","msg":"Waiting for the goroutines to exit"}
{"level":"debug","time":"2025-03-26T18:16:34.070+0530","caller":"core/lifecycle.go:62","msg":"All lifecycle goroutines exited"}
{"level":"debug","time":"2025-03-26T18:16:34.070+0530","caller":"cmd/bin.go:385","msg":"Exiting application due to error \u001b[91mERR::JSON::UN_MAR\u001b[0m     Unable to unmarshal. json: cannot unmarshal string into Go value of type models.ReceptionResponse"}
{"level":"debug","time":"2025-03-26T18:43:40.892+0530","caller":"cmd/bin.go:137","msg":"cli os: darwin, cli arch: amd64"}
{"level":"debug","time":"2025-03-26T18:43:41.538+0530","caller":"cmd/bin.go:146","msg":"Upstream version details: {Name:cli Min:0.2.195 Max:0.2.262} "}
{"level":"debug","time":"2025-03-26T18:43:44.091+0530","caller":"core/lifecycle.go:107","msg":"Setting environment"}
{"level":"debug","time":"2025-03-26T18:43:44.092+0530","caller":"core/lifecycle.go:110","msg":"Parsing config"}
{"level":"debug","time":"2025-03-26T18:43:44.093+0530","caller":"yamlconfigmanager/setup.go:702","msg":"Custom location for .hyperexecute.yaml specified. Using: hyperexecute.yaml"}
{"level":"debug","time":"2025-03-26T18:43:44.093+0530","caller":"yamlconfigmanager/setup.go:115","msg":"using hyperexecute config from : hyperexecute.yaml"}
{"level":"debug","time":"2025-03-26T18:43:44.822+0530","caller":"yamlconfigmanager/setup.go:2025","msg":"Autodetecting test type in files of path : /Users/roshank/selenium-java"}
{"level":"debug","time":"2025-03-26T18:43:44.824+0530","caller":"yamlconfigmanager/setup.go:526","msg":"Tunnel: %!t(<nil>)"}
{"level":"info","time":"2025-03-26T18:43:44.824+0530","caller":"models/HypertestYamlConfig.go:850","msg":"\n\u001b[4m\u001b[1m\u001b[97mExecution Plan\u001b[0m\u001b[22m\u001b[24m"}
{"level":"info","time":"2025-03-26T18:43:44.825+0530","caller":"models/HypertestYamlConfig.go:711","msg":"Runson:    \u001b[36mmac\u001b[0m"}
{"level":"info","time":"2025-03-26T18:43:44.825+0530","caller":"models/HypertestYamlConfig.go:719","msg":"Concurrency:    \u001b[36m3\u001b[0m"}
{"level":"info","time":"2025-03-26T18:43:44.825+0530","caller":"models/HypertestYamlConfig.go:783","msg":"Report:    \u001b[36mdisabled\u001b[0m"}
{"level":"info","time":"2025-03-26T18:43:44.825+0530","caller":"models/HypertestYamlConfig.go:863","msg":""}
{"level":"debug","time":"2025-03-26T18:43:44.825+0530","caller":"filevalidator/setup.go:49","msg":"Warning: Checking data.json file in current directory, no dataJsonPath found in .hyperexecute.yaml"}
{"level":"debug","time":"2025-03-26T18:43:44.825+0530","caller":"filevalidator/setup.go:53","msg":"Warning: data.json file doesn't exist"}
{"level":"error","time":"2025-03-26T18:43:45.468+0530","caller":"receptionmanager/setup.go:105","msg":"2025-03-26T18:43:40+05:30    error    \u001b[91mERR::JSON::UN_MAR\u001b[0m     Unable to unmarshal. json: cannot unmarshal string into Go value of type models.ReceptionResponse    Unable to parse job upload link response."}
{"level":"error","time":"2025-03-26T18:43:45.469+0530","caller":"core/lifecycle.go:393","msg":"2025-03-26T18:43:40+05:30    error    \u001b[91mERR::JSON::UN_MAR\u001b[0m     Unable to unmarshal. json: cannot unmarshal string into Go value of type models.ReceptionResponse - Unable to get job upload link."}
{"level":"debug","time":"2025-03-26T18:43:45.469+0530","caller":"core/lifecycle.go:58","msg":"Quit requested from main goroutine...."}
{"level":"debug","time":"2025-03-26T18:43:45.469+0530","caller":"core/lifecycle.go:59","msg":"Waiting for the goroutines to exit"}
{"level":"debug","time":"2025-03-26T18:43:45.469+0530","caller":"core/lifecycle.go:62","msg":"All lifecycle goroutines exited"}
{"level":"debug","time":"2025-03-26T18:43:45.469+0530","caller":"cmd/bin.go:385","msg":"Exiting application due to error \u001b[91mERR::JSON::UN_MAR\u001b[0m     Unable to unmarshal. json: cannot unmarshal string into Go value of type models.ReceptionResponse"}
{"level":"debug","time":"2025-03-27T14:53:03.779+0530","caller":"cmd/bin.go:137","msg":"cli os: darwin, cli arch: amd64"}
{"level":"debug","time":"2025-03-27T14:53:04.539+0530","caller":"cmd/bin.go:146","msg":"Upstream version details: {Name:cli Min:0.2.195 Max:0.2.262} "}
{"level":"debug","time":"2025-03-27T14:53:07.240+0530","caller":"core/lifecycle.go:107","msg":"Setting environment"}
{"level":"debug","time":"2025-03-27T14:53:07.241+0530","caller":"core/lifecycle.go:110","msg":"Parsing config"}
{"level":"debug","time":"2025-03-27T14:53:07.241+0530","caller":"yamlconfigmanager/setup.go:702","msg":"Custom location for .hyperexecute.yaml specified. Using: hyperexecute.yaml"}
{"level":"debug","time":"2025-03-27T14:53:07.241+0530","caller":"yamlconfigmanager/setup.go:115","msg":"using hyperexecute config from : hyperexecute.yaml"}
{"level":"debug","time":"2025-03-27T14:53:07.243+0530","caller":"yamlconfigmanager/setup.go:1797","msg":"Environment variable not set against the variable - CACHE_DIR mentioned in yaml"}
{"level":"debug","time":"2025-03-27T14:53:08.055+0530","caller":"yamlconfigmanager/setup.go:2025","msg":"Autodetecting test type in files of path : /Users/roshank/selenium-java"}
{"level":"debug","time":"2025-03-27T14:53:08.057+0530","caller":"yamlconfigmanager/setup.go:526","msg":"Tunnel: %!t(<nil>)"}
{"level":"info","time":"2025-03-27T14:53:08.057+0530","caller":"models/HypertestYamlConfig.go:850","msg":"\n\u001b[4m\u001b[1m\u001b[97mExecution Plan\u001b[0m\u001b[22m\u001b[24m"}
{"level":"info","time":"2025-03-27T14:53:08.057+0530","caller":"models/HypertestYamlConfig.go:653","msg":"Mode:    \u001b[36mmatrix\u001b[0m"}
{"level":"info","time":"2025-03-27T14:53:08.058+0530","caller":"models/HypertestYamlConfig.go:711","msg":"Runson:    \u001b[36mmac\u001b[0m"}
{"level":"info","time":"2025-03-27T14:53:08.058+0530","caller":"models/HypertestYamlConfig.go:783","msg":"Report:    \u001b[36mdisabled\u001b[0m"}
{"level":"info","time":"2025-03-27T14:53:08.058+0530","caller":"models/HypertestYamlConfig.go:863","msg":""}
{"level":"debug","time":"2025-03-27T14:53:08.058+0530","caller":"filevalidator/setup.go:49","msg":"Warning: Checking data.json file in current directory, no dataJsonPath found in .hyperexecute.yaml"}
{"level":"debug","time":"2025-03-27T14:53:08.058+0530","caller":"filevalidator/setup.go:53","msg":"Warning: data.json file doesn't exist"}
{"level":"debug","time":"2025-03-27T14:53:08.991+0530","caller":"core/lifecycle.go:506","msg":"Job ID: 6dfe0754-6a97-4f03-af99-511014fc41c4"}
{"level":"debug","time":"2025-03-27T14:53:08.991+0530","caller":"events/manager.go:95","msg":"Starting event manager"}
{"level":"debug","time":"2025-03-27T14:53:08.992+0530","caller":"events/manager.go:97","msg":"SSE enabled, getting SSE connection"}
{"level":"debug","time":"2025-03-27T14:53:08.993+0530","caller":"archivemanager/setup.go:340","msg":"digestMap: map[]"}
{"level":"debug","time":"2025-03-27T14:53:08.993+0530","caller":"archivemanager/setup.go:346","msg":"Creating archive of target directory: /Users/roshank/selenium-java"}
{"level":"debug","time":"2025-03-27T14:53:09.109+0530","caller":"core/lifecycle.go:649","msg":"Zip file size: 81.45 kB"}
{"level":"debug","time":"2025-03-27T14:53:09.109+0530","caller":"core/lifecycle.go:659","msg":"Archive location: /Users/roshank/selenium-java/hyperexecute-code-6dfe0754-6a97-4f03-af99-511014fc41c4.zip\n"}
{"level":"debug","time":"2025-03-27T14:53:09.109+0530","caller":"storage/azure.go:59","msg":"Payload size: 81.45 kB, source path /Users/roshank/selenium-java/hyperexecute-code-6dfe0754-6a97-4f03-af99-511014fc41c4.zip"}
{"level":"debug","time":"2025-03-27T14:53:09.110+0530","caller":"utils/azcopy.go:143","msg":"Downloading dependency binary ..................."}
{"level":"debug","time":"2025-03-27T14:53:09.292+0530","caller":"utils/azcopy.go:100","msg":"Downloading dependency to upload files"}
{"level":"debug","time":"2025-03-27T14:53:10.152+0530","caller":"events/manager.go:277","msg":"connection to hyperexecute server established successfully."}
{"level":"info","time":"2025-03-27T14:53:21.595+0530","caller":"utils/azcopy.go:118","msg":"\u001b[91m\u001b[32m\u001b[0m Dependency binary downloaded successfully\u001b[0m"}
{"level":"debug","time":"2025-03-27T14:53:21.595+0530","caller":"utils/azcopy.go:190","msg":"returning from fallback"}
{"level":"info","time":"2025-03-27T14:53:23.648+0530","caller":"storage/azure.go:114","msg":"File upload completed in 14.5385521s"}
{"level":"debug","time":"2025-03-27T14:53:23.649+0530","caller":"receptionmanager/setup.go:267","msg":"number of entries in runtimes: 0, switching to new yaml format"}
{"level":"debug","time":"2025-03-27T14:53:23.649+0530","caller":"receptionmanager/setup.go:296","msg":"number of entries in partialreports: 0, switching to new yaml format"}
{"level":"debug","time":"2025-03-27T14:53:23.649+0530","caller":"receptionmanager/setup.go:184","msg":"Uploading yaml : /Users/roshank/selenium-java/.updatedhyperexecute.yaml"}
{"level":"debug","time":"2025-03-27T14:53:23.650+0530","caller":"storage/azure.go:59","msg":"Payload size: 3.20 kB, source path /Users/roshank/selenium-java/.updatedhyperexecute.yaml"}
{"level":"info","time":"2025-03-27T14:53:35.737+0530","caller":"storage/azure.go:114","msg":"File upload completed in 12.087816642s"}
{"level":"debug","time":"2025-03-27T14:53:35.738+0530","caller":"core/lifecycle.go:686","msg":"Successfully deleted code archive: /Users/roshank/selenium-java/hyperexecute-code-6dfe0754-6a97-4f03-af99-511014fc41c4.zip\n"}
{"level":"debug","time":"2025-03-27T14:53:35.739+0530","caller":"storage/azure.go:59","msg":"Payload size: 388 B, source path mask-6dfe0754-6a97-4f03-af99-511014fc41c4.yaml"}
{"level":"info","time":"2025-03-27T14:53:45.828+0530","caller":"storage/azure.go:114","msg":"File upload completed in 10.089012846s"}
{"level":"debug","time":"2025-03-27T14:53:47.995+0530","caller":"jobmanager/sse_setup.go:194","msg":"Task id: HYPM-32518-1743067426774872245HAO"}
{"level":"debug","time":"2025-03-27T14:53:47.996+0530","caller":"jobmanager/sse_setup.go:195","msg":"Sending new task alert to stage manager for taskId: HYPM-32518-1743067426774872245HAO"}
{"level":"debug","time":"2025-03-27T14:53:47.996+0530","caller":"jobmanager/sse_setup.go:194","msg":"Task id: HYPM-32518-1743067426824668382KRC"}
{"level":"debug","time":"2025-03-27T14:53:47.996+0530","caller":"jobmanager/sse_setup.go:195","msg":"Sending new task alert to stage manager for taskId: HYPM-32518-1743067426824668382KRC"}
{"level":"info","time":"2025-03-27T14:53:50.304+0530","caller":"jobmanager/sse_setup.go:85","msg":"\nJob \u001b[1m\u001b[4m6dfe0754-6a97-4f03-af99-511014fc41c4\u001b[24m\u001b[22m has started \u001b[97mRUNNING\u001b[0m"}
{"level":"info","time":"2025-03-27T14:53:50.305+0530","caller":"jobmanager/manager.go:142","msg":"Job Link: \u001b[4m\u001b[34mhttps://hyperexecute.lambdatest.com/hyperexecute/task?jobId=6dfe0754-6a97-4f03-af99-511014fc41c4\u001b[0m\u001b[24m\n"}
{"level":"info","time":"2025-03-27T14:53:57.035+0530","caller":"terminal/terminal.go:187","msg":"\u001b[32m\u001b[0m [2]  \u001b[2mpre (8s)\u001b[22m\n"}
{"level":"info","time":"2025-03-27T14:53:57.448+0530","caller":"terminal/terminal.go:187","msg":"\u001b[32m\u001b[0m [1]  \u001b[2mpre (7s)\u001b[22m\n"}
{"level":"info","time":"2025-03-27T14:54:09.052+0530","caller":"terminal/terminal.go:187","msg":"\u001b[91mx\u001b[0m [2]  \u001b[2mmvn -Dplatname=mac -Dmaven.repo.local=m2_cache_dir -Dtest=GFGLoginTest1 test site surefire-report:report (7s)\u001b[22m\n"}
{"level":"info","time":"2025-03-27T14:54:11.661+0530","caller":"terminal/terminal.go:187","msg":"\u001b[91mx\u001b[0m [2] \u001b[2m {retry 1}\u001b[22m \u001b[2mmvn -Dplatname=mac -Dmaven.repo.local=m2_cache_dir -Dtest=GFGLoginTest1 test site surefire-report:report (2s)\u001b[22m\n"}
{"level":"info","time":"2025-03-27T14:54:11.662+0530","caller":"terminal/terminal.go:187","msg":"\u001b[91mx\u001b[0m [1]  \u001b[2mmvn -Dplatname=mac -Dmaven.repo.local=m2_cache_dir -Dtest=GFGLoginTest test site surefire-report:report (8s)\u001b[22m\n"}
{"level":"info","time":"2025-03-27T14:54:12.876+0530","caller":"terminal/terminal.go:187","msg":"\u001b[91mx\u001b[0m [1] \u001b[2m {retry 1}\u001b[22m \u001b[2mmvn -Dplatname=mac -Dmaven.repo.local=m2_cache_dir -Dtest=GFGLoginTest test site surefire-report:report (2s)\u001b[22m\n"}
{"level":"info","time":"2025-03-27T14:54:16.955+0530","caller":"jobmanager/sse_setup.go:87","msg":"\nJob \u001b[1m\u001b[4m6dfe0754-6a97-4f03-af99-511014fc41c4\u001b[24m\u001b[22m has \u001b[101m FAILED \u001b[0m"}
{"level":"info","time":"2025-03-27T14:54:16.955+0530","caller":"jobmanager/manager.go:142","msg":"Job Link: \u001b[4m\u001b[34mhttps://hyperexecute.lambdatest.com/hyperexecute/task?jobId=6dfe0754-6a97-4f03-af99-511014fc41c4\u001b[0m\u001b[24m\n"}
{"level":"error","time":"2025-03-27T14:54:16.965+0530","caller":"jobmanager/sse_setup.go:128","msg":"2025-03-27T14:53:03+05:30    error    \u001b[91mERR::JOB::STS\u001b[0m     Job failed!"}
{"level":"debug","time":"2025-03-27T14:54:16.966+0530","caller":"jobmanager/sse_setup.go:136","msg":"\n\nJob status"}
{"level":"info","time":"2025-03-27T14:54:16.966+0530","caller":"jobmanager/sse_setup.go:149","msg":"\n Job Labels: \u001b[103m\u001b[1m\u001b[30mselenium-junit\u001b[0m\u001b[22m\u001b[0m  \u001b[103m\u001b[1m\u001b[30mmac\u001b[0m\u001b[22m\u001b[0m  \u001b[103m\u001b[1m\u001b[30mmatrix\u001b[0m\u001b[22m\u001b[0m "}
{"level":"info","time":"2025-03-27T14:54:16.966+0530","caller":"jobmanager/sse_setup.go:151","msg":" ID: 6dfe0754-6a97-4f03-af99-511014fc41c4\n Status: \u001b[101m FAILED \u001b[0m\n Remark: \n OrgID: 32518\n Created: 2025-03-27 09:23:08 +0000 UTC\n Updated: 2025-03-27 09:24:12 +0000 UTC\n global timeout: 90\n testsuite timeout: 90\n retry on failure: true\n start time: 2025-03-27 09:23:48 +0000 UTC\n end time: 2025-03-27 09:24:12 +0000 UTC\n duration: 24s"}
{"level":"info","time":"2025-03-27T14:54:16.966+0530","caller":"jobmanager/sse_setup.go:157","msg":"\n\nTask status\n"}
{"level":"info","time":"2025-03-27T14:54:16.966+0530","caller":"jobmanager/sse_setup.go:163","msg":" ID: HYPM-32518-1743067426774872245HAO\n Status: failed\n Remark: error in running test suites - step 1 - exit status 1\n Created: 2025-03-27 09:23:46 +0000 UTC\n Updated: 2025-03-27 09:24:12 +0000 UTC\n context: {\"_jobId\": \"6dfe0754-6a97-4f03-af99-511014fc41c4\", \"_taskId\": \"HYPM-32518-1743067426774872245HAO\", \"classname\": \"GFGLoginTest\", \"_sanctumIntent\": \"hyperexecute-mac\", \"_adbEspressoSupport\": \"true\", \"_whiteLabelProductTag\": \"\"}\n tunnel name: \n os: mac\n start time: 2025-03-27 09:23:48 +0000 UTC\n end time: 2025-03-27 09:24:12 +0000 UTC\n duration: 24s"}
{"level":"info","time":"2025-03-27T14:54:16.966+0530","caller":"jobmanager/sse_setup.go:168","msg":"\n"}
{"level":"info","time":"2025-03-27T14:54:16.966+0530","caller":"jobmanager/sse_setup.go:163","msg":" ID: HYPM-32518-1743067426824668382KRC\n Status: failed\n Remark: error in running test suites - step 1 - exit status 1\n Created: 2025-03-27 09:23:46 +0000 UTC\n Updated: 2025-03-27 09:24:09 +0000 UTC\n context: {\"_jobId\": \"6dfe0754-6a97-4f03-af99-511014fc41c4\", \"_taskId\": \"HYPM-32518-1743067426824668382KRC\", \"classname\": \"GFGLoginTest1\", \"_sanctumIntent\": \"hyperexecute-mac\", \"_adbEspressoSupport\": \"true\", \"_whiteLabelProductTag\": \"\"}\n tunnel name: \n os: mac\n start time: 2025-03-27 09:23:48 +0000 UTC\n end time: 2025-03-27 09:24:09 +0000 UTC\n duration: 21s"}
{"level":"info","time":"2025-03-27T14:54:16.966+0530","caller":"jobmanager/sse_setup.go:168","msg":"\n"}
{"level":"info","time":"2025-03-27T14:54:16.966+0530","caller":"core/lifecycle.go:771","msg":"taskId:HYPM-32518-1743067426774872245HAO has failed with remark: error in running test suites - step 1 - exit status 1\n"}
{"level":"info","time":"2025-03-27T14:54:16.967+0530","caller":"core/lifecycle.go:771","msg":"taskId:HYPM-32518-1743067426824668382KRC has failed with remark: error in running test suites - step 1 - exit status 1\n"}
{"level":"debug","time":"2025-03-27T14:54:16.967+0530","caller":"core/lifecycle.go:864","msg":"Context canceled"}
{"level":"info","time":"2025-03-27T14:54:16.967+0530","caller":"core/lifecycle.go:867","msg":"\u001b[2mStopping pipeline gracefully\u001b[22m"}
{"level":"error","time":"2025-03-27T14:54:16.967+0530","caller":"core/lifecycle.go:870","msg":"2025-03-27T14:53:03+05:30    error    Exiting with error: Failed tasks found."}
{"level":"info","time":"2025-03-27T14:54:16.967+0530","caller":"jobmanager/manager.go:142","msg":"Job Link: \u001b[4m\u001b[34mhttps://hyperexecute.lambdatest.com/hyperexecute/task?jobId=6dfe0754-6a97-4f03-af99-511014fc41c4\u001b[0m\u001b[24m\n"}
{"level":"debug","time":"2025-03-27T14:54:16.967+0530","caller":"core/lifecycle.go:58","msg":"Quit requested from main goroutine...."}
{"level":"debug","time":"2025-03-27T14:54:16.967+0530","caller":"core/lifecycle.go:59","msg":"Waiting for the goroutines to exit"}
{"level":"info","time":"2025-03-27T14:54:17.715+0530","caller":"jobmanager/JobSummaryManager.go:54","msg":"\n\u001b[101m FAILED \u001b[0m\n"}
{"level":"info","time":"2025-03-27T14:54:17.716+0530","caller":"jobmanager/JobSummaryManager.go:113","msg":"    \u001b[1mTest Execution Time\u001b[22m:                  \u001b[91m10s\u001b[0m"}
{"level":"info","time":"2025-03-27T14:54:17.716+0530","caller":"jobmanager/JobSummaryManager.go:113","msg":"    \u001b[1mJob Duration Time\u001b[22m:                    24s"}
{"level":"info","time":"2025-03-27T14:54:17.716+0530","caller":"jobmanager/JobSummaryManager.go:113","msg":"    \u001b[1mTotal Tasks\u001b[22m:                          2"}
{"level":"info","time":"2025-03-27T14:54:17.716+0530","caller":"jobmanager/JobSummaryManager.go:113","msg":"    \u001b[1mCumulative Time Consumed\u001b[22m:             45s"}
{"level":"info","time":"2025-03-27T14:54:17.716+0530","caller":"jobmanager/JobSummaryManager.go:113","msg":"    \u001b[1mTotal Stages\u001b[22m:                         4"}
{"level":"info","time":"2025-03-27T14:54:17.716+0530","caller":"jobmanager/JobSummaryManager.go:113","msg":"    \u001b[1mPass discovery stage percentage\u001b[22m:      0.00%"}
{"level":"info","time":"2025-03-27T14:54:17.716+0530","caller":"jobmanager/JobSummaryManager.go:113","msg":"    \u001b[1mFailed discovery stage percentage\u001b[22m:    0.00%"}
{"level":"info","time":"2025-03-27T14:54:17.716+0530","caller":"jobmanager/JobSummaryManager.go:113","msg":"    \u001b[1mPass pre stage percentage\u001b[22m:            \u001b[92m100.00%\u001b[0m"}
{"level":"info","time":"2025-03-27T14:54:17.716+0530","caller":"jobmanager/JobSummaryManager.go:113","msg":"    \u001b[1mFailed pre stage percentage\u001b[22m:          0.00%"}
{"level":"info","time":"2025-03-27T14:54:17.716+0530","caller":"jobmanager/JobSummaryManager.go:113","msg":"    \u001b[1mPass test stage percentage\u001b[22m:           0.00%"}
{"level":"info","time":"2025-03-27T14:54:17.716+0530","caller":"jobmanager/JobSummaryManager.go:113","msg":"    \u001b[1mFailed test stage percentage\u001b[22m:         \u001b[91m100.00%\u001b[0m"}
{"level":"info","time":"2025-03-27T14:54:17.716+0530","caller":"jobmanager/JobSummaryManager.go:113","msg":"    \u001b[1mPass post stage percentage\u001b[22m:           0.00%"}
{"level":"info","time":"2025-03-27T14:54:17.716+0530","caller":"jobmanager/JobSummaryManager.go:113","msg":"    \u001b[1mFailed post stage percentage\u001b[22m:         0.00%"}
{"level":"info","time":"2025-03-27T14:54:17.716+0530","caller":"jobmanager/JobSummaryManager.go:113","msg":"    \u001b[1mFailed Tasks\u001b[22m:                         2"}
{"level":"info","time":"2025-03-27T14:54:17.716+0530","caller":"jobmanager/JobSummaryManager.go:58","msg":""}
{"level":"debug","time":"2025-03-27T14:54:46.968+0530","caller":"cmd/bin.go:385","msg":"Exiting application due to error Failed tasks found."}
{"level":"debug","time":"2025-03-27T14:54:46.968+0530","caller":"cmd/bin.go:346","msg":"main: all goroutines have finished."}
{"level":"debug","time":"2025-03-27T14:55:09.283+0530","caller":"cmd/bin.go:137","msg":"cli os: darwin, cli arch: amd64"}
{"level":"debug","time":"2025-03-27T14:55:10.273+0530","caller":"cmd/bin.go:146","msg":"Upstream version details: {Name:cli Min:0.2.195 Max:0.2.262} "}
{"level":"debug","time":"2025-03-27T14:55:13.123+0530","caller":"core/lifecycle.go:107","msg":"Setting environment"}
{"level":"debug","time":"2025-03-27T14:55:13.124+0530","caller":"core/lifecycle.go:110","msg":"Parsing config"}
{"level":"debug","time":"2025-03-27T14:55:13.125+0530","caller":"yamlconfigmanager/setup.go:702","msg":"Custom location for .hyperexecute.yaml specified. Using: hyperexecute.yaml"}
{"level":"debug","time":"2025-03-27T14:55:13.126+0530","caller":"yamlconfigmanager/setup.go:115","msg":"using hyperexecute config from : hyperexecute.yaml"}
{"level":"debug","time":"2025-03-27T14:55:13.926+0530","caller":"yamlconfigmanager/setup.go:2025","msg":"Autodetecting test type in files of path : /Users/roshank/selenium-java"}
{"level":"debug","time":"2025-03-27T14:55:13.929+0530","caller":"yamlconfigmanager/setup.go:526","msg":"Tunnel: %!t(<nil>)"}
{"level":"info","time":"2025-03-27T14:55:13.929+0530","caller":"models/HypertestYamlConfig.go:850","msg":"\n\u001b[4m\u001b[1m\u001b[97mExecution Plan\u001b[0m\u001b[22m\u001b[24m"}
{"level":"info","time":"2025-03-27T14:55:13.930+0530","caller":"models/HypertestYamlConfig.go:651","msg":"Mode:    \u001b[36mautosplit\u001b[0m"}
{"level":"info","time":"2025-03-27T14:55:13.931+0530","caller":"models/HypertestYamlConfig.go:711","msg":"Runson:    \u001b[36mmac\u001b[0m"}
{"level":"info","time":"2025-03-27T14:55:13.931+0530","caller":"models/HypertestYamlConfig.go:719","msg":"Concurrency:    \u001b[36m3\u001b[0m"}
{"level":"info","time":"2025-03-27T14:55:13.931+0530","caller":"models/HypertestYamlConfig.go:783","msg":"Report:    \u001b[36mdisabled\u001b[0m"}
{"level":"info","time":"2025-03-27T14:55:13.931+0530","caller":"models/HypertestYamlConfig.go:863","msg":""}
{"level":"debug","time":"2025-03-27T14:55:13.931+0530","caller":"filevalidator/setup.go:49","msg":"Warning: Checking data.json file in current directory, no dataJsonPath found in .hyperexecute.yaml"}
{"level":"debug","time":"2025-03-27T14:55:13.932+0530","caller":"filevalidator/setup.go:53","msg":"Warning: data.json file doesn't exist"}
{"level":"debug","time":"2025-03-27T14:55:14.750+0530","caller":"core/lifecycle.go:506","msg":"Job ID: 92ae6343-a8e5-4ffc-9fea-b136cd307e81"}
{"level":"debug","time":"2025-03-27T14:55:14.753+0530","caller":"events/manager.go:95","msg":"Starting event manager"}
{"level":"debug","time":"2025-03-27T14:55:14.757+0530","caller":"events/manager.go:97","msg":"SSE enabled, getting SSE connection"}
{"level":"debug","time":"2025-03-27T14:55:14.758+0530","caller":"archivemanager/setup.go:340","msg":"digestMap: map[]"}
{"level":"debug","time":"2025-03-27T14:55:14.759+0530","caller":"archivemanager/setup.go:346","msg":"Creating archive of target directory: /Users/roshank/selenium-java"}
{"level":"debug","time":"2025-03-27T14:55:14.861+0530","caller":"core/lifecycle.go:649","msg":"Zip file size: 81.56 kB"}
{"level":"debug","time":"2025-03-27T14:55:14.862+0530","caller":"core/lifecycle.go:659","msg":"Archive location: /Users/roshank/selenium-java/hyperexecute-code-92ae6343-a8e5-4ffc-9fea-b136cd307e81.zip\n"}
{"level":"debug","time":"2025-03-27T14:55:14.862+0530","caller":"storage/azure.go:59","msg":"Payload size: 81.56 kB, source path /Users/roshank/selenium-java/hyperexecute-code-92ae6343-a8e5-4ffc-9fea-b136cd307e81.zip"}
{"level":"debug","time":"2025-03-27T14:55:15.726+0530","caller":"events/manager.go:277","msg":"connection to hyperexecute server established successfully."}
{"level":"info","time":"2025-03-27T14:55:25.042+0530","caller":"storage/azure.go:114","msg":"File upload completed in 10.179931291s"}
{"level":"debug","time":"2025-03-27T14:55:25.042+0530","caller":"receptionmanager/setup.go:267","msg":"number of entries in runtimes: 0, switching to new yaml format"}
{"level":"debug","time":"2025-03-27T14:55:25.044+0530","caller":"receptionmanager/setup.go:296","msg":"number of entries in partialreports: 0, switching to new yaml format"}
{"level":"debug","time":"2025-03-27T14:55:25.045+0530","caller":"receptionmanager/setup.go:184","msg":"Uploading yaml : /Users/roshank/selenium-java/.updatedhyperexecute.yaml"}
{"level":"debug","time":"2025-03-27T14:55:25.045+0530","caller":"storage/azure.go:59","msg":"Payload size: 3.21 kB, source path /Users/roshank/selenium-java/.updatedhyperexecute.yaml"}
{"level":"info","time":"2025-03-27T14:55:35.333+0530","caller":"storage/azure.go:114","msg":"File upload completed in 10.288388086s"}
{"level":"debug","time":"2025-03-27T14:55:35.334+0530","caller":"core/lifecycle.go:686","msg":"Successfully deleted code archive: /Users/roshank/selenium-java/hyperexecute-code-92ae6343-a8e5-4ffc-9fea-b136cd307e81.zip\n"}
{"level":"debug","time":"2025-03-27T14:55:35.336+0530","caller":"storage/azure.go:59","msg":"Payload size: 442 B, source path mask-92ae6343-a8e5-4ffc-9fea-b136cd307e81.yaml"}
{"level":"info","time":"2025-03-27T14:55:45.420+0530","caller":"storage/azure.go:114","msg":"File upload completed in 10.08442313s"}
{"level":"debug","time":"2025-03-27T14:55:47.603+0530","caller":"jobmanager/sse_setup.go:194","msg":"Task id: HYPM-32518-1743067546387831186FRH"}
{"level":"debug","time":"2025-03-27T14:55:47.604+0530","caller":"jobmanager/sse_setup.go:195","msg":"Sending new task alert to stage manager for taskId: HYPM-32518-1743067546387831186FRH"}
{"level":"debug","time":"2025-03-27T14:55:47.604+0530","caller":"jobmanager/sse_setup.go:194","msg":"Task id: HYPM-32518-1743067546428887226HFX"}
{"level":"debug","time":"2025-03-27T14:55:47.604+0530","caller":"jobmanager/sse_setup.go:195","msg":"Sending new task alert to stage manager for taskId: HYPM-32518-1743067546428887226HFX"}
{"level":"debug","time":"2025-03-27T14:55:47.604+0530","caller":"jobmanager/sse_setup.go:194","msg":"Task id: HYPM-32518-1743067546480125452SZQ"}
{"level":"debug","time":"2025-03-27T14:55:47.605+0530","caller":"jobmanager/sse_setup.go:195","msg":"Sending new task alert to stage manager for taskId: HYPM-32518-1743067546480125452SZQ"}
{"level":"info","time":"2025-03-27T14:55:50.159+0530","caller":"jobmanager/sse_setup.go:85","msg":"\nJob \u001b[1m\u001b[4m92ae6343-a8e5-4ffc-9fea-b136cd307e81\u001b[24m\u001b[22m has started \u001b[97mRUNNING\u001b[0m"}
{"level":"info","time":"2025-03-27T14:55:50.160+0530","caller":"jobmanager/manager.go:142","msg":"Job Link: \u001b[4m\u001b[34mhttps://hyperexecute.lambdatest.com/hyperexecute/task?jobId=92ae6343-a8e5-4ffc-9fea-b136cd307e81\u001b[0m\u001b[24m\n"}
{"level":"info","time":"2025-03-27T14:55:53.898+0530","caller":"terminal/terminal.go:187","msg":"\u001b[91mx\u001b[0m [3]  \u001b[2mpre (5s)\u001b[22m\n"}
{"level":"info","time":"2025-03-27T14:55:53.991+0530","caller":"terminal/terminal.go:187","msg":"\u001b[91mx\u001b[0m [2]  \u001b[2mpre (5s)\u001b[22m\n"}
{"level":"info","time":"2025-03-27T14:55:58.420+0530","caller":"terminal/terminal.go:187","msg":"\u001b[91mx\u001b[0m [1]  \u001b[2mpre (7s)\u001b[22m\n"}
{"level":"info","time":"2025-03-27T14:56:00.499+0530","caller":"jobmanager/sse_setup.go:87","msg":"\nJob \u001b[1m\u001b[4m92ae6343-a8e5-4ffc-9fea-b136cd307e81\u001b[24m\u001b[22m has \u001b[101m FAILED \u001b[0m"}
{"level":"info","time":"2025-03-27T14:56:00.499+0530","caller":"jobmanager/manager.go:142","msg":"Job Link: \u001b[4m\u001b[34mhttps://hyperexecute.lambdatest.com/hyperexecute/task?jobId=92ae6343-a8e5-4ffc-9fea-b136cd307e81\u001b[0m\u001b[24m\n"}
{"level":"error","time":"2025-03-27T14:56:00.510+0530","caller":"jobmanager/sse_setup.go:128","msg":"2025-03-27T14:55:08+05:30    error    \u001b[91mERR::JOB::STS\u001b[0m     Job failed!"}
{"level":"debug","time":"2025-03-27T14:56:00.513+0530","caller":"jobmanager/sse_setup.go:136","msg":"\n\nJob status"}
{"level":"info","time":"2025-03-27T14:56:00.513+0530","caller":"jobmanager/sse_setup.go:149","msg":"\n Job Labels: \u001b[103m\u001b[1m\u001b[30mselenium-junit\u001b[0m\u001b[22m\u001b[0m  \u001b[103m\u001b[1m\u001b[30mmac\u001b[0m\u001b[22m\u001b[0m  \u001b[103m\u001b[1m\u001b[30mautosplit\u001b[0m\u001b[22m\u001b[0m "}
{"level":"info","time":"2025-03-27T14:56:00.516+0530","caller":"jobmanager/sse_setup.go:151","msg":" ID: 92ae6343-a8e5-4ffc-9fea-b136cd307e81\n Status: \u001b[101m FAILED \u001b[0m\n Remark: \n OrgID: 32518\n Created: 2025-03-27 09:25:14 +0000 UTC\n Updated: 2025-03-27 09:25:57 +0000 UTC\n global timeout: 90\n testsuite timeout: 90\n retry on failure: true\n start time: 2025-03-27 09:25:48 +0000 UTC\n end time: 2025-03-27 09:25:57 +0000 UTC\n duration: 9s"}
{"level":"info","time":"2025-03-27T14:56:00.516+0530","caller":"jobmanager/sse_setup.go:157","msg":"\n\nTask status\n"}
{"level":"info","time":"2025-03-27T14:56:00.516+0530","caller":"jobmanager/sse_setup.go:163","msg":" ID: HYPM-32518-1743067546387831186FRH\n Status: failed\n Remark: step 1 - exit status 1\n Created: 2025-03-27 09:25:46 +0000 UTC\n Updated: 2025-03-27 09:25:57 +0000 UTC\n context: {\"_jobId\": \"92ae6343-a8e5-4ffc-9fea-b136cd307e81\", \"_taskId\": \"HYPM-32518-1743067546387831186FRH\", \"_sanctumIntent\": \"hyperexecute-mac\", \"_adbEspressoSupport\": \"true\", \"_whiteLabelProductTag\": \"\"}\n tunnel name: \n os: mac\n start time: 2025-03-27 09:25:49 +0000 UTC\n end time: 2025-03-27 09:25:57 +0000 UTC\n duration: 8s"}
{"level":"info","time":"2025-03-27T14:56:00.516+0530","caller":"jobmanager/sse_setup.go:168","msg":"\n"}
{"level":"info","time":"2025-03-27T14:56:00.516+0530","caller":"jobmanager/sse_setup.go:163","msg":" ID: HYPM-32518-1743067546428887226HFX\n Status: failed\n Remark: step 1 - exit status 1\n Created: 2025-03-27 09:25:46 +0000 UTC\n Updated: 2025-03-27 09:25:53 +0000 UTC\n context: {\"_jobId\": \"92ae6343-a8e5-4ffc-9fea-b136cd307e81\", \"_taskId\": \"HYPM-32518-1743067546428887226HFX\", \"_sanctumIntent\": \"hyperexecute-mac\", \"_adbEspressoSupport\": \"true\", \"_whiteLabelProductTag\": \"\"}\n tunnel name: \n os: mac\n start time: 2025-03-27 09:25:48 +0000 UTC\n end time: 2025-03-27 09:25:53 +0000 UTC\n duration: 5s"}
{"level":"info","time":"2025-03-27T14:56:00.517+0530","caller":"jobmanager/sse_setup.go:168","msg":"\n"}
{"level":"info","time":"2025-03-27T14:56:00.517+0530","caller":"jobmanager/sse_setup.go:163","msg":" ID: HYPM-32518-1743067546480125452SZQ\n Status: failed\n Remark: step 1 - exit status 1\n Created: 2025-03-27 09:25:46 +0000 UTC\n Updated: 2025-03-27 09:25:52 +0000 UTC\n context: {\"_jobId\": \"92ae6343-a8e5-4ffc-9fea-b136cd307e81\", \"_taskId\": \"HYPM-32518-1743067546480125452SZQ\", \"_sanctumIntent\": \"hyperexecute-mac\", \"_adbEspressoSupport\": \"true\", \"_whiteLabelProductTag\": \"\"}\n tunnel name: \n os: mac\n start time: 2025-03-27 09:25:48 +0000 UTC\n end time: 2025-03-27 09:25:52 +0000 UTC\n duration: 4s"}
{"level":"info","time":"2025-03-27T14:56:00.517+0530","caller":"jobmanager/sse_setup.go:168","msg":"\n"}
{"level":"info","time":"2025-03-27T14:56:00.517+0530","caller":"core/lifecycle.go:771","msg":"taskId:HYPM-32518-1743067546387831186FRH has failed with remark: step 1 - exit status 1\n"}
{"level":"info","time":"2025-03-27T14:56:00.517+0530","caller":"core/lifecycle.go:771","msg":"taskId:HYPM-32518-1743067546428887226HFX has failed with remark: step 1 - exit status 1\n"}
{"level":"info","time":"2025-03-27T14:56:00.517+0530","caller":"core/lifecycle.go:771","msg":"taskId:HYPM-32518-1743067546480125452SZQ has failed with remark: step 1 - exit status 1\n"}
{"level":"debug","time":"2025-03-27T14:56:00.518+0530","caller":"core/lifecycle.go:864","msg":"Context canceled"}
{"level":"info","time":"2025-03-27T14:56:00.518+0530","caller":"core/lifecycle.go:867","msg":"\u001b[2mStopping pipeline gracefully\u001b[22m"}
{"level":"error","time":"2025-03-27T14:56:00.518+0530","caller":"core/lifecycle.go:870","msg":"2025-03-27T14:55:08+05:30    error    Exiting with error: Failed tasks found."}
{"level":"info","time":"2025-03-27T14:56:00.518+0530","caller":"jobmanager/manager.go:142","msg":"Job Link: \u001b[4m\u001b[34mhttps://hyperexecute.lambdatest.com/hyperexecute/task?jobId=92ae6343-a8e5-4ffc-9fea-b136cd307e81\u001b[0m\u001b[24m\n"}
{"level":"debug","time":"2025-03-27T14:56:00.520+0530","caller":"core/lifecycle.go:58","msg":"Quit requested from main goroutine...."}
{"level":"debug","time":"2025-03-27T14:56:00.521+0530","caller":"core/lifecycle.go:59","msg":"Waiting for the goroutines to exit"}
{"level":"info","time":"2025-03-27T14:56:01.297+0530","caller":"jobmanager/JobSummaryManager.go:54","msg":"\n\u001b[101m FAILED \u001b[0m\n"}
{"level":"info","time":"2025-03-27T14:56:01.298+0530","caller":"jobmanager/JobSummaryManager.go:113","msg":"    \u001b[1mTest Execution Time\u001b[22m:                  \u001b[91m0s\u001b[0m"}
{"level":"info","time":"2025-03-27T14:56:01.298+0530","caller":"jobmanager/JobSummaryManager.go:113","msg":"    \u001b[1mJob Duration Time\u001b[22m:                    9s"}
{"level":"info","time":"2025-03-27T14:56:01.298+0530","caller":"jobmanager/JobSummaryManager.go:113","msg":"    \u001b[1mTotal Tasks\u001b[22m:                          3"}
{"level":"info","time":"2025-03-27T14:56:01.299+0530","caller":"jobmanager/JobSummaryManager.go:113","msg":"    \u001b[1mCumulative Time Consumed\u001b[22m:             17s"}
{"level":"info","time":"2025-03-27T14:56:01.299+0530","caller":"jobmanager/JobSummaryManager.go:113","msg":"    \u001b[1mTotal Stages\u001b[22m:                         3"}
{"level":"info","time":"2025-03-27T14:56:01.299+0530","caller":"jobmanager/JobSummaryManager.go:113","msg":"    \u001b[1mPass discovery stage percentage\u001b[22m:      0.00%"}
{"level":"info","time":"2025-03-27T14:56:01.299+0530","caller":"jobmanager/JobSummaryManager.go:113","msg":"    \u001b[1mFailed discovery stage percentage\u001b[22m:    0.00%"}
{"level":"info","time":"2025-03-27T14:56:01.299+0530","caller":"jobmanager/JobSummaryManager.go:113","msg":"    \u001b[1mPass pre stage percentage\u001b[22m:            0.00%"}
{"level":"info","time":"2025-03-27T14:56:01.299+0530","caller":"jobmanager/JobSummaryManager.go:113","msg":"    \u001b[1mFailed pre stage percentage\u001b[22m:          \u001b[91m100.00%\u001b[0m"}
{"level":"info","time":"2025-03-27T14:56:01.299+0530","caller":"jobmanager/JobSummaryManager.go:113","msg":"    \u001b[1mPass test stage percentage\u001b[22m:           0.00%"}
{"level":"info","time":"2025-03-27T14:56:01.299+0530","caller":"jobmanager/JobSummaryManager.go:113","msg":"    \u001b[1mFailed test stage percentage\u001b[22m:         0.00%"}
{"level":"info","time":"2025-03-27T14:56:01.299+0530","caller":"jobmanager/JobSummaryManager.go:113","msg":"    \u001b[1mPass post stage percentage\u001b[22m:           0.00%"}
{"level":"info","time":"2025-03-27T14:56:01.299+0530","caller":"jobmanager/JobSummaryManager.go:113","msg":"    \u001b[1mFailed post stage percentage\u001b[22m:         0.00%"}
{"level":"info","time":"2025-03-27T14:56:01.299+0530","caller":"jobmanager/JobSummaryManager.go:113","msg":"    \u001b[1mFailed Tasks\u001b[22m:                         3"}
{"level":"info","time":"2025-03-27T14:56:01.299+0530","caller":"jobmanager/JobSummaryManager.go:58","msg":""}
{"level":"debug","time":"2025-03-27T14:56:30.522+0530","caller":"cmd/bin.go:346","msg":"main: all goroutines have finished."}
{"level":"debug","time":"2025-03-27T15:04:48.444+0530","caller":"cmd/bin.go:137","msg":"cli os: darwin, cli arch: amd64"}
{"level":"debug","time":"2025-03-27T15:04:49.121+0530","caller":"cmd/bin.go:146","msg":"Upstream version details: {Name:cli Min:0.2.195 Max:0.2.263} "}
{"level":"info","time":"2025-03-27T15:04:49.121+0530","caller":"cmd/bin.go:154","msg":"Current binary version 0.2.262 is less than max upstream version 0.2.263."}
{"level":"info","time":"2025-03-27T15:04:49.121+0530","caller":"updater/updater.go:63","msg":"Auto updating binary ..................."}
{"level":"debug","time":"2025-03-27T15:04:49.123+0530","caller":"updater/updater.go:64","msg":"Download url: https://downloads.hyperexecute.cloud/hyperexecute/cli/0.2.263/darwin/hyperexecute"}
{"level":"debug","time":"2025-03-27T15:04:54.432+0530","caller":"updater/updater.go:85","msg":"New binary downloaded successfully "}
{"level":"info","time":"2025-03-27T15:04:54.434+0530","caller":"cmd/bin.go:166","msg":"Update successfully installed. Restarting the binary..."}
{"level":"debug","time":"2025-03-27T15:04:56.697+0530","caller":"cmd/bin.go:137","msg":"cli os: darwin, cli arch: amd64"}
{"level":"debug","time":"2025-03-27T15:04:57.369+0530","caller":"cmd/bin.go:146","msg":"Upstream version details: {Name:cli Min:0.2.195 Max:0.2.263} "}
{"level":"debug","time":"2025-03-27T15:04:59.930+0530","caller":"core/lifecycle.go:107","msg":"Setting environment"}
{"level":"debug","time":"2025-03-27T15:04:59.932+0530","caller":"core/lifecycle.go:110","msg":"Parsing config"}
{"level":"debug","time":"2025-03-27T15:04:59.932+0530","caller":"yamlconfigmanager/setup.go:702","msg":"Custom location for .hyperexecute.yaml specified. Using: hyperexecute.yaml"}
{"level":"debug","time":"2025-03-27T15:04:59.933+0530","caller":"yamlconfigmanager/setup.go:115","msg":"using hyperexecute config from : hyperexecute.yaml"}
{"level":"debug","time":"2025-03-27T15:05:00.781+0530","caller":"yamlconfigmanager/setup.go:2025","msg":"Autodetecting test type in files of path : /Users/roshank/selenium-java"}
{"level":"debug","time":"2025-03-27T15:05:00.784+0530","caller":"yamlconfigmanager/setup.go:526","msg":"Tunnel: %!t(<nil>)"}
{"level":"info","time":"2025-03-27T15:05:00.784+0530","caller":"models/HypertestYamlConfig.go:850","msg":"\n\u001b[4m\u001b[1m\u001b[97mExecution Plan\u001b[0m\u001b[22m\u001b[24m"}
{"level":"info","time":"2025-03-27T15:05:00.785+0530","caller":"models/HypertestYamlConfig.go:651","msg":"Mode:    \u001b[36mautosplit\u001b[0m"}
{"level":"info","time":"2025-03-27T15:05:00.785+0530","caller":"models/HypertestYamlConfig.go:711","msg":"Runson:    \u001b[36mmac\u001b[0m"}
{"level":"info","time":"2025-03-27T15:05:00.785+0530","caller":"models/HypertestYamlConfig.go:719","msg":"Concurrency:    \u001b[36m3\u001b[0m"}
{"level":"info","time":"2025-03-27T15:05:00.785+0530","caller":"models/HypertestYamlConfig.go:783","msg":"Report:    \u001b[36mdisabled\u001b[0m"}
{"level":"info","time":"2025-03-27T15:05:00.785+0530","caller":"models/HypertestYamlConfig.go:863","msg":""}
{"level":"debug","time":"2025-03-27T15:05:00.785+0530","caller":"filevalidator/setup.go:49","msg":"Warning: Checking data.json file in current directory, no dataJsonPath found in .hyperexecute.yaml"}
{"level":"debug","time":"2025-03-27T15:05:00.785+0530","caller":"filevalidator/setup.go:53","msg":"Warning: data.json file doesn't exist"}
{"level":"debug","time":"2025-03-27T15:05:01.751+0530","caller":"core/lifecycle.go:506","msg":"Job ID: a3f717a0-d1c4-48ad-bbab-2ac7bbadfed3"}
{"level":"debug","time":"2025-03-27T15:05:01.752+0530","caller":"events/manager.go:95","msg":"Starting event manager"}
{"level":"debug","time":"2025-03-27T15:05:01.754+0530","caller":"events/manager.go:97","msg":"SSE enabled, getting SSE connection"}
{"level":"debug","time":"2025-03-27T15:05:01.755+0530","caller":"archivemanager/setup.go:340","msg":"digestMap: map[]"}
{"level":"debug","time":"2025-03-27T15:05:01.756+0530","caller":"archivemanager/setup.go:346","msg":"Creating archive of target directory: /Users/roshank/selenium-java"}
{"level":"debug","time":"2025-03-27T15:05:01.862+0530","caller":"core/lifecycle.go:649","msg":"Zip file size: 87.41 kB"}
{"level":"debug","time":"2025-03-27T15:05:01.862+0530","caller":"core/lifecycle.go:659","msg":"Archive location: /Users/roshank/selenium-java/hyperexecute-code-a3f717a0-d1c4-48ad-bbab-2ac7bbadfed3.zip\n"}
{"level":"debug","time":"2025-03-27T15:05:01.862+0530","caller":"storage/azure.go:59","msg":"Payload size: 87.41 kB, source path /Users/roshank/selenium-java/hyperexecute-code-a3f717a0-d1c4-48ad-bbab-2ac7bbadfed3.zip"}
{"level":"debug","time":"2025-03-27T15:05:02.907+0530","caller":"events/manager.go:277","msg":"connection to hyperexecute server established successfully."}
{"level":"info","time":"2025-03-27T15:05:14.046+0530","caller":"storage/azure.go:114","msg":"File upload completed in 12.18364055s"}
{"level":"debug","time":"2025-03-27T15:05:14.047+0530","caller":"receptionmanager/setup.go:277","msg":"only one runtime entry detected, mapping it to older yaml format"}
{"level":"debug","time":"2025-03-27T15:05:14.047+0530","caller":"receptionmanager/setup.go:296","msg":"number of entries in partialreports: 1, switching to new yaml format"}
{"level":"debug","time":"2025-03-27T15:05:14.048+0530","caller":"receptionmanager/setup.go:184","msg":"Uploading yaml : /Users/roshank/selenium-java/.updatedhyperexecute.yaml"}
{"level":"debug","time":"2025-03-27T15:05:14.048+0530","caller":"storage/azure.go:59","msg":"Payload size: 3.34 kB, source path /Users/roshank/selenium-java/.updatedhyperexecute.yaml"}
{"level":"info","time":"2025-03-27T15:05:24.127+0530","caller":"storage/azure.go:114","msg":"File upload completed in 10.078998027s"}
{"level":"debug","time":"2025-03-27T15:05:24.128+0530","caller":"core/lifecycle.go:686","msg":"Successfully deleted code archive: /Users/roshank/selenium-java/hyperexecute-code-a3f717a0-d1c4-48ad-bbab-2ac7bbadfed3.zip\n"}
{"level":"debug","time":"2025-03-27T15:05:24.129+0530","caller":"storage/azure.go:59","msg":"Payload size: 488 B, source path mask-a3f717a0-d1c4-48ad-bbab-2ac7bbadfed3.yaml"}
{"level":"info","time":"2025-03-27T15:05:34.210+0530","caller":"storage/azure.go:114","msg":"File upload completed in 10.081626119s"}
{"level":"debug","time":"2025-03-27T15:05:36.455+0530","caller":"jobmanager/sse_setup.go:194","msg":"Task id: HYPM-32518-1743068135269762355WGQ"}
{"level":"debug","time":"2025-03-27T15:05:36.455+0530","caller":"jobmanager/sse_setup.go:195","msg":"Sending new task alert to stage manager for taskId: HYPM-32518-1743068135269762355WGQ"}
{"level":"debug","time":"2025-03-27T15:05:36.456+0530","caller":"jobmanager/sse_setup.go:194","msg":"Task id: HYPM-32518-1743068135315982617CKX"}
{"level":"debug","time":"2025-03-27T15:05:36.456+0530","caller":"jobmanager/sse_setup.go:195","msg":"Sending new task alert to stage manager for taskId: HYPM-32518-1743068135315982617CKX"}
{"level":"debug","time":"2025-03-27T15:05:36.456+0530","caller":"jobmanager/sse_setup.go:194","msg":"Task id: HYPM-32518-1743068135359671202YSW"}
{"level":"debug","time":"2025-03-27T15:05:36.456+0530","caller":"jobmanager/sse_setup.go:195","msg":"Sending new task alert to stage manager for taskId: HYPM-32518-1743068135359671202YSW"}
{"level":"info","time":"2025-03-27T15:05:39.852+0530","caller":"jobmanager/sse_setup.go:85","msg":"\nJob \u001b[1m\u001b[4ma3f717a0-d1c4-48ad-bbab-2ac7bbadfed3\u001b[24m\u001b[22m has started \u001b[97mRUNNING\u001b[0m"}
{"level":"info","time":"2025-03-27T15:05:39.852+0530","caller":"jobmanager/manager.go:142","msg":"Job Link: \u001b[4m\u001b[34mhttps://hyperexecute.lambdatest.com/hyperexecute/task?jobId=a3f717a0-d1c4-48ad-bbab-2ac7bbadfed3\u001b[0m\u001b[24m\n"}
{"level":"info","time":"2025-03-27T15:05:47.409+0530","caller":"terminal/terminal.go:187","msg":"\u001b[32m\u001b[0m [3]  \u001b[2msetup-runtime (8s)\u001b[22m\n"}
{"level":"info","time":"2025-03-27T15:05:47.684+0530","caller":"terminal/terminal.go:187","msg":"\u001b[32m\u001b[0m [1]  \u001b[2msetup-runtime (8s)\u001b[22m\n"}
{"level":"info","time":"2025-03-27T15:05:47.707+0530","caller":"terminal/terminal.go:187","msg":"\u001b[32m\u001b[0m [2]  \u001b[2msetup-runtime (8s)\u001b[22m\n"}
{"level":"info","time":"2025-03-27T15:05:53.977+0530","caller":"terminal/terminal.go:187","msg":"\u001b[91mx\u001b[0m [3]  \u001b[2mpre (7s)\u001b[22m\n"}
{"level":"info","time":"2025-03-27T15:05:55.004+0530","caller":"terminal/terminal.go:187","msg":"\u001b[91mx\u001b[0m [2]  \u001b[2mpre (7s)\u001b[22m\n"}
{"level":"info","time":"2025-03-27T15:05:55.049+0530","caller":"terminal/terminal.go:187","msg":"\u001b[91mx\u001b[0m [1]  \u001b[2mpre (7s)\u001b[22m\n"}
{"level":"info","time":"2025-03-27T15:05:57.067+0530","caller":"jobmanager/sse_setup.go:87","msg":"\nJob \u001b[1m\u001b[4ma3f717a0-d1c4-48ad-bbab-2ac7bbadfed3\u001b[24m\u001b[22m has \u001b[101m FAILED \u001b[0m"}
{"level":"info","time":"2025-03-27T15:05:57.067+0530","caller":"jobmanager/manager.go:142","msg":"Job Link: \u001b[4m\u001b[34mhttps://hyperexecute.lambdatest.com/hyperexecute/task?jobId=a3f717a0-d1c4-48ad-bbab-2ac7bbadfed3\u001b[0m\u001b[24m\n"}
{"level":"error","time":"2025-03-27T15:05:57.078+0530","caller":"jobmanager/sse_setup.go:128","msg":"2025-03-27T15:04:56+05:30    error    \u001b[91mERR::JOB::STS\u001b[0m     Job failed!"}
{"level":"debug","time":"2025-03-27T15:05:57.078+0530","caller":"jobmanager/sse_setup.go:136","msg":"\n\nJob status"}
{"level":"info","time":"2025-03-27T15:05:57.079+0530","caller":"jobmanager/sse_setup.go:149","msg":"\n Job Labels: \u001b[103m\u001b[1m\u001b[30mselenium-junit\u001b[0m\u001b[22m\u001b[0m  \u001b[103m\u001b[1m\u001b[30mmac\u001b[0m\u001b[22m\u001b[0m  \u001b[103m\u001b[1m\u001b[30mautosplit\u001b[0m\u001b[22m\u001b[0m "}
{"level":"info","time":"2025-03-27T15:05:57.079+0530","caller":"jobmanager/sse_setup.go:151","msg":" ID: a3f717a0-d1c4-48ad-bbab-2ac7bbadfed3\n Status: \u001b[101m FAILED \u001b[0m\n Remark: \n OrgID: 32518\n Created: 2025-03-27 09:35:01 +0000 UTC\n Updated: 2025-03-27 09:35:54 +0000 UTC\n global timeout: 90\n testsuite timeout: 90\n retry on failure: true\n start time: 2025-03-27 09:35:37 +0000 UTC\n end time: 2025-03-27 09:35:54 +0000 UTC\n duration: 17s"}
{"level":"info","time":"2025-03-27T15:05:57.079+0530","caller":"jobmanager/sse_setup.go:157","msg":"\n\nTask status\n"}
{"level":"info","time":"2025-03-27T15:05:57.079+0530","caller":"jobmanager/sse_setup.go:163","msg":" ID: HYPM-32518-1743068135269762355WGQ\n Status: failed\n Remark: step 1 - exit status 1\n Created: 2025-03-27 09:35:35 +0000 UTC\n Updated: 2025-03-27 09:35:54 +0000 UTC\n context: {\"_jobId\": \"a3f717a0-d1c4-48ad-bbab-2ac7bbadfed3\", \"_taskId\": \"HYPM-32518-1743068135269762355WGQ\", \"_sanctumIntent\": \"hyperexecute-mac\", \"_adbEspressoSupport\": \"true\", \"_whiteLabelProductTag\": \"\"}\n tunnel name: \n os: mac\n start time: 2025-03-27 09:35:38 +0000 UTC\n end time: 2025-03-27 09:35:54 +0000 UTC\n duration: 16s"}
{"level":"info","time":"2025-03-27T15:05:57.079+0530","caller":"jobmanager/sse_setup.go:168","msg":"\n"}
{"level":"info","time":"2025-03-27T15:05:57.079+0530","caller":"jobmanager/sse_setup.go:163","msg":" ID: HYPM-32518-1743068135315982617CKX\n Status: failed\n Remark: step 1 - exit status 1\n Created: 2025-03-27 09:35:35 +0000 UTC\n Updated: 2025-03-27 09:35:54 +0000 UTC\n context: {\"_jobId\": \"a3f717a0-d1c4-48ad-bbab-2ac7bbadfed3\", \"_taskId\": \"HYPM-32518-1743068135315982617CKX\", \"_sanctumIntent\": \"hyperexecute-mac\", \"_adbEspressoSupport\": \"true\", \"_whiteLabelProductTag\": \"\"}\n tunnel name: \n os: mac\n start time: 2025-03-27 09:35:37 +0000 UTC\n end time: 2025-03-27 09:35:54 +0000 UTC\n duration: 17s"}
{"level":"info","time":"2025-03-27T15:05:57.079+0530","caller":"jobmanager/sse_setup.go:168","msg":"\n"}
{"level":"info","time":"2025-03-27T15:05:57.079+0530","caller":"jobmanager/sse_setup.go:163","msg":" ID: HYPM-32518-1743068135359671202YSW\n Status: failed\n Remark: step 1 - exit status 1\n Created: 2025-03-27 09:35:35 +0000 UTC\n Updated: 2025-03-27 09:35:53 +0000 UTC\n context: {\"_jobId\": \"a3f717a0-d1c4-48ad-bbab-2ac7bbadfed3\", \"_taskId\": \"HYPM-32518-1743068135359671202YSW\", \"_sanctumIntent\": \"hyperexecute-mac\", \"_adbEspressoSupport\": \"true\", \"_whiteLabelProductTag\": \"\"}\n tunnel name: \n os: mac\n start time: 2025-03-27 09:35:37 +0000 UTC\n end time: 2025-03-27 09:35:53 +0000 UTC\n duration: 16s"}
{"level":"info","time":"2025-03-27T15:05:57.079+0530","caller":"jobmanager/sse_setup.go:168","msg":"\n"}
{"level":"info","time":"2025-03-27T15:05:57.080+0530","caller":"core/lifecycle.go:771","msg":"taskId:HYPM-32518-1743068135269762355WGQ has failed with remark: step 1 - exit status 1\n"}
{"level":"info","time":"2025-03-27T15:05:57.080+0530","caller":"core/lifecycle.go:771","msg":"taskId:HYPM-32518-1743068135315982617CKX has failed with remark: step 1 - exit status 1\n"}
{"level":"info","time":"2025-03-27T15:05:57.080+0530","caller":"core/lifecycle.go:771","msg":"taskId:HYPM-32518-1743068135359671202YSW has failed with remark: step 1 - exit status 1\n"}
{"level":"debug","time":"2025-03-27T15:05:57.080+0530","caller":"core/lifecycle.go:864","msg":"Context canceled"}
{"level":"info","time":"2025-03-27T15:05:57.080+0530","caller":"core/lifecycle.go:867","msg":"\u001b[2mStopping pipeline gracefully\u001b[22m"}
{"level":"error","time":"2025-03-27T15:05:57.080+0530","caller":"core/lifecycle.go:870","msg":"2025-03-27T15:04:56+05:30    error    Exiting with error: Failed tasks found."}
{"level":"info","time":"2025-03-27T15:05:57.080+0530","caller":"jobmanager/manager.go:142","msg":"Job Link: \u001b[4m\u001b[34mhttps://hyperexecute.lambdatest.com/hyperexecute/task?jobId=a3f717a0-d1c4-48ad-bbab-2ac7bbadfed3\u001b[0m\u001b[24m\n"}
{"level":"debug","time":"2025-03-27T15:05:57.080+0530","caller":"core/lifecycle.go:58","msg":"Quit requested from main goroutine...."}
{"level":"debug","time":"2025-03-27T15:05:57.081+0530","caller":"core/lifecycle.go:59","msg":"Waiting for the goroutines to exit"}
{"level":"info","time":"2025-03-27T15:05:57.757+0530","caller":"jobmanager/JobSummaryManager.go:54","msg":"\n\u001b[101m FAILED \u001b[0m\n"}
{"level":"info","time":"2025-03-27T15:05:57.758+0530","caller":"jobmanager/JobSummaryManager.go:113","msg":"    \u001b[1mTest Execution Time\u001b[22m:                  \u001b[91m0s\u001b[0m"}
{"level":"info","time":"2025-03-27T15:05:57.758+0530","caller":"jobmanager/JobSummaryManager.go:113","msg":"    \u001b[1mJob Duration Time\u001b[22m:                    17s"}
{"level":"info","time":"2025-03-27T15:05:57.758+0530","caller":"jobmanager/JobSummaryManager.go:113","msg":"    \u001b[1mTotal Tasks\u001b[22m:                          3"}
{"level":"info","time":"2025-03-27T15:05:57.758+0530","caller":"jobmanager/JobSummaryManager.go:113","msg":"    \u001b[1mCumulative Time Consumed\u001b[22m:             49s"}
{"level":"info","time":"2025-03-27T15:05:57.758+0530","caller":"jobmanager/JobSummaryManager.go:113","msg":"    \u001b[1mTotal Stages\u001b[22m:                         3"}
{"level":"info","time":"2025-03-27T15:05:57.758+0530","caller":"jobmanager/JobSummaryManager.go:113","msg":"    \u001b[1mPass discovery stage percentage\u001b[22m:      0.00%"}
{"level":"info","time":"2025-03-27T15:05:57.758+0530","caller":"jobmanager/JobSummaryManager.go:113","msg":"    \u001b[1mFailed discovery stage percentage\u001b[22m:    0.00%"}
{"level":"info","time":"2025-03-27T15:05:57.758+0530","caller":"jobmanager/JobSummaryManager.go:113","msg":"    \u001b[1mPass pre stage percentage\u001b[22m:            0.00%"}
{"level":"info","time":"2025-03-27T15:05:57.758+0530","caller":"jobmanager/JobSummaryManager.go:113","msg":"    \u001b[1mFailed pre stage percentage\u001b[22m:          \u001b[91m100.00%\u001b[0m"}
{"level":"info","time":"2025-03-27T15:05:57.758+0530","caller":"jobmanager/JobSummaryManager.go:113","msg":"    \u001b[1mPass test stage percentage\u001b[22m:           0.00%"}
{"level":"info","time":"2025-03-27T15:05:57.758+0530","caller":"jobmanager/JobSummaryManager.go:113","msg":"    \u001b[1mFailed test stage percentage\u001b[22m:         0.00%"}
{"level":"info","time":"2025-03-27T15:05:57.758+0530","caller":"jobmanager/JobSummaryManager.go:113","msg":"    \u001b[1mPass post stage percentage\u001b[22m:           0.00%"}
{"level":"info","time":"2025-03-27T15:05:57.758+0530","caller":"jobmanager/JobSummaryManager.go:113","msg":"    \u001b[1mFailed post stage percentage\u001b[22m:         0.00%"}
{"level":"info","time":"2025-03-27T15:05:57.758+0530","caller":"jobmanager/JobSummaryManager.go:113","msg":"    \u001b[1mFailed Tasks\u001b[22m:                         3"}
{"level":"info","time":"2025-03-27T15:05:57.758+0530","caller":"jobmanager/JobSummaryManager.go:58","msg":""}
{"level":"debug","time":"2025-03-27T15:06:27.081+0530","caller":"cmd/bin.go:385","msg":"Exiting application due to error Failed tasks found."}
{"level":"debug","time":"2025-03-27T15:06:27.091+0530","caller":"cmd/bin.go:186","msg":"Child binary process exited with error: exit status 1"}
{"level":"debug","time":"2025-03-27T15:07:17.508+0530","caller":"cmd/bin.go:137","msg":"cli os: darwin, cli arch: amd64"}
{"level":"debug","time":"2025-03-27T15:07:18.504+0530","caller":"cmd/bin.go:146","msg":"Upstream version details: {Name:cli Min:0.2.195 Max:0.2.263} "}
{"level":"debug","time":"2025-03-27T15:07:21.056+0530","caller":"core/lifecycle.go:107","msg":"Setting environment"}
{"level":"debug","time":"2025-03-27T15:07:21.058+0530","caller":"core/lifecycle.go:110","msg":"Parsing config"}
{"level":"debug","time":"2025-03-27T15:07:21.059+0530","caller":"yamlconfigmanager/setup.go:702","msg":"Custom location for .hyperexecute.yaml specified. Using: hyperexecute.yaml"}
{"level":"debug","time":"2025-03-27T15:07:21.059+0530","caller":"yamlconfigmanager/setup.go:115","msg":"using hyperexecute config from : hyperexecute.yaml"}
{"level":"error","time":"2025-03-27T15:07:21.066+0530","caller":"yamlconfigmanager/setup.go:195","msg":"2025-03-27T15:07:16+05:30    error    \u001b[91mERR::PAR::HT_YAML\u001b[0m     Unable to parse hyperexecute yaml. yaml: unmarshal errors:\n  line 35: cannot unmarshal !!map into string"}
{"level":"error","time":"2025-03-27T15:07:21.066+0530","caller":"core/lifecycle.go:115","msg":"2025-03-27T15:07:16+05:30    error    \u001b[91mERR::PAR::HT_YAML\u001b[0m     Unable to parse hyperexecute yaml. yaml: unmarshal errors:\n  line 35: cannot unmarshal !!map into string    Error while loading hyperexecute configuration file"}
{"level":"debug","time":"2025-03-27T15:07:21.067+0530","caller":"core/lifecycle.go:58","msg":"Quit requested from main goroutine...."}
{"level":"debug","time":"2025-03-27T15:07:21.067+0530","caller":"core/lifecycle.go:59","msg":"Waiting for the goroutines to exit"}
{"level":"debug","time":"2025-03-27T15:07:21.067+0530","caller":"core/lifecycle.go:62","msg":"All lifecycle goroutines exited"}
{"level":"debug","time":"2025-03-27T15:07:21.067+0530","caller":"cmd/bin.go:385","msg":"Exiting application due to error \u001b[91mERR::PAR::HT_YAML\u001b[0m     Unable to parse hyperexecute yaml. yaml: unmarshal errors:\n  line 35: cannot unmarshal !!map into string"}
{"level":"debug","time":"2025-03-27T15:07:37.578+0530","caller":"cmd/bin.go:137","msg":"cli os: darwin, cli arch: amd64"}
{"level":"debug","time":"2025-03-27T15:07:38.244+0530","caller":"cmd/bin.go:146","msg":"Upstream version details: {Name:cli Min:0.2.195 Max:0.2.263} "}
{"level":"debug","time":"2025-03-27T15:07:40.812+0530","caller":"core/lifecycle.go:107","msg":"Setting environment"}
{"level":"debug","time":"2025-03-27T15:07:40.814+0530","caller":"core/lifecycle.go:110","msg":"Parsing config"}
{"level":"debug","time":"2025-03-27T15:07:40.814+0530","caller":"yamlconfigmanager/setup.go:702","msg":"Custom location for .hyperexecute.yaml specified. Using: hyperexecute.yaml"}
{"level":"debug","time":"2025-03-27T15:07:40.814+0530","caller":"yamlconfigmanager/setup.go:115","msg":"using hyperexecute config from : hyperexecute.yaml"}
{"level":"debug","time":"2025-03-27T15:07:41.658+0530","caller":"yamlconfigmanager/setup.go:2025","msg":"Autodetecting test type in files of path : /Users/roshank/selenium-java"}
{"level":"debug","time":"2025-03-27T15:07:41.661+0530","caller":"yamlconfigmanager/setup.go:526","msg":"Tunnel: %!t(<nil>)"}
{"level":"info","time":"2025-03-27T15:07:41.661+0530","caller":"models/HypertestYamlConfig.go:850","msg":"\n\u001b[4m\u001b[1m\u001b[97mExecution Plan\u001b[0m\u001b[22m\u001b[24m"}
{"level":"info","time":"2025-03-27T15:07:41.662+0530","caller":"models/HypertestYamlConfig.go:651","msg":"Mode:    \u001b[36mautosplit\u001b[0m"}
{"level":"info","time":"2025-03-27T15:07:41.662+0530","caller":"models/HypertestYamlConfig.go:711","msg":"Runson:    \u001b[36mmac\u001b[0m"}
{"level":"info","time":"2025-03-27T15:07:41.662+0530","caller":"models/HypertestYamlConfig.go:719","msg":"Concurrency:    \u001b[36m3\u001b[0m"}
{"level":"info","time":"2025-03-27T15:07:41.662+0530","caller":"models/HypertestYamlConfig.go:783","msg":"Report:    \u001b[36mdisabled\u001b[0m"}
{"level":"info","time":"2025-03-27T15:07:41.662+0530","caller":"models/HypertestYamlConfig.go:863","msg":""}
{"level":"debug","time":"2025-03-27T15:07:41.662+0530","caller":"filevalidator/setup.go:49","msg":"Warning: Checking data.json file in current directory, no dataJsonPath found in .hyperexecute.yaml"}
{"level":"debug","time":"2025-03-27T15:07:41.663+0530","caller":"filevalidator/setup.go:53","msg":"Warning: data.json file doesn't exist"}
{"level":"debug","time":"2025-03-27T15:07:42.465+0530","caller":"core/lifecycle.go:506","msg":"Job ID: 92fccfb4-be9f-42e2-b9f9-1c778b884703"}
{"level":"debug","time":"2025-03-27T15:07:42.466+0530","caller":"events/manager.go:95","msg":"Starting event manager"}
{"level":"debug","time":"2025-03-27T15:07:42.469+0530","caller":"events/manager.go:97","msg":"SSE enabled, getting SSE connection"}
{"level":"debug","time":"2025-03-27T15:07:42.470+0530","caller":"archivemanager/setup.go:340","msg":"digestMap: map[]"}
{"level":"debug","time":"2025-03-27T15:07:42.470+0530","caller":"archivemanager/setup.go:346","msg":"Creating archive of target directory: /Users/roshank/selenium-java"}
{"level":"debug","time":"2025-03-27T15:07:42.576+0530","caller":"core/lifecycle.go:649","msg":"Zip file size: 87.42 kB"}
{"level":"debug","time":"2025-03-27T15:07:42.576+0530","caller":"core/lifecycle.go:659","msg":"Archive location: /Users/roshank/selenium-java/hyperexecute-code-92fccfb4-be9f-42e2-b9f9-1c778b884703.zip\n"}
{"level":"debug","time":"2025-03-27T15:07:42.576+0530","caller":"storage/azure.go:59","msg":"Payload size: 87.42 kB, source path /Users/roshank/selenium-java/hyperexecute-code-92fccfb4-be9f-42e2-b9f9-1c778b884703.zip"}
{"level":"debug","time":"2025-03-27T15:07:43.440+0530","caller":"events/manager.go:277","msg":"connection to hyperexecute server established successfully."}
{"level":"info","time":"2025-03-27T15:07:56.755+0530","caller":"storage/azure.go:114","msg":"File upload completed in 14.178814143s"}
{"level":"debug","time":"2025-03-27T15:07:56.756+0530","caller":"receptionmanager/setup.go:277","msg":"only one runtime entry detected, mapping it to older yaml format"}
{"level":"debug","time":"2025-03-27T15:07:56.757+0530","caller":"receptionmanager/setup.go:296","msg":"number of entries in partialreports: 1, switching to new yaml format"}
{"level":"debug","time":"2025-03-27T15:07:56.757+0530","caller":"receptionmanager/setup.go:184","msg":"Uploading yaml : /Users/roshank/selenium-java/.updatedhyperexecute.yaml"}
{"level":"debug","time":"2025-03-27T15:07:56.757+0530","caller":"storage/azure.go:59","msg":"Payload size: 3.34 kB, source path /Users/roshank/selenium-java/.updatedhyperexecute.yaml"}
{"level":"info","time":"2025-03-27T15:08:06.880+0530","caller":"storage/azure.go:114","msg":"File upload completed in 10.123165756s"}
{"level":"debug","time":"2025-03-27T15:08:06.888+0530","caller":"core/lifecycle.go:686","msg":"Successfully deleted code archive: /Users/roshank/selenium-java/hyperexecute-code-92fccfb4-be9f-42e2-b9f9-1c778b884703.zip\n"}
{"level":"debug","time":"2025-03-27T15:08:06.897+0530","caller":"storage/azure.go:59","msg":"Payload size: 488 B, source path mask-92fccfb4-be9f-42e2-b9f9-1c778b884703.yaml"}
{"level":"info","time":"2025-03-27T15:08:17.042+0530","caller":"storage/azure.go:114","msg":"File upload completed in 10.144793651s"}
{"level":"debug","time":"2025-03-27T15:08:19.202+0530","caller":"jobmanager/sse_setup.go:194","msg":"Task id: HYPM-32518-1743068298058252200PEF"}
{"level":"debug","time":"2025-03-27T15:08:19.203+0530","caller":"jobmanager/sse_setup.go:195","msg":"Sending new task alert to stage manager for taskId: HYPM-32518-1743068298058252200PEF"}
{"level":"debug","time":"2025-03-27T15:08:19.203+0530","caller":"jobmanager/sse_setup.go:194","msg":"Task id: HYPM-32518-1743068298107314624SWJ"}
{"level":"debug","time":"2025-03-27T15:08:19.203+0530","caller":"jobmanager/sse_setup.go:195","msg":"Sending new task alert to stage manager for taskId: HYPM-32518-1743068298107314624SWJ"}
{"level":"debug","time":"2025-03-27T15:08:19.203+0530","caller":"jobmanager/sse_setup.go:194","msg":"Task id: HYPM-32518-1743068298155958715UUN"}
{"level":"debug","time":"2025-03-27T15:08:19.203+0530","caller":"jobmanager/sse_setup.go:195","msg":"Sending new task alert to stage manager for taskId: HYPM-32518-1743068298155958715UUN"}
{"level":"info","time":"2025-03-27T15:08:21.416+0530","caller":"jobmanager/sse_setup.go:85","msg":"\nJob \u001b[1m\u001b[4m92fccfb4-be9f-42e2-b9f9-1c778b884703\u001b[24m\u001b[22m has started \u001b[97mRUNNING\u001b[0m"}
{"level":"info","time":"2025-03-27T15:08:21.416+0530","caller":"jobmanager/manager.go:142","msg":"Job Link: \u001b[4m\u001b[34mhttps://hyperexecute.lambdatest.com/hyperexecute/task?jobId=92fccfb4-be9f-42e2-b9f9-1c778b884703\u001b[0m\u001b[24m\n"}
{"level":"info","time":"2025-03-27T15:08:26.110+0530","caller":"terminal/terminal.go:187","msg":"\u001b[32m\u001b[0m [3]  \u001b[2msetup-runtime (6s)\u001b[22m\n"}
{"level":"info","time":"2025-03-27T15:08:26.302+0530","caller":"terminal/terminal.go:187","msg":"\u001b[32m\u001b[0m [1]  \u001b[2msetup-runtime (6s)\u001b[22m\n"}
{"level":"info","time":"2025-03-27T15:08:30.156+0530","caller":"terminal/terminal.go:187","msg":"\u001b[91mx\u001b[0m [3]  \u001b[2mpre (4s)\u001b[22m\n"}
{"level":"info","time":"2025-03-27T15:08:30.254+0530","caller":"terminal/terminal.go:187","msg":"\u001b[32m\u001b[0m [2]  \u001b[2msetup-runtime (8s)\u001b[22m\n"}
{"level":"info","time":"2025-03-27T15:08:30.328+0530","caller":"terminal/terminal.go:187","msg":"\u001b[91mx\u001b[0m [1]  \u001b[2mpre (4s)\u001b[22m\n"}
{"level":"info","time":"2025-03-27T15:08:36.918+0530","caller":"terminal/terminal.go:187","msg":"\u001b[91mx\u001b[0m [2]  \u001b[2mpre (7s)\u001b[22m\n"}
{"level":"info","time":"2025-03-27T15:08:38.815+0530","caller":"jobmanager/sse_setup.go:87","msg":"\nJob \u001b[1m\u001b[4m92fccfb4-be9f-42e2-b9f9-1c778b884703\u001b[24m\u001b[22m has \u001b[101m FAILED \u001b[0m"}
{"level":"info","time":"2025-03-27T15:08:38.815+0530","caller":"jobmanager/manager.go:142","msg":"Job Link: \u001b[4m\u001b[34mhttps://hyperexecute.lambdatest.com/hyperexecute/task?jobId=92fccfb4-be9f-42e2-b9f9-1c778b884703\u001b[0m\u001b[24m\n"}
{"level":"error","time":"2025-03-27T15:08:38.825+0530","caller":"jobmanager/sse_setup.go:128","msg":"2025-03-27T15:07:36+05:30    error    \u001b[91mERR::JOB::STS\u001b[0m     Job failed!"}
{"level":"debug","time":"2025-03-27T15:08:38.825+0530","caller":"jobmanager/sse_setup.go:136","msg":"\n\nJob status"}
{"level":"info","time":"2025-03-27T15:08:38.825+0530","caller":"jobmanager/sse_setup.go:149","msg":"\n Job Labels: \u001b[103m\u001b[1m\u001b[30mselenium-junit\u001b[0m\u001b[22m\u001b[0m  \u001b[103m\u001b[1m\u001b[30mmac\u001b[0m\u001b[22m\u001b[0m  \u001b[103m\u001b[1m\u001b[30mautosplit\u001b[0m\u001b[22m\u001b[0m "}
{"level":"info","time":"2025-03-27T15:08:38.826+0530","caller":"jobmanager/sse_setup.go:151","msg":" ID: 92fccfb4-be9f-42e2-b9f9-1c778b884703\n Status: \u001b[101m FAILED \u001b[0m\n Remark: \n OrgID: 32518\n Created: 2025-03-27 09:37:42 +0000 UTC\n Updated: 2025-03-27 09:38:36 +0000 UTC\n global timeout: 90\n testsuite timeout: 90\n retry on failure: true\n start time: 2025-03-27 09:38:19 +0000 UTC\n end time: 2025-03-27 09:38:36 +0000 UTC\n duration: 17s"}
{"level":"info","time":"2025-03-27T15:08:38.826+0530","caller":"jobmanager/sse_setup.go:157","msg":"\n\nTask status\n"}
{"level":"info","time":"2025-03-27T15:08:38.826+0530","caller":"jobmanager/sse_setup.go:163","msg":" ID: HYPM-32518-1743068298058252200PEF\n Status: failed\n Remark: step 1 - exit status 1\n Created: 2025-03-27 09:38:18 +0000 UTC\n Updated: 2025-03-27 09:38:29 +0000 UTC\n context: {\"_jobId\": \"92fccfb4-be9f-42e2-b9f9-1c778b884703\", \"_taskId\": \"HYPM-32518-1743068298058252200PEF\", \"_sanctumIntent\": \"hyperexecute-mac\", \"_adbEspressoSupport\": \"true\", \"_whiteLabelProductTag\": \"\"}\n tunnel name: \n os: mac\n start time: 2025-03-27 09:38:19 +0000 UTC\n end time: 2025-03-27 09:38:29 +0000 UTC\n duration: 10s"}
{"level":"info","time":"2025-03-27T15:08:38.826+0530","caller":"jobmanager/sse_setup.go:168","msg":"\n"}
{"level":"info","time":"2025-03-27T15:08:38.826+0530","caller":"jobmanager/sse_setup.go:163","msg":" ID: HYPM-32518-1743068298107314624SWJ\n Status: failed\n Remark: step 1 - exit status 1\n Created: 2025-03-27 09:38:18 +0000 UTC\n Updated: 2025-03-27 09:38:36 +0000 UTC\n context: {\"_jobId\": \"92fccfb4-be9f-42e2-b9f9-1c778b884703\", \"_taskId\": \"HYPM-32518-1743068298107314624SWJ\", \"_sanctumIntent\": \"hyperexecute-mac\", \"_adbEspressoSupport\": \"true\", \"_whiteLabelProductTag\": \"\"}\n tunnel name: \n os: mac\n start time: 2025-03-27 09:38:20 +0000 UTC\n end time: 2025-03-27 09:38:36 +0000 UTC\n duration: 16s"}
{"level":"info","time":"2025-03-27T15:08:38.826+0530","caller":"jobmanager/sse_setup.go:168","msg":"\n"}
{"level":"info","time":"2025-03-27T15:08:38.826+0530","caller":"jobmanager/sse_setup.go:163","msg":" ID: HYPM-32518-1743068298155958715UUN\n Status: failed\n Remark: step 1 - exit status 1\n Created: 2025-03-27 09:38:18 +0000 UTC\n Updated: 2025-03-27 09:38:29 +0000 UTC\n context: {\"_jobId\": \"92fccfb4-be9f-42e2-b9f9-1c778b884703\", \"_taskId\": \"HYPM-32518-1743068298155958715UUN\", \"_sanctumIntent\": \"hyperexecute-mac\", \"_adbEspressoSupport\": \"true\", \"_whiteLabelProductTag\": \"\"}\n tunnel name: \n os: mac\n start time: 2025-03-27 09:38:19 +0000 UTC\n end time: 2025-03-27 09:38:29 +0000 UTC\n duration: 10s"}
{"level":"info","time":"2025-03-27T15:08:38.826+0530","caller":"jobmanager/sse_setup.go:168","msg":"\n"}
{"level":"info","time":"2025-03-27T15:08:38.826+0530","caller":"core/lifecycle.go:771","msg":"taskId:HYPM-32518-1743068298058252200PEF has failed with remark: step 1 - exit status 1\n"}
{"level":"info","time":"2025-03-27T15:08:38.826+0530","caller":"core/lifecycle.go:771","msg":"taskId:HYPM-32518-1743068298107314624SWJ has failed with remark: step 1 - exit status 1\n"}
{"level":"info","time":"2025-03-27T15:08:38.826+0530","caller":"core/lifecycle.go:771","msg":"taskId:HYPM-32518-1743068298155958715UUN has failed with remark: step 1 - exit status 1\n"}
{"level":"debug","time":"2025-03-27T15:08:38.826+0530","caller":"core/lifecycle.go:864","msg":"Context canceled"}
{"level":"info","time":"2025-03-27T15:08:38.826+0530","caller":"core/lifecycle.go:867","msg":"\u001b[2mStopping pipeline gracefully\u001b[22m"}
{"level":"error","time":"2025-03-27T15:08:38.826+0530","caller":"core/lifecycle.go:870","msg":"2025-03-27T15:07:36+05:30    error    Exiting with error: Failed tasks found."}
{"level":"info","time":"2025-03-27T15:08:38.826+0530","caller":"jobmanager/manager.go:142","msg":"Job Link: \u001b[4m\u001b[34mhttps://hyperexecute.lambdatest.com/hyperexecute/task?jobId=92fccfb4-be9f-42e2-b9f9-1c778b884703\u001b[0m\u001b[24m\n"}
{"level":"debug","time":"2025-03-27T15:08:38.827+0530","caller":"core/lifecycle.go:58","msg":"Quit requested from main goroutine...."}
{"level":"debug","time":"2025-03-27T15:08:38.827+0530","caller":"core/lifecycle.go:59","msg":"Waiting for the goroutines to exit"}
{"level":"info","time":"2025-03-27T15:08:39.490+0530","caller":"jobmanager/JobSummaryManager.go:54","msg":"\n\u001b[101m FAILED \u001b[0m\n"}
{"level":"info","time":"2025-03-27T15:08:39.491+0530","caller":"jobmanager/JobSummaryManager.go:113","msg":"    \u001b[1mTest Execution Time\u001b[22m:                  \u001b[91m0s\u001b[0m"}
{"level":"info","time":"2025-03-27T15:08:39.491+0530","caller":"jobmanager/JobSummaryManager.go:113","msg":"    \u001b[1mJob Duration Time\u001b[22m:                    17s"}
{"level":"info","time":"2025-03-27T15:08:39.491+0530","caller":"jobmanager/JobSummaryManager.go:113","msg":"    \u001b[1mTotal Tasks\u001b[22m:                          3"}
{"level":"info","time":"2025-03-27T15:08:39.491+0530","caller":"jobmanager/JobSummaryManager.go:113","msg":"    \u001b[1mCumulative Time Consumed\u001b[22m:             36s"}
{"level":"info","time":"2025-03-27T15:08:39.491+0530","caller":"jobmanager/JobSummaryManager.go:113","msg":"    \u001b[1mTotal Stages\u001b[22m:                         3"}
{"level":"info","time":"2025-03-27T15:08:39.491+0530","caller":"jobmanager/JobSummaryManager.go:113","msg":"    \u001b[1mPass discovery stage percentage\u001b[22m:      0.00%"}
{"level":"info","time":"2025-03-27T15:08:39.491+0530","caller":"jobmanager/JobSummaryManager.go:113","msg":"    \u001b[1mFailed discovery stage percentage\u001b[22m:    0.00%"}
{"level":"info","time":"2025-03-27T15:08:39.491+0530","caller":"jobmanager/JobSummaryManager.go:113","msg":"    \u001b[1mPass pre stage percentage\u001b[22m:            0.00%"}
{"level":"info","time":"2025-03-27T15:08:39.491+0530","caller":"jobmanager/JobSummaryManager.go:113","msg":"    \u001b[1mFailed pre stage percentage\u001b[22m:          \u001b[91m100.00%\u001b[0m"}
{"level":"info","time":"2025-03-27T15:08:39.491+0530","caller":"jobmanager/JobSummaryManager.go:113","msg":"    \u001b[1mPass test stage percentage\u001b[22m:           0.00%"}
{"level":"info","time":"2025-03-27T15:08:39.492+0530","caller":"jobmanager/JobSummaryManager.go:113","msg":"    \u001b[1mFailed test stage percentage\u001b[22m:         0.00%"}
{"level":"info","time":"2025-03-27T15:08:39.492+0530","caller":"jobmanager/JobSummaryManager.go:113","msg":"    \u001b[1mPass post stage percentage\u001b[22m:           0.00%"}
{"level":"info","time":"2025-03-27T15:08:39.492+0530","caller":"jobmanager/JobSummaryManager.go:113","msg":"    \u001b[1mFailed post stage percentage\u001b[22m:         0.00%"}
{"level":"info","time":"2025-03-27T15:08:39.492+0530","caller":"jobmanager/JobSummaryManager.go:113","msg":"    \u001b[1mFailed Tasks\u001b[22m:                         3"}
{"level":"info","time":"2025-03-27T15:08:39.492+0530","caller":"jobmanager/JobSummaryManager.go:58","msg":""}
{"level":"debug","time":"2025-03-27T15:09:08.827+0530","caller":"cmd/bin.go:385","msg":"Exiting application due to error Failed tasks found."}
{"level":"debug","time":"2025-03-27T15:09:53.955+0530","caller":"cmd/bin.go:137","msg":"cli os: darwin, cli arch: amd64"}
{"level":"debug","time":"2025-03-27T15:09:54.751+0530","caller":"cmd/bin.go:146","msg":"Upstream version details: {Name:cli Min:0.2.195 Max:0.2.263} "}
{"level":"debug","time":"2025-03-27T15:09:57.521+0530","caller":"core/lifecycle.go:107","msg":"Setting environment"}
{"level":"debug","time":"2025-03-27T15:09:57.522+0530","caller":"core/lifecycle.go:110","msg":"Parsing config"}
{"level":"debug","time":"2025-03-27T15:09:57.524+0530","caller":"yamlconfigmanager/setup.go:702","msg":"Custom location for .hyperexecute.yaml specified. Using: hyperexecute.yaml"}
{"level":"debug","time":"2025-03-27T15:09:57.524+0530","caller":"yamlconfigmanager/setup.go:115","msg":"using hyperexecute config from : hyperexecute.yaml"}
{"level":"debug","time":"2025-03-27T15:09:58.419+0530","caller":"yamlconfigmanager/setup.go:2025","msg":"Autodetecting test type in files of path : /Users/roshank/selenium-java"}
{"level":"debug","time":"2025-03-27T15:09:58.421+0530","caller":"yamlconfigmanager/setup.go:526","msg":"Tunnel: %!t(<nil>)"}
{"level":"info","time":"2025-03-27T15:09:58.422+0530","caller":"models/HypertestYamlConfig.go:850","msg":"\n\u001b[4m\u001b[1m\u001b[97mExecution Plan\u001b[0m\u001b[22m\u001b[24m"}
{"level":"info","time":"2025-03-27T15:09:58.423+0530","caller":"models/HypertestYamlConfig.go:651","msg":"Mode:    \u001b[36mautosplit\u001b[0m"}
{"level":"info","time":"2025-03-27T15:09:58.423+0530","caller":"models/HypertestYamlConfig.go:711","msg":"Runson:    \u001b[36mmac\u001b[0m"}
{"level":"info","time":"2025-03-27T15:09:58.423+0530","caller":"models/HypertestYamlConfig.go:719","msg":"Concurrency:    \u001b[36m3\u001b[0m"}
{"level":"info","time":"2025-03-27T15:09:58.423+0530","caller":"models/HypertestYamlConfig.go:783","msg":"Report:    \u001b[36mdisabled\u001b[0m"}
{"level":"info","time":"2025-03-27T15:09:58.423+0530","caller":"models/HypertestYamlConfig.go:863","msg":""}
{"level":"debug","time":"2025-03-27T15:09:58.423+0530","caller":"filevalidator/setup.go:49","msg":"Warning: Checking data.json file in current directory, no dataJsonPath found in .hyperexecute.yaml"}
{"level":"debug","time":"2025-03-27T15:09:58.424+0530","caller":"filevalidator/setup.go:53","msg":"Warning: data.json file doesn't exist"}
{"level":"debug","time":"2025-03-27T15:09:59.295+0530","caller":"core/lifecycle.go:506","msg":"Job ID: 0b57ad68-d63a-4dc8-88a3-7af31b57a80c"}
{"level":"debug","time":"2025-03-27T15:09:59.296+0530","caller":"events/manager.go:95","msg":"Starting event manager"}
{"level":"debug","time":"2025-03-27T15:09:59.298+0530","caller":"events/manager.go:97","msg":"SSE enabled, getting SSE connection"}
{"level":"debug","time":"2025-03-27T15:09:59.300+0530","caller":"archivemanager/setup.go:340","msg":"digestMap: map[]"}
{"level":"debug","time":"2025-03-27T15:09:59.301+0530","caller":"archivemanager/setup.go:346","msg":"Creating archive of target directory: /Users/roshank/selenium-java"}
{"level":"debug","time":"2025-03-27T15:09:59.408+0530","caller":"core/lifecycle.go:649","msg":"Zip file size: 87.41 kB"}
{"level":"debug","time":"2025-03-27T15:09:59.408+0530","caller":"core/lifecycle.go:659","msg":"Archive location: /Users/roshank/selenium-java/hyperexecute-code-0b57ad68-d63a-4dc8-88a3-7af31b57a80c.zip\n"}
{"level":"debug","time":"2025-03-27T15:09:59.408+0530","caller":"storage/azure.go:59","msg":"Payload size: 87.41 kB, source path /Users/roshank/selenium-java/hyperexecute-code-0b57ad68-d63a-4dc8-88a3-7af31b57a80c.zip"}
{"level":"debug","time":"2025-03-27T15:10:00.310+0530","caller":"events/manager.go:277","msg":"connection to hyperexecute server established successfully."}
{"level":"info","time":"2025-03-27T15:10:09.595+0530","caller":"storage/azure.go:114","msg":"File upload completed in 10.186485481s"}
{"level":"debug","time":"2025-03-27T15:10:09.596+0530","caller":"receptionmanager/setup.go:277","msg":"only one runtime entry detected, mapping it to older yaml format"}
{"level":"debug","time":"2025-03-27T15:10:09.598+0530","caller":"receptionmanager/setup.go:296","msg":"number of entries in partialreports: 1, switching to new yaml format"}
{"level":"debug","time":"2025-03-27T15:10:09.599+0530","caller":"receptionmanager/setup.go:184","msg":"Uploading yaml : /Users/roshank/selenium-java/.updatedhyperexecute.yaml"}
{"level":"debug","time":"2025-03-27T15:10:09.599+0530","caller":"storage/azure.go:59","msg":"Payload size: 3.32 kB, source path /Users/roshank/selenium-java/.updatedhyperexecute.yaml"}
{"level":"info","time":"2025-03-27T15:10:19.684+0530","caller":"storage/azure.go:114","msg":"File upload completed in 10.085450829s"}
{"level":"debug","time":"2025-03-27T15:10:19.688+0530","caller":"core/lifecycle.go:686","msg":"Successfully deleted code archive: /Users/roshank/selenium-java/hyperexecute-code-0b57ad68-d63a-4dc8-88a3-7af31b57a80c.zip\n"}
{"level":"debug","time":"2025-03-27T15:10:19.818+0530","caller":"storage/azure.go:59","msg":"Payload size: 471 B, source path mask-0b57ad68-d63a-4dc8-88a3-7af31b57a80c.yaml"}
{"level":"info","time":"2025-03-27T15:10:30.037+0530","caller":"storage/azure.go:114","msg":"File upload completed in 10.219396607s"}
{"level":"debug","time":"2025-03-27T15:10:32.246+0530","caller":"jobmanager/sse_setup.go:194","msg":"Task id: HYPM-32518-1743068431099549735TRV"}
{"level":"debug","time":"2025-03-27T15:10:32.248+0530","caller":"jobmanager/sse_setup.go:195","msg":"Sending new task alert to stage manager for taskId: HYPM-32518-1743068431099549735TRV"}
{"level":"debug","time":"2025-03-27T15:10:32.249+0530","caller":"jobmanager/sse_setup.go:194","msg":"Task id: HYPM-32518-1743068431143879720EHK"}
{"level":"debug","time":"2025-03-27T15:10:32.249+0530","caller":"jobmanager/sse_setup.go:195","msg":"Sending new task alert to stage manager for taskId: HYPM-32518-1743068431143879720EHK"}
{"level":"debug","time":"2025-03-27T15:10:32.249+0530","caller":"jobmanager/sse_setup.go:194","msg":"Task id: HYPM-32518-1743068431192627365QOZ"}
{"level":"debug","time":"2025-03-27T15:10:32.249+0530","caller":"jobmanager/sse_setup.go:195","msg":"Sending new task alert to stage manager for taskId: HYPM-32518-1743068431192627365QOZ"}
{"level":"info","time":"2025-03-27T15:10:35.574+0530","caller":"jobmanager/sse_setup.go:85","msg":"\nJob \u001b[1m\u001b[4m0b57ad68-d63a-4dc8-88a3-7af31b57a80c\u001b[24m\u001b[22m has started \u001b[97mRUNNING\u001b[0m"}
{"level":"info","time":"2025-03-27T15:10:35.574+0530","caller":"jobmanager/manager.go:142","msg":"Job Link: \u001b[4m\u001b[34mhttps://hyperexecute.lambdatest.com/hyperexecute/task?jobId=0b57ad68-d63a-4dc8-88a3-7af31b57a80c\u001b[0m\u001b[24m\n"}
{"level":"info","time":"2025-03-27T15:10:42.414+0530","caller":"terminal/terminal.go:187","msg":"\u001b[32m\u001b[0m [1]  \u001b[2msetup-runtime (7s)\u001b[22m\n"}
{"level":"info","time":"2025-03-27T15:10:43.230+0530","caller":"terminal/terminal.go:187","msg":"\u001b[32m\u001b[0m [2]  \u001b[2msetup-runtime (8s)\u001b[22m\n"}
{"level":"info","time":"2025-03-27T15:10:44.440+0530","caller":"terminal/terminal.go:187","msg":"\u001b[32m\u001b[0m [3]  \u001b[2msetup-runtime (9s)\u001b[22m\n"}
{"level":"info","time":"2025-03-27T15:10:49.819+0530","caller":"terminal/terminal.go:187","msg":"\u001b[91mx\u001b[0m [1]  \u001b[2mpre (8s)\u001b[22m\n"}
{"level":"info","time":"2025-03-27T15:10:50.107+0530","caller":"terminal/terminal.go:187","msg":"\u001b[91mx\u001b[0m [2]  \u001b[2mpre (7s)\u001b[22m\n"}
{"level":"info","time":"2025-03-27T15:10:51.233+0530","caller":"terminal/terminal.go:187","msg":"\u001b[91mx\u001b[0m [3]  \u001b[2mpre (7s)\u001b[22m\n"}
{"level":"info","time":"2025-03-27T15:10:53.161+0530","caller":"jobmanager/sse_setup.go:87","msg":"\nJob \u001b[1m\u001b[4m0b57ad68-d63a-4dc8-88a3-7af31b57a80c\u001b[24m\u001b[22m has \u001b[101m FAILED \u001b[0m"}
{"level":"info","time":"2025-03-27T15:10:53.161+0530","caller":"jobmanager/manager.go:142","msg":"Job Link: \u001b[4m\u001b[34mhttps://hyperexecute.lambdatest.com/hyperexecute/task?jobId=0b57ad68-d63a-4dc8-88a3-7af31b57a80c\u001b[0m\u001b[24m\n"}
{"level":"error","time":"2025-03-27T15:10:53.171+0530","caller":"jobmanager/sse_setup.go:128","msg":"2025-03-27T15:09:53+05:30    error    \u001b[91mERR::JOB::STS\u001b[0m     Job failed!"}
{"level":"debug","time":"2025-03-27T15:10:53.172+0530","caller":"jobmanager/sse_setup.go:136","msg":"\n\nJob status"}
{"level":"info","time":"2025-03-27T15:10:53.172+0530","caller":"jobmanager/sse_setup.go:149","msg":"\n Job Labels: \u001b[103m\u001b[1m\u001b[30mselenium-junit\u001b[0m\u001b[22m\u001b[0m  \u001b[103m\u001b[1m\u001b[30mmac\u001b[0m\u001b[22m\u001b[0m  \u001b[103m\u001b[1m\u001b[30mautosplit\u001b[0m\u001b[22m\u001b[0m "}
{"level":"info","time":"2025-03-27T15:10:53.173+0530","caller":"jobmanager/sse_setup.go:151","msg":" ID: 0b57ad68-d63a-4dc8-88a3-7af31b57a80c\n Status: \u001b[101m FAILED \u001b[0m\n Remark: \n OrgID: 32518\n Created: 2025-03-27 09:39:59 +0000 UTC\n Updated: 2025-03-27 09:40:50 +0000 UTC\n global timeout: 90\n testsuite timeout: 90\n retry on failure: true\n start time: 2025-03-27 09:40:33 +0000 UTC\n end time: 2025-03-27 09:40:50 +0000 UTC\n duration: 17s"}
{"level":"info","time":"2025-03-27T15:10:53.174+0530","caller":"jobmanager/sse_setup.go:157","msg":"\n\nTask status\n"}
{"level":"info","time":"2025-03-27T15:10:53.174+0530","caller":"jobmanager/sse_setup.go:163","msg":" ID: HYPM-32518-1743068431099549735TRV\n Status: failed\n Remark: step 1 - exit status 1\n Created: 2025-03-27 09:40:31 +0000 UTC\n Updated: 2025-03-27 09:40:49 +0000 UTC\n context: {\"_jobId\": \"0b57ad68-d63a-4dc8-88a3-7af31b57a80c\", \"_taskId\": \"HYPM-32518-1743068431099549735TRV\", \"_sanctumIntent\": \"hyperexecute-mac\", \"_adbEspressoSupport\": \"true\", \"_whiteLabelProductTag\": \"\"}\n tunnel name: \n os: mac\n start time: 2025-03-27 09:40:33 +0000 UTC\n end time: 2025-03-27 09:40:49 +0000 UTC\n duration: 16s"}
{"level":"info","time":"2025-03-27T15:10:53.174+0530","caller":"jobmanager/sse_setup.go:168","msg":"\n"}
{"level":"info","time":"2025-03-27T15:10:53.174+0530","caller":"jobmanager/sse_setup.go:163","msg":" ID: HYPM-32518-1743068431143879720EHK\n Status: failed\n Remark: step 1 - exit status 1\n Created: 2025-03-27 09:40:31 +0000 UTC\n Updated: 2025-03-27 09:40:49 +0000 UTC\n context: {\"_jobId\": \"0b57ad68-d63a-4dc8-88a3-7af31b57a80c\", \"_taskId\": \"HYPM-32518-1743068431143879720EHK\", \"_sanctumIntent\": \"hyperexecute-mac\", \"_adbEspressoSupport\": \"true\", \"_whiteLabelProductTag\": \"\"}\n tunnel name: \n os: mac\n start time: 2025-03-27 09:40:33 +0000 UTC\n end time: 2025-03-27 09:40:49 +0000 UTC\n duration: 16s"}
{"level":"info","time":"2025-03-27T15:10:53.174+0530","caller":"jobmanager/sse_setup.go:168","msg":"\n"}
{"level":"info","time":"2025-03-27T15:10:53.174+0530","caller":"jobmanager/sse_setup.go:163","msg":" ID: HYPM-32518-1743068431192627365QOZ\n Status: failed\n Remark: step 1 - exit status 1\n Created: 2025-03-27 09:40:31 +0000 UTC\n Updated: 2025-03-27 09:40:50 +0000 UTC\n context: {\"_jobId\": \"0b57ad68-d63a-4dc8-88a3-7af31b57a80c\", \"_taskId\": \"HYPM-32518-1743068431192627365QOZ\", \"_sanctumIntent\": \"hyperexecute-mac\", \"_adbEspressoSupport\": \"true\", \"_whiteLabelProductTag\": \"\"}\n tunnel name: \n os: mac\n start time: 2025-03-27 09:40:33 +0000 UTC\n end time: 2025-03-27 09:40:50 +0000 UTC\n duration: 17s"}
{"level":"info","time":"2025-03-27T15:10:53.174+0530","caller":"jobmanager/sse_setup.go:168","msg":"\n"}
{"level":"info","time":"2025-03-27T15:10:53.175+0530","caller":"core/lifecycle.go:771","msg":"taskId:HYPM-32518-1743068431099549735TRV has failed with remark: step 1 - exit status 1\n"}
{"level":"info","time":"2025-03-27T15:10:53.175+0530","caller":"core/lifecycle.go:771","msg":"taskId:HYPM-32518-1743068431143879720EHK has failed with remark: step 1 - exit status 1\n"}
{"level":"info","time":"2025-03-27T15:10:53.175+0530","caller":"core/lifecycle.go:771","msg":"taskId:HYPM-32518-1743068431192627365QOZ has failed with remark: step 1 - exit status 1\n"}
{"level":"debug","time":"2025-03-27T15:10:53.177+0530","caller":"core/lifecycle.go:864","msg":"Context canceled"}
{"level":"info","time":"2025-03-27T15:10:53.177+0530","caller":"core/lifecycle.go:867","msg":"\u001b[2mStopping pipeline gracefully\u001b[22m"}
{"level":"error","time":"2025-03-27T15:10:53.177+0530","caller":"core/lifecycle.go:870","msg":"2025-03-27T15:09:53+05:30    error    Exiting with error: Failed tasks found."}
{"level":"info","time":"2025-03-27T15:10:53.177+0530","caller":"jobmanager/manager.go:142","msg":"Job Link: \u001b[4m\u001b[34mhttps://hyperexecute.lambdatest.com/hyperexecute/task?jobId=0b57ad68-d63a-4dc8-88a3-7af31b57a80c\u001b[0m\u001b[24m\n"}
{"level":"debug","time":"2025-03-27T15:10:53.179+0530","caller":"core/lifecycle.go:58","msg":"Quit requested from main goroutine...."}
{"level":"debug","time":"2025-03-27T15:10:53.179+0530","caller":"core/lifecycle.go:59","msg":"Waiting for the goroutines to exit"}
{"level":"info","time":"2025-03-27T15:10:53.940+0530","caller":"jobmanager/JobSummaryManager.go:54","msg":"\n\u001b[101m FAILED \u001b[0m\n"}
{"level":"info","time":"2025-03-27T15:10:53.943+0530","caller":"jobmanager/JobSummaryManager.go:113","msg":"    \u001b[1mTest Execution Time\u001b[22m:                  \u001b[91m0s\u001b[0m"}
{"level":"info","time":"2025-03-27T15:10:53.943+0530","caller":"jobmanager/JobSummaryManager.go:113","msg":"    \u001b[1mJob Duration Time\u001b[22m:                    17s"}
{"level":"info","time":"2025-03-27T15:10:53.943+0530","caller":"jobmanager/JobSummaryManager.go:113","msg":"    \u001b[1mTotal Tasks\u001b[22m:                          3"}
{"level":"info","time":"2025-03-27T15:10:53.943+0530","caller":"jobmanager/JobSummaryManager.go:113","msg":"    \u001b[1mCumulative Time Consumed\u001b[22m:             49s"}
{"level":"info","time":"2025-03-27T15:10:53.943+0530","caller":"jobmanager/JobSummaryManager.go:113","msg":"    \u001b[1mTotal Stages\u001b[22m:                         3"}
{"level":"info","time":"2025-03-27T15:10:53.943+0530","caller":"jobmanager/JobSummaryManager.go:113","msg":"    \u001b[1mPass discovery stage percentage\u001b[22m:      0.00%"}
{"level":"info","time":"2025-03-27T15:10:53.943+0530","caller":"jobmanager/JobSummaryManager.go:113","msg":"    \u001b[1mFailed discovery stage percentage\u001b[22m:    0.00%"}
{"level":"info","time":"2025-03-27T15:10:53.943+0530","caller":"jobmanager/JobSummaryManager.go:113","msg":"    \u001b[1mPass pre stage percentage\u001b[22m:            0.00%"}
{"level":"info","time":"2025-03-27T15:10:53.943+0530","caller":"jobmanager/JobSummaryManager.go:113","msg":"    \u001b[1mFailed pre stage percentage\u001b[22m:          \u001b[91m100.00%\u001b[0m"}
{"level":"info","time":"2025-03-27T15:10:53.943+0530","caller":"jobmanager/JobSummaryManager.go:113","msg":"    \u001b[1mPass test stage percentage\u001b[22m:           0.00%"}
{"level":"info","time":"2025-03-27T15:10:53.943+0530","caller":"jobmanager/JobSummaryManager.go:113","msg":"    \u001b[1mFailed test stage percentage\u001b[22m:         0.00%"}
{"level":"info","time":"2025-03-27T15:10:53.943+0530","caller":"jobmanager/JobSummaryManager.go:113","msg":"    \u001b[1mPass post stage percentage\u001b[22m:           0.00%"}
{"level":"info","time":"2025-03-27T15:10:53.943+0530","caller":"jobmanager/JobSummaryManager.go:113","msg":"    \u001b[1mFailed post stage percentage\u001b[22m:         0.00%"}
{"level":"info","time":"2025-03-27T15:10:53.943+0530","caller":"jobmanager/JobSummaryManager.go:113","msg":"    \u001b[1mFailed Tasks\u001b[22m:                         3"}
{"level":"info","time":"2025-03-27T15:10:53.943+0530","caller":"jobmanager/JobSummaryManager.go:58","msg":""}
{"level":"debug","time":"2025-03-27T15:11:23.180+0530","caller":"cmd/bin.go:385","msg":"Exiting application due to error Failed tasks found."}
{"level":"debug","time":"2025-03-27T15:11:23.180+0530","caller":"cmd/bin.go:346","msg":"main: all goroutines have finished."}
{"level":"debug","time":"2025-03-27T15:18:43.042+0530","caller":"cmd/bin.go:137","msg":"cli os: darwin, cli arch: amd64"}
{"level":"debug","time":"2025-03-27T15:18:43.729+0530","caller":"cmd/bin.go:146","msg":"Upstream version details: {Name:cli Min:0.2.195 Max:0.2.263} "}
{"level":"debug","time":"2025-03-27T15:18:47.224+0530","caller":"core/lifecycle.go:107","msg":"Setting environment"}
{"level":"debug","time":"2025-03-27T15:18:47.224+0530","caller":"core/lifecycle.go:110","msg":"Parsing config"}
{"level":"debug","time":"2025-03-27T15:18:47.226+0530","caller":"yamlconfigmanager/setup.go:702","msg":"Custom location for .hyperexecute.yaml specified. Using: hyperexecute.yaml"}
{"level":"debug","time":"2025-03-27T15:18:47.226+0530","caller":"yamlconfigmanager/setup.go:115","msg":"using hyperexecute config from : hyperexecute.yaml"}
{"level":"debug","time":"2025-03-27T15:18:48.055+0530","caller":"yamlconfigmanager/setup.go:2025","msg":"Autodetecting test type in files of path : /Users/roshank/selenium-java"}
{"level":"debug","time":"2025-03-27T15:18:48.057+0530","caller":"yamlconfigmanager/setup.go:526","msg":"Tunnel: %!t(<nil>)"}
{"level":"info","time":"2025-03-27T15:18:48.057+0530","caller":"models/HypertestYamlConfig.go:850","msg":"\n\u001b[4m\u001b[1m\u001b[97mExecution Plan\u001b[0m\u001b[22m\u001b[24m"}
{"level":"info","time":"2025-03-27T15:18:48.057+0530","caller":"models/HypertestYamlConfig.go:651","msg":"Mode:    \u001b[36mautosplit\u001b[0m"}
{"level":"info","time":"2025-03-27T15:18:48.057+0530","caller":"models/HypertestYamlConfig.go:711","msg":"Runson:    \u001b[36mmac\u001b[0m"}
{"level":"info","time":"2025-03-27T15:18:48.057+0530","caller":"models/HypertestYamlConfig.go:719","msg":"Concurrency:    \u001b[36m3\u001b[0m"}
{"level":"info","time":"2025-03-27T15:18:48.057+0530","caller":"models/HypertestYamlConfig.go:783","msg":"Report:    \u001b[36mdisabled\u001b[0m"}
{"level":"info","time":"2025-03-27T15:18:48.058+0530","caller":"models/HypertestYamlConfig.go:863","msg":""}
{"level":"debug","time":"2025-03-27T15:18:48.058+0530","caller":"filevalidator/setup.go:49","msg":"Warning: Checking data.json file in current directory, no dataJsonPath found in .hyperexecute.yaml"}
{"level":"debug","time":"2025-03-27T15:18:48.058+0530","caller":"filevalidator/setup.go:53","msg":"Warning: data.json file doesn't exist"}
{"level":"debug","time":"2025-03-27T15:18:48.820+0530","caller":"core/lifecycle.go:506","msg":"Job ID: 43a71706-cb15-4086-9059-343405b3f075"}
{"level":"debug","time":"2025-03-27T15:18:48.821+0530","caller":"events/manager.go:95","msg":"Starting event manager"}
{"level":"debug","time":"2025-03-27T15:18:48.821+0530","caller":"events/manager.go:97","msg":"SSE enabled, getting SSE connection"}
{"level":"debug","time":"2025-03-27T15:18:48.822+0530","caller":"archivemanager/setup.go:340","msg":"digestMap: map[]"}
{"level":"debug","time":"2025-03-27T15:18:48.822+0530","caller":"archivemanager/setup.go:346","msg":"Creating archive of target directory: /Users/roshank/selenium-java"}
{"level":"debug","time":"2025-03-27T15:18:48.921+0530","caller":"core/lifecycle.go:649","msg":"Zip file size: 87.42 kB"}
{"level":"debug","time":"2025-03-27T15:18:48.921+0530","caller":"core/lifecycle.go:659","msg":"Archive location: /Users/roshank/selenium-java/hyperexecute-code-43a71706-cb15-4086-9059-343405b3f075.zip\n"}
{"level":"debug","time":"2025-03-27T15:18:48.921+0530","caller":"storage/azure.go:59","msg":"Payload size: 87.42 kB, source path /Users/roshank/selenium-java/hyperexecute-code-43a71706-cb15-4086-9059-343405b3f075.zip"}
{"level":"debug","time":"2025-03-27T15:18:49.964+0530","caller":"events/manager.go:277","msg":"connection to hyperexecute server established successfully."}
{"level":"info","time":"2025-03-27T15:18:59.097+0530","caller":"storage/azure.go:114","msg":"File upload completed in 10.176079238s"}
{"level":"debug","time":"2025-03-27T15:18:59.098+0530","caller":"receptionmanager/setup.go:277","msg":"only one runtime entry detected, mapping it to older yaml format"}
{"level":"debug","time":"2025-03-27T15:18:59.100+0530","caller":"receptionmanager/setup.go:296","msg":"number of entries in partialreports: 1, switching to new yaml format"}
{"level":"debug","time":"2025-03-27T15:18:59.101+0530","caller":"receptionmanager/setup.go:184","msg":"Uploading yaml : /Users/roshank/selenium-java/.updatedhyperexecute.yaml"}
{"level":"debug","time":"2025-03-27T15:18:59.101+0530","caller":"storage/azure.go:59","msg":"Payload size: 3.33 kB, source path /Users/roshank/selenium-java/.updatedhyperexecute.yaml"}
{"level":"info","time":"2025-03-27T15:19:09.213+0530","caller":"storage/azure.go:114","msg":"File upload completed in 10.111920158s"}
{"level":"debug","time":"2025-03-27T15:19:09.214+0530","caller":"core/lifecycle.go:686","msg":"Successfully deleted code archive: /Users/roshank/selenium-java/hyperexecute-code-43a71706-cb15-4086-9059-343405b3f075.zip\n"}
{"level":"debug","time":"2025-03-27T15:19:09.216+0530","caller":"storage/azure.go:59","msg":"Payload size: 474 B, source path mask-43a71706-cb15-4086-9059-343405b3f075.yaml"}
{"level":"info","time":"2025-03-27T15:19:19.303+0530","caller":"storage/azure.go:114","msg":"File upload completed in 10.087061498s"}
{"level":"debug","time":"2025-03-27T15:19:21.500+0530","caller":"jobmanager/sse_setup.go:194","msg":"Task id: HYPM-32518-1743068960344794483NCY"}
{"level":"debug","time":"2025-03-27T15:19:21.501+0530","caller":"jobmanager/sse_setup.go:195","msg":"Sending new task alert to stage manager for taskId: HYPM-32518-1743068960344794483NCY"}
{"level":"debug","time":"2025-03-27T15:19:21.501+0530","caller":"jobmanager/sse_setup.go:194","msg":"Task id: HYPM-32518-1743068960395138710KCH"}
{"level":"debug","time":"2025-03-27T15:19:21.501+0530","caller":"jobmanager/sse_setup.go:195","msg":"Sending new task alert to stage manager for taskId: HYPM-32518-1743068960395138710KCH"}
{"level":"debug","time":"2025-03-27T15:19:21.502+0530","caller":"jobmanager/sse_setup.go:194","msg":"Task id: HYPM-32518-1743068960432857461OEY"}
{"level":"debug","time":"2025-03-27T15:19:21.502+0530","caller":"jobmanager/sse_setup.go:195","msg":"Sending new task alert to stage manager for taskId: HYPM-32518-1743068960432857461OEY"}
{"level":"info","time":"2025-03-27T15:19:23.634+0530","caller":"jobmanager/sse_setup.go:85","msg":"\nJob \u001b[1m\u001b[4m43a71706-cb15-4086-9059-343405b3f075\u001b[24m\u001b[22m has started \u001b[97mRUNNING\u001b[0m"}
{"level":"info","time":"2025-03-27T15:19:23.634+0530","caller":"jobmanager/manager.go:142","msg":"Job Link: \u001b[4m\u001b[34mhttps://hyperexecute.lambdatest.com/hyperexecute/task?jobId=43a71706-cb15-4086-9059-343405b3f075\u001b[0m\u001b[24m\n"}
{"level":"info","time":"2025-03-27T15:19:28.605+0530","caller":"terminal/terminal.go:187","msg":"\u001b[32m\u001b[0m [3]  \u001b[2msetup-runtime (6s)\u001b[22m\n"}
{"level":"info","time":"2025-03-27T15:19:29.216+0530","caller":"terminal/terminal.go:187","msg":"\u001b[32m\u001b[0m [1]  \u001b[2msetup-runtime (6s)\u001b[22m\n"}
{"level":"info","time":"2025-03-27T15:19:32.598+0530","caller":"terminal/terminal.go:187","msg":"\u001b[91mx\u001b[0m [3]  \u001b[2mpre (5s)\u001b[22m\n"}
{"level":"info","time":"2025-03-27T15:19:33.254+0530","caller":"terminal/terminal.go:187","msg":"\u001b[91mx\u001b[0m [1]  \u001b[2mpre (4s)\u001b[22m\n"}
{"level":"info","time":"2025-03-27T15:19:33.609+0530","caller":"terminal/terminal.go:187","msg":"\u001b[32m\u001b[0m [2]  \u001b[2msetup-runtime (9s)\u001b[22m\n"}
{"level":"info","time":"2025-03-27T15:19:40.152+0530","caller":"terminal/terminal.go:187","msg":"\u001b[91mx\u001b[0m [2]  \u001b[2mpre (6s)\u001b[22m\n"}
{"level":"info","time":"2025-03-27T15:19:42.113+0530","caller":"jobmanager/sse_setup.go:87","msg":"\nJob \u001b[1m\u001b[4m43a71706-cb15-4086-9059-343405b3f075\u001b[24m\u001b[22m has \u001b[101m FAILED \u001b[0m"}
{"level":"info","time":"2025-03-27T15:19:42.114+0530","caller":"jobmanager/manager.go:142","msg":"Job Link: \u001b[4m\u001b[34mhttps://hyperexecute.lambdatest.com/hyperexecute/task?jobId=43a71706-cb15-4086-9059-343405b3f075\u001b[0m\u001b[24m\n"}
{"level":"error","time":"2025-03-27T15:19:42.125+0530","caller":"jobmanager/sse_setup.go:128","msg":"2025-03-27T15:18:42+05:30    error    \u001b[91mERR::JOB::STS\u001b[0m     Job failed!"}
{"level":"debug","time":"2025-03-27T15:19:42.126+0530","caller":"jobmanager/sse_setup.go:136","msg":"\n\nJob status"}
{"level":"info","time":"2025-03-27T15:19:42.126+0530","caller":"jobmanager/sse_setup.go:149","msg":"\n Job Labels: \u001b[103m\u001b[1m\u001b[30mselenium-junit\u001b[0m\u001b[22m\u001b[0m  \u001b[103m\u001b[1m\u001b[30mmac\u001b[0m\u001b[22m\u001b[0m  \u001b[103m\u001b[1m\u001b[30mautosplit\u001b[0m\u001b[22m\u001b[0m "}
{"level":"info","time":"2025-03-27T15:19:42.127+0530","caller":"jobmanager/sse_setup.go:151","msg":" ID: 43a71706-cb15-4086-9059-343405b3f075\n Status: \u001b[101m FAILED \u001b[0m\n Remark: \n OrgID: 32518\n Created: 2025-03-27 09:48:48 +0000 UTC\n Updated: 2025-03-27 09:49:39 +0000 UTC\n global timeout: 90\n testsuite timeout: 90\n retry on failure: true\n start time: 2025-03-27 09:49:21 +0000 UTC\n end time: 2025-03-27 09:49:39 +0000 UTC\n duration: 18s"}
{"level":"info","time":"2025-03-27T15:19:42.127+0530","caller":"jobmanager/sse_setup.go:157","msg":"\n\nTask status\n"}
{"level":"info","time":"2025-03-27T15:19:42.127+0530","caller":"jobmanager/sse_setup.go:163","msg":" ID: HYPM-32518-1743068960344794483NCY\n Status: failed\n Remark: step 1 - exit status 1\n Created: 2025-03-27 09:49:20 +0000 UTC\n Updated: 2025-03-27 09:49:32 +0000 UTC\n context: {\"_jobId\": \"43a71706-cb15-4086-9059-343405b3f075\", \"_taskId\": \"HYPM-32518-1743068960344794483NCY\", \"_sanctumIntent\": \"hyperexecute-mac\", \"_adbEspressoSupport\": \"true\", \"_whiteLabelProductTag\": \"\"}\n tunnel name: \n os: mac\n start time: 2025-03-27 09:49:21 +0000 UTC\n end time: 2025-03-27 09:49:32 +0000 UTC\n duration: 11s"}
{"level":"info","time":"2025-03-27T15:19:42.127+0530","caller":"jobmanager/sse_setup.go:168","msg":"\n"}
{"level":"info","time":"2025-03-27T15:19:42.127+0530","caller":"jobmanager/sse_setup.go:163","msg":" ID: HYPM-32518-1743068960395138710KCH\n Status: failed\n Remark: step 1 - exit status 1\n Created: 2025-03-27 09:49:20 +0000 UTC\n Updated: 2025-03-27 09:49:39 +0000 UTC\n context: {\"_jobId\": \"43a71706-cb15-4086-9059-343405b3f075\", \"_taskId\": \"HYPM-32518-1743068960395138710KCH\", \"_sanctumIntent\": \"hyperexecute-mac\", \"_adbEspressoSupport\": \"true\", \"_whiteLabelProductTag\": \"\"}\n tunnel name: \n os: mac\n start time: 2025-03-27 09:49:22 +0000 UTC\n end time: 2025-03-27 09:49:39 +0000 UTC\n duration: 17s"}
{"level":"info","time":"2025-03-27T15:19:42.127+0530","caller":"jobmanager/sse_setup.go:168","msg":"\n"}
{"level":"info","time":"2025-03-27T15:19:42.127+0530","caller":"jobmanager/sse_setup.go:163","msg":" ID: HYPM-32518-1743068960432857461OEY\n Status: failed\n Remark: step 1 - exit status 1\n Created: 2025-03-27 09:49:20 +0000 UTC\n Updated: 2025-03-27 09:49:31 +0000 UTC\n context: {\"_jobId\": \"43a71706-cb15-4086-9059-343405b3f075\", \"_taskId\": \"HYPM-32518-1743068960432857461OEY\", \"_sanctumIntent\": \"hyperexecute-mac\", \"_adbEspressoSupport\": \"true\", \"_whiteLabelProductTag\": \"\"}\n tunnel name: \n os: mac\n start time: 2025-03-27 09:49:21 +0000 UTC\n end time: 2025-03-27 09:49:31 +0000 UTC\n duration: 10s"}
{"level":"info","time":"2025-03-27T15:19:42.127+0530","caller":"jobmanager/sse_setup.go:168","msg":"\n"}
{"level":"info","time":"2025-03-27T15:19:42.127+0530","caller":"core/lifecycle.go:771","msg":"taskId:HYPM-32518-1743068960344794483NCY has failed with remark: step 1 - exit status 1\n"}
{"level":"info","time":"2025-03-27T15:19:42.128+0530","caller":"core/lifecycle.go:771","msg":"taskId:HYPM-32518-1743068960395138710KCH has failed with remark: step 1 - exit status 1\n"}
{"level":"info","time":"2025-03-27T15:19:42.128+0530","caller":"core/lifecycle.go:771","msg":"taskId:HYPM-32518-1743068960432857461OEY has failed with remark: step 1 - exit status 1\n"}
{"level":"debug","time":"2025-03-27T15:19:42.129+0530","caller":"core/lifecycle.go:864","msg":"Context canceled"}
{"level":"info","time":"2025-03-27T15:19:42.129+0530","caller":"core/lifecycle.go:867","msg":"\u001b[2mStopping pipeline gracefully\u001b[22m"}
{"level":"error","time":"2025-03-27T15:19:42.129+0530","caller":"core/lifecycle.go:870","msg":"2025-03-27T15:18:42+05:30    error    Exiting with error: Failed tasks found."}
{"level":"info","time":"2025-03-27T15:19:42.129+0530","caller":"jobmanager/manager.go:142","msg":"Job Link: \u001b[4m\u001b[34mhttps://hyperexecute.lambdatest.com/hyperexecute/task?jobId=43a71706-cb15-4086-9059-343405b3f075\u001b[0m\u001b[24m\n"}
{"level":"debug","time":"2025-03-27T15:19:42.130+0530","caller":"core/lifecycle.go:58","msg":"Quit requested from main goroutine...."}
{"level":"debug","time":"2025-03-27T15:19:42.130+0530","caller":"core/lifecycle.go:59","msg":"Waiting for the goroutines to exit"}
{"level":"info","time":"2025-03-27T15:19:42.791+0530","caller":"jobmanager/JobSummaryManager.go:54","msg":"\n\u001b[101m FAILED \u001b[0m\n"}
{"level":"info","time":"2025-03-27T15:19:42.793+0530","caller":"jobmanager/JobSummaryManager.go:113","msg":"    \u001b[1mTest Execution Time\u001b[22m:                  \u001b[91m0s\u001b[0m"}
{"level":"info","time":"2025-03-27T15:19:42.794+0530","caller":"jobmanager/JobSummaryManager.go:113","msg":"    \u001b[1mJob Duration Time\u001b[22m:                    18s"}
{"level":"info","time":"2025-03-27T15:19:42.794+0530","caller":"jobmanager/JobSummaryManager.go:113","msg":"    \u001b[1mTotal Tasks\u001b[22m:                          3"}
{"level":"info","time":"2025-03-27T15:19:42.794+0530","caller":"jobmanager/JobSummaryManager.go:113","msg":"    \u001b[1mCumulative Time Consumed\u001b[22m:             38s"}
{"level":"info","time":"2025-03-27T15:19:42.794+0530","caller":"jobmanager/JobSummaryManager.go:113","msg":"    \u001b[1mTotal Stages\u001b[22m:                         3"}
{"level":"info","time":"2025-03-27T15:19:42.794+0530","caller":"jobmanager/JobSummaryManager.go:113","msg":"    \u001b[1mPass discovery stage percentage\u001b[22m:      0.00%"}
{"level":"info","time":"2025-03-27T15:19:42.794+0530","caller":"jobmanager/JobSummaryManager.go:113","msg":"    \u001b[1mFailed discovery stage percentage\u001b[22m:    0.00%"}
{"level":"info","time":"2025-03-27T15:19:42.794+0530","caller":"jobmanager/JobSummaryManager.go:113","msg":"    \u001b[1mPass pre stage percentage\u001b[22m:            0.00%"}
{"level":"info","time":"2025-03-27T15:19:42.794+0530","caller":"jobmanager/JobSummaryManager.go:113","msg":"    \u001b[1mFailed pre stage percentage\u001b[22m:          \u001b[91m100.00%\u001b[0m"}
{"level":"info","time":"2025-03-27T15:19:42.794+0530","caller":"jobmanager/JobSummaryManager.go:113","msg":"    \u001b[1mPass test stage percentage\u001b[22m:           0.00%"}
{"level":"info","time":"2025-03-27T15:19:42.794+0530","caller":"jobmanager/JobSummaryManager.go:113","msg":"    \u001b[1mFailed test stage percentage\u001b[22m:         0.00%"}
{"level":"info","time":"2025-03-27T15:19:42.794+0530","caller":"jobmanager/JobSummaryManager.go:113","msg":"    \u001b[1mPass post stage percentage\u001b[22m:           0.00%"}
{"level":"info","time":"2025-03-27T15:19:42.794+0530","caller":"jobmanager/JobSummaryManager.go:113","msg":"    \u001b[1mFailed post stage percentage\u001b[22m:         0.00%"}
{"level":"info","time":"2025-03-27T15:19:42.794+0530","caller":"jobmanager/JobSummaryManager.go:113","msg":"    \u001b[1mFailed Tasks\u001b[22m:                         3"}
{"level":"info","time":"2025-03-27T15:19:42.794+0530","caller":"jobmanager/JobSummaryManager.go:58","msg":""}
{"level":"debug","time":"2025-03-27T15:20:12.130+0530","caller":"cmd/bin.go:385","msg":"Exiting application due to error Failed tasks found."}
{"level":"debug","time":"2025-03-27T15:20:12.130+0530","caller":"cmd/bin.go:346","msg":"main: all goroutines have finished."}
