<?xml version="1.0" encoding="UTF-8"?>
<testsuite xmlns:xsi="http://www.w3.org/2001/XMLSchema-instance" xsi:noNamespaceSchemaLocation="https://maven.apache.org/surefire/maven-surefire-plugin/xsd/surefire-test-report-3.0.xsd" version="3.0" name="com.lambdatest.tunnel.GFGLoginTest" time="83.026" tests="1" errors="0" skipped="0" failures="0">
  <properties>
[...]
</properties>
  <testcase name="testTunnel" classname="com.lambdatest.tunnel.GFGLoginTest" time="83.008">
    <system-out><![CDATA[Found Existing Tunnel Package
tunnel Verified
Checking Tunnel Status
Tunnel Status Response: 500
Checking Tunnel Status
Tunnel not yet started. Retrying
Checking Tunnel Status
Tunnel not yet started. Retrying
Checking Tunnel Status
Tunnel not yet started. Retrying
Checking Tunnel Status
Tunnel not yet started. Retrying
Checking Tunnel Status
Tunnel not yet started. Retrying
Checking Tunnel Status
Tunnel not yet started. Retrying
Checking Tunnel Status
Tunnel not yet started. Retrying
Checking Tunnel Status
Tunnel not yet started. Retrying
Checking Tunnel Status
Tunnel not yet started. Retrying
Checking Tunnel Status
Tunnel not yet started. Retrying
Checking Tunnel Status
Tunnel not yet started. Retrying
Checking Tunnel Status
Tunnel Status Response: 500
Checking Tunnel Status
Tunnel not yet started. Retrying
Checking Tunnel Status
Tunnel not yet started. Retrying
Checking Tunnel Status
Tunnel not yet started. Retrying
Checking Tunnel Status
Tunnel not yet started. Retrying
Checking Tunnel Status
Tunnel not yet started. Retrying
Checking Tunnel Status
Tunnel not yet started. Retrying
Checking Tunnel Status
Tunnel not yet started. Retrying
Started session
]]></system-out>
    <system-err><![CDATA[SLF4J: No SLF4J providers were found.
SLF4J: Defaulting to no-operation (NOP) logger implementation
SLF4J: See https://www.slf4j.org/codes.html#noProviders for further details.
Mar 28, 2025 6:13:09 PM org.openqa.selenium.remote.tracing.opentelemetry.OpenTelemetryTracer createTracer
INFO: Using OpenTelemetry for tracing
]]></system-err>
  </testcase>
</testsuite>