<?xml version="1.0" encoding="UTF-8"?>
<testsuite xmlns:xsi="http://www.w3.org/2001/XMLSchema-instance" xsi:noNamespaceSchemaLocation="https://maven.apache.org/surefire/maven-surefire-plugin/xsd/surefire-test-report-3.0.xsd" version="3.0" name="hyperexecute.GFGLoginTest1" time="26.439" tests="1" errors="0" skipped="0" failures="0">
  <properties>
[...]
</properties>
  <testcase name="testLogin" classname="hyperexecute.GFGLoginTest1" time="21.431">
    <system-out><![CDATA[19:31:24.199 [AsyncHttpClient-1-1] DEBUG org.asynchttpclient.netty.channel.DefaultChannelPool - Entry count for : https://hub.lambdatest.com:443 : 1
19:31:25.299 [AsyncHttpClient-1-1] DEBUG org.asynchttpclient.netty.channel.DefaultChannelPool - Entry count for : https://hub.lambdatest.com:443 : 1
19:31:26.401 [AsyncHttpClient-1-1] DEBUG org.asynchttpclient.netty.channel.DefaultChannelPool - Entry count for : https://hub.lambdatest.com:443 : 1
19:31:27.498 [AsyncHttpClient-1-1] DEBUG org.asynchttpclient.netty.channel.DefaultChannelPool - Entry count for : https://hub.lambdatest.com:443 : 1
19:31:28.425 [main] DEBUG io.github.bonigarcia.wdm.WebDriverManager - Using WebDriverManager 5.5.3
19:31:28.439 [main] DEBUG io.github.bonigarcia.wdm.cache.ResolutionCache - Resolution chrome=134 in cache (valid until 20:31:00 27/03/2025 IST)
19:31:28.440 [main] DEBUG io.github.bonigarcia.wdm.cache.ResolutionCache - Resolution chrome134=134.0.6998.165 in cache (valid until 19:31:00 28/03/2025 IST)
19:31:28.440 [main] INFO io.github.bonigarcia.wdm.WebDriverManager - Using chromedriver 134.0.6998.165 (resolved driver for Chrome 134)
19:31:28.446 [main] DEBUG io.github.bonigarcia.wdm.WebDriverManager - Driver chromedriver 134.0.6998.165 found in cache
19:31:28.446 [main] INFO io.github.bonigarcia.wdm.WebDriverManager - Exporting webdriver.chrome.driver as /Users/roshank/.cache/selenium/chromedriver/mac64/134.0.6998.165/chromedriver
19:31:28.452 [Forwarding newSession on session null to remote] DEBUG org.asynchttpclient.netty.request.NettyRequestSender - Using pooled Channel '[id: 0x143e8858, L:/192.168.100.119:55408 - R:hub.lambdatest.com/43.204.87.215:443]' for 'POST' to 'https://roshank:LT_0uuZ6lYn8sxQ55aGYiXLDG3lwakfEsccxuWBBfm4EeMb4Wm@hub.lambdatest.com/wd/hub/session'
19:31:28.452 [Forwarding newSession on session null to remote] DEBUG org.asynchttpclient.netty.request.NettyRequestSender - Using open Channel [id: 0x143e8858, L:/192.168.100.119:55408 - R:hub.lambdatest.com/43.204.87.215:443] for POST '/wd/hub/session'
19:31:40.103 [AsyncHttpClient-1-2] DEBUG org.asynchttpclient.netty.handler.HttpHandler - 

Request DefaultHttpRequest(decodeResult: success, version: HTTP/1.1)
POST /wd/hub/session HTTP/1.1
User-Agent: selenium/4.10.0 (java mac)
traceparent: 00-ca059ccb1ec9a3171e4712b077df0b7a-ad74d1a5ced6e3ee-01
Content-Length: 351
Content-Type: application/json; charset=utf-8
host: hub.lambdatest.com
authorization: Basic cm9zaGFuazpMVF8wdXVaNmxZbjhzeFE1NWFHWWlYTERHM2x3YWtmRXNjY3h1V0JCZm00RWVNYjRXbQ==
accept: */*

Response DefaultHttpResponse(decodeResult: success, version: HTTP/1.1)
HTTP/1.1 200 OK
Date: Thu, 27 Mar 2025 14:01:39 GMT
Content-Type: application/json
Content-Length: 855
Connection: keep-alive
Vary: Accept-Encoding

19:31:40.104 [AsyncHttpClient-1-2] DEBUG org.asynchttpclient.netty.channel.ChannelManager - Adding key: https://hub.lambdatest.com:443 for channel [id: 0x143e8858, L:/192.168.100.119:55408 - R:hub.lambdatest.com/43.204.87.215:443]
19:31:40.115 [Forwarding setTimeout on session b97b6bf7180864332bfb16977039444e to remote] DEBUG org.asynchttpclient.netty.request.NettyRequestSender - Using pooled Channel '[id: 0x143e8858, L:/192.168.100.119:55408 - R:hub.lambdatest.com/43.204.87.215:443]' for 'POST' to 'https://roshank:LT_0uuZ6lYn8sxQ55aGYiXLDG3lwakfEsccxuWBBfm4EeMb4Wm@hub.lambdatest.com/wd/hub/session/b97b6bf7180864332bfb16977039444e/timeouts'
19:31:40.115 [Forwarding setTimeout on session b97b6bf7180864332bfb16977039444e to remote] DEBUG org.asynchttpclient.netty.request.NettyRequestSender - Using open Channel [id: 0x143e8858, L:/192.168.100.119:55408 - R:hub.lambdatest.com/43.204.87.215:443] for POST '/wd/hub/session/b97b6bf7180864332bfb16977039444e/timeouts'
19:31:40.499 [AsyncHttpClient-1-2] DEBUG org.asynchttpclient.netty.handler.HttpHandler - 

Request DefaultHttpRequest(decodeResult: success, version: HTTP/1.1)
POST /wd/hub/session/b97b6bf7180864332bfb16977039444e/timeouts HTTP/1.1
User-Agent: selenium/4.10.0 (java mac)
traceparent: 00-8238eb114441b82d96d620132c169458-6fc2795a93710e23-01
Content-Length: 23
Content-Type: application/json; charset=utf-8
host: hub.lambdatest.com
authorization: Basic cm9zaGFuazpMVF8wdXVaNmxZbjhzeFE1NWFHWWlYTERHM2x3YWtmRXNjY3h1V0JCZm00RWVNYjRXbQ==
accept: */*

Response DefaultHttpResponse(decodeResult: success, version: HTTP/1.1)
HTTP/1.1 200 OK
Date: Thu, 27 Mar 2025 14:01:40 GMT
Content-Type: application/json
Content-Length: 14
Connection: keep-alive

19:31:40.500 [AsyncHttpClient-1-2] DEBUG org.asynchttpclient.netty.channel.ChannelManager - Adding key: https://hub.lambdatest.com:443 for channel [id: 0x143e8858, L:/192.168.100.119:55408 - R:hub.lambdatest.com/43.204.87.215:443]
19:31:40.505 [Forwarding get on session b97b6bf7180864332bfb16977039444e to remote] DEBUG org.asynchttpclient.netty.request.NettyRequestSender - Using pooled Channel '[id: 0x143e8858, L:/192.168.100.119:55408 - R:hub.lambdatest.com/43.204.87.215:443]' for 'POST' to 'https://roshank:LT_0uuZ6lYn8sxQ55aGYiXLDG3lwakfEsccxuWBBfm4EeMb4Wm@hub.lambdatest.com/wd/hub/session/b97b6bf7180864332bfb16977039444e/url'
19:31:40.505 [Forwarding get on session b97b6bf7180864332bfb16977039444e to remote] DEBUG org.asynchttpclient.netty.request.NettyRequestSender - Using open Channel [id: 0x143e8858, L:/192.168.100.119:55408 - R:hub.lambdatest.com/43.204.87.215:443] for POST '/wd/hub/session/b97b6bf7180864332bfb16977039444e/url'
19:31:42.744 [AsyncHttpClient-1-2] DEBUG org.asynchttpclient.netty.handler.HttpHandler - 

Request DefaultHttpRequest(decodeResult: success, version: HTTP/1.1)
POST /wd/hub/session/b97b6bf7180864332bfb16977039444e/url HTTP/1.1
User-Agent: selenium/4.10.0 (java mac)
traceparent: 00-6e8de66881f3aee1071e76c84521f344-dad01f05a3c73e77-01
Content-Length: 61
Content-Type: application/json; charset=utf-8
host: hub.lambdatest.com
authorization: Basic cm9zaGFuazpMVF8wdXVaNmxZbjhzeFE1NWFHWWlYTERHM2x3YWtmRXNjY3h1V0JCZm00RWVNYjRXbQ==
accept: */*

Response DefaultHttpResponse(decodeResult: success, version: HTTP/1.1)
HTTP/1.1 200 OK
Date: Thu, 27 Mar 2025 14:01:42 GMT
Content-Type: application/json
Content-Length: 14
Connection: keep-alive

19:31:42.745 [AsyncHttpClient-1-2] DEBUG org.asynchttpclient.netty.channel.ChannelManager - Adding key: https://hub.lambdatest.com:443 for channel [id: 0x143e8858, L:/192.168.100.119:55408 - R:hub.lambdatest.com/43.204.87.215:443]
19:31:42.750 [Forwarding findElement on session b97b6bf7180864332bfb16977039444e to remote] DEBUG org.asynchttpclient.netty.request.NettyRequestSender - Using pooled Channel '[id: 0x143e8858, L:/192.168.100.119:55408 - R:hub.lambdatest.com/43.204.87.215:443]' for 'POST' to 'https://roshank:LT_0uuZ6lYn8sxQ55aGYiXLDG3lwakfEsccxuWBBfm4EeMb4Wm@hub.lambdatest.com/wd/hub/session/b97b6bf7180864332bfb16977039444e/element'
19:31:42.751 [Forwarding findElement on session b97b6bf7180864332bfb16977039444e to remote] DEBUG org.asynchttpclient.netty.request.NettyRequestSender - Using open Channel [id: 0x143e8858, L:/192.168.100.119:55408 - R:hub.lambdatest.com/43.204.87.215:443] for POST '/wd/hub/session/b97b6bf7180864332bfb16977039444e/element'
19:31:43.070 [AsyncHttpClient-1-2] DEBUG org.asynchttpclient.netty.handler.HttpHandler - 

Request DefaultHttpRequest(decodeResult: success, version: HTTP/1.1)
POST /wd/hub/session/b97b6bf7180864332bfb16977039444e/element HTTP/1.1
User-Agent: selenium/4.10.0 (java mac)
traceparent: 00-37ff76cd6300684634544feb0a80877b-0c10519b3c421e78-01
Content-Length: 50
Content-Type: application/json; charset=utf-8
host: hub.lambdatest.com
authorization: Basic cm9zaGFuazpMVF8wdXVaNmxZbjhzeFE1NWFHWWlYTERHM2x3YWtmRXNjY3h1V0JCZm00RWVNYjRXbQ==
accept: */*

Response DefaultHttpResponse(decodeResult: success, version: HTTP/1.1)
HTTP/1.1 200 OK
Date: Thu, 27 Mar 2025 14:01:43 GMT
Content-Type: application/json
Content-Length: 126
Connection: keep-alive
Vary: Accept-Encoding

19:31:43.080 [AsyncHttpClient-1-2] DEBUG org.asynchttpclient.netty.channel.ChannelManager - Adding key: https://hub.lambdatest.com:443 for channel [id: 0x143e8858, L:/192.168.100.119:55408 - R:hub.lambdatest.com/43.204.87.215:443]
19:31:43.083 [Forwarding sendKeysToElement on session b97b6bf7180864332bfb16977039444e to remote] DEBUG org.asynchttpclient.netty.request.NettyRequestSender - Using pooled Channel '[id: 0x143e8858, L:/192.168.100.119:55408 - R:hub.lambdatest.com/43.204.87.215:443]' for 'POST' to 'https://roshank:LT_0uuZ6lYn8sxQ55aGYiXLDG3lwakfEsccxuWBBfm4EeMb4Wm@hub.lambdatest.com/wd/hub/session/b97b6bf7180864332bfb16977039444e/element/f.B1A50653B4CCD92EF3E3483A4EFC785B.d.BD732C350C46405EA38EFC6716B29985.e.28/value'
19:31:43.083 [Forwarding sendKeysToElement on session b97b6bf7180864332bfb16977039444e to remote] DEBUG org.asynchttpclient.netty.request.NettyRequestSender - Using open Channel [id: 0x143e8858, L:/192.168.100.119:55408 - R:hub.lambdatest.com/43.204.87.215:443] for POST '/wd/hub/session/b97b6bf7180864332bfb16977039444e/element/f.B1A50653B4CCD92EF3E3483A4EFC785B.d.BD732C350C46405EA38EFC6716B29985.e.28/value'
19:31:43.341 [AsyncHttpClient-1-2] DEBUG org.asynchttpclient.netty.handler.HttpHandler - 

Request DefaultHttpRequest(decodeResult: success, version: HTTP/1.1)
POST /wd/hub/session/b97b6bf7180864332bfb16977039444e/element/f.B1A50653B4CCD92EF3E3483A4EFC785B.d.BD732C350C46405EA38EFC6716B29985.e.28/value HTTP/1.1
User-Agent: selenium/4.10.0 (java mac)
traceparent: 00-f4dd883a1459fdd932c5b942bbcca2d7-05b8718565b3fec4-01
Content-Length: 379
Content-Type: application/json; charset=utf-8
host: hub.lambdatest.com
authorization: Basic cm9zaGFuazpMVF8wdXVaNmxZbjhzeFE1NWFHWWlYTERHM2x3YWtmRXNjY3h1V0JCZm00RWVNYjRXbQ==
accept: */*

Response DefaultHttpResponse(decodeResult: success, version: HTTP/1.1)
HTTP/1.1 200 OK
Date: Thu, 27 Mar 2025 14:01:43 GMT
Content-Type: application/json
Content-Length: 14
Connection: keep-alive

19:31:43.342 [AsyncHttpClient-1-2] DEBUG org.asynchttpclient.netty.channel.ChannelManager - Adding key: https://hub.lambdatest.com:443 for channel [id: 0x143e8858, L:/192.168.100.119:55408 - R:hub.lambdatest.com/43.204.87.215:443]
19:31:43.345 [Forwarding findElement on session b97b6bf7180864332bfb16977039444e to remote] DEBUG org.asynchttpclient.netty.request.NettyRequestSender - Using pooled Channel '[id: 0x143e8858, L:/192.168.100.119:55408 - R:hub.lambdatest.com/43.204.87.215:443]' for 'POST' to 'https://roshank:LT_0uuZ6lYn8sxQ55aGYiXLDG3lwakfEsccxuWBBfm4EeMb4Wm@hub.lambdatest.com/wd/hub/session/b97b6bf7180864332bfb16977039444e/element'
19:31:43.345 [Forwarding findElement on session b97b6bf7180864332bfb16977039444e to remote] DEBUG org.asynchttpclient.netty.request.NettyRequestSender - Using open Channel [id: 0x143e8858, L:/192.168.100.119:55408 - R:hub.lambdatest.com/43.204.87.215:443] for POST '/wd/hub/session/b97b6bf7180864332bfb16977039444e/element'
19:31:43.531 [AsyncHttpClient-1-2] DEBUG org.asynchttpclient.netty.handler.HttpHandler - 

Request DefaultHttpRequest(decodeResult: success, version: HTTP/1.1)
POST /wd/hub/session/b97b6bf7180864332bfb16977039444e/element HTTP/1.1
User-Agent: selenium/4.10.0 (java mac)
traceparent: 00-b22fe0d67d56268ca91ecdd484e4a9c3-3ac38fefee4fd0fa-01
Content-Length: 53
Content-Type: application/json; charset=utf-8
host: hub.lambdatest.com
authorization: Basic cm9zaGFuazpMVF8wdXVaNmxZbjhzeFE1NWFHWWlYTERHM2x3YWtmRXNjY3h1V0JCZm00RWVNYjRXbQ==
accept: */*

Response DefaultHttpResponse(decodeResult: success, version: HTTP/1.1)
HTTP/1.1 200 OK
Date: Thu, 27 Mar 2025 14:01:43 GMT
Content-Type: application/json
Content-Length: 126
Connection: keep-alive
Vary: Accept-Encoding

19:31:43.532 [AsyncHttpClient-1-2] DEBUG org.asynchttpclient.netty.channel.ChannelManager - Adding key: https://hub.lambdatest.com:443 for channel [id: 0x143e8858, L:/192.168.100.119:55408 - R:hub.lambdatest.com/43.204.87.215:443]
19:31:43.536 [Forwarding sendKeysToElement on session b97b6bf7180864332bfb16977039444e to remote] DEBUG org.asynchttpclient.netty.request.NettyRequestSender - Using pooled Channel '[id: 0x143e8858, L:/192.168.100.119:55408 - R:hub.lambdatest.com/43.204.87.215:443]' for 'POST' to 'https://roshank:LT_0uuZ6lYn8sxQ55aGYiXLDG3lwakfEsccxuWBBfm4EeMb4Wm@hub.lambdatest.com/wd/hub/session/b97b6bf7180864332bfb16977039444e/element/f.B1A50653B4CCD92EF3E3483A4EFC785B.d.BD732C350C46405EA38EFC6716B29985.e.29/value'
19:31:43.537 [Forwarding sendKeysToElement on session b97b6bf7180864332bfb16977039444e to remote] DEBUG org.asynchttpclient.netty.request.NettyRequestSender - Using open Channel [id: 0x143e8858, L:/192.168.100.119:55408 - R:hub.lambdatest.com/43.204.87.215:443] for POST '/wd/hub/session/b97b6bf7180864332bfb16977039444e/element/f.B1A50653B4CCD92EF3E3483A4EFC785B.d.BD732C350C46405EA38EFC6716B29985.e.29/value'
19:31:43.749 [AsyncHttpClient-1-2] DEBUG org.asynchttpclient.netty.handler.HttpHandler - 

Request DefaultHttpRequest(decodeResult: success, version: HTTP/1.1)
POST /wd/hub/session/b97b6bf7180864332bfb16977039444e/element/f.B1A50653B4CCD92EF3E3483A4EFC785B.d.BD732C350C46405EA38EFC6716B29985.e.29/value HTTP/1.1
User-Agent: selenium/4.10.0 (java mac)
traceparent: 00-3246da5318673aa1dca6fb25c594552a-16b0f2c2f26d8d82-01
Content-Length: 249
Content-Type: application/json; charset=utf-8
host: hub.lambdatest.com
authorization: Basic cm9zaGFuazpMVF8wdXVaNmxZbjhzeFE1NWFHWWlYTERHM2x3YWtmRXNjY3h1V0JCZm00RWVNYjRXbQ==
accept: */*

Response DefaultHttpResponse(decodeResult: success, version: HTTP/1.1)
HTTP/1.1 200 OK
Date: Thu, 27 Mar 2025 14:01:43 GMT
Content-Type: application/json
Content-Length: 14
Connection: keep-alive

19:31:43.749 [AsyncHttpClient-1-2] DEBUG org.asynchttpclient.netty.channel.ChannelManager - Adding key: https://hub.lambdatest.com:443 for channel [id: 0x143e8858, L:/192.168.100.119:55408 - R:hub.lambdatest.com/43.204.87.215:443]
19:31:43.752 [Forwarding findElement on session b97b6bf7180864332bfb16977039444e to remote] DEBUG org.asynchttpclient.netty.request.NettyRequestSender - Using pooled Channel '[id: 0x143e8858, L:/192.168.100.119:55408 - R:hub.lambdatest.com/43.204.87.215:443]' for 'POST' to 'https://roshank:LT_0uuZ6lYn8sxQ55aGYiXLDG3lwakfEsccxuWBBfm4EeMb4Wm@hub.lambdatest.com/wd/hub/session/b97b6bf7180864332bfb16977039444e/element'
19:31:43.752 [Forwarding findElement on session b97b6bf7180864332bfb16977039444e to remote] DEBUG org.asynchttpclient.netty.request.NettyRequestSender - Using open Channel [id: 0x143e8858, L:/192.168.100.119:55408 - R:hub.lambdatest.com/43.204.87.215:443] for POST '/wd/hub/session/b97b6bf7180864332bfb16977039444e/element'
19:31:44.085 [AsyncHttpClient-1-2] DEBUG org.asynchttpclient.netty.handler.HttpHandler - 

Request DefaultHttpRequest(decodeResult: success, version: HTTP/1.1)
POST /wd/hub/session/b97b6bf7180864332bfb16977039444e/element HTTP/1.1
User-Agent: selenium/4.10.0 (java mac)
traceparent: 00-c6480ad4e24cd2542adf67cf75248737-0c12137082fb1ba9-01
Content-Length: 73
Content-Type: application/json; charset=utf-8
host: hub.lambdatest.com
authorization: Basic cm9zaGFuazpMVF8wdXVaNmxZbjhzeFE1NWFHWWlYTERHM2x3YWtmRXNjY3h1V0JCZm00RWVNYjRXbQ==
accept: */*

Response DefaultHttpResponse(decodeResult: success, version: HTTP/1.1)
HTTP/1.1 200 OK
Date: Thu, 27 Mar 2025 14:01:44 GMT
Content-Type: application/json
Content-Length: 125
Connection: keep-alive
Vary: Accept-Encoding

19:31:44.085 [AsyncHttpClient-1-2] DEBUG org.asynchttpclient.netty.channel.ChannelManager - Adding key: https://hub.lambdatest.com:443 for channel [id: 0x143e8858, L:/192.168.100.119:55408 - R:hub.lambdatest.com/43.204.87.215:443]
19:31:44.087 [Forwarding clickElement on session b97b6bf7180864332bfb16977039444e to remote] DEBUG org.asynchttpclient.netty.request.NettyRequestSender - Using pooled Channel '[id: 0x143e8858, L:/192.168.100.119:55408 - R:hub.lambdatest.com/43.204.87.215:443]' for 'POST' to 'https://roshank:LT_0uuZ6lYn8sxQ55aGYiXLDG3lwakfEsccxuWBBfm4EeMb4Wm@hub.lambdatest.com/wd/hub/session/b97b6bf7180864332bfb16977039444e/element/f.B1A50653B4CCD92EF3E3483A4EFC785B.d.BD732C350C46405EA38EFC6716B29985.e.3/click'
19:31:44.087 [Forwarding clickElement on session b97b6bf7180864332bfb16977039444e to remote] DEBUG org.asynchttpclient.netty.request.NettyRequestSender - Using open Channel [id: 0x143e8858, L:/192.168.100.119:55408 - R:hub.lambdatest.com/43.204.87.215:443] for POST '/wd/hub/session/b97b6bf7180864332bfb16977039444e/element/f.B1A50653B4CCD92EF3E3483A4EFC785B.d.BD732C350C46405EA38EFC6716B29985.e.3/click'
19:31:44.305 [AsyncHttpClient-1-2] DEBUG org.asynchttpclient.netty.handler.HttpHandler - 

Request DefaultHttpRequest(decodeResult: success, version: HTTP/1.1)
POST /wd/hub/session/b97b6bf7180864332bfb16977039444e/element/f.B1A50653B4CCD92EF3E3483A4EFC785B.d.BD732C350C46405EA38EFC6716B29985.e.3/click HTTP/1.1
User-Agent: selenium/4.10.0 (java mac)
traceparent: 00-d43a3c94cdda5f5c788dd098e3737a4a-446e0bd13dc572ef-01
Content-Length: 87
Content-Type: application/json; charset=utf-8
host: hub.lambdatest.com
authorization: Basic cm9zaGFuazpMVF8wdXVaNmxZbjhzeFE1NWFHWWlYTERHM2x3YWtmRXNjY3h1V0JCZm00RWVNYjRXbQ==
accept: */*

Response DefaultHttpResponse(decodeResult: success, version: HTTP/1.1)
HTTP/1.1 200 OK
Date: Thu, 27 Mar 2025 14:01:44 GMT
Content-Type: application/json
Content-Length: 14
Connection: keep-alive

19:31:44.305 [AsyncHttpClient-1-2] DEBUG org.asynchttpclient.netty.channel.ChannelManager - Adding key: https://hub.lambdatest.com:443 for channel [id: 0x143e8858, L:/192.168.100.119:55408 - R:hub.lambdatest.com/43.204.87.215:443]
19:31:45.100 [AsyncHttpClient-1-1] DEBUG org.asynchttpclient.netty.channel.DefaultChannelPool - Entry count for : https://hub.lambdatest.com:443 : 1
19:31:46.199 [AsyncHttpClient-1-1] DEBUG org.asynchttpclient.netty.channel.DefaultChannelPool - Entry count for : https://hub.lambdatest.com:443 : 1
19:31:47.300 [AsyncHttpClient-1-1] DEBUG org.asynchttpclient.netty.channel.DefaultChannelPool - Entry count for : https://hub.lambdatest.com:443 : 1
19:31:48.400 [AsyncHttpClient-1-1] DEBUG org.asynchttpclient.netty.channel.DefaultChannelPool - Entry count for : https://hub.lambdatest.com:443 : 1
19:31:49.313 [Forwarding getTitle on session b97b6bf7180864332bfb16977039444e to remote] DEBUG org.asynchttpclient.netty.request.NettyRequestSender - Using pooled Channel '[id: 0x143e8858, L:/192.168.100.119:55408 - R:hub.lambdatest.com/43.204.87.215:443]' for 'GET' to 'https://roshank:LT_0uuZ6lYn8sxQ55aGYiXLDG3lwakfEsccxuWBBfm4EeMb4Wm@hub.lambdatest.com/wd/hub/session/b97b6bf7180864332bfb16977039444e/title'
19:31:49.313 [Forwarding getTitle on session b97b6bf7180864332bfb16977039444e to remote] DEBUG org.asynchttpclient.netty.request.NettyRequestSender - Using open Channel [id: 0x143e8858, L:/192.168.100.119:55408 - R:hub.lambdatest.com/43.204.87.215:443] for GET '/wd/hub/session/b97b6bf7180864332bfb16977039444e/title'
19:31:49.608 [AsyncHttpClient-1-2] DEBUG org.asynchttpclient.netty.handler.HttpHandler - 

Request DefaultFullHttpRequest(decodeResult: success, version: HTTP/1.1, content: EmptyByteBufBE)
GET /wd/hub/session/b97b6bf7180864332bfb16977039444e/title HTTP/1.1
User-Agent: selenium/4.10.0 (java mac)
Cache-Control: no-cache
traceparent: 00-956bb2f61f6d9ec695a09b5c5a0c5f8f-002d89c14ae47b20-01
Content-Type: application/json; charset=utf-8
host: hub.lambdatest.com
authorization: Basic cm9zaGFuazpMVF8wdXVaNmxZbjhzeFE1NWFHWWlYTERHM2x3YWtmRXNjY3h1V0JCZm00RWVNYjRXbQ==
accept: */*

Response DefaultHttpResponse(decodeResult: success, version: HTTP/1.1)
HTTP/1.1 200 OK
Date: Thu, 27 Mar 2025 14:01:49 GMT
Content-Type: application/json
Content-Length: 108
Connection: keep-alive
Vary: Accept-Encoding

19:31:49.608 [AsyncHttpClient-1-2] DEBUG org.asynchttpclient.netty.channel.ChannelManager - Adding key: https://hub.lambdatest.com:443 for channel [id: 0x143e8858, L:/192.168.100.119:55408 - R:hub.lambdatest.com/43.204.87.215:443]
Login Successful on LambdaTest!
19:31:49.610 [Forwarding quit on session b97b6bf7180864332bfb16977039444e to remote] DEBUG org.asynchttpclient.netty.request.NettyRequestSender - Using pooled Channel '[id: 0x143e8858, L:/192.168.100.119:55408 - R:hub.lambdatest.com/43.204.87.215:443]' for 'DELETE' to 'https://roshank:LT_0uuZ6lYn8sxQ55aGYiXLDG3lwakfEsccxuWBBfm4EeMb4Wm@hub.lambdatest.com/wd/hub/session/b97b6bf7180864332bfb16977039444e'
19:31:49.610 [Forwarding quit on session b97b6bf7180864332bfb16977039444e to remote] DEBUG org.asynchttpclient.netty.request.NettyRequestSender - Using open Channel [id: 0x143e8858, L:/192.168.100.119:55408 - R:hub.lambdatest.com/43.204.87.215:443] for DELETE '/wd/hub/session/b97b6bf7180864332bfb16977039444e'
19:31:49.848 [AsyncHttpClient-1-2] DEBUG org.asynchttpclient.netty.handler.HttpHandler - 

Request DefaultFullHttpRequest(decodeResult: success, version: HTTP/1.1, content: EmptyByteBufBE)
DELETE /wd/hub/session/b97b6bf7180864332bfb16977039444e HTTP/1.1
User-Agent: selenium/4.10.0 (java mac)
traceparent: 00-d5bd209eb69d3ce55a0b6edddbca19c9-e3f2f56ea29b4004-01
Content-Type: application/json; charset=utf-8
host: hub.lambdatest.com
authorization: Basic cm9zaGFuazpMVF8wdXVaNmxZbjhzeFE1NWFHWWlYTERHM2x3YWtmRXNjY3h1V0JCZm00RWVNYjRXbQ==
accept: */*

Response DefaultHttpResponse(decodeResult: success, version: HTTP/1.1)
HTTP/1.1 200 OK
Date: Thu, 27 Mar 2025 14:01:49 GMT
Content-Type: application/json
Content-Length: 14
Connection: keep-alive

19:31:49.849 [AsyncHttpClient-1-2] DEBUG org.asynchttpclient.netty.channel.ChannelManager - Adding key: https://hub.lambdatest.com:443 for channel [id: 0x143e8858, L:/192.168.100.119:55408 - R:hub.lambdatest.com/43.204.87.215:443]
]]></system-out>
  </testcase>
</testsuite>