<?xml version="1.0" encoding="UTF-8"?>
<testsuite xmlns:xsi="http://www.w3.org/2001/XMLSchema-instance" xsi:noNamespaceSchemaLocation="https://maven.apache.org/surefire/maven-surefire-plugin/xsd/surefire-test-report-3.0.xsd" version="3.0" name="hyperexecute.GFGLoginTest1" time="25.764" tests="1" errors="0" skipped="0" failures="0">
  <properties>
[...]
</properties>
  <testcase name="testLogin" classname="hyperexecute.GFGLoginTest1" time="20.749">
    <system-out><![CDATA[14:58:28.717 [AsyncHttpClient-1-1] DEBUG org.asynchttpclient.netty.channel.DefaultChannelPool - Entry count for : https://hub.lambdatest.com:443 : 1
14:58:29.816 [AsyncHttpClient-1-1] DEBUG org.asynchttpclient.netty.channel.DefaultChannelPool - Entry count for : https://hub.lambdatest.com:443 : 1
14:58:30.916 [AsyncHttpClient-1-1] DEBUG org.asynchttpclient.netty.channel.DefaultChannelPool - Entry count for : https://hub.lambdatest.com:443 : 1
14:58:32.016 [AsyncHttpClient-1-1] DEBUG org.asynchttpclient.netty.channel.DefaultChannelPool - Entry count for : https://hub.lambdatest.com:443 : 1
14:58:33.084 [main] DEBUG io.github.bonigarcia.wdm.WebDriverManager - Using WebDriverManager 5.5.3
14:58:33.115 [main] DEBUG io.github.bonigarcia.wdm.cache.ResolutionCache - Resolution chrome=134 in cache (valid until 15:56:28 27/03/2025 IST)
14:58:33.116 [main] DEBUG io.github.bonigarcia.wdm.cache.ResolutionCache - Resolution chrome134=134.0.6998.165 in cache (valid until 17:58:04 27/03/2025 IST)
14:58:33.116 [main] INFO io.github.bonigarcia.wdm.WebDriverManager - Using chromedriver 134.0.6998.165 (resolved driver for Chrome 134)
14:58:33.117 [AsyncHttpClient-1-1] DEBUG org.asynchttpclient.netty.channel.DefaultChannelPool - Entry count for : https://hub.lambdatest.com:443 : 1
14:58:33.126 [main] DEBUG io.github.bonigarcia.wdm.WebDriverManager - Driver chromedriver 134.0.6998.165 found in cache
14:58:33.127 [main] INFO io.github.bonigarcia.wdm.WebDriverManager - Exporting webdriver.chrome.driver as /Users/roshank/.cache/selenium/chromedriver/mac64/134.0.6998.165/chromedriver
14:58:33.133 [Forwarding newSession on session null to remote] DEBUG org.asynchttpclient.netty.request.NettyRequestSender - Using pooled Channel '[id: 0x166685d7, L:/192.168.100.119:51172 - R:hub.lambdatest.com/43.204.87.215:443]' for 'POST' to 'https://roshank:LT_0uuZ6lYn8sxQ55aGYiXLDG3lwakfEsccxuWBBfm4EeMb4Wm@hub.lambdatest.com/wd/hub/session'
14:58:33.133 [Forwarding newSession on session null to remote] DEBUG org.asynchttpclient.netty.request.NettyRequestSender - Using open Channel [id: 0x166685d7, L:/192.168.100.119:51172 - R:hub.lambdatest.com/43.204.87.215:443] for POST '/wd/hub/session'
14:58:43.949 [AsyncHttpClient-1-2] DEBUG org.asynchttpclient.netty.handler.HttpHandler - 

Request DefaultHttpRequest(decodeResult: success, version: HTTP/1.1)
POST /wd/hub/session HTTP/1.1
User-Agent: selenium/4.10.0 (java mac)
traceparent: 00-ab572e9f54a663c6a61bb40d6f0c0c5c-39b965cb0cb70356-01
Content-Length: 351
Content-Type: application/json; charset=utf-8
host: hub.lambdatest.com
authorization: Basic cm9zaGFuazpMVF8wdXVaNmxZbjhzeFE1NWFHWWlYTERHM2x3YWtmRXNjY3h1V0JCZm00RWVNYjRXbQ==
accept: */*

Response DefaultHttpResponse(decodeResult: success, version: HTTP/1.1)
HTTP/1.1 200 OK
Date: Thu, 27 Mar 2025 09:28:44 GMT
Content-Type: application/json
Content-Length: 853
Connection: keep-alive
Vary: Accept-Encoding

14:58:43.950 [AsyncHttpClient-1-2] DEBUG org.asynchttpclient.netty.channel.ChannelManager - Adding key: https://hub.lambdatest.com:443 for channel [id: 0x166685d7, L:/192.168.100.119:51172 - R:hub.lambdatest.com/43.204.87.215:443]
14:58:43.960 [Forwarding setTimeout on session fd89024578dfd6b6776667ac2651f62a to remote] DEBUG org.asynchttpclient.netty.request.NettyRequestSender - Using pooled Channel '[id: 0x166685d7, L:/192.168.100.119:51172 - R:hub.lambdatest.com/43.204.87.215:443]' for 'POST' to 'https://roshank:LT_0uuZ6lYn8sxQ55aGYiXLDG3lwakfEsccxuWBBfm4EeMb4Wm@hub.lambdatest.com/wd/hub/session/fd89024578dfd6b6776667ac2651f62a/timeouts'
14:58:43.960 [Forwarding setTimeout on session fd89024578dfd6b6776667ac2651f62a to remote] DEBUG org.asynchttpclient.netty.request.NettyRequestSender - Using open Channel [id: 0x166685d7, L:/192.168.100.119:51172 - R:hub.lambdatest.com/43.204.87.215:443] for POST '/wd/hub/session/fd89024578dfd6b6776667ac2651f62a/timeouts'
14:58:44.137 [AsyncHttpClient-1-2] DEBUG org.asynchttpclient.netty.handler.HttpHandler - 

Request DefaultHttpRequest(decodeResult: success, version: HTTP/1.1)
POST /wd/hub/session/fd89024578dfd6b6776667ac2651f62a/timeouts HTTP/1.1
User-Agent: selenium/4.10.0 (java mac)
traceparent: 00-039fb7dd235c5a626a89b03932b09599-9d123bea4e13c29f-01
Content-Length: 23
Content-Type: application/json; charset=utf-8
host: hub.lambdatest.com
authorization: Basic cm9zaGFuazpMVF8wdXVaNmxZbjhzeFE1NWFHWWlYTERHM2x3YWtmRXNjY3h1V0JCZm00RWVNYjRXbQ==
accept: */*

Response DefaultHttpResponse(decodeResult: success, version: HTTP/1.1)
HTTP/1.1 200 OK
Date: Thu, 27 Mar 2025 09:28:44 GMT
Content-Type: application/json
Content-Length: 14
Connection: keep-alive

14:58:44.137 [AsyncHttpClient-1-2] DEBUG org.asynchttpclient.netty.channel.ChannelManager - Adding key: https://hub.lambdatest.com:443 for channel [id: 0x166685d7, L:/192.168.100.119:51172 - R:hub.lambdatest.com/43.204.87.215:443]
14:58:44.140 [Forwarding get on session fd89024578dfd6b6776667ac2651f62a to remote] DEBUG org.asynchttpclient.netty.request.NettyRequestSender - Using pooled Channel '[id: 0x166685d7, L:/192.168.100.119:51172 - R:hub.lambdatest.com/43.204.87.215:443]' for 'POST' to 'https://roshank:LT_0uuZ6lYn8sxQ55aGYiXLDG3lwakfEsccxuWBBfm4EeMb4Wm@hub.lambdatest.com/wd/hub/session/fd89024578dfd6b6776667ac2651f62a/url'
14:58:44.140 [Forwarding get on session fd89024578dfd6b6776667ac2651f62a to remote] DEBUG org.asynchttpclient.netty.request.NettyRequestSender - Using open Channel [id: 0x166685d7, L:/192.168.100.119:51172 - R:hub.lambdatest.com/43.204.87.215:443] for POST '/wd/hub/session/fd89024578dfd6b6776667ac2651f62a/url'
14:58:46.208 [AsyncHttpClient-1-2] DEBUG org.asynchttpclient.netty.handler.HttpHandler - 

Request DefaultHttpRequest(decodeResult: success, version: HTTP/1.1)
POST /wd/hub/session/fd89024578dfd6b6776667ac2651f62a/url HTTP/1.1
User-Agent: selenium/4.10.0 (java mac)
traceparent: 00-98fe99134d34f2c4b9d09231f823fa81-d4e330e0ef7d8e8f-01
Content-Length: 61
Content-Type: application/json; charset=utf-8
host: hub.lambdatest.com
authorization: Basic cm9zaGFuazpMVF8wdXVaNmxZbjhzeFE1NWFHWWlYTERHM2x3YWtmRXNjY3h1V0JCZm00RWVNYjRXbQ==
accept: */*

Response DefaultHttpResponse(decodeResult: success, version: HTTP/1.1)
HTTP/1.1 200 OK
Date: Thu, 27 Mar 2025 09:28:46 GMT
Content-Type: application/json
Content-Length: 14
Connection: keep-alive

14:58:46.210 [AsyncHttpClient-1-2] DEBUG org.asynchttpclient.netty.channel.ChannelManager - Adding key: https://hub.lambdatest.com:443 for channel [id: 0x166685d7, L:/192.168.100.119:51172 - R:hub.lambdatest.com/43.204.87.215:443]
14:58:46.213 [Forwarding findElement on session fd89024578dfd6b6776667ac2651f62a to remote] DEBUG org.asynchttpclient.netty.request.NettyRequestSender - Using pooled Channel '[id: 0x166685d7, L:/192.168.100.119:51172 - R:hub.lambdatest.com/43.204.87.215:443]' for 'POST' to 'https://roshank:LT_0uuZ6lYn8sxQ55aGYiXLDG3lwakfEsccxuWBBfm4EeMb4Wm@hub.lambdatest.com/wd/hub/session/fd89024578dfd6b6776667ac2651f62a/element'
14:58:46.213 [Forwarding findElement on session fd89024578dfd6b6776667ac2651f62a to remote] DEBUG org.asynchttpclient.netty.request.NettyRequestSender - Using open Channel [id: 0x166685d7, L:/192.168.100.119:51172 - R:hub.lambdatest.com/43.204.87.215:443] for POST '/wd/hub/session/fd89024578dfd6b6776667ac2651f62a/element'
14:58:46.479 [AsyncHttpClient-1-2] DEBUG org.asynchttpclient.netty.handler.HttpHandler - 

Request DefaultHttpRequest(decodeResult: success, version: HTTP/1.1)
POST /wd/hub/session/fd89024578dfd6b6776667ac2651f62a/element HTTP/1.1
User-Agent: selenium/4.10.0 (java mac)
traceparent: 00-09c76910a54d9d2f6ed8516d387fc76e-107d1769be15507d-01
Content-Length: 50
Content-Type: application/json; charset=utf-8
host: hub.lambdatest.com
authorization: Basic cm9zaGFuazpMVF8wdXVaNmxZbjhzeFE1NWFHWWlYTERHM2x3YWtmRXNjY3h1V0JCZm00RWVNYjRXbQ==
accept: */*

Response DefaultHttpResponse(decodeResult: success, version: HTTP/1.1)
HTTP/1.1 200 OK
Date: Thu, 27 Mar 2025 09:28:46 GMT
Content-Type: application/json
Content-Length: 126
Connection: keep-alive
Vary: Accept-Encoding

14:58:46.480 [AsyncHttpClient-1-2] DEBUG org.asynchttpclient.netty.channel.ChannelManager - Adding key: https://hub.lambdatest.com:443 for channel [id: 0x166685d7, L:/192.168.100.119:51172 - R:hub.lambdatest.com/43.204.87.215:443]
14:58:46.482 [Forwarding sendKeysToElement on session fd89024578dfd6b6776667ac2651f62a to remote] DEBUG org.asynchttpclient.netty.request.NettyRequestSender - Using pooled Channel '[id: 0x166685d7, L:/192.168.100.119:51172 - R:hub.lambdatest.com/43.204.87.215:443]' for 'POST' to 'https://roshank:LT_0uuZ6lYn8sxQ55aGYiXLDG3lwakfEsccxuWBBfm4EeMb4Wm@hub.lambdatest.com/wd/hub/session/fd89024578dfd6b6776667ac2651f62a/element/f.739E42F0F5ADD19AB97C9FD611398185.d.9A0453C7299E6911A8189B7B98B0CE2D.e.29/value'
14:58:46.482 [Forwarding sendKeysToElement on session fd89024578dfd6b6776667ac2651f62a to remote] DEBUG org.asynchttpclient.netty.request.NettyRequestSender - Using open Channel [id: 0x166685d7, L:/192.168.100.119:51172 - R:hub.lambdatest.com/43.204.87.215:443] for POST '/wd/hub/session/fd89024578dfd6b6776667ac2651f62a/element/f.739E42F0F5ADD19AB97C9FD611398185.d.9A0453C7299E6911A8189B7B98B0CE2D.e.29/value'
14:58:46.764 [AsyncHttpClient-1-2] DEBUG org.asynchttpclient.netty.handler.HttpHandler - 

Request DefaultHttpRequest(decodeResult: success, version: HTTP/1.1)
POST /wd/hub/session/fd89024578dfd6b6776667ac2651f62a/element/f.739E42F0F5ADD19AB97C9FD611398185.d.9A0453C7299E6911A8189B7B98B0CE2D.e.29/value HTTP/1.1
User-Agent: selenium/4.10.0 (java mac)
traceparent: 00-7d3693cc8cb07c4d9f25acb006d69dd0-62e59d43f5e17800-01
Content-Length: 379
Content-Type: application/json; charset=utf-8
host: hub.lambdatest.com
authorization: Basic cm9zaGFuazpMVF8wdXVaNmxZbjhzeFE1NWFHWWlYTERHM2x3YWtmRXNjY3h1V0JCZm00RWVNYjRXbQ==
accept: */*

Response DefaultHttpResponse(decodeResult: success, version: HTTP/1.1)
HTTP/1.1 200 OK
Date: Thu, 27 Mar 2025 09:28:46 GMT
Content-Type: application/json
Content-Length: 14
Connection: keep-alive

14:58:46.765 [AsyncHttpClient-1-2] DEBUG org.asynchttpclient.netty.channel.ChannelManager - Adding key: https://hub.lambdatest.com:443 for channel [id: 0x166685d7, L:/192.168.100.119:51172 - R:hub.lambdatest.com/43.204.87.215:443]
14:58:46.768 [Forwarding findElement on session fd89024578dfd6b6776667ac2651f62a to remote] DEBUG org.asynchttpclient.netty.request.NettyRequestSender - Using pooled Channel '[id: 0x166685d7, L:/192.168.100.119:51172 - R:hub.lambdatest.com/43.204.87.215:443]' for 'POST' to 'https://roshank:LT_0uuZ6lYn8sxQ55aGYiXLDG3lwakfEsccxuWBBfm4EeMb4Wm@hub.lambdatest.com/wd/hub/session/fd89024578dfd6b6776667ac2651f62a/element'
14:58:46.769 [Forwarding findElement on session fd89024578dfd6b6776667ac2651f62a to remote] DEBUG org.asynchttpclient.netty.request.NettyRequestSender - Using open Channel [id: 0x166685d7, L:/192.168.100.119:51172 - R:hub.lambdatest.com/43.204.87.215:443] for POST '/wd/hub/session/fd89024578dfd6b6776667ac2651f62a/element'
14:58:46.953 [AsyncHttpClient-1-2] DEBUG org.asynchttpclient.netty.handler.HttpHandler - 

Request DefaultHttpRequest(decodeResult: success, version: HTTP/1.1)
POST /wd/hub/session/fd89024578dfd6b6776667ac2651f62a/element HTTP/1.1
User-Agent: selenium/4.10.0 (java mac)
traceparent: 00-1da3dcc31e9bbdcc42f0639aa24b6435-dd7fcff448e556a2-01
Content-Length: 53
Content-Type: application/json; charset=utf-8
host: hub.lambdatest.com
authorization: Basic cm9zaGFuazpMVF8wdXVaNmxZbjhzeFE1NWFHWWlYTERHM2x3YWtmRXNjY3h1V0JCZm00RWVNYjRXbQ==
accept: */*

Response DefaultHttpResponse(decodeResult: success, version: HTTP/1.1)
HTTP/1.1 200 OK
Date: Thu, 27 Mar 2025 09:28:47 GMT
Content-Type: application/json
Content-Length: 126
Connection: keep-alive
Vary: Accept-Encoding

14:58:46.954 [AsyncHttpClient-1-2] DEBUG org.asynchttpclient.netty.channel.ChannelManager - Adding key: https://hub.lambdatest.com:443 for channel [id: 0x166685d7, L:/192.168.100.119:51172 - R:hub.lambdatest.com/43.204.87.215:443]
14:58:46.959 [Forwarding sendKeysToElement on session fd89024578dfd6b6776667ac2651f62a to remote] DEBUG org.asynchttpclient.netty.request.NettyRequestSender - Using pooled Channel '[id: 0x166685d7, L:/192.168.100.119:51172 - R:hub.lambdatest.com/43.204.87.215:443]' for 'POST' to 'https://roshank:LT_0uuZ6lYn8sxQ55aGYiXLDG3lwakfEsccxuWBBfm4EeMb4Wm@hub.lambdatest.com/wd/hub/session/fd89024578dfd6b6776667ac2651f62a/element/f.739E42F0F5ADD19AB97C9FD611398185.d.9A0453C7299E6911A8189B7B98B0CE2D.e.30/value'
14:58:46.960 [Forwarding sendKeysToElement on session fd89024578dfd6b6776667ac2651f62a to remote] DEBUG org.asynchttpclient.netty.request.NettyRequestSender - Using open Channel [id: 0x166685d7, L:/192.168.100.119:51172 - R:hub.lambdatest.com/43.204.87.215:443] for POST '/wd/hub/session/fd89024578dfd6b6776667ac2651f62a/element/f.739E42F0F5ADD19AB97C9FD611398185.d.9A0453C7299E6911A8189B7B98B0CE2D.e.30/value'
14:58:47.262 [AsyncHttpClient-1-2] DEBUG org.asynchttpclient.netty.handler.HttpHandler - 

Request DefaultHttpRequest(decodeResult: success, version: HTTP/1.1)
POST /wd/hub/session/fd89024578dfd6b6776667ac2651f62a/element/f.739E42F0F5ADD19AB97C9FD611398185.d.9A0453C7299E6911A8189B7B98B0CE2D.e.30/value HTTP/1.1
User-Agent: selenium/4.10.0 (java mac)
traceparent: 00-3c7408a51f8149db8fd355f596ee40fb-0d192cb8bbbd06ed-01
Content-Length: 249
Content-Type: application/json; charset=utf-8
host: hub.lambdatest.com
authorization: Basic cm9zaGFuazpMVF8wdXVaNmxZbjhzeFE1NWFHWWlYTERHM2x3YWtmRXNjY3h1V0JCZm00RWVNYjRXbQ==
accept: */*

Response DefaultHttpResponse(decodeResult: success, version: HTTP/1.1)
HTTP/1.1 200 OK
Date: Thu, 27 Mar 2025 09:28:47 GMT
Content-Type: application/json
Content-Length: 14
Connection: keep-alive

14:58:47.263 [AsyncHttpClient-1-2] DEBUG org.asynchttpclient.netty.channel.ChannelManager - Adding key: https://hub.lambdatest.com:443 for channel [id: 0x166685d7, L:/192.168.100.119:51172 - R:hub.lambdatest.com/43.204.87.215:443]
14:58:47.266 [Forwarding findElement on session fd89024578dfd6b6776667ac2651f62a to remote] DEBUG org.asynchttpclient.netty.request.NettyRequestSender - Using pooled Channel '[id: 0x166685d7, L:/192.168.100.119:51172 - R:hub.lambdatest.com/43.204.87.215:443]' for 'POST' to 'https://roshank:LT_0uuZ6lYn8sxQ55aGYiXLDG3lwakfEsccxuWBBfm4EeMb4Wm@hub.lambdatest.com/wd/hub/session/fd89024578dfd6b6776667ac2651f62a/element'
14:58:47.267 [Forwarding findElement on session fd89024578dfd6b6776667ac2651f62a to remote] DEBUG org.asynchttpclient.netty.request.NettyRequestSender - Using open Channel [id: 0x166685d7, L:/192.168.100.119:51172 - R:hub.lambdatest.com/43.204.87.215:443] for POST '/wd/hub/session/fd89024578dfd6b6776667ac2651f62a/element'
14:58:47.448 [AsyncHttpClient-1-2] DEBUG org.asynchttpclient.netty.handler.HttpHandler - 

Request DefaultHttpRequest(decodeResult: success, version: HTTP/1.1)
POST /wd/hub/session/fd89024578dfd6b6776667ac2651f62a/element HTTP/1.1
User-Agent: selenium/4.10.0 (java mac)
traceparent: 00-661aaebf4e641c8f354996371dfe9ad5-dc2d5e036736aecb-01
Content-Length: 73
Content-Type: application/json; charset=utf-8
host: hub.lambdatest.com
authorization: Basic cm9zaGFuazpMVF8wdXVaNmxZbjhzeFE1NWFHWWlYTERHM2x3YWtmRXNjY3h1V0JCZm00RWVNYjRXbQ==
accept: */*

Response DefaultHttpResponse(decodeResult: success, version: HTTP/1.1)
HTTP/1.1 200 OK
Date: Thu, 27 Mar 2025 09:28:47 GMT
Content-Type: application/json
Content-Length: 125
Connection: keep-alive
Vary: Accept-Encoding

14:58:47.448 [AsyncHttpClient-1-2] DEBUG org.asynchttpclient.netty.channel.ChannelManager - Adding key: https://hub.lambdatest.com:443 for channel [id: 0x166685d7, L:/192.168.100.119:51172 - R:hub.lambdatest.com/43.204.87.215:443]
14:58:47.450 [Forwarding clickElement on session fd89024578dfd6b6776667ac2651f62a to remote] DEBUG org.asynchttpclient.netty.request.NettyRequestSender - Using pooled Channel '[id: 0x166685d7, L:/192.168.100.119:51172 - R:hub.lambdatest.com/43.204.87.215:443]' for 'POST' to 'https://roshank:LT_0uuZ6lYn8sxQ55aGYiXLDG3lwakfEsccxuWBBfm4EeMb4Wm@hub.lambdatest.com/wd/hub/session/fd89024578dfd6b6776667ac2651f62a/element/f.739E42F0F5ADD19AB97C9FD611398185.d.9A0453C7299E6911A8189B7B98B0CE2D.e.3/click'
14:58:47.450 [Forwarding clickElement on session fd89024578dfd6b6776667ac2651f62a to remote] DEBUG org.asynchttpclient.netty.request.NettyRequestSender - Using open Channel [id: 0x166685d7, L:/192.168.100.119:51172 - R:hub.lambdatest.com/43.204.87.215:443] for POST '/wd/hub/session/fd89024578dfd6b6776667ac2651f62a/element/f.739E42F0F5ADD19AB97C9FD611398185.d.9A0453C7299E6911A8189B7B98B0CE2D.e.3/click'
14:58:47.774 [AsyncHttpClient-1-2] DEBUG org.asynchttpclient.netty.handler.HttpHandler - 

Request DefaultHttpRequest(decodeResult: success, version: HTTP/1.1)
POST /wd/hub/session/fd89024578dfd6b6776667ac2651f62a/element/f.739E42F0F5ADD19AB97C9FD611398185.d.9A0453C7299E6911A8189B7B98B0CE2D.e.3/click HTTP/1.1
User-Agent: selenium/4.10.0 (java mac)
traceparent: 00-f8e7bdc16128930864c6867ee0a8b52b-078508b1f06be281-01
Content-Length: 87
Content-Type: application/json; charset=utf-8
host: hub.lambdatest.com
authorization: Basic cm9zaGFuazpMVF8wdXVaNmxZbjhzeFE1NWFHWWlYTERHM2x3YWtmRXNjY3h1V0JCZm00RWVNYjRXbQ==
accept: */*

Response DefaultHttpResponse(decodeResult: success, version: HTTP/1.1)
HTTP/1.1 200 OK
Date: Thu, 27 Mar 2025 09:28:47 GMT
Content-Type: application/json
Content-Length: 14
Connection: keep-alive

14:58:47.774 [AsyncHttpClient-1-2] DEBUG org.asynchttpclient.netty.channel.ChannelManager - Adding key: https://hub.lambdatest.com:443 for channel [id: 0x166685d7, L:/192.168.100.119:51172 - R:hub.lambdatest.com/43.204.87.215:443]
14:58:48.514 [AsyncHttpClient-1-1] DEBUG org.asynchttpclient.netty.channel.DefaultChannelPool - Entry count for : https://hub.lambdatest.com:443 : 1
14:58:49.617 [AsyncHttpClient-1-1] DEBUG org.asynchttpclient.netty.channel.DefaultChannelPool - Entry count for : https://hub.lambdatest.com:443 : 1
14:58:50.715 [AsyncHttpClient-1-1] DEBUG org.asynchttpclient.netty.channel.DefaultChannelPool - Entry count for : https://hub.lambdatest.com:443 : 1
14:58:51.819 [AsyncHttpClient-1-1] DEBUG org.asynchttpclient.netty.channel.DefaultChannelPool - Entry count for : https://hub.lambdatest.com:443 : 1
14:58:52.781 [Forwarding getTitle on session fd89024578dfd6b6776667ac2651f62a to remote] DEBUG org.asynchttpclient.netty.request.NettyRequestSender - Using pooled Channel '[id: 0x166685d7, L:/192.168.100.119:51172 - R:hub.lambdatest.com/43.204.87.215:443]' for 'GET' to 'https://roshank:LT_0uuZ6lYn8sxQ55aGYiXLDG3lwakfEsccxuWBBfm4EeMb4Wm@hub.lambdatest.com/wd/hub/session/fd89024578dfd6b6776667ac2651f62a/title'
14:58:52.781 [Forwarding getTitle on session fd89024578dfd6b6776667ac2651f62a to remote] DEBUG org.asynchttpclient.netty.request.NettyRequestSender - Using open Channel [id: 0x166685d7, L:/192.168.100.119:51172 - R:hub.lambdatest.com/43.204.87.215:443] for GET '/wd/hub/session/fd89024578dfd6b6776667ac2651f62a/title'
14:58:53.576 [AsyncHttpClient-1-2] DEBUG org.asynchttpclient.netty.handler.HttpHandler - 

Request DefaultFullHttpRequest(decodeResult: success, version: HTTP/1.1, content: EmptyByteBufBE)
GET /wd/hub/session/fd89024578dfd6b6776667ac2651f62a/title HTTP/1.1
User-Agent: selenium/4.10.0 (java mac)
Cache-Control: no-cache
traceparent: 00-48e66fd05f75d61133d6f35c372b5f27-67c9384e700cec34-01
Content-Type: application/json; charset=utf-8
host: hub.lambdatest.com
authorization: Basic cm9zaGFuazpMVF8wdXVaNmxZbjhzeFE1NWFHWWlYTERHM2x3YWtmRXNjY3h1V0JCZm00RWVNYjRXbQ==
accept: */*

Response DefaultHttpResponse(decodeResult: success, version: HTTP/1.1)
HTTP/1.1 200 OK
Date: Thu, 27 Mar 2025 09:28:53 GMT
Content-Type: application/json
Content-Length: 108
Connection: keep-alive
Vary: Accept-Encoding

14:58:53.577 [AsyncHttpClient-1-2] DEBUG org.asynchttpclient.netty.channel.ChannelManager - Adding key: https://hub.lambdatest.com:443 for channel [id: 0x166685d7, L:/192.168.100.119:51172 - R:hub.lambdatest.com/43.204.87.215:443]
Login Successful on LambdaTest!
14:58:53.579 [Forwarding quit on session fd89024578dfd6b6776667ac2651f62a to remote] DEBUG org.asynchttpclient.netty.request.NettyRequestSender - Using pooled Channel '[id: 0x166685d7, L:/192.168.100.119:51172 - R:hub.lambdatest.com/43.204.87.215:443]' for 'DELETE' to 'https://roshank:LT_0uuZ6lYn8sxQ55aGYiXLDG3lwakfEsccxuWBBfm4EeMb4Wm@hub.lambdatest.com/wd/hub/session/fd89024578dfd6b6776667ac2651f62a'
14:58:53.579 [Forwarding quit on session fd89024578dfd6b6776667ac2651f62a to remote] DEBUG org.asynchttpclient.netty.request.NettyRequestSender - Using open Channel [id: 0x166685d7, L:/192.168.100.119:51172 - R:hub.lambdatest.com/43.204.87.215:443] for DELETE '/wd/hub/session/fd89024578dfd6b6776667ac2651f62a'
14:58:53.820 [AsyncHttpClient-1-2] DEBUG org.asynchttpclient.netty.handler.HttpHandler - 

Request DefaultFullHttpRequest(decodeResult: success, version: HTTP/1.1, content: EmptyByteBufBE)
DELETE /wd/hub/session/fd89024578dfd6b6776667ac2651f62a HTTP/1.1
User-Agent: selenium/4.10.0 (java mac)
traceparent: 00-4857dd26a2c5b67a88f86ed2249d9b0d-884e9d2bb2e98e0a-01
Content-Type: application/json; charset=utf-8
host: hub.lambdatest.com
authorization: Basic cm9zaGFuazpMVF8wdXVaNmxZbjhzeFE1NWFHWWlYTERHM2x3YWtmRXNjY3h1V0JCZm00RWVNYjRXbQ==
accept: */*

Response DefaultHttpResponse(decodeResult: success, version: HTTP/1.1)
HTTP/1.1 200 OK
Date: Thu, 27 Mar 2025 09:28:53 GMT
Content-Type: application/json
Content-Length: 14
Connection: keep-alive

14:58:53.820 [AsyncHttpClient-1-2] DEBUG org.asynchttpclient.netty.channel.ChannelManager - Adding key: https://hub.lambdatest.com:443 for channel [id: 0x166685d7, L:/192.168.100.119:51172 - R:hub.lambdatest.com/43.204.87.215:443]
]]></system-out>
  </testcase>
</testsuite>