<?xml version="1.0" encoding="UTF-8"?>
<testsuite xmlns:xsi="http://www.w3.org/2001/XMLSchema-instance" xsi:noNamespaceSchemaLocation="https://maven.apache.org/surefire/maven-surefire-plugin/xsd/surefire-test-report-3.0.xsd" version="3.0" name="hyperexecute.GFGLoginTest" time="29.301" tests="1" errors="0" skipped="0" failures="0">
  <properties>
[...]
</properties>
  <testcase name="testLogin" classname="hyperexecute.GFGLoginTest" time="24.201">
    <system-out><![CDATA[19:30:59.250 [main] DEBUG io.github.bonigarcia.wdm.WebDriverManager - Using WebDriverManager 5.5.3
19:30:59.775 [main] DEBUG io.github.bonigarcia.wdm.cache.ResolutionCache - Removing resolution chrome=134 from cache (expired on Thu Mar 27 15:56:28 IST 2025)
19:30:59.793 [main] DEBUG org.apache.hc.client5.http.impl.classic.InternalHttpClient - ex-0000000001 preparing request execution
19:30:59.801 [main] DEBUG org.apache.hc.client5.http.impl.classic.ProtocolExec - ex-0000000001 target auth state: UNCHALLENGED
19:30:59.802 [main] DEBUG org.apache.hc.client5.http.impl.classic.ProtocolExec - ex-0000000001 proxy auth state: UNCHALLENGED
19:30:59.802 [main] DEBUG org.apache.hc.client5.http.impl.classic.ConnectExec - ex-0000000001 acquiring connection with route {s}->https://raw.githubusercontent.com:443
19:30:59.802 [main] DEBUG org.apache.hc.client5.http.impl.classic.InternalHttpClient - ex-0000000001 acquiring endpoint (3 MINUTES)
19:30:59.803 [main] DEBUG org.apache.hc.client5.http.impl.io.PoolingHttpClientConnectionManager - ex-0000000001 endpoint lease request (3 MINUTES) [route: {s}->https://raw.githubusercontent.com:443][total available: 0; route allocated: 0 of 5; total allocated: 0 of 25]
19:30:59.806 [main] DEBUG org.apache.hc.client5.http.impl.io.PoolingHttpClientConnectionManager - ex-0000000001 endpoint leased [route: {s}->https://raw.githubusercontent.com:443][total available: 0; route allocated: 1 of 5; total allocated: 1 of 25]
19:30:59.820 [main] DEBUG org.apache.hc.client5.http.impl.io.PoolingHttpClientConnectionManager - ex-0000000001 acquired ep-0000000001
19:30:59.820 [main] DEBUG org.apache.hc.client5.http.impl.classic.InternalHttpClient - ex-0000000001 acquired endpoint ep-0000000001
19:30:59.820 [main] DEBUG org.apache.hc.client5.http.impl.classic.ConnectExec - ex-0000000001 opening connection {s}->https://raw.githubusercontent.com:443
19:30:59.821 [main] DEBUG org.apache.hc.client5.http.impl.classic.InternalHttpClient - ep-0000000001 connecting endpoint (null)
19:30:59.824 [main] DEBUG org.apache.hc.client5.http.impl.io.PoolingHttpClientConnectionManager - ep-0000000001 connecting endpoint to https://raw.githubusercontent.com:443 (30 SECONDS)
19:30:59.824 [main] DEBUG org.apache.hc.client5.http.impl.io.DefaultHttpClientConnectionOperator - raw.githubusercontent.com resolving remote address
19:30:59.840 [main] DEBUG org.apache.hc.client5.http.impl.io.DefaultHttpClientConnectionOperator - raw.githubusercontent.com resolved to [raw.githubusercontent.com/185.199.108.133, raw.githubusercontent.com/185.199.110.133, raw.githubusercontent.com/185.199.109.133, raw.githubusercontent.com/185.199.111.133, raw.githubusercontent.com/2606:50c0:8003:0:0:0:0:154, raw.githubusercontent.com/2606:50c0:8001:0:0:0:0:154, raw.githubusercontent.com/2606:50c0:8000:0:0:0:0:154, raw.githubusercontent.com/2606:50c0:8002:0:0:0:0:154]
19:30:59.860 [main] DEBUG org.apache.hc.client5.http.impl.io.DefaultHttpClientConnectionOperator - raw.githubusercontent.com:443 connecting null->raw.githubusercontent.com/185.199.108.133:443 (30 SECONDS)
19:30:59.860 [main] DEBUG org.apache.hc.client5.http.ssl.SSLConnectionSocketFactory - Connecting socket to raw.githubusercontent.com/185.199.108.133:443 with timeout 30 SECONDS
19:30:59.953 [main] DEBUG org.apache.hc.client5.http.ssl.SSLConnectionSocketFactory - Enabled protocols: [TLSv1.3, TLSv1.2]
19:30:59.953 [main] DEBUG org.apache.hc.client5.http.ssl.SSLConnectionSocketFactory - Enabled cipher suites: [TLS_AES_256_GCM_SHA384, TLS_AES_128_GCM_SHA256, TLS_CHACHA20_POLY1305_SHA256, TLS_ECDHE_ECDSA_WITH_AES_256_GCM_SHA384, TLS_ECDHE_ECDSA_WITH_AES_128_GCM_SHA256, TLS_ECDHE_ECDSA_WITH_CHACHA20_POLY1305_SHA256, TLS_ECDHE_RSA_WITH_AES_256_GCM_SHA384, TLS_ECDHE_RSA_WITH_CHACHA20_POLY1305_SHA256, TLS_ECDHE_RSA_WITH_AES_128_GCM_SHA256, TLS_DHE_RSA_WITH_AES_256_GCM_SHA384, TLS_DHE_RSA_WITH_CHACHA20_POLY1305_SHA256, TLS_DHE_DSS_WITH_AES_256_GCM_SHA384, TLS_DHE_RSA_WITH_AES_128_GCM_SHA256, TLS_DHE_DSS_WITH_AES_128_GCM_SHA256, TLS_ECDHE_ECDSA_WITH_AES_256_CBC_SHA384, TLS_ECDHE_RSA_WITH_AES_256_CBC_SHA384, TLS_ECDHE_ECDSA_WITH_AES_128_CBC_SHA256, TLS_ECDHE_RSA_WITH_AES_128_CBC_SHA256, TLS_DHE_RSA_WITH_AES_256_CBC_SHA256, TLS_DHE_DSS_WITH_AES_256_CBC_SHA256, TLS_DHE_RSA_WITH_AES_128_CBC_SHA256, TLS_DHE_DSS_WITH_AES_128_CBC_SHA256, TLS_ECDHE_ECDSA_WITH_AES_256_CBC_SHA, TLS_ECDHE_RSA_WITH_AES_256_CBC_SHA, TLS_ECDHE_ECDSA_WITH_AES_128_CBC_SHA, TLS_ECDHE_RSA_WITH_AES_128_CBC_SHA, TLS_DHE_RSA_WITH_AES_256_CBC_SHA, TLS_DHE_DSS_WITH_AES_256_CBC_SHA, TLS_DHE_RSA_WITH_AES_128_CBC_SHA, TLS_DHE_DSS_WITH_AES_128_CBC_SHA, TLS_RSA_WITH_AES_256_GCM_SHA384, TLS_RSA_WITH_AES_128_GCM_SHA256, TLS_RSA_WITH_AES_256_CBC_SHA256, TLS_RSA_WITH_AES_128_CBC_SHA256, TLS_RSA_WITH_AES_256_CBC_SHA, TLS_RSA_WITH_AES_128_CBC_SHA, TLS_EMPTY_RENEGOTIATION_INFO_SCSV]
19:30:59.954 [main] DEBUG org.apache.hc.client5.http.ssl.SSLConnectionSocketFactory - Starting handshake (null)
19:31:00.176 [main] DEBUG org.apache.hc.client5.http.ssl.SSLConnectionSocketFactory - Secure session established
19:31:00.177 [main] DEBUG org.apache.hc.client5.http.ssl.SSLConnectionSocketFactory -  negotiated protocol: TLSv1.3
19:31:00.177 [main] DEBUG org.apache.hc.client5.http.ssl.SSLConnectionSocketFactory -  negotiated cipher suite: TLS_AES_128_GCM_SHA256
19:31:00.177 [main] DEBUG org.apache.hc.client5.http.ssl.SSLConnectionSocketFactory -  peer principal: CN=*.github.io
19:31:00.184 [main] DEBUG org.apache.hc.client5.http.ssl.SSLConnectionSocketFactory -  peer alternative names: [*.github.io, *.github.com, *.githubusercontent.com, github.com, github.io, githubusercontent.com, www.github.com]
19:31:00.184 [main] DEBUG org.apache.hc.client5.http.ssl.SSLConnectionSocketFactory -  issuer principal: CN=Sectigo RSA Domain Validation Secure Server CA, O=Sectigo Limited, L=Salford, ST=Greater Manchester, C=GB
19:31:00.185 [main] DEBUG org.apache.hc.client5.http.impl.io.DefaultManagedHttpClientConnection - http-outgoing-0 set socket timeout to 3 MINUTES
19:31:00.185 [main] DEBUG org.apache.hc.client5.http.impl.io.DefaultHttpClientConnectionOperator - raw.githubusercontent.com:443 connected null->raw.githubusercontent.com/185.199.108.133:443 as http-outgoing-0
19:31:00.185 [main] DEBUG org.apache.hc.client5.http.impl.io.PoolingHttpClientConnectionManager - ep-0000000001 connected http-outgoing-0
19:31:00.185 [main] DEBUG org.apache.hc.client5.http.impl.classic.InternalHttpClient - ep-0000000001 endpoint connected
19:31:00.186 [main] DEBUG org.apache.hc.client5.http.impl.classic.MainClientExec - ex-0000000001 executing GET /bonigarcia/webdrivermanager/master/src/main/resources/commands.properties HTTP/1.1
19:31:00.186 [main] DEBUG org.apache.hc.client5.http.protocol.RequestAddCookies - ex-0000000001 Cookie spec selected: strict
19:31:00.193 [main] DEBUG org.apache.hc.client5.http.impl.classic.InternalHttpClient - ep-0000000001 start execution ex-0000000001
19:31:00.193 [main] DEBUG org.apache.hc.client5.http.impl.io.PoolingHttpClientConnectionManager - ep-0000000001 executing exchange ex-0000000001 over http-outgoing-0
19:31:00.193 [main] DEBUG org.apache.hc.client5.http.headers - http-outgoing-0 >> GET /bonigarcia/webdrivermanager/master/src/main/resources/commands.properties HTTP/1.1
19:31:00.193 [main] DEBUG org.apache.hc.client5.http.headers - http-outgoing-0 >> user-agent: Apache-HttpClient/5.0
19:31:00.194 [main] DEBUG org.apache.hc.client5.http.headers - http-outgoing-0 >> accept-encoding: gzip, deflate, br
19:31:00.194 [main] DEBUG org.apache.hc.client5.http.headers - http-outgoing-0 >> cache-control: max-age=0
19:31:00.194 [main] DEBUG org.apache.hc.client5.http.headers - http-outgoing-0 >> connection: keep-alive
19:31:00.194 [main] DEBUG org.apache.hc.client5.http.headers - http-outgoing-0 >> Host: raw.githubusercontent.com
19:31:00.194 [main] DEBUG org.apache.hc.client5.http.wire - http-outgoing-0 >> "GET /bonigarcia/webdrivermanager/master/src/main/resources/commands.properties HTTP/1.1[\r][\n]"
19:31:00.194 [main] DEBUG org.apache.hc.client5.http.wire - http-outgoing-0 >> "user-agent: Apache-HttpClient/5.0[\r][\n]"
19:31:00.194 [main] DEBUG org.apache.hc.client5.http.wire - http-outgoing-0 >> "accept-encoding: gzip, deflate, br[\r][\n]"
19:31:00.194 [main] DEBUG org.apache.hc.client5.http.wire - http-outgoing-0 >> "cache-control: max-age=0[\r][\n]"
19:31:00.194 [main] DEBUG org.apache.hc.client5.http.wire - http-outgoing-0 >> "connection: keep-alive[\r][\n]"
19:31:00.194 [main] DEBUG org.apache.hc.client5.http.wire - http-outgoing-0 >> "Host: raw.githubusercontent.com[\r][\n]"
19:31:00.194 [main] DEBUG org.apache.hc.client5.http.wire - http-outgoing-0 >> "[\r][\n]"
19:31:00.199 [main] DEBUG org.apache.hc.client5.http.wire - http-outgoing-0 << "HTTP/1.1 200 OK[\r][\n]"
19:31:00.199 [main] DEBUG org.apache.hc.client5.http.wire - http-outgoing-0 << "Connection: keep-alive[\r][\n]"
19:31:00.199 [main] DEBUG org.apache.hc.client5.http.wire - http-outgoing-0 << "Content-Length: 946[\r][\n]"
19:31:00.199 [main] DEBUG org.apache.hc.client5.http.wire - http-outgoing-0 << "Cache-Control: max-age=300[\r][\n]"
19:31:00.200 [main] DEBUG org.apache.hc.client5.http.wire - http-outgoing-0 << "Content-Security-Policy: default-src 'none'; style-src 'unsafe-inline'; sandbox[\r][\n]"
19:31:00.200 [main] DEBUG org.apache.hc.client5.http.wire - http-outgoing-0 << "Content-Type: text/plain; charset=utf-8[\r][\n]"
19:31:00.200 [main] DEBUG org.apache.hc.client5.http.wire - http-outgoing-0 << "ETag: W/"dc0c32cea2dfa86f6cf10513cf8a64e1e8817484a415b658b4eecd962d4deaee"[\r][\n]"
19:31:00.200 [main] DEBUG org.apache.hc.client5.http.wire - http-outgoing-0 << "Strict-Transport-Security: max-age=31536000[\r][\n]"
19:31:00.200 [main] DEBUG org.apache.hc.client5.http.wire - http-outgoing-0 << "X-Content-Type-Options: nosniff[\r][\n]"
19:31:00.200 [main] DEBUG org.apache.hc.client5.http.wire - http-outgoing-0 << "X-Frame-Options: deny[\r][\n]"
19:31:00.200 [main] DEBUG org.apache.hc.client5.http.wire - http-outgoing-0 << "X-XSS-Protection: 1; mode=block[\r][\n]"
19:31:00.200 [main] DEBUG org.apache.hc.client5.http.wire - http-outgoing-0 << "X-GitHub-Request-Id: 8995:13DF90:3854C:7569C:67CF10B0[\r][\n]"
19:31:00.200 [main] DEBUG org.apache.hc.client5.http.wire - http-outgoing-0 << "Content-Encoding: gzip[\r][\n]"
19:31:00.200 [main] DEBUG org.apache.hc.client5.http.wire - http-outgoing-0 << "Accept-Ranges: bytes[\r][\n]"
19:31:00.200 [main] DEBUG org.apache.hc.client5.http.wire - http-outgoing-0 << "Date: Thu, 27 Mar 2025 14:01:00 GMT[\r][\n]"
19:31:00.200 [main] DEBUG org.apache.hc.client5.http.wire - http-outgoing-0 << "Via: 1.1 varnish[\r][\n]"
19:31:00.201 [main] DEBUG org.apache.hc.client5.http.wire - http-outgoing-0 << "X-Served-By: cache-del21722-DEL[\r][\n]"
19:31:00.201 [main] DEBUG org.apache.hc.client5.http.wire - http-outgoing-0 << "X-Cache: HIT[\r][\n]"
19:31:00.201 [main] DEBUG org.apache.hc.client5.http.wire - http-outgoing-0 << "X-Cache-Hits: 1[\r][\n]"
19:31:00.201 [main] DEBUG org.apache.hc.client5.http.wire - http-outgoing-0 << "X-Timer: S1743084060.214757,VS0,VE1[\r][\n]"
19:31:00.201 [main] DEBUG org.apache.hc.client5.http.wire - http-outgoing-0 << "Vary: Authorization,Accept-Encoding,Origin[\r][\n]"
19:31:00.201 [main] DEBUG org.apache.hc.client5.http.wire - http-outgoing-0 << "Access-Control-Allow-Origin: *[\r][\n]"
19:31:00.201 [main] DEBUG org.apache.hc.client5.http.wire - http-outgoing-0 << "Cross-Origin-Resource-Policy: cross-origin[\r][\n]"
19:31:00.201 [main] DEBUG org.apache.hc.client5.http.wire - http-outgoing-0 << "X-Fastly-Request-ID: 6b4cac96b28cc372bc3111f817e1b6ca2e79a740[\r][\n]"
19:31:00.201 [main] DEBUG org.apache.hc.client5.http.wire - http-outgoing-0 << "Expires: Thu, 27 Mar 2025 14:06:00 GMT[\r][\n]"
19:31:00.201 [main] DEBUG org.apache.hc.client5.http.wire - http-outgoing-0 << "Source-Age: 92[\r][\n]"
19:31:00.201 [main] DEBUG org.apache.hc.client5.http.wire - http-outgoing-0 << "[\r][\n]"
19:31:00.203 [main] DEBUG org.apache.hc.client5.http.headers - http-outgoing-0 << HTTP/1.1 200 OK
19:31:00.203 [main] DEBUG org.apache.hc.client5.http.headers - http-outgoing-0 << Connection: keep-alive
19:31:00.203 [main] DEBUG org.apache.hc.client5.http.headers - http-outgoing-0 << Content-Length: 946
19:31:00.203 [main] DEBUG org.apache.hc.client5.http.headers - http-outgoing-0 << Cache-Control: max-age=300
19:31:00.203 [main] DEBUG org.apache.hc.client5.http.headers - http-outgoing-0 << Content-Security-Policy: default-src 'none'; style-src 'unsafe-inline'; sandbox
19:31:00.203 [main] DEBUG org.apache.hc.client5.http.headers - http-outgoing-0 << Content-Type: text/plain; charset=utf-8
19:31:00.204 [main] DEBUG org.apache.hc.client5.http.headers - http-outgoing-0 << ETag: W/"dc0c32cea2dfa86f6cf10513cf8a64e1e8817484a415b658b4eecd962d4deaee"
19:31:00.204 [main] DEBUG org.apache.hc.client5.http.headers - http-outgoing-0 << Strict-Transport-Security: max-age=31536000
19:31:00.204 [main] DEBUG org.apache.hc.client5.http.headers - http-outgoing-0 << X-Content-Type-Options: nosniff
19:31:00.204 [main] DEBUG org.apache.hc.client5.http.headers - http-outgoing-0 << X-Frame-Options: deny
19:31:00.204 [main] DEBUG org.apache.hc.client5.http.headers - http-outgoing-0 << X-XSS-Protection: 1; mode=block
19:31:00.204 [main] DEBUG org.apache.hc.client5.http.headers - http-outgoing-0 << X-GitHub-Request-Id: 8995:13DF90:3854C:7569C:67CF10B0
19:31:00.204 [main] DEBUG org.apache.hc.client5.http.headers - http-outgoing-0 << Content-Encoding: gzip
19:31:00.204 [main] DEBUG org.apache.hc.client5.http.headers - http-outgoing-0 << Accept-Ranges: bytes
19:31:00.204 [main] DEBUG org.apache.hc.client5.http.headers - http-outgoing-0 << Date: Thu, 27 Mar 2025 14:01:00 GMT
19:31:00.204 [main] DEBUG org.apache.hc.client5.http.headers - http-outgoing-0 << Via: 1.1 varnish
19:31:00.204 [main] DEBUG org.apache.hc.client5.http.headers - http-outgoing-0 << X-Served-By: cache-del21722-DEL
19:31:00.204 [main] DEBUG org.apache.hc.client5.http.headers - http-outgoing-0 << X-Cache: HIT
19:31:00.204 [main] DEBUG org.apache.hc.client5.http.headers - http-outgoing-0 << X-Cache-Hits: 1
19:31:00.204 [main] DEBUG org.apache.hc.client5.http.headers - http-outgoing-0 << X-Timer: S1743084060.214757,VS0,VE1
19:31:00.204 [main] DEBUG org.apache.hc.client5.http.headers - http-outgoing-0 << Vary: Authorization,Accept-Encoding,Origin
19:31:00.204 [main] DEBUG org.apache.hc.client5.http.headers - http-outgoing-0 << Access-Control-Allow-Origin: *
19:31:00.204 [main] DEBUG org.apache.hc.client5.http.headers - http-outgoing-0 << Cross-Origin-Resource-Policy: cross-origin
19:31:00.204 [main] DEBUG org.apache.hc.client5.http.headers - http-outgoing-0 << X-Fastly-Request-ID: 6b4cac96b28cc372bc3111f817e1b6ca2e79a740
19:31:00.204 [main] DEBUG org.apache.hc.client5.http.headers - http-outgoing-0 << Expires: Thu, 27 Mar 2025 14:06:00 GMT
19:31:00.204 [main] DEBUG org.apache.hc.client5.http.headers - http-outgoing-0 << Source-Age: 92
19:31:00.208 [main] DEBUG org.apache.hc.client5.http.impl.classic.MainClientExec - ex-0000000001 connection can be kept alive for 3 MINUTES
19:31:00.221 [main] DEBUG org.apache.hc.client5.http.wire - http-outgoing-0 << "[0x1f][0xffffff8b][0x8][0x0][0x0][0x0][0x0][0x0][0x0][0x3][0xffffffb5]X[0xffffffd1]n[0xffffffda]0[0x14]}[0xffffffe7]+,[0xffffffba]J [0x11][0xffffffb2][0x1][0xffffffeb][0xffffffaa]Jy[0xffffffa0][0x19]e[0xffffffd5][0xffffffa8]`[0xffffffd0]v[0xffffff9b][0xffffffe4][0x17][0xffffff93]8`)[0xffffff89]Q[0xffffff9c]@[0xffffffb7][0xffffffa9][0xfffffffb][0xfffffff6]9NB[0xffffffe3]$[0xc]H[0xffffffe0][0xffffffad][0xffffff8e][0xffffff8f][0xffffffef]97[0xffffffdc]s}[0xffffffd3][0xb][0xffffffa0]S[0xffffffc7]A[0xffffffae][0xffffffc9][0xffffff80][0xffffff89]|4G[0xc][0xffffffd7].[0xffffffc0][0xffffffe3][0xffffff92]0`[0x11][0x1b][0x3][0xffffff83][0xffffffba]>".[0x3][0xfffffffe]2\[0xffffffc4]P[0xffffff9f][0xffffff82]9[0x6][0xfffffff8][0x5][0x1b][0xffffff81][0xffffff8f]M@\[0xffffffb1][0xffffffcd][0xffffff96][0xffffffd8][0xffffffb6][0xffffffc3][0x5][0xfffffff5]L[0xffffffec][0xffffff85] [0x13][0xfffffffb][0xffffffd8][0xfffffff0][0xffffffc5][0xffffffe6][0x1a]{[0xffffff8c]P[0xffffffbe]g[0x1][0xffffffcc][0xffffffff]^x[0x18][0xffffffbb]`[0xffffffee][0xffffffd1][\r][0xffffffe3][0x1b][0xffffff9c][0xffffffb2][0xffffffa1]/=[0xffffffea][0xffffffe0][0x16][0xffffffb8]#[0x1e][0xffffffb6][0xffffffe8]K[0xb][0xffffff8c]W[0xffffffd8]C-00[0x17][0xfffffffc][0xffffffa9][0xffffffd8]%[0xffffff81][0xffffffd3][0xc][0xffffffe3][0xffffff9b][0xffffffc4][0xffffffb2][0xffffffb0][0xffffff87]][0x1f][0xffffffd0][0x10][0xffffffe3][0x13]w[0x1][0xffffffd8]/[0xffffffe6]c[0xffffff87][0xffffff81][0xffffffc6]w[0xffffffe2][0xffffff9a]<j[0xb][0xffffff8c][0xffffff88][0x1b][0xfffffff0]0[0xf][0xffffffc8][0x0][0xffffffe3]Y[0xffffffb3][0xffffffc6]9"[0xffffff8a]Z[0xffffff9c]F[0xffffffdb][0x10][0xffffffcb][0xfffffff6]&:[0xffffffd0]~[0xffffffff]A3[0x1c][0xffffffb3][0xffffffcd][0xffffffb3][0x2][0xffffffaa][0xe]6[0xe]1[0xffffffc4]+[0x11][0xffffffaf]a[0xffffffb3][0xffffffe4]|[0xffffffc0]E[0xe][0xffffffd6][0xffffffea][0xffffff97][0xffffff93][0xffffffe9]x8[0xffffffed]?[0xffffffdc][0xffffffdd][0xffffff8f][0x6][0xffffffb3][0x1b][0xffffffa8]Ax[0x9][0xffffffe1][0xffffff90][0xffffffd2][0xffffff85][0xffffff8d]![0xffffff8c]( [0xffffffec][0xffffffaf]V61[0xffffffb8]4[0xffffffea]B[0x18][0x13][0xfffffff1][0xffffffc8]u[0xffffffb0][0xffffffc0]>x[0xffffff8e][0xffffffdf][0xffffff85][0xffffffba]Fv[0xffffffb0][O[0xffffffa7][0xffffff84][0xffffff9e][0xffffffc6][0xffffff8f][0xffffffeb][0xffffffab][0xffffffe6]9Eu[0xf][0x14]5[0x1a][0xffffffeb][0xfffffffd]Q[0x7f]2[0xfffffff9][0xffffffdc][0x7f][0xffffffec][0xffffff9f]SOO[0xffffff9b][0xe][0xffffff86][0xffffffe0][0xffffffdb][0xffffffd3]`[0xfffffffa][0x13]|[0xfffffff9][0xffffffaa]?[0xffffffc1][0x19][0xffffffb5][0xfffffffc][\r][0xfffffff2]p[0xffffffc2][0x16][0xffffff93][0xffffffdd][0xffffff8e]n12D[0xffffffbc][0xffffffa4][0x16]w[0xffffffc6][0xfffffffc][0xffffffa8][0xffffffad][0xffffffe8][0xffffff86]c[0xffffffc2]z[0x16][0xffffffa9]*[0xffffffb1]I@c[0xffffff88]}[0xffffffe5][0xffffff9e][0x17][0x1a][0xffffffa8][0xffffffbf][0xfffffffb][0xffffff83][0xffffffdd][0xfffffff5]M:[0xffffffcd][0xffffffd7][0xc]e:[0xffffffbd]Tv[0xffffffcd]v[0xffffff9c][0xffffffda][0xffffffbd]k[0xffffffd1][0xfffffff6][0xffffffc4][0xffffffa3]f`[0xfffffff8][0xffffffcf]{$][0x1d].)W[0xe][0xffffffe7][0xffffffd4][0xfffffff5][0xffffffa9][0xffffff9c][0xffffffae]SH[0xffffffca]j[0xffffffb2]C[0xffffffbf][0xffffff87].V[0x3][0xffffffe6][0xffffffa9]s[0xffffffe2][0xffffffaa][0xb][0xffffffc1][0xffffffa1]D[0xfffffffb]@Qv[0xfffffffc][0xffffffee][0xfffffff1][0xffffffc1][0xffffff8e][0xffffffb6][0xb][0xffffff9f]=[0xffffffe0] C[0xfffffff0][0xffffffa4]T35J([0xffffffee]1m[0xffffffb4]Z[0xffffffa9]:[0xffffffef][0xffffff9d][0xffffffbc]I1[0xffffff95][0xffffffb7][0xffffffa0][0xfffffff1]L[0x6][0xffffffa4][0xffffffa3][0xfffffff3][0xffffffce][0x14]7[0xffffffbd]-[0xffffff91][0x15][0xffffffad]O[0xffffffd3][0xffffff9b][0x1e][0xffffffe8]ob[0xffffffdb](![0xffffff81]0[0xffffff89][0xffffffbe][0xffffffcf]k9[0x15][0xffffff95];[0xffffffd2][0xffffffe9][0xffffffa4]tS[0xffffffbe][0xffffffaf][0xffffffcb][0xffffffc6][0xffffff8f]I[0xffffffb2]d[0xfffffff5][0xffffffd0][0xfffffffa]z[0xffffffe0][0xffffff85][0x17]G[0xffffffb6][0xffffffac]s[0xffffffe1]{[0xffffff95][0xfffffffc][0x16]1[0xffffffff][0xfffffffd] [0xffffffa5]w[0xffffff90][0xffffffbf]rB[0xffffff8e][0xffffffe8]E[0xffffffb2][0xffffffc1][0xffffff8e][0xffffffd7][0xffffff90][0x13][0xffffff91]wT[0xffffffbc][0x3][0xffffff94][0xfffffff5].pGKar[0xffffffa0]B[0xffffffe7][0xffffffc4][0xffffffbf]O[0xffffff91]g[0xffffffd2][0xffffffb1][0xffffffb8]M[0xffffffc2]Y`[0x1b][0x13][0xfffffff3]E5[0xffffff83][0xffffffc8][0xffffffa5]I[0xc][0xffffff8f]2^C[0x10][0xffffff86]4[0xffffff99][0xffffffdb][0xffffffc9]a[0xffffff82]n_[0xffffff99][0xffffffca][0xffffff9a][0xffffffca][0xffffffd8][0xffffffe5][0xffffff8c]r[0xffffffba];[0xffffffaf][0xffffffca]72[0xffffffc1][0xfffffff5][0xffffffbf][0xffffffbb]R[0xe]Y[0xffffffd2]&[0xffffffaf]Y[0xffffffc6]tr[0xffffffa9][0xffffffdc][0xe][0xffffffb2][0xffffff8c][0xffffffac][0xffffffa8][0xffffffa4]_[0x12][0xffffffe3]V[0xffffff97]U[0xffffff93][0xffffff85][0xffffffe5]=[0xffffffe4]$[0x1c]J[0x8]([0xffffffb8][0xffffff96][0xffffffd2][0xffffffe7]:[0xffffffda]N[0xffffffb8][0xffffff8c]/t[0xffffffd6]6[0x1d][0xffffffe1][0xffffff9c]"[0xffffff83][0xffffffc9][0x8] ]Jb[0x0][0xffffffdf][0xffffffb2][0xffffff88]Q[0xfffffffb]x[0xffffffbf][0x15][0xffffffcd][0xffffff81][0xfffffffc][0xffffff8d]-<[0xffffffe4]0[0x8][0x5][0x5][0xffffff84]Q[0xffffffec]}[0xffffffd5][0xffffff9c]QP[0xffffffc5]][0xffffffa7]QPe[0x16][0xffffff8e]ym[0x14][0xffffffb8][0x6][0xffffffc7][0x1e]K[0xffffffdd][0xffffffab][0xffffff90]|E[0xffffffea][0xffffffd2]7R[0xffffffc4]+[0xffffffd1][0x1e]d[0xfffffff0][0xc][0xffffffff][0x11][0xffffffa3][0xffffffb0]<[0xffffff9d][0xffffff9f][0xffffff88][0xffffffbf][0xfffffff4][0xffffffc8][0xffffffbb]-[0xffffffba]H[0xffffffc8][[0xffffffc9][0xffffff95]Qq][0xfffffff6]-[0xffffff94]S[0xffffff91][0xffffff91][0xffffff91][0xffffffef]j[0xffffffe2]yA3[0xffffff93][0xfffffff0][0x1d]-[0xb][0xffffffcb][0xffffffe0][\n]"
19:31:00.221 [main] DEBUG org.apache.hc.client5.http.wire - http-outgoing-0 << "[0xffffffbb][0xffffff98][0x10]Z[0xffffffd4][0xffffffbc][0xffffffc6][0xffffffd9]`[0xffffffc9]7>[0x9][0x1c]yf[0xffffffe7][0xf]N[0xffffffd3][0xffffffba][0xffffff92][0xfffffff0][0x15]>^%-[0xffffff95]'[0xffffffea]S[0xb]:[0xffffffb4][0xffffffa7][0x15]5[0xffffff96]Sk)=]l[0xffffff85]T[0xfffffffe][0xffffffd4][0xffffff95][0xfffffff4]T[0xffffff9b]-[0xffffffce]$[0xffffffaa]t;[0xffffffac][0xffffffa4]'/([0xffffffdf][0x12][0xffffff92]-%[0xfffffffe]7[0xffffffdf][0xffffffae]/[0xfffffff0][0xffffffd4]in[0xffffff87][0xffffffe3][0xf]u[0xfffffff3][0xffffff94][0x7][0xffffff9c][0xffffffea]i[0x5][0xffffffe0]<[0xffffffba][0xffffffb0]#%[0xffffffaf][0xffffffae][0xffffffa8])[0xffffffe9][0x5]Q/[0xffffffc0][0xc]Y[0xffffffc8]#[0xffffffdb][0xfffffff0]L,[0xffffff8b][0xffffff83]G[0xffffffd0][0xffffffa2][0xffffffd0][0xffffffd1]N*[0xfffffff0]?l[0x1d]d@[0xffffffbe][0x15][0x0][0x0]"
19:31:00.223 [main] DEBUG org.apache.hc.client5.http.impl.classic.InternalHttpClient - ep-0000000001 releasing valid endpoint
19:31:00.223 [main] DEBUG org.apache.hc.client5.http.impl.io.PoolingHttpClientConnectionManager - ep-0000000001 releasing endpoint
19:31:00.223 [main] DEBUG org.apache.hc.client5.http.impl.io.PoolingHttpClientConnectionManager - ep-0000000001 connection http-outgoing-0 can be kept alive for 3 MINUTES
19:31:00.223 [main] DEBUG org.apache.hc.client5.http.impl.io.PoolingHttpClientConnectionManager - ep-0000000001 connection released [route: {s}->https://raw.githubusercontent.com:443][total available: 1; route allocated: 1 of 5; total allocated: 1 of 25]
19:31:00.224 [main] DEBUG io.github.bonigarcia.wdm.versions.VersionDetector - Detecting chrome version using online commands.properties
19:31:00.227 [main] DEBUG io.github.bonigarcia.wdm.versions.Shell - Running command on the shell: [/Applications/Google Chrome.app/Contents/MacOS/Google Chrome, --version]
19:31:00.422 [main] DEBUG io.github.bonigarcia.wdm.versions.Shell - Result: Google Chrome 134.0.6998.166
19:31:00.424 [main] DEBUG io.github.bonigarcia.wdm.cache.ResolutionCache - Removing resolution chrome134=134.0.6998.165 from cache (expired on Thu Mar 27 17:58:04 IST 2025)
19:31:00.426 [main] DEBUG org.apache.hc.client5.http.impl.classic.InternalHttpClient - ex-0000000002 preparing request execution
19:31:00.426 [main] DEBUG org.apache.hc.client5.http.impl.classic.ProtocolExec - ex-0000000002 target auth state: UNCHALLENGED
19:31:00.427 [main] DEBUG org.apache.hc.client5.http.impl.classic.ProtocolExec - ex-0000000002 proxy auth state: UNCHALLENGED
19:31:00.427 [main] DEBUG org.apache.hc.client5.http.impl.classic.ConnectExec - ex-0000000002 acquiring connection with route {s}->https://googlechromelabs.github.io:443
19:31:00.427 [main] DEBUG org.apache.hc.client5.http.impl.classic.InternalHttpClient - ex-0000000002 acquiring endpoint (3 MINUTES)
19:31:00.427 [main] DEBUG org.apache.hc.client5.http.impl.io.PoolingHttpClientConnectionManager - ex-0000000002 endpoint lease request (3 MINUTES) [route: {s}->https://googlechromelabs.github.io:443][total available: 1; route allocated: 0 of 5; total allocated: 1 of 25]
19:31:00.427 [main] DEBUG org.apache.hc.client5.http.impl.io.PoolingHttpClientConnectionManager - ex-0000000002 endpoint leased [route: {s}->https://googlechromelabs.github.io:443][total available: 1; route allocated: 1 of 5; total allocated: 2 of 25]
19:31:00.427 [main] DEBUG org.apache.hc.client5.http.impl.io.PoolingHttpClientConnectionManager - ex-0000000002 acquired ep-0000000002
19:31:00.427 [main] DEBUG org.apache.hc.client5.http.impl.classic.InternalHttpClient - ex-0000000002 acquired endpoint ep-0000000002
19:31:00.427 [main] DEBUG org.apache.hc.client5.http.impl.classic.ConnectExec - ex-0000000002 opening connection {s}->https://googlechromelabs.github.io:443
19:31:00.427 [main] DEBUG org.apache.hc.client5.http.impl.classic.InternalHttpClient - ep-0000000002 connecting endpoint (null)
19:31:00.427 [main] DEBUG org.apache.hc.client5.http.impl.io.PoolingHttpClientConnectionManager - ep-0000000002 connecting endpoint to https://googlechromelabs.github.io:443 (30 SECONDS)
19:31:00.427 [main] DEBUG org.apache.hc.client5.http.impl.io.DefaultHttpClientConnectionOperator - googlechromelabs.github.io resolving remote address
19:31:00.443 [main] DEBUG org.apache.hc.client5.http.impl.io.DefaultHttpClientConnectionOperator - googlechromelabs.github.io resolved to [googlechromelabs.github.io/185.199.109.153, googlechromelabs.github.io/185.199.111.153, googlechromelabs.github.io/185.199.110.153, googlechromelabs.github.io/185.199.108.153, googlechromelabs.github.io/2606:50c0:8000:0:0:0:0:153, googlechromelabs.github.io/2606:50c0:8003:0:0:0:0:153, googlechromelabs.github.io/2606:50c0:8002:0:0:0:0:153, googlechromelabs.github.io/2606:50c0:8001:0:0:0:0:153]
19:31:00.444 [main] DEBUG org.apache.hc.client5.http.impl.io.DefaultHttpClientConnectionOperator - googlechromelabs.github.io:443 connecting null->googlechromelabs.github.io/185.199.109.153:443 (30 SECONDS)
19:31:00.444 [main] DEBUG org.apache.hc.client5.http.ssl.SSLConnectionSocketFactory - Connecting socket to googlechromelabs.github.io/185.199.109.153:443 with timeout 30 SECONDS
19:31:00.451 [main] DEBUG org.apache.hc.client5.http.ssl.SSLConnectionSocketFactory - Enabled protocols: [TLSv1.3, TLSv1.2]
19:31:00.452 [main] DEBUG org.apache.hc.client5.http.ssl.SSLConnectionSocketFactory - Enabled cipher suites: [TLS_AES_256_GCM_SHA384, TLS_AES_128_GCM_SHA256, TLS_CHACHA20_POLY1305_SHA256, TLS_ECDHE_ECDSA_WITH_AES_256_GCM_SHA384, TLS_ECDHE_ECDSA_WITH_AES_128_GCM_SHA256, TLS_ECDHE_ECDSA_WITH_CHACHA20_POLY1305_SHA256, TLS_ECDHE_RSA_WITH_AES_256_GCM_SHA384, TLS_ECDHE_RSA_WITH_CHACHA20_POLY1305_SHA256, TLS_ECDHE_RSA_WITH_AES_128_GCM_SHA256, TLS_DHE_RSA_WITH_AES_256_GCM_SHA384, TLS_DHE_RSA_WITH_CHACHA20_POLY1305_SHA256, TLS_DHE_DSS_WITH_AES_256_GCM_SHA384, TLS_DHE_RSA_WITH_AES_128_GCM_SHA256, TLS_DHE_DSS_WITH_AES_128_GCM_SHA256, TLS_ECDHE_ECDSA_WITH_AES_256_CBC_SHA384, TLS_ECDHE_RSA_WITH_AES_256_CBC_SHA384, TLS_ECDHE_ECDSA_WITH_AES_128_CBC_SHA256, TLS_ECDHE_RSA_WITH_AES_128_CBC_SHA256, TLS_DHE_RSA_WITH_AES_256_CBC_SHA256, TLS_DHE_DSS_WITH_AES_256_CBC_SHA256, TLS_DHE_RSA_WITH_AES_128_CBC_SHA256, TLS_DHE_DSS_WITH_AES_128_CBC_SHA256, TLS_ECDHE_ECDSA_WITH_AES_256_CBC_SHA, TLS_ECDHE_RSA_WITH_AES_256_CBC_SHA, TLS_ECDHE_ECDSA_WITH_AES_128_CBC_SHA, TLS_ECDHE_RSA_WITH_AES_128_CBC_SHA, TLS_DHE_RSA_WITH_AES_256_CBC_SHA, TLS_DHE_DSS_WITH_AES_256_CBC_SHA, TLS_DHE_RSA_WITH_AES_128_CBC_SHA, TLS_DHE_DSS_WITH_AES_128_CBC_SHA, TLS_RSA_WITH_AES_256_GCM_SHA384, TLS_RSA_WITH_AES_128_GCM_SHA256, TLS_RSA_WITH_AES_256_CBC_SHA256, TLS_RSA_WITH_AES_128_CBC_SHA256, TLS_RSA_WITH_AES_256_CBC_SHA, TLS_RSA_WITH_AES_128_CBC_SHA, TLS_EMPTY_RENEGOTIATION_INFO_SCSV]
19:31:00.452 [main] DEBUG org.apache.hc.client5.http.ssl.SSLConnectionSocketFactory - Starting handshake (null)
19:31:00.471 [main] DEBUG org.apache.hc.client5.http.ssl.SSLConnectionSocketFactory - Secure session established
19:31:00.472 [main] DEBUG org.apache.hc.client5.http.ssl.SSLConnectionSocketFactory -  negotiated protocol: TLSv1.3
19:31:00.472 [main] DEBUG org.apache.hc.client5.http.ssl.SSLConnectionSocketFactory -  negotiated cipher suite: TLS_AES_128_GCM_SHA256
19:31:00.472 [main] DEBUG org.apache.hc.client5.http.ssl.SSLConnectionSocketFactory -  peer principal: CN=*.github.io
19:31:00.472 [main] DEBUG org.apache.hc.client5.http.ssl.SSLConnectionSocketFactory -  peer alternative names: [*.github.io, *.github.com, *.githubusercontent.com, github.com, github.io, githubusercontent.com, www.github.com]
19:31:00.472 [main] DEBUG org.apache.hc.client5.http.ssl.SSLConnectionSocketFactory -  issuer principal: CN=Sectigo RSA Domain Validation Secure Server CA, O=Sectigo Limited, L=Salford, ST=Greater Manchester, C=GB
19:31:00.472 [main] DEBUG org.apache.hc.client5.http.impl.io.DefaultManagedHttpClientConnection - http-outgoing-1 set socket timeout to 3 MINUTES
19:31:00.472 [main] DEBUG org.apache.hc.client5.http.impl.io.DefaultHttpClientConnectionOperator - googlechromelabs.github.io:443 connected null->googlechromelabs.github.io/185.199.109.153:443 as http-outgoing-1
19:31:00.472 [main] DEBUG org.apache.hc.client5.http.impl.io.PoolingHttpClientConnectionManager - ep-0000000002 connected http-outgoing-1
19:31:00.472 [main] DEBUG org.apache.hc.client5.http.impl.classic.InternalHttpClient - ep-0000000002 endpoint connected
19:31:00.472 [main] DEBUG org.apache.hc.client5.http.impl.classic.MainClientExec - ex-0000000002 executing GET /chrome-for-testing/known-good-versions-with-downloads.json HTTP/1.1
19:31:00.472 [main] DEBUG org.apache.hc.client5.http.protocol.RequestAddCookies - ex-0000000002 Cookie spec selected: strict
19:31:00.472 [main] DEBUG org.apache.hc.client5.http.impl.classic.InternalHttpClient - ep-0000000002 start execution ex-0000000002
19:31:00.472 [main] DEBUG org.apache.hc.client5.http.impl.io.PoolingHttpClientConnectionManager - ep-0000000002 executing exchange ex-0000000002 over http-outgoing-1
19:31:00.472 [main] DEBUG org.apache.hc.client5.http.headers - http-outgoing-1 >> GET /chrome-for-testing/known-good-versions-with-downloads.json HTTP/1.1
19:31:00.473 [main] DEBUG org.apache.hc.client5.http.headers - http-outgoing-1 >> user-agent: Apache-HttpClient/5.0
19:31:00.473 [main] DEBUG org.apache.hc.client5.http.headers - http-outgoing-1 >> accept-encoding: gzip, deflate, br
19:31:00.473 [main] DEBUG org.apache.hc.client5.http.headers - http-outgoing-1 >> cache-control: max-age=0
19:31:00.473 [main] DEBUG org.apache.hc.client5.http.headers - http-outgoing-1 >> connection: keep-alive
19:31:00.473 [main] DEBUG org.apache.hc.client5.http.headers - http-outgoing-1 >> Host: googlechromelabs.github.io
19:31:00.473 [main] DEBUG org.apache.hc.client5.http.wire - http-outgoing-1 >> "GET /chrome-for-testing/known-good-versions-with-downloads.json HTTP/1.1[\r][\n]"
19:31:00.473 [main] DEBUG org.apache.hc.client5.http.wire - http-outgoing-1 >> "user-agent: Apache-HttpClient/5.0[\r][\n]"
19:31:00.473 [main] DEBUG org.apache.hc.client5.http.wire - http-outgoing-1 >> "accept-encoding: gzip, deflate, br[\r][\n]"
19:31:00.473 [main] DEBUG org.apache.hc.client5.http.wire - http-outgoing-1 >> "cache-control: max-age=0[\r][\n]"
19:31:00.473 [main] DEBUG org.apache.hc.client5.http.wire - http-outgoing-1 >> "connection: keep-alive[\r][\n]"
19:31:00.473 [main] DEBUG org.apache.hc.client5.http.wire - http-outgoing-1 >> "Host: googlechromelabs.github.io[\r][\n]"
19:31:00.473 [main] DEBUG org.apache.hc.client5.http.wire - http-outgoing-1 >> "[\r][\n]"
19:31:00.479 [main] DEBUG org.apache.hc.client5.http.wire - http-outgoing-1 << "HTTP/1.1 200 OK[\r][\n]"
19:31:00.480 [main] DEBUG org.apache.hc.client5.http.wire - http-outgoing-1 << "Connection: keep-alive[\r][\n]"
19:31:00.480 [main] DEBUG org.apache.hc.client5.http.wire - http-outgoing-1 << "Content-Length: 84723[\r][\n]"
19:31:00.480 [main] DEBUG org.apache.hc.client5.http.wire - http-outgoing-1 << "Server: GitHub.com[\r][\n]"
19:31:00.480 [main] DEBUG org.apache.hc.client5.http.wire - http-outgoing-1 << "Content-Type: application/json; charset=utf-8[\r][\n]"
19:31:00.480 [main] DEBUG org.apache.hc.client5.http.wire - http-outgoing-1 << "permissions-policy: interest-cohort=()[\r][\n]"
19:31:00.480 [main] DEBUG org.apache.hc.client5.http.wire - http-outgoing-1 << "x-origin-cache: HIT[\r][\n]"
19:31:00.480 [main] DEBUG org.apache.hc.client5.http.wire - http-outgoing-1 << "Last-Modified: Thu, 27 Mar 2025 13:15:37 GMT[\r][\n]"
19:31:00.480 [main] DEBUG org.apache.hc.client5.http.wire - http-outgoing-1 << "Access-Control-Allow-Origin: *[\r][\n]"
19:31:00.480 [main] DEBUG org.apache.hc.client5.http.wire - http-outgoing-1 << "Strict-Transport-Security: max-age=31556952[\r][\n]"
19:31:00.480 [main] DEBUG org.apache.hc.client5.http.wire - http-outgoing-1 << "ETag: W/"67e54f79-28baff"[\r][\n]"
19:31:00.480 [main] DEBUG org.apache.hc.client5.http.wire - http-outgoing-1 << "expires: Thu, 27 Mar 2025 13:28:11 GMT[\r][\n]"
19:31:00.480 [main] DEBUG org.apache.hc.client5.http.wire - http-outgoing-1 << "Cache-Control: max-age=600[\r][\n]"
19:31:00.480 [main] DEBUG org.apache.hc.client5.http.wire - http-outgoing-1 << "Content-Encoding: gzip[\r][\n]"
19:31:00.480 [main] DEBUG org.apache.hc.client5.http.wire - http-outgoing-1 << "x-proxy-cache: HIT[\r][\n]"
19:31:00.480 [main] DEBUG org.apache.hc.client5.http.wire - http-outgoing-1 << "X-GitHub-Request-Id: 2C88:1F3932:2E4416:358BEB:67E55033[\r][\n]"
19:31:00.480 [main] DEBUG org.apache.hc.client5.http.wire - http-outgoing-1 << "Accept-Ranges: bytes[\r][\n]"
19:31:00.480 [main] DEBUG org.apache.hc.client5.http.wire - http-outgoing-1 << "Date: Thu, 27 Mar 2025 14:01:00 GMT[\r][\n]"
19:31:00.480 [main] DEBUG org.apache.hc.client5.http.wire - http-outgoing-1 << "Via: 1.1 varnish[\r][\n]"
19:31:00.480 [main] DEBUG org.apache.hc.client5.http.wire - http-outgoing-1 << "Age: 23[\r][\n]"
19:31:00.480 [main] DEBUG org.apache.hc.client5.http.wire - http-outgoing-1 << "X-Served-By: cache-del21722-DEL[\r][\n]"
19:31:00.481 [main] DEBUG org.apache.hc.client5.http.wire - http-outgoing-1 << "X-Cache: HIT[\r][\n]"
19:31:00.481 [main] DEBUG org.apache.hc.client5.http.wire - http-outgoing-1 << "X-Cache-Hits: 1[\r][\n]"
19:31:00.481 [main] DEBUG org.apache.hc.client5.http.wire - http-outgoing-1 << "X-Timer: S1743084060.493423,VS0,VE1[\r][\n]"
19:31:00.481 [main] DEBUG org.apache.hc.client5.http.wire - http-outgoing-1 << "Vary: Accept-Encoding[\r][\n]"
19:31:00.481 [main] DEBUG org.apache.hc.client5.http.wire - http-outgoing-1 << "X-Fastly-Request-ID: 7dfe63ac93ac93b8f6f0b48581814707b41d3b4a[\r][\n]"
19:31:00.481 [main] DEBUG org.apache.hc.client5.http.wire - http-outgoing-1 << "[\r][\n]"
19:31:00.481 [main] DEBUG org.apache.hc.client5.http.headers - http-outgoing-1 << HTTP/1.1 200 OK
19:31:00.481 [main] DEBUG org.apache.hc.client5.http.headers - http-outgoing-1 << Connection: keep-alive
19:31:00.481 [main] DEBUG org.apache.hc.client5.http.headers - http-outgoing-1 << Content-Length: 84723
19:31:00.481 [main] DEBUG org.apache.hc.client5.http.headers - http-outgoing-1 << Server: GitHub.com
19:31:00.481 [main] DEBUG org.apache.hc.client5.http.headers - http-outgoing-1 << Content-Type: application/json; charset=utf-8
19:31:00.481 [main] DEBUG org.apache.hc.client5.http.headers - http-outgoing-1 << permissions-policy: interest-cohort=()
19:31:00.481 [main] DEBUG org.apache.hc.client5.http.headers - http-outgoing-1 << x-origin-cache: HIT
19:31:00.481 [main] DEBUG org.apache.hc.client5.http.headers - http-outgoing-1 << Last-Modified: Thu, 27 Mar 2025 13:15:37 GMT
19:31:00.481 [main] DEBUG org.apache.hc.client5.http.headers - http-outgoing-1 << Access-Control-Allow-Origin: *
19:31:00.481 [main] DEBUG org.apache.hc.client5.http.headers - http-outgoing-1 << Strict-Transport-Security: max-age=31556952
19:31:00.481 [main] DEBUG org.apache.hc.client5.http.headers - http-outgoing-1 << ETag: W/"67e54f79-28baff"
19:31:00.481 [main] DEBUG org.apache.hc.client5.http.headers - http-outgoing-1 << expires: Thu, 27 Mar 2025 13:28:11 GMT
19:31:00.481 [main] DEBUG org.apache.hc.client5.http.headers - http-outgoing-1 << Cache-Control: max-age=600
19:31:00.481 [main] DEBUG org.apache.hc.client5.http.headers - http-outgoing-1 << Content-Encoding: gzip
19:31:00.481 [main] DEBUG org.apache.hc.client5.http.headers - http-outgoing-1 << x-proxy-cache: HIT
19:31:00.482 [main] DEBUG org.apache.hc.client5.http.headers - http-outgoing-1 << X-GitHub-Request-Id: 2C88:1F3932:2E4416:358BEB:67E55033
19:31:00.482 [main] DEBUG org.apache.hc.client5.http.headers - http-outgoing-1 << Accept-Ranges: bytes
19:31:00.482 [main] DEBUG org.apache.hc.client5.http.headers - http-outgoing-1 << Date: Thu, 27 Mar 2025 14:01:00 GMT
19:31:00.482 [main] DEBUG org.apache.hc.client5.http.headers - http-outgoing-1 << Via: 1.1 varnish
19:31:00.482 [main] DEBUG org.apache.hc.client5.http.headers - http-outgoing-1 << Age: 23
19:31:00.482 [main] DEBUG org.apache.hc.client5.http.headers - http-outgoing-1 << X-Served-By: cache-del21722-DEL
19:31:00.482 [main] DEBUG org.apache.hc.client5.http.headers - http-outgoing-1 << X-Cache: HIT
19:31:00.482 [main] DEBUG org.apache.hc.client5.http.headers - http-outgoing-1 << X-Cache-Hits: 1
19:31:00.482 [main] DEBUG org.apache.hc.client5.http.headers - http-outgoing-1 << X-Timer: S1743084060.493423,VS0,VE1
19:31:00.482 [main] DEBUG org.apache.hc.client5.http.headers - http-outgoing-1 << Vary: Accept-Encoding
19:31:00.482 [main] DEBUG org.apache.hc.client5.http.headers - http-outgoing-1 << X-Fastly-Request-ID: 7dfe63ac93ac93b8f6f0b48581814707b41d3b4a
19:31:00.482 [main] DEBUG org.apache.hc.client5.http.impl.classic.MainClientExec - ex-0000000002 connection can be kept alive for 3 MINUTES
19:31:00.532 [main] DEBUG org.apache.hc.client5.http.wire - http-outgoing-1 << "[0x1f][0xffffff8b][0x8][0x0][0x0][0x0][0x0][0x0][0x0][0x3][0xffffffcc][0xffffffbd][0xffffffdd][0xffffff8e],Iv^[0xfffffff9].}[0xffffffad].[0xffffff86][0xffffffdb][0xffffff9f][0xffffff9b][0xfffffff1]9t5[0xffffff83][0xffffffb9][0xffffffe8]!{[0xffffffc8][0x6][0xffffff9a]l[0xffffffa2][0xffffff9b][0xffffff92][0x6]#[0xffffffe8][0xffffffdd]'22[0xffffffcf][0xffffffc9],[0xffffffdb]_[0x1c]U[0xfffffff8]i[0xffffffec][0xfffffff5]A[0x10][0x4][0xffffff8a][0xffffff9d][0xffffffe5]Fbaa[0xffffff95][0xffffff87][0xffffffed][0xffffffed][0xffffffff][0xfffffff3]w[0xffffffff][0xfffffff9][0xffffffa7][0x7f][0xfffffffb][0xffffffe3][0xffffffdf][0xfffffffe][0xfffffff3][0xf][0xffffffff][0xfffffff6][0x1f][0xffffffbf][0xfffffffb][0xffffffc7][0xffffffdf][0xffffff95][[0xffffffe9][0xffffffbf][0xffffffbf][0xffffffd5][0xffffffdf][0xffffff97][0xfffffff3][0xffffffbf][0x1e][0xfffffff5][0x1f][0xffffff8f][0xfffffff6][0xffffff8f][0xffffffad][0xfffffffd]r[0xffffffb4][0xfffffff5][0x7f][0xfffffffc][0xffffffee][0xffffffbf][0xfffffffc][0xffffffee][0xffffffbf][0xffffffff][0xfffffff1][0xffffffaf][0x7f][0xfffffffb][0xffffffd3]_[0xfffffffe][0xfffffffd]o[0xffffffbf][0xfffffffb][0xffffffc7][0xffffffff][0xfffffff3][0x7f]~[0xfffffffb]/[0xffffffee][0x7f]q[0x1c][0xfffffff5][0xffffff97][0xffffffdb]/}[0xffffff9c][0xffffffe5][0xffffff97][0xffffffdb][0xfffffffd]?[0xfffffff5][0xffffffd7]?[0xfffffffe][0xfffffff7]?}[0xffffffff][0xffffffef][0xffffff94][0xffffffa3][0xfffffff5]~[0xffffffff][0xffffffff][0xfffffffc][0xffffffe7][0xffffffbf][0xfffffffc][0xffffff8f][0x7f][0xffffffff][0xfffffff3]_[0xfffffffe][0xfffffff0][0xffffffcf][0xfffffff7][0xffffffbf][0xfffffffd][0xffffff9f][0xffffffbf][0xfffffffb][0xffffffa7][0x7f][0xfffffffd][0xffffffeb]_[0xfffffffe][0xffffffed][0xffffff8f][0xffffff8f][0x7f][0xffffffca][0x7f][0xfffffffc][0xfffffff9][0xf][0xffffffff][0xfffffff9][0xffffffff][0xfffffffc][0xffffffe5][0xffffffaf][0xffffffff]v[0xffffffff][0xf][0xffffffff][0xfffffff9]O[0xffffffff][0xfffffffe][0xffffffdf][0xfffffffe][0xffffffdf][0xffffffd1][0xffffffee][0xffffffff][0xffffffe1][0xffffffff][0xfffffff6][0xffffffd7]?[0xffffffdf][0xffffffff][0xffffffeb][0x7f][0xfffffffd][0xffffffcf][0xffffffff][0xfffffffc][0xffffff8f][0xffffffbf][0xfffffffd][0xffffffe3]?[0xfffffffc][0xffffffc3][0xffffffdf][0xfffffffe][0xfffffff3]/[0x7f][0xfffffffd][0xffffffc3][0xffffffbf][0xfffffffc][0xfffffff1][0xffffff97][0x7f][0xfffffff9][0xffffffcb]_[0xfffffffe][0xffffffe5][0xffffffcf][0x7f][0xfffffffc][0xffffffc3][0x7f][0xfffffffc][0xffffffe9]o[0xffffffbf][0xfffffffc][0xffffffd3]_[0xfffffffe][0xffffffed][0x1f][0xffffffde][0xffffffff]![0xffffffbf][0xffffffbf][0xffffffff][0xfffffff1][0xffffffef][0xffffffff][0xfffffff3]~[0xfffffff8]?[0xfffffffd][0xfffffffb][0xffffffbf][0xfffffffc][0xfffffffe]?[0xfffffffe][0xffffffdb][0xffffffff][0xfffffffd][0xffffffe7]?[0xfffffffd][0xffffffd3]?|=[0xffffffcf]?|[0xfffffffc]S[0xffffffbf][0xfffffffd][0xffffffc7]?[0xfffffffe][0xffffffcb]_[0xfffffffe][0xffffffbf]?[0xfffffffd][0xffffffc7][0xffffffef][0xfffffffe][0xffffffd7][0x7f][0xfffffff9][0xffffffd5][0xfffffff3][0xffffffff][0xffffffed][0xf][0xffffffff][0xfffffff4][0xfffffffb]?[0xfffffffc][0xfffffff5][0xffffffdf][0xfffffffe][0xffffffee]'[0xfffffff8][0xfffffffe][0xffffffcf][0xfffffffd][0xfffffff6][0x7][0xffffffdf][0xffffffff]?[0xffffff9e][0xffffff9d][0xffffffe2][0xffffffef][0xffffffff][0xffffffbf][0xffffff85][0xffffff8f][0x7f][0xffffffea][0xffffffd7][0x13]<[0xfffffff9][0xffffffdf][0xffffffc2][0xffffffff][0xfffffff8][0xffffffd3][0xffffffbf][0xffffffd7][0xfffffff2]w~[0xfffffffa][0xffffffe3][0xffffff9f][0xfffffff9][0xffffffed]?[0xfffffffc][0xfffffff8]/[0xffffff9e]<[0xfffffff9][0xffffffef][0xfffffffe]?[0xfffffff7][0xffffffe3][0xffffff9f][0xfffffff9][0xffffffe5][0xffffffc9][0xffffffdf][0xfffffffe]g[0xfffffffe][0xffffffbf][0xfffffffe][0xffffffd7][0xffffffdb][0xffffffc3]%[0xffffffc2][0xffffffb5][0xffffff9b]1\;[0xe][0xfffffff1][0xfffffffd][0x8]<[0xffffffc5][0x1f][0xffffff87][0xffffffa0]0[0xffffffbe]?[0xffffff9e][0xffffffe2][0xfffffff8][0xfffffffd][0xffffffd1][0xffffffaf][0xffffff82]<[0xffffffaa][0x19][0xffffffc8][0xffffffa3][0xffffffe2] [0xffffffdf][0xffffff8f][0xffffffc0][0xffffff83][0xfffffffc]q[0x8][\n]"
19:31:00.532 [main] DEBUG org.apache.hc.client5.http.wire - http-outgoing-1 << "[0xffffffe4][0xfffffffb][0xffffffe3])[0xffffff90][0xffffffdf][0x1f][0xfffffffd][0x1b]An[0xffffff8f][0xffffffbf]ZCD[0xffffffc5](c[0xffffffa5]s[0xfffffffc]y[0x1e][\n]"
19:31:00.532 [main] DEBUG org.apache.hc.client5.http.wire - http-outgoing-1 << "[0xffffffe3]/'[0xffffffc0]([0xffffffde][0xffffffce][0xffffff90][0xc][0xfffffff1][0xffffff97][0xffffffa7]'3[0xfffffffc][0xffffffeb]'[0xffffffbf][0xffffff82][0xfffffff0]y[0xffffff9b][0x2][0xffffffe1]Y[0xfffffffb][0xffffffc1] [0xfffffffc]8[0xf][0xffffff8a][0xfffffff0][0xfffffffb][0x9]X[0xffffff84]?[0xffffffcf]@ [0xfffffffc][0xfffffffe]t[0x2][0xffffffe1][0xffffffef]O~[\r][0xffffffe1][0xffffffa5][0x10][0xffffffee][0xffffffad]Q[0x8]/[0x1c][0xffffffe1]e[0xffffff80][0xfffffff0]B[0x11]^[0x18][0xffffffc2][0xffffffeb][0x2][0xffffffc2][0xffffffc7]M!<[0xffffffeb][0xffffff84][0x10]~;[0xf][0xffffff8b][0xfffffff0][0xffffffe3][0x4]0[0xffffffc2][0xffffffdf][0xffffffcf][0xffffff80] [0xfffffffc]x:[0xffffff82][0xfffffff0][0xffffffb7]'[0xffffffbf][0xffffff86][0xfffffff0][0xfffffff1]K[0xfffffffc]w[0xffffffba]u[0xffffff8c][0x1b][0xffffff85][0xfffffff0][0xfffffffd]<0[0xffffffc2]o'[0xffffffa0][0x11][0xfffffffe]v[0x6][0x6][0xffffffe1][0xffffffb7][0xffffffa7]3[0x8][0x7f]<[0xfffffff9]5[0xffffff84][0xffffffab][0xffffffb0][0xfffffff0]:[0x7][0x15][0x12]o[0xffffffe7][0xffffff81][0x11][0xffffffae][0x6][0x16][0xffffffae][0xffffffa8][0xffffff85]+f[0xffffffe1]z[0xffffffc5][0xffffffc2]="\ouV[\n]"
19:31:00.533 [main] DEBUG org.apache.hc.client5.http.wire - http-outgoing-1 << "[0xffffffe1][0xffffff8e]#[0xffffffdc][\r][0x10][0xffffffee]([0xffffffc2][0x1d]C[0xffffffb8]_AX[0xffffffbc][0xffffff91][0xffffffa8]G[0x1]^[0xe][0x7f][0xffffff9e][0x7]F[0xffffffd8][0xffffffe0][0xffffff8d][0xffffffc4][0xffffff81][0xffffffbe][0xffffff91]8[0xffffffb0]7[0x12][0xffffffc7][0xffffff95]7[0x12][0xffffffe5][0xfffffff6]K[0xffffff8b][0x8][0xffffffcf][0xffffffdb][0xffffff80][0x10]~;[0xf][0xffffff8b][0xfffffff0][0xffffffe3][0x4]0[0xffffffc2][0xffffffdf][0xffffffcf][0xffffff80] [0xfffffffc]x:[0xffffff82][0xfffffff0][0xffffffb7]'[0xffffffbf][0xffffff86][0xffffffb0][0xffffffb8]/QK[0xffffffe3][0x10][0x6][0xffffffef]K|9[0x1][0xffffff8d]0t_[0xffffffe2][0xffffffcb][0xffffffd3][0x19][0xffffff84]_[0xffffffbb]/[0xfffffff1][0xfffffff1]GM \o[0x7][0xfffffff5]F[0xffffffe2][0xffffffed]<0[0xffffffc2][0xffffffcd][0x0][0xffffffe1][0xffffff86]"[0xffffffdc]0[0xffffff84][0xffffffdb][0x15][0xffffff84]U[0xb][0xffffffb7]rP[0xffffffbf][0xffffffce][0x15][0xffffffbc][0xffffff85][0xffffff8b]A[0xb][0x17][0xffffffb4][0xffffff85][0xb][0xffffffd6][0xffffffc2][0xffffffe5]J[0xb]W[0x15][0x12][0xffffffad][0xffffffad][0x2]!\[0xfffffff1][0xffffff90][0xffffffa8][0x6]!Q[0xffffffd1][0xffffff90][0xffffffa8]XH[0xffffffd4]+!Q[0xffffffc5]{[0xffffffe1][0xffffffda][0xffffffe6]I[0xffffffbd][0xffffff91][0xffffffa8][0xfffffff8]{[0xffffffe1]j[0xfffffff0]^[0xffffffb8][0xffffffa2][0xffffffef][0xffffff85]+[0xfffffff6]^[0xffffffb8]^y/\U[0xb][0xfffffff7][0xffffffe3][0xffffff86]![0xffffff8c][0xffffffb7]p5h[0xffffffe1][0xffffffef]g`[0x10][0xffffffc6]Z[0xfffffff8][0xffffffdb][0xffffff93]_CX[0xfffffffd][0xffffffb4][0xffffffd1][0xfffffffb]I[0xfffffffd][0xffffffeb]\[0xffffffc5][0x7f][0xffffffda][0xffffffa8][0x6]?mT[0xfffffff4][0xffffffa7][0xffffff8d][0xffffff8a][0xfffffffd][0xffffffb4]Q[0xffffffaf][0xfffffffc][0xffffffb4]q[0xffffffff][0xffffffa3]b[0xffffff86]p[0xffffffc1][0x11].[0x6][0x8][0x17][0x14][0xffffffe1][0xffffff82]!\[0xffffffae] [0x1c][0xffffffae][0xfffffff9][0xffffffc0][0x8][0xffffffc3][0xffffffd7]|[0x1e]'[0xffffffe0][0x11][0x6][0xffffffaf][0xfffffff9]<[0xffffff9e]N![0xfffffffc][0xfffffffa]5[0xffffff9f][0xfffffffb][0x1f][\r]3[0xffffff84][0x7][0xffffff8e][0xfffffff0]0@x[0xffffffa0][0x8][0xf][0xc][0xffffffe1]q[0x5][0xffffffe1][0xffffffc3][0xffffff8d][0xffffffe1][0xffffff83][0xffffff87][0xfffffff8]p[0xffffffa0][0xfffffff8]`1>8[0xffffff8e][0xffffff8f]K [0x17]7[0xffffff90][0xb][0xf]rq[0x0][0xffffffb9][0xffffffb0] [0x17][0xe][0xffffffe4]r[0x9][0xffffffe4]8[0xffffff9c][0xf][0xffffff83][0xffffffcc][\r][0xffffffe7][0x7f]=[0x2][0xf]23[0xffffff9c][0xffffffff][0xfffffff5][0xfffffff1][0x14][0xffffffc8]/[\r][0xffffffe7][0x7f][0xffffffff][0xffffffab][0xffffffe6][0x6]r[0xffffffe3]An[0xe] 7[0x16][0xffffffe4][0xffffffc6][0xffffff81][0xffffffdc].[0xffffff81][0xffffffbc][0xffffffdc]^[0x18]/[0xfffffffe][0xffffff8d][0xfffffff1][0xfffffffd][0x8]<[0xffffffc8][0x1f][0xffffff87][0xffffffa0]@^[0xffffffdc]K[0xffffffe3]u[0xffffffe9][0xffffffad][0xfffffff1]Q[0xffffffdd]^[0xffffffba][0xffffffdd]O[0xffffff84][0xffffffa3][0xfffffffc]v[0x6][0xffffff9e][0xffffffe5]o[0xffffffa7][0xffffffa0]`~{>E[0xfffffff3][0xffffffc7][0xffffffb3][0x7f]#[0xffffffce][0xfffffffd][0xfffffffd][0xffffffcf][0xffffffc4][0xffffffb8]~=o#[0xffffffff]B[0xffffffd0][0xffffffe7]y([0xffffff94][0xffffffbf][0xffffff9c][0x0][0x3]y;C2[0xffffffc6]_[0xffffff9e][0xffffff9e][0xc][0xfffffff1][0xffffffaf][0xffffff9f][0xfffffffc][0x12][0xffffffc2]M[0xffffff8c][0xffffffeb][0xffffffd7][0xffffffb3][0xffffffce][0xfffffffc]k[0xffffff99][0xffffff9f][0xffffffe7]a[0x11]n[0xffffffe8][0xffffffb8][0xfffffffe]v[0x6][0x4][0xffffffe1][0x6][0xffffff8c][0xffffffeb][0xffffffff][0xfffffffa][0xffffffc9][0xffffffaf]!|([0xffffff84]{[0xffffffcb]O[0xffffff8a][0xffffffcf][0xfffffff3][0xffffffc0][0x8][0x1f][0x6][0x8][0x1f]([0xffffffc2][0x7][0xffffff86][0xfffffff0]q[0x5]au[0xffffffb3][0xfffffff8][0xffffffec][0xffffffeb][0xffffffa4][0x10][0x6]o[0x16][0x7f]9[0x1][0xffffff8d]0t[0xffffffb3][0xfffffff8][0xffffffcb][0xffffffd3][0x19][0xffffff84]_[0xffffffbb]Y[0xfffffffc][0xfffffff1]G[0xffffffea]f[0xfffffff1]9Z[0xfffffffe][0x2][0xffffffc1][0xffffffcf][0xfffffff3][0xffffffc0][0x8][0xffffffa3]7[0xffffff8b][0xffffffb7]30[0x8][0x3]7[0xffffff8b][0x7f][0xfffffffd][0xffffffe4][0xffffffd7][0x10]n[0x12][0xffffffe1][0xffffff95][0xffffffbf]q[0xffffffe2][0xfffffff3]<0[0xffffffc2][0xffffffcd][0x0][0xffffffe1][0xffffff86]"[0xffffffdc]0[0xffffff84][0xffffffdb][0x15][0xffffff84]O[0xffffff81][0xfffffff0],[0x5][0xb][0xffffff89][0x13]G[0xfffffff8]4@[0xfffffff8]D[0x11]>1[0xffffff84][0xffffffcf]+[0x8][0xffffffab][0xffffff97]jsv[0xffffffcc][0xffffffc2][0xfffffff8]K[0xffffffb5]f[0xfffffff0]R[0xffffffad][0xffffffa1]/[0xffffffd5][0x1a][0xfffffff6]R[0xffffffad]]y[0xffffffa9][0xffffffd6][0xffffffd5]K[0xffffffb5]U[0xe][\n]"
19:31:00.533 [main] DEBUG org.apache.hc.client5.http.wire - http-outgoing-1 << "[0xffffffe1][0xffffff8e][0xffffffbf]T[0xffffffeb][0x6]/[0xffffffd5]:[0xfffffffa]R[0xffffffad]c/[0xffffffd5][0xfffffffa][0xffffff95][0xffffff97]j][0xffffffbd]T[[0xffffffad]P/[0xffffffd5]:[0xfffffffe]R[0xffffffad][0x1b][0xffffffbc]T[0xffffffeb][0xffffffe8]K[0xffffffb5][0xffffff8e][0xffffffbd]T[0xffffffeb]W^[0xffffffaa][0xffffffdd][0xffffffff]([0xffffff8e]([0xffffffb1][0x8]c#J_N[0xffffffc0]#[0xffffff8c][0xffffff8c](}y:[0xffffff85][0xfffffff0]+#J[0x1f][0x7f]T[0x14][0xffffffc2][0xfffffff7][0xffffffae][0xffffffa6][0x10].8[0xffffffc2][0xffffffc5][0x0][0xffffffe1][0xffffff82]"\0[0xffffff84][0xffffffcb][0x15][0xffffff84][0xffffffc5]{[0xffffffe1]v[0xffffffbb][0xffffff95][0xfffffffc][0xffffffed]k[0xffffff9f][0xffffffe7][0xffffff81][0x11]6x/[0xffffffdc][0xffffffd1][0xfffffff7][0xffffffc2][0x1d]{/[0xffffffdc][0xffffffaf][0xffffffbc][0x17][0xffffffee]]![0xffffffdc][0xffffff81][0xffffff8d][0x13][0xffffff9f][0xffffffe7][0xffffff81][0x11][0xffffffee][0x6][0x8]w[0x14][0xffffffe1][0xffffff8e]![0xffffffdc][0xffffffaf] ,>[0xffffffef]uG[0x18][0xffffffbb][0xffffffa9][0xffffffd6][0xffffffc1][0xffffffcf]{}9[0x1][0xffffff8d]0[0xfffffff4]y[0xffffffaf]/Og[0x10]~[0xffffffed][0xfffffff3]^[0x1f][0x7f]$~[0xffffffda]h[0xffffffb7][0xffffffc1]Y[0x18][0xffffffff]i[0xffffffa3][0x1b][0xfffffffc][0xffffffb4][0xffffffd1][0xffffffd1][0xffffff9f]6:[0xfffffff6][0xffffffd3]F[0xffffffbf][0xfffffff2][0xffffffd3]F[0x17];0[0xffffffef][0x8][0x3][0x1f][0xffffff96][0xfffffff9]<[0xf][0xffffff8c]0[0xffffffba][0x3]s;[0x3][0xffffff83]0[0xffffffb0][0x3][0xfffffff3][0xffffffd7]O~[\r]a[0xfffffff1][0xffffffeb]\[0xffffffbb][0xffffff9d]'u_[0xffffffb8][0xffffffe3][0xffffffbf][0xffffffce]u[0xffffff83]_[0xffffffe7]:[0xfffffffa][0xffffffeb]\[0xffffffc7]~[0xffffff9d][0xffffffeb]W~[0xffffff9d][0x1b][0xffffffe2][0xffffffa7][0xffffff8d][0xffffff86]|[0xffffff95][0xffffffe3][0xfffffff3]<,[0xffffffc2][0xffffffc3][0xffffffe0][0xffffffa7][0xffffff8d][0xffffff81][0xfffffffe][0xffffffb4]1[0xffffffb0][0xffffff9f]6[0xffffffc6][0xffffff95][0xffffff9f]6[0xffffff86][0xffffffb8]/[0xffffffdc][0xffffff8e]Q[0xffffffa9][0xffffff97]j[0x3][0xffffffbf]/<[0xc][0xffffffee][0xb][0xf][0xfffffff4][0xffffffbe][0xfffffff0][0xffffffc0][0xffffffee][0xb][0xffffff8f]+[0xfffffff7][0xffffff85][0xffffffef][0x7f][0xffffffd4][0xffffffcc][0x10][0xffffffc6]>,[0xfffffff3][0xffffffe5][0x4]<[0xffffffc2][0xffffffc8][0xffffff87]e[0xffffffbe]<[0xffffff9d]B[0xfffffff8][0xffffff95][0xf][0xffffffcb]|[0xfffffffc][0xffffff91][0xfffffffa]i[0xffffffe3]X[0xffffff83]j[0xffffffe1][0xffffff81][0xffffffff][0xffffffb4]1[0xc]~[0xffffffda][0x18][0xffffffe8]O[0x1b][0x3][0xfffffffb]ic[0xfffffffc][0xfffffff0][0xffffffa7][0xffffff8d][0xffffffff][0xfffffff2][0x1][0xffffffe1]?[0xffffffff][0xfffffff5]Ow[0xffffff90][0x9][0x14][0xffffffdf][0xffffff9f][0xffffffec][0x0][0xffffffe4][0xffffffc7]Ip,[0xffffffbf][0xffffff9c][0x3][0xffffff82][0xfffffff3][0xffffffe3][0x4][0x18][0xffffffa2][0xffffff9f][0xffffffcf][0xffffffff][0xffffffdf][0xffffffba][0xffffffb6][0xb][0xffffffd7][0xffffff96][0x1]|V[0xfffffffc][0xfffffff3]<[0xffffffb0]k[0xffffffbb][0xffffff81]k{[0xffffff80]:[0x13][0xffffffe7][0xffffff8e][0xffffffb9][0xffffffb6];[0xffffffb9]6[0xffffffa2][0xffffffc8][0xffffffb8]V[0x1][0xffffffc9][0xffffffb8]6b[0xffffff99][0xffffffef][0xffffffda][0x1d][0xffffffce]l[0xffffffd7][0xffffffee][0xffffff88][0xffffffbe][0xffffffe0]Z[0xfffffff5]K[=&[0xffffffe6]Z[0xfffffffc][0xffffff97][0xffffffb6]a[0xfffffff0]K[0xffffffdb]@[0x7f]i[0x1b][0xffffffd8]/m[0xffffffe3][0xffffff87][0xffffffbf][0xffffffb4]e[0xffffffbb]6[0xffffffa2][0xffffffc8][0xffffffb8]V[0x1][0xffffffc9][0xffffffb8]6b[0xffffff99][0xffffffef][0xffffffda][0x1d][0xffffffce]l[0xffffffd7][0xffffffee][0xffffff88][0xffffffbe][0xffffffe0]Z[0xfffffff5][0xffffff93]p[0xffffffed][0x15][0xfffffffb]1[0x2][0xffffffff]Ix[0x18][0xfffffffc]$<[0xffffffd0][0xffffff9f][0xffffff84][0x7][0xfffffff6][0xffffff93][0xfffffff0][0xfffffff8][0xffffffe1]O[0xffffffc2][0xffffffd9][0xffffffae][0xffffff8d](2[0xffffffae]U@2[0xffffffae][0xffffff8d]X[0xffffffe6][0xffffffbb]v[0xffffff87]3[0xffffffdb][0xffffffb5];[0xffffffa2]/[0xffffffb8]V[0xffffffdd]][0xffffffa8][0xffffffa3]S+J[0x6]~wa[0x18][0xffffffdc]][0x18][0xffffffe8][0xffffffdd][0xffffff85][0xffffff81][0xffffffdd]][0x18]?[0xffffffbc][0xffffffbb][0xffffff90][0xffffffed][0xffffffda][0xffffff88]"[0xffffffe3]Z[0x5]$[0xffffffe3][0xffffffda][0xffffff88]e[0xffffffbe]kw8[0xffffffb3]][0xffffffbb]#[0xfffffffa][0xffffffdb]]{[0xffffff8a][0x11][0xfffffff8]V[0xffffffcf][0xffffff83][0xffffff9a]\;[0xfffffff1][0x11][0xfffffff8][0xffffffd3]`[0x4][0xfffffffe]DG[0xffffffe0]Ol[0x4][0xfffffffe][0xfffffffc][0xffffffe1][0x8]|[0xffffffb2]k[0x5][0xffffff8a][0xffffff88]k%[0xffffff90][0xffffff88]k[0x5][0xffffff96][0xffffffe9][0xffffffae][\r]p&[0xffffffbb]6 [0xfffffffa][0xffffff82]k[0xffffffd5][0xffffff85][0xffffffc6]z/e[0xffffffca][0xffffffb5][0xfffffff8][0xffffff85][0xffffffc6][0xffffffd3][0xffffffe0]B[0xffffffe3][0xffffff89]^h<[0xffffffb1][0xb][0xffffff8d][0xffffffe7][0xf]/4f[0xffffffbb]6[0xffffffa2][0xffffffc8][0xffffffb8]V[0x1][0xffffffc9][0xffffffb8]6b[0xffffff99][0xffffffef][0xffffffda][0x1d][0xffffffce]l[0xffffffd7][0xffffffee][0xffffff88][0xffffffbe][0xffffffe0]Zu[0xfffffff3][0xffffffb6][0xffffffce][0xffffff83][0xffffffba][0xffffffb6]x[0xffffffe2]7oO[0xffffff83][0xffffff9b][0xffffffb7]'z[0xfffffff3][0xfffffff6][0xffffffc4]n[0xffffffde][0xffffff9e]?[0xffffffbc]y[0xffffff9b][0xffffffed][0xffffffda][0xffffff88]"[0xffffffe3]Z[0x5]$[0xffffffe3][0xffffffda][0xffffff88]e[0xffffffbe]kw8[0xffffffb3]][0xffffffbb]#[0xfffffffa][0xffffff82]k[0xffffffd5][0xfffffffd][0xffffffda][0xffffffba][0xffffff80]o[0x5]}[0xffffff9e][0x7]v[0xffffffad][0xffffffc1][0xfffffffd][0xffffffda]3^d[0xffffffcc][0xffffffc4][0x19][0xffffffbb]_{[0xffffffee][0xffffff97][0x17]Q[0xffffffd7][0xffffff9a][0xffffffdc][0xffffffaf][0xffffff95]@2[0xffffffae]5[0xffffffb8]_[0x1b][0xffffffe0][0xffffffcc]v[0xffffffed][0xfffffff5][0xfffffffb][0xffffffb5][0xfffffff7]?mf[0xffffffae][0xffffff85][0xffffffc7]q[0x1e]'[0xffffffe0]][0xb][0xffffff8e][0xffffffe3]<[0xffffff9e]N[0xffffffb9][0xfffffff6][0x7][0xffffffe3]8[0xfffffff9][0xffffffae][0xffffffdd]Q[0xffffffa4]\[0x1b][0xffffff81][0xffffffa4]\[0xffffffbb]cI[0xffffffb8][0xffffffb6][0xffffffc1][0xffffffae]mW][0xffffffab][0xffffff96]1[0xffffffb5][0xffffff85][0xffffffad][0xffffff87]>[0xfffffff1]eL[0xffffffa7][0xffffffc1]2[0xffffffa6][0x13]][0xffffffc6]tb[0xffffffcb][0xffffff98][0xffffffce][0x1f].c[0xffffffca]vmD[0xffffff91]q[0xffffffad][0x2][0xffffff92]qm[0xffffffc4]2[0xffffffdf][0xffffffb5];[0xffffff9c][0xffffffd9][0xffffffae][0xffffffdd][0x11]}[0xffffffc1][0xffffffb5]j[0xffffff96][0xffffffa1][0x17][0xffffffec]k[0x12]'>[0xffffffcb]p[0x1a][0xffffffcc]2[0xffffff9c][0xfffffff1][0xffffffd2]x&[0xffffffce][0xffffffd8],[0xffffffc3][0xffffffb9]_[0x14]G]k2[0xffffffcb] [0xffffff81]d\k0[0xffffffcb][0x10][0xffffffe0][0xffffffcc]v[0xffffffed][0xfffffff5]Y[0xffffff86][0xffffffa9][0xffffffee]![0xffffff8c][0xffffff86]}[0x2]p[0xffffffe2][0xfffffff7][0x10][0xffffffa6][0xffffffc1]=[0xffffff84][0x19][0x7f][0xfffffff0]M[0xffffffc4]yb[0xfffffff7][0x10][0xffffffe6][0xfffffffe]#/[0xffffffe9]Z[0xffffff81]"[0xffffffe2]Z[0x9]$[0xffffffe2]Z[0xffffff81]e[0xffffffba]k[0x3][0xffffff9c][0xffffffc9][0xffffffae][\r][0xffffff88][0xffffffbe][0xffffffe0][0xffffffda][0xffffffae]\[0xffffffbb]J[0xffffffa3]\[0xffffffdb]q[0xffffffd7]v[0x3][0xffffffd7][0xfffffff6][0x0]u&[0xffffffce][0x1d]smwrmD[0xffffff91]q[0xffffffad][0x2][0xffffff92]qm[0xffffffc4]2[0xffffffdf][0xffffffb5];[0xffffff9c][0xffffffd9][0xffffffae][0xffffffdd][0x11]}[0xffffffc1][0xffffffb5]jn[0xffffffec][0xffffffbc][0xffffffff][0x13])[0xffffffd7][0xffffffe2]sc[0xffffffd3]`nl[0xffffffc6][0x1][0xffffff9d]L[0xffffff9c][0xffffffb1][0xffffffb9][0xffffffb1][0xffffffb9][0xf][0xffffffe5][0xffffffa0][0xffffffae]5[0xffffff99][0x1b][0xffffff93]@2[0xffffffae]5[0xffffff98][0x1b][0xb]pf[0xffffffbb][0xfffffff6][0xfffffffa][0xffffffdc][0xffffffd8][0xffffffba][0xfffffffd]R[0xffffff83]k[0xffffffe7][0xfffffffd][0xffffffff]B[0xffffffae]};[0xf][0xffffffeb][0xffffffda][0xffffffc7][0x9]`[0xffffffd7]~?[0x3][0xffffffe2][0xffffffda][0xffffffc7][0xffffffd3][0x11][0xffffffd7]~{[0xffffffb2][0xffffff85]k[0x5][0xffffff8a][0xffffff88]k%[0xffffff90][0xffffff88]k[0x5][0xffffff96][0xffffffe9][0xffffffae][\r]p&[0xffffffbb]6 [0xfffffffa][0xffffff92]k[0xf]7[0xffffffd9][0x1e][0xffffffbc]m[0xf][0x7][0xffffffdd][0x1e][0xffffffac]o[0xf]N[0xffffffb8][0xffffff87][0xffffff95]q[0x3][0xffffff8f][0xffffff94]r[0x5][0xffffff95][0xffffff94]s[0x3][0xffffff9b][0xffffff84]t[0xf][0xffffffda][0xffffffba][0xffffffc7]Oh[0xfffffff7][0xfffffff1][0xffffff9a][0xffffffd6]I[0xffffffbb][0x5][0xffffffbe]l[0xfffffffb]~[0x4]^[0xffffffbb][0x5][0xffffffbc]n[0xfffffffb][0xfffffffe]xJ[0xffffffbb][0xffffffc5][0xffffffe7][0xffffffc2][0xffffffad][0xffffffe2][0xffffff91][0xffffffd2][0xffffffae][0xffffffa0][0xffffff92][0xffffffd2]n`[0xffffff93][0xffffffd0]nA/[0xffffffdd]FN_[0xffffffd2]n[0x1f]f[0xffffffda][0xffffffed][0x3][0xffffffd7][0xffffffee][0xfffffffd][0x8][0xffffffbc]v?[0xe]Ai[0xfffffff7][0xfffffffe]xJ[0xffffffbb][0xffffffef][0xffffff8f]v[0xffffffd1]n[0xffffffe0][0xffffff91][0xffffffd2][0xffffffae][0xffffffa0][0xffffff92][0xffffffd2]n`[0xffffff93][0xffffffd0][0xffffffee]Fh[0xffffffbe]v7N_[0xffffffd2][0xffffffee][0xffffffd9][0xffffffcd][0xffffffb4]{v\[0xffffffbb][0xfffffff7]#[0xfffffff0][0xffffffda][0xfffffffd]8[0x4][0xffffffa5][0xffffffdd][0xfffffffb][0xffffffe3])[0xffffffed][0xffffffbe]?[0xffffffda]E[0xffffffbb][0xffffff81]GJ[0xffffffbb][0xffffff82]JJ[0xffffffbb][0xffffff81]MB[0xffffffbb][0x1b][0xffffffa1][0xfffffff9][0xffffffda][0xffffffdd]8}I[0xffffffbb]+^Z`[0xffffffb5][0xffffffbb][0xffffffe0][[0xb][0xffffffef]G[0xffffffe0][0xffffffb5][0xfffffffb]q[0x8]J[0xffffffbb][0xb][0xffffffba][0xffffffb8][0xfffffff0][0xfffffffd][0xffffffd1].[0xffffffda][\r]<R[0xffffffda][0x15]TR[0xffffffda][\r]l[0x12][0xffffffda]][0xffffffe8][0xffffffed][0xffffff85][0xffffffc8][0xffffffe9]k[0xffffffda][0xffffff9d]n[0xffffffda][0xffffff9d][0xffffffbc]v[0xffffffa7][0xffffff83]v'[0xffffffab][0xffffffdd][0xffffffc9]iwZiw[0xffffffe7][0x11][0xffffffd3]n[0xffffffa4][0x12][0xffffffd3][0xffffffee][0xffffffce]&[0xffffffa2][0xffffffdd]Ikw^[0xffffffd7][0xffffffee]q+f[0xffffffde][0xffffffbd][0xffffff9f][0x8][0x17][0xffffffef][0xffffffdb][0x19]x[0xfffffff3]~;[0x5][0xffffffa5][0xffffffde][0xffffffb7][0xffffffe7]S[0xffffffee][0xfffffffd]x[0xffffffb6][0xffffff8b]|#[0xffffff94][0xffffff94]}[0x15][0xffffff9a][0xffffff94]~#[0xffffffa0][0xffffff84][0x7f]wL[0xfffffff3][0x5][0xffffffbc][0xffffffc3][0xfffffffa][0xffffff9a][0xffffff81]O[0xffffffb7][0x17][0xe][0xfffffff7][0x13][0xfffffff1][0x6][0xffffffbe][0xffffff9f][0xffffffc1][0xffffffc0][0xffffffc0][0x1f][0xffffffa7][0xffffffc0][0xc]|r/[0x1d]>[0xffffff9e]mc[0xffffffe0][0x0]%f`[0xffffff81]&f[0xffffffe0][0x0](b[0xffffffe0][0xffffff93]~[0xfffffff3][0xffffffb0][0xffffffc3][0xfffffffa][[0xc]<[0xffffffde][0xffffffff]Xm_[0xffffff98]g[0xffffffcd][0xfffffff7][0xffffffef][0xffffffe7]y([0xfffffffb]~9[0x1][0xffffffe6][0xffffffde][0xffffffed][0xc][0xffffffc9][0xffffffe6][0xfffffffd][0xfffffff2][0xfffffff4]d[0xffffffef][0xfffffffe][0xfffffffa][0xffffffc9][0xffffffb0]u[0xffffff9f][0xffffffa2][0xffffff98][0xffffffec][0xffffffdc][0x1f][0x0][0xffffff99]l[0xffffffdc][0xffffffa7]X&[0xfffffffa][0xfffffff6][0x9][0xffffff9c]i[0xffffffb6]}[0xffffff82][0xffffffe8][0xb][0xffffffae]U[0xffffff9b][0xffffffc9]W[0x1d][0xffffff85]r-[0xffffffb8][0xffffff99][0xfffffffc][0xffffffcb][0x9]h[0xffffffd7]B[0xffffff9b][0xffffffc9][0xffffffbf]<[0xffffff9d]q[0xffffffad][0xffffffc7]f[0xfffffff2][0xffffffa7](2[0xffffffae]5[0xffffffd8]L[0xfffffffe][0x14][0xffffffcb]|[0xffffffd7]b[0xffffff9b][0xffffffc9][0xffffff9f] [0xfffffffa][0xffffff82]k[0xffffff9b]r[0xffffffed][0xffffffe8][0xfffffff9][0xffffff9b][0xffffffc9]?[0xffffffcf][0x3][0xffffffbb][0xffffffb6][0x19][0xffffffb8][0xffffffb6][0x5][0xffffffa8]3qn[0xffffff98]k[0xffffff9b][0xffffff93]k#[0xffffff8a][0xffffff8c]k[0x15][0xffffff90][0xffffff8c]k#[0xffffff96][0xfffffff9][0xffffffae][0xffffffdd][0xffffffe1][0xffffffcc]v[0xffffffed][0xffffff8e][0xffffffe8][0xb][0xffffffae][0xffffffed][0xffffffca][0xffffffb5][0xffffffeb][0xffffffc0]\[0xffffffdb]q[0xffffffd7]v[0x3][0xffffffd7][0xfffffff6][0x0]u&[0xffffffce][0x1d]smwrmD[0xffffff91]q[0xffffffad][0x2][0xffffff92]qm[0xffffffc4]2[0xffffffdf][0xffffffb5];[0xffffff9c][0xffffffd9][0xffffffae][0xffffffdd][0x11]}[0xffffffc1][0xffffffb5]#[0xffffffba][0xffffffb6][0xffffffdf]n[0x3]s[0xffffffed][0xffffffc0]];[0xc]\;[0x2][0xffffffd4][0xffffff99]8[0xf][0xffffffcc][0xffffffb5][0xffffffc3][0xffffffc9][0xffffffb5][0x11]E[0xffffffc6][0xffffffb5][\n]"
19:31:00.534 [main] DEBUG org.apache.hc.client5.http.wire - http-outgoing-1 << "H[0xffffffc6][0xffffffb5][0x11][0xffffffcb]|[0xffffffd7][0xffffffee]pf[0xffffffbb]vG[0xfffffff4][0x5][0xffffffd7][0xffffff8a][0xffffffaf]@[0xffffffdc]][0xffffffbb][0xffffffb0][0xfffffff7][0xffffffb5][0xffffffe0]W [0xffffffbe][0xffffff9c][0xffffff80]v-[0xfffffff4][0x15][0xffffff88]/Og\[0xffffffeb][0xfffffff1][0x15][0xffffff88][0xffffffa7](2[0xffffffae]5[0xfffffff8][\n]"
19:31:00.534 [main] DEBUG org.apache.hc.client5.http.wire - http-outgoing-1 << "[0xffffffc4]S,[0xfffffff3]][0xffffff8b]}[0x5][0xffffffe2][0x9][0xffffffa2]/[0xffffffb8]v*[0xffffffd7][0x1e]G[0xfffffffe]W >[0xffffffcf][0x3][0xffffffbb]v[0x1a][0xffffffb8]v[0x6][0xffffffa8]3q[0xffffff9e][0xffffff98]k[0xffffffa7][0xffffff93]k#[0xffffff8a][0xffffff8c]k[0x15][0xffffff90][0xffffff8c]k#[0xffffff96][0xfffffff9][0xffffffae][0xffffffdd][0xffffffe1][0xffffffcc]v[0xffffffed][0xffffff8e][0xffffffe8][0xb][0xffffffae][0x15][0xffffff9b][0xffffffc9][0xffffffef][0xffffffae][0x5][0xffffffbe]n[0xfffffff6]y[0x1e][0xffffffd8][0xffffffb5][0xffffffe8]f[0xfffffff2][0xffffffed][0xc][0xffffff8c]k[0xffffff81][0xffffffcd][0xffffffe4][0xffffffbf]~[0xffffffb2][0xffffff87]k[0xfffffff1][0xffffffcd][0xffffffe4]?[0x0][0xffffff92]q-[0xffffffba][0xffffff99][0xfffffffc][0x9][0xffffff9c][0xffffffd9][0xffffffae][0xffffffbd][0xffffffb2][0xffffff99][0xfffffffc][0xfffffff1][0xffffffa7][0xfffffff3]vS[0xffffffae]-[0x15]r[0xffffffed][0xffffffe3]<[0xffffffa8]k[0xffffffdf]O[0xffffffc0][0xffffffba][0xfffffff6][0xfffffff3][0xc][0xffffff84]k[0xffffffdf][0xffffff9f]N[0xffffffb8][0xfffffff6][0xfffffffb][0xffffff93][0x1d]\[0xffffffab]P$\[0xffffffab][0xffffff81]$\[0xffffffab][0xffffffb0][0xffffffcc]vm[0xffffff84]3[0xffffffd7][0xffffffb5][0x11][0xffffffd1][0x17]\+f[0x19][0xfffffffa][0xffffffad]V[0xffffffe8][0x1d][0xffffffc2][0xffffffe3]<[0xffffffb0]k[0xfffffff9]Y[0xffffff86][0xffffffcf]30[0xffffffae][0xffffffa5]f[0x19][0xffffffbe]?[0xffffffd9][0xffffffc3][0xffffffb5][0x1e][0xffffffb3][0xc][0x1a]H[0xffffffc6][0xffffffb5][0xfffffffc],C[0xffffff84]3[0xffffffdb][0xffffffb5][0xffffff97]g[0x19][0xffffffe6][0xffffffad]([0xffffffd7][0xffffffb6]qR[0xffffffae]-[0xffffffb8]k[0xffffff8b][0xffffff81]kK[0xffffff80]:[0x13][0xffffffe7][0xffffff82][0xffffffb9][0xffffffb6]8[0xffffffb9]6[0xffffffa2][0xffffffc8][0xffffffb8]V[0x1][0xffffffc9][0xffffffb8]6b[0xffffff99][0xffffffef][0xffffffda][0x1d][0xffffffce]l[0xffffffd7][0xffffffee][0xffffff88][0xffffffbe][0xffffffe0][0xffffffda][0xfffffffa]K[0xffffffd8]R[0xffffffd3]o[0xffffffab]`[0xffffffae][0xffffffbd][0xffffff9f][0x7]v[0xffffffed][0xffffffdb][0x9]h[0xffffffd7]~;[0x3][0xffffffe3][0xffffffda][0xffffffb7][0xffffffa7]3[0xffffffae][0xfffffffd]x[0xffffffb2][0xffffff87]k#[0xffffff8a][0xffffff8c]k[0x15][0xffffff90][0xffffff8c]k#[0xffffff96][0xfffffff9][0xffffffae][0xffffffdd][0xffffffe1][0xffffffcc]v[0xffffffed][0xffffff8e][0xffffffe8][0xb][0xffffffae][0x15]sc[0xfffffffd]8*[0xffffffe6]Zzn[0xffffffec][0xfffffffd][0x4][0xffffffb4]k[0xffffffc9][0xffffffb9][0xffffffb1][0xfffffff7][0xffffffa7]3[0xffffffae]5[0xffffff9a][0x1b]S(2[0xffffffae]u[0xffffff99][0x1b]SX[0xffffffe6][0xffffffbb][0xffffff96][0xffffff9d][0x1b][0xffffff8b][0xffffff88][0xffffffbe][0xffffffe0]Z17[0xffffffd6][0xffffff8f][0xffffffd6]'[0xffffffe5]Zzn[0xffffffec][0xfffffffd][0x4][0xffffffb4]k[0xffffffc9][0xffffffb9][0xffffffb1][0xfffffff7][0xffffffa7]3[0xffffffae]5[0xffffff9a][0x1b]S(2[0xffffffae]u[0xffffff99][0x1b]SX[0xffffffe6][0xffffffbb][0xffffff96][0xffffff9d][0x1b][0xffffff8b][0xffffff88][0xffffffbe][0xffffffe0][0xffffffda][0xffffffa1]\{6[0xffffffac]k[0x7][0xffffffee][0xffffffda]a[0xffffffe0][0xffffffda][0x11][0xffffffa0][0xffffffce][0xffffffc4]y`[0xffffffae][0x1d]N[0xffffffae][0xffffff8d](2[0xffffffae]U@2[0xffffffae][0xffffff8d]X[0xffffffe6][0xffffffbb]v[0xffffff87]3[0xffffffdb][0xffffffb5];[0xffffffa2]/[0xffffffb8]V[0xffffffcd][0xffffff8d][0xffffff95][0xffffffe3][0xffffffc4]\K[0xffffffcf][0xffffff8d][0xffffffbd][0xffffff9f][0xffffff80]v-97[0xfffffff6][0xfffffffe]t[0xffffffc6][0xffffffb5]Fsc[\n]"
19:31:00.534 [main] DEBUG org.apache.hc.client5.http.wire - http-outgoing-1 << "E[0xffffffc6][0xffffffb5].sc[\n]"
19:31:00.534 [main] DEBUG org.apache.hc.client5.http.wire - http-outgoing-1 << "[0xffffffcb]|[0xffffffd7][0xffffffb2]sc[0x11][0xffffffd1][0x17]\[0xffffffab][0xffffffe6][0xffffffc6]J[0xffffffbb]a[0xffffffef][0x10][0xffffffe8][0xffffffb9][0xffffffb1][0xfffffff7][0x13][0xffffffd0][0xffffffae]%[0xffffffe7][0xffffffc6][0xffffffde][0xffffff9f][0xffffffce][0xffffffb8][0xffffffd6]hnL[0xffffffa1][0xffffffc8][0xffffffb8][0xffffffd6]enLa[0xffffff99][0xffffffef]Zvn,"[0xfffffffa][0xffffff92]k[0xffffffe3]=[0x4][0xffffffd6][0xffffffb5][0xfffffff4]=[0xffffff84]ip[0xf]a[0xffffff86][0x1f]|sq[0xffffffa6][0xffffffee]!L[0xffffffa7]{[0x8][0x11]E[0xffffffca][0xffffffb5].[0xfffffff7][0x10]"[0xffffff96][0xffffff84]k[0xffffffd9]{[0x8];[0xffffffa2]/[0xffffffb8]V[0xffffffcd][0xffffffe8][0xffffff96][0xfffffff3][0xffffffc4]f[0x19][0xffffffe8][0x19][0xffffffdd][0xfffffff7][0x13][0xffffffd0][0xffffffae]%gt[0xffffffdf][0xffffff9f][0xffffffce][0xffffffb8][0xffffffd6]hFW[0xffffffa1][0xffffffc8][0xffffffb8][0xffffffd6]eFWa[0xffffff99][0xffffffef]ZvF7"[0xfffffffa][0xffffff92]kE[0xffffffd7][0xffffffa2][0xffffffae][0xffffffa5][0xffffffbb]v[0x19]t[0xffffffed][\n]"
19:31:00.535 [main] DEBUG org.apache.hc.client5.http.wire - http-outgoing-1 << "[0x1][0xffffff91][0xffffff8b]3[0xffffffd5][0xffffffb5][0xffffffcb][0xffffffa9]k#[0xffffff8a][0xffffff94]k][0xffffffba]6bI[0xffffffb8][0xffffff96][0xffffffed][0xffffffda][0x1d][0xffffffd1][0xffffffdf][0xffffffee][0xffffffda]C[0xffffffed]C([0xffffffeb]8 [0xffffffd7][0x1e][0xfffffff8]>[0xffffff84][0xffffffc3]`[0x1f][0xffffffc2][0x11][0x7][0xffffffcf][0x13]q>[0xffffffb0]}[0x8][0xffffffc7]>lN[0xffffffba]V[0xffffffa0][0xffffff88][0xffffffb8]V[0x2][0xffffff89][0xffffffb8]V`[0xffffff99][0xffffffee][0xffffffda][0x0]g[0xffffffb2]k[0x3][0xffffffa2]/[0xffffffb8]V[0xffffffcd][0xffffffe8][0xffffff96]5[0xb][0xffffffe5]Z|F[0xfffffff7]0[0xffffff98][0xffffffd1]=[0xffffffe2]0d&[0xffffffce][0xffffffd8][0xffffff8c][0xffffffee][0xffffffb1][0xf]@[0xffffffa2][0xffffffae]5[0xffffff99][0xffffffd1][0xffffff95]@2[0xffffffae]5[0xffffff98][0xffffffd1][\r]pf[0xffffffbb][0xfffffff6][0xfffffffa][0xffffff8c][0xffffffee][0xffffffa1]f[0x19]j[0xffffffbf]u[0xffffffca][0xffffffb5][0xfffffff8],[0xffffffc3]a0[0xffffffcb]p[0xffffffc4]K[0xffffffe3][0xffffff99]8c[0xffffffb3][0xc][0xffffffc7]~Q[0x1c]u[0xffffffad][0xffffffc9],[0xffffff83][0x4][0xffffff92]q[0xffffffad][0xffffffc1],C[0xffffff80]3[0xffffffdb][0xffffffb5][0xffffffd7]g[0x19][0xffffffde][0xfffffffe][0xffffff9f][0xffffffe8][0xffffffda]sb[0xffffffef][0x10][0x6][0xffffffee][0xffffffda]a[0xffffffe0][0xffffffda][0x11][0xffffffa0][0xffffffce][0xffffffc4]y`[0xffffffae][0x1d]N[0xffffffae][0xffffff8d](2[0xffffffae]U@2[0xffffffae][0xffffff8d]X[0xffffffe6][0xffffffbb]v[0xffffff87]3[0xffffffdb][0xffffffb5];[0xffffffa2]/[0xffffffb8]V[0xffffffcd]2[0xffffffb4][0xffffffa3]a[0xffffffef][0x10][0xfffffff0]Y[0xffffff86][0xffffffc3]`[0xffffff96][0xffffffe1][0xffffff88][0xffffff97][0xffffffc6]3q[0xffffffc6]f[0x19][0xffffff8e][0xfffffffd][0xffffffa2]8[0xffffffea]Z[0xffffff93]Y[0x6][0x9]$[0xffffffe3]Z[0xffffff83]Y[0xffffff86][0x0]g[0xffffffb6]k[0xffffffaf][0xffffffcf]2[0x1c]j[0xffffff96][0xffffffa1][0xffffffd5][0xffffff86]u->[0xffffffcb]p[0x18][0xffffffcc]2[0x1c][0xfffffff1][0xffffffd2]x&[0xffffffce][0xffffffd8],[0xffffffc3][0xffffffb1]_[0x14]G]k2[0xffffffcb] [0xffffff81]d\k0[0xffffffcb][0x10][0xffffffe0][0xffffffcc]v[0xffffffed][0xfffffff5]Y[0xffffff86][0xffffffa2][0xffffffde][0xffffffd7][0xfffffff6][0xffffffd5][0xffffffa0][0xffffffef][0xffffffe8]>[0xffffffce][0xffffffc3][0xffffffba][0xffffffb6][0x18][0xffffffbc][0xffffffaf]-[0xfffffff1][0xffffffc5]X"[0xffffffce][0x5]{_[[0xfffffff6][0xffffff97]a[0xffffffa4]k[0x5][0xffffff8a][0xffffff88]k%[0xffffff90][0xffffff88]k[0x5][0xffffff96][0xffffffe9][0xffffffae][\r]p&[0xffffffbb]6 [0xfffffffa][0xffffff82]k[0xffffffd5];[0xffffff84]q[0xffffffa3][0xffffffbe][0xffffffed][0xfffffff8]8[0xf][0xffffffec]Z[0xffffff83]w[0x8]%[0xfffffffe][0xffffffcb]Z&[0xffffffce][0xffffffd8];[0xffffff84][0xffffffb2][0xffffffff][0xb][0x1a][0xffffffea]Z[0xffffff93]w[0x8][0x12]H[0xffffffc6][0xffffffb5][0x6][0xffffffef][0x10][0x2][0xffffff9c][0xffffffd9][0xffffffae][0xffffffbd][0xfffffffe][0xe][0xffffffa1][0xffffffa8]w[0x8][0xffffffe3][0xffffffc0][0xffffffbe]7V[0xfffffff0]w[0x8][0xffffffc5][0xffffffe0][0x1d]B[0xffffff89][0xffffffff][0xffffffb2][0xffffff96][0xffffff89]3[0xfffffff6][0xe][0xffffffa1][0xffffffec][0xffffffff][0xffffff82][0xffffff86][0xffffffba][0xffffffd6][0xffffffe4][0x1d][0xffffff82][0x4][0xffffff92]q[0xffffffad][0xffffffc1];[0xffffff84][0x0]g[0xffffffb6]k[0x7f][0xffffffe2][0x1d][0xffffff82][0xffffff9a][0xffffffd1][0x1d][0xffffffed]l[0xffffff94]k[0xfffffff1][0x19][0xffffffdd]b0[0xffffffa3][[0xffffffe2]0d&[0xffffffce][0xffffffd8][0xffffff8c]n[0xffffffd9][0x7] Q[0xffffffd7][0xffffff9a][0xffffffcc][0xffffffe8]J [0x19][0xffffffd7][0x1a][0xffffffcc][0xffffffe8][0x6]8[0xffffffb3]]{}F[0xffffffb7][0xffffffaa]Y[0xffffff86][0xffffffb3]u[0xffffffca][0xffffffb5][0x15][0xffffff9f]e[0xffffffa8][0x6][0xffffffb3][0xc]5^[0x1a]O[0xffffffc4][0xffffffb9]b[0xffffffb3][0xc]u[0xffffffbf](N[0xffffffba]V[0xffffffa0][0xffffff88][0xffffffb8]V[0x2][0xffffff89][0xffffffb8]V`[0xffffff99][0xffffffee][0xffffffda][0x0]g[0xffffffb2]k[0x3][0xffffffa2]/[0xffffffb8]V[0xfffffffd]66[0xffffffdb]I[0xffffffbd]C[0xffffffa8][0xfffffff8]oc[0xffffffd5][0xffffffe0][0xffffffb7][0xffffffb1][0x1a][0x7f][0xffffff84][0xffffffc8][0xffffffc4][0x19][0xfffffffb]m[0xffffffac][0xffffffee]?<[0xffffffa0][0xffffffae]5[0xfffffff9]mL[0x2][0xffffffc9][0xffffffb8][0xffffffd6][0xffffffe0][0xffffffb7][0xffffffb1][0x0]g[0xffffffb6]k[0xffffffaf][0xffffffff]6V[0xffffffd5];[0xffffff84]U+[0xffffffb5]S[0xffffffb1][0xffffffe2][0xffffffef][0x10][0xffffffaa][0xffffffc1];[0xffffff84][0x1a][0xffffffff]e-[0x13]g[0xffffffec][0x1d]B[0xffffffdd][0xffffffff][0x5][\r]u[0xffffffad][0xffffffc9];[0x4][0x9]$[0xffffffe3]Z[0xffffff83]w[0x8][0x1][0xffffffce]l[0xffffffd7]^[0x7f][0xffffff87][0xffffffd0][0xffffffd4][0xffffffee][0xffffff99]U[0xffffffb1][0xffffffb9][0xffffffb1][0xffffff86][0xffffffef][0xffffff9e]i[0x6][0xffffffbb]gZ\[0xfffffff2][0xffffff91][0xffffff88]s[0xffffffc3]v[0xffffffcf][0xffffffb4]}[0xffffffb1][0x7][0xffffffe9]Z[0xffffff81]"[0xffffffe2]Z[0x9]$[0xffffffe2]Z[0xffffff81]e[0xffffffba]k[0x3][0xffffff9c][0xffffffc9][0xffffffae][\r][0xffffff88][0xffffffbe][0xffffffe0][0xffffffda]C[0xffffffb9][0xffffffb6][0x1d][0xffffffd4]7p[0xffffffde][0xffffffce][0x3][0xffffffbb][0xfffffff6]0p[0xffffffed][0x11][0xffffffa0][0xffffffce][0xffffffc4][0xfffffff9][0xffffffc0]\{8[0xffffffb9]6[0xffffffa2][0xffffffc8][0xffffffb8]V[0x1][0xffffffc9][0xffffffb8]6b[0xffffff99][0xffffffef][0xffffffda][0x1d][0xffffffce]l[0xffffffd7][0xffffffee][0xffffff88][0xffffffbe][0xffffffe0]Z[0xfffffff5][0xffffffdb][0xffffffd8][0xffffffea][0xffffff95][0xffffffba]_[0xffffffdb][0xfffffff0][0xffffffdf][0xffffffc6][0xffffff9a][0xffffffc1]oc-[0xfffffffe][0x8][0xffffff91][0xffffff89]3[0xfffffff6][0xffffffdb]X[0xffffffdb][0x7f]x@]k[0xfffffff2][0xffffffdb][0xffffff98][0x4][0xffffff92]q[0xffffffad][0xffffffc1]oc[0x1][0xffffffce]l[0xffffffd7]^[0xffffffff]m[0xffffffac]U[0xffffffe5][0xffffffda][0x13][0xffffffdb][0xffffff87][0xfffffff0]v[0x1e][0xffffffd8][0xffffffb5][0xffffffd5][0xffffffc0][0xffffffb5]5@[0xffffff9d][0xffffff89]s[0xffffffc5]\[[0xffffff9d]\[0x1b]Qd\[0xffffffab][0xffffff80]d\[0x1b][0xffffffb1][0xffffffcc]w[0xffffffed][0xe]g[0xffffffb6]kwD_pmS[0xffffffae]][\r][0xffffffeb][0xffffffda][0xffffff86][0xffffffbb][0xffffffb6][0x19][0xffffffb8][0xffffffb6][0x5][0xffffffa8]3qn[0xffffff98]k[0xffffff9b][0xffffff93]k#[0xffffff8a][0xffffff8c]k[0x15][0xffffff90][0xffffff8c]k#[0xffffff96][0xfffffff9][0xffffffae][0xffffffdd][0xffffffe1][0xffffffcc]v[0xffffffed][0xffffff8e][0xffffffe8][0xb][0xffffffae][0x15]w[0xffffffbe][0xffffffc6][0xffffffad][0x16][0xffffffec][0xffffffb7]1[0xfffffffc][0xffffffce]W3[0xffffffb8][0xfffffff3][0xffffffd5][0xffffffe2][0xffffffe5][0xffffff9a]L[0xffffff9c][0xffffffb1];_m[0xffffffbf]P[0xffffff83][0xffffffba][0xffffffd6][0xffffffe4][0xffffffce][0xffffff97][0x4][0xffffff92]q[0xffffffad][0xffffffc1][0xffffff9d][0xffffffaf][0x0]g[0xffffffb6]k[0xffffffaf][0xffffffdf][0xfffffff9][0xffffffba][0xffffffff]i1s-[0xfffffffc][0xffffffbd][0xffffffb1][0xffffffc7][0x9]x[0xffffffd7][0xffffff82][0xffffffdf][0x1b]{<[0xffffff9d]r[0xffffffad][0xffffffcf][0xfffffff7][0xffffffc6][0x4][0xffffff8a][0xffffff94]kM[0xffffffbe]7&[0xffffffb0]$\[0xffffff8b]~o, [0xfffffffa][0xffffff92]k[0xffffffab][0xffffff99]k+[0xffffffee][0xffffffda]j[0xffffffe0][0xffffffda][0xffffff8a][0xffffffba][0xffffffb6]b[0xffffffae][0xffffffad]N[0xffffffae][0xffffffdd]Q[0xffffffa4]\[0x1b][0xffffff81][0xffffffa4]\[0xffffffbb]cI[0xffffffb8][0xffffffb6][0xffffffc2][0xffffffae][0xffffffad][0xffffffd7]][0xffffffdb][0xffffffcc]\[0xffffffdb]p[0xffffffd7]6[0x3][0xffffffd7]6[0xffffffd4][0xffffffb5][\r]smsr[0xffffffed][0xffffff8e]"[0xffffffe5][0xffffffda][0x8]$[0xffffffe5][0xffffffda][0x1d]K[0xffffffc2][0xffffffb5][\r]vm[0xffffffbb][0xffffffee][0xffffffda][0xffffffc3]M[0xffffffb6][0x7]o[0xffffffdb][0xffffffc3]A[0xffffffb7][0x7][0xffffffeb][0xffffffdb][0xffffff83][0x13][0xffffffee]ae[0xffffffdc][0xffffffc0]#[0xffffffa5]\A%[0xffffffe5][0xffffffdc][0xffffffc0]&![0xffffffdd][0xffffff83][0xffffffb6][0xffffffee][0xfffffff1][0x13][0xffffffda][0xffffffad]n[0xffffffef]n+[0xffffffff][0xfffffff2][0xffffffb6]:[0xffffffbc][0xffffffbd][0xffffffad][0xffffffec][0xffffffeb][0xffffffdb][0xffffffca][0xffffffbd][0xffffffbf][0xffffffad]V/p[0x3][0xffffff8f][0xffffff94]v[0x5][0xffffff95][0xffffff94]v[0x3][0xffffff9b][0xffffff84]v+[0xfffffffd][0x12][0xffffffb7][0xfffffffe][0xffffffc4][[0xffffffdc][0xffffffe6][0xffffffa6][0xffffffdd][0xffffffc6]k[0xffffffb7]9h[0xffffffb7][0xffffffb1][0xffffffda]m[0xffffff9c]v[0xffffff9b][0xffffff95]v[0x3][0xffffff8f][0xffffff94]v[0x5][0xffffff95][0xffffff94]v[0x3][0xffffff9b][0xffffff84]v[0x1b][0xffffffad][0xffffffdd][0xfffffff6]3[0xffffffda]]n[0xffffffda]][0xffffffbc]v[0xffffff97][0xffffff83]v[0x17][0xffffffab][0xffffffdd][0xffffffc5]iwYiw[0xffffffe7][0x11][0xffffffd3]n[0xffffffa4][0x12][0xffffffd3][0xffffffee][0xffffffce]&[0xffffffa2][0xffffffdd]Ekw][0xffffffd7][0xffffffee]p[0xffffffab][0xffffffdd][0xffffffc1][0xffffffd7][0xffffffee]p[0xffffffa8][0xffffffdd][0xffffffc1][0xffffffd6][0xffffffee][0xffffffe0]jwX[0xffffffd5]n[0xffffffe0][0xffffff91][0xffffffd2][0xffffffae][0xffffffa0][0xffffff92][0xffffffd2]n`[0xffffff93][0xffffffd0][0xffffffee][0xffffffa0]kw[0xfffffffc]D[0xffffffed]N7[0xffffffed]N^[0xffffffbb][0xffffffd3]A[0xffffffbb][0xffffff93][0xffffffd5][0xffffffee][0xffffffe4][0xffffffb4];[0xffffffad][0xffffffb4][0x1b]x[0xffffffa4][0xffffffb4]+[0xffffffa8][0xffffffa4][0xffffffb4][0x1b][0xffffffd8]$[0xffffffb4];i[0xffffffed][0xffffffce][0xffffff9f][0xffffffd0][0xffffffee][0x1a]f[0xffffffda]][0x3][0xffffffd7][0xffffffee][0xfffffffd][0x8][0xffffffbc]v?[0xe]Ai[0xfffffff7][0xfffffffe]xJ[0xffffffbb][0xffffffef][0xffffff8f]v[0xffffffd1]n[0xffffffe0][0xffffff91][0xffffffd2][0xffffffae][0xffffffa0][0xffffff92][0xffffffd2]n`[0xffffff93][0xffffffd0][0xffffffee]Fh[0xffffffbe]v7N[0x7f][0xffffff8b]v[0xffffffcf][0xfffffff7][0xffffffbf][0x1d]j[0xffffffe0]w[0xffffff95][0xffffff96]n[0xffffffdd][0xffffffcf][0xfffffff3]P[0xffffffd2][0xfffffffd]r[0x2][0xffffffcc][0xffffffb9][0xffffffdb][0x19][0xffffff92][0xffffff95][0xfffffffb][0xffffffe5][0xffffffe9][0xffffffc9][0xffffffc6][0xfffffffd][0xfffffff5][0xffffff93]a[0xffffffe1]>E1[0xffffffd9][0xffffffb7]?[0x0]2Y[0xffffffb7]O[0xffffffb1]L[0xffffffb4][0xffffffed][0x13]8[0xffffffd3]d[0xfffffffb][0x4][0xffffffd1][0x17]\+>[0xffffff80]>[0xffffff8e][0x3]X[0xffffffd0][0xfffffff8]y[0x1e][0xffffffd8][0xffffffb5][0xffffffe8][0x7][0xffffffd0][0xffffffb7]30[0xffffffae][0x5]>[0xffffff80][0xfffffffe][0xffffffeb]'{[0xffffffb8][0x16][0xffffffff][0x0][0xfffffffa][0xf][0xffffff80]d\[0xffffff8b]~[0x0][0xfffffffd][0x9][0xffffff9c][0xffffffd9][0xffffffae][0xffffffdd][0x11]}[0xffffffc1][0xffffffb5]S,W8Z[0xffffffc9][0xffffffff][0xffffffa0][0xffffffce][0xffffffe7]y`[0xffffffd7]Nr[0xffffffb9][0xffffffc2]v[0x6][0xffffffc6][0xffffffb5]3[0x7f][0xffffffb9][0xffffffc2][0xffffffaf][0xffffff9f][0xffffffec][0xffffffe1][0xffffffda][0xffffff88]"[0xffffffe3]Z[0x5]$[0xffffffe3][0xffffffda][0xffffff88]e[0xffffffbe]kw8[0xffffffb3]][0xffffffbb]#[0xfffffffa][0xffffff82]k[0xffffff97]r[0xffffffed]8[0xfffffff3]?[0xfffffff2][0xfffffff0]y[0x1e][0xffffffd8][0xffffffb5][0xffffffcb][0xffffffc0][0xffffffb5]+@[0xffffff9d][0xffffff89][0xfffffff3][0xffffffc2]\[0xffffffbb][0xffffff9c]\[0x1b]Qd\[0xffffffab][0xffffff80]d\[0x1b][0xffffffb1][0xffffffcc]w[0xffffffed][0xe]g[0xffffffb6]kwD[0x7f][0xffffffbb]k[0xffffffbb][0xfffffff8][0xffffffa0][0xffffffce]([0xffffffb7][0xffffff95][0xffffffff]+[0xffffffd9][0xffffffe7]yX[0xffffffd7]v[0xfffffff4][0xffffff83]:[0xffffffdb][0x19][0x10][0xffffffd7]v[0xffffffe0][0xffffff83]:[0xffffffbf]~[0xffffffb2][0xffffff85]k[0x5][0xffffff8a][0xffffff88]k%[0xffffff90][0xffffff88]k[0x5][0xffffff96][0xffffffe9][0xffffffae][\r]p&[0xffffffbb]6 [0xfffffffa][0xffffff82]k[0xffffffc5]G[0x1e]F9[0x6][0xfffffff5][0xffffffbe][0xffffffb6][0xffffff83][0x1f]y[0xfffffff8]r[0x2][0xffffffda][0xffffffb5][0xffffffd0]G[0x1e][0xffffffbe]<[0xffffff9d]q[0xffffffad][0xffffffc7]G[0x1e][0xffffff9e][0xffffffa2][0xffffffc8][0xffffffb8][0xffffffd6][0xffffffe0]#[0xf]O[0xffffffb1][0xffffffcc]w-[0xfffffff6][0xffffff91][0xffffff87]'[0xffffff88][0xffffffbe][0xffffffe0]Z[0xfffffff1][0xffffff91][0xffffff87]Q[0xffffffca][0xffffffad]R[0xffffffae][0x5]?[0xfffffff2][0xfffffff0][0xffffffe5][0x4][0xffffffb4]k[0xffffffa1][0xffffff8f]<|y:[0xffffffe3]Z[0xffffff8f][0xffffff8f]<<E[0xffffff91]q[0xffffffad][0xffffffc1]G[0x1e][0xffffff9e]b[0xffffff99][0xffffffef]Z[0xffffffec]#[0xf]O[0x10]}[0xffffffc1][0xffffffb5][0xffffffea]#[0xf][0xffffffa5][0xffffffde][0xffffffb0][0xffffffae][0x5]?[0xfffffff2][0xfffffff0][0xffffffe5][0x4][0xffffffb4]k[0xffffffa1][0xffffff8f]<|y:[0xffffffe3]Z[0xffffff8f][0xffffff8f]<<E[0xffffff91]q[0xffffffad][0xffffffc1]G[0x1e][0xffffff9e]b[0xffffff99][0xffffffef]Z[0xffffffec]#[0xf]O[0x10]}[0xffffffc1][0xffffffb5][0xffffffa7]r[0xffffffed][0x1c][0xffffff9d]r[0xffffffed][0xffffff89][0xffffffbb][0xfffffff6]4p[0xffffffed][0x19][0xffffffa0][0xffffffce][0xffffffc4][0xfffffff9][0xffffffc4]\{:[0xffffffb9]6[0xffffffa2][0xffffffc8][0xffffffb8]V[0x1][0xffffffc9][0xffffffb
[...]
19:31:13.382 [AsyncHttpClient-1-2] DEBUG org.asynchttpclient.netty.handler.HttpHandler - 

Request DefaultHttpRequest(decodeResult: success, version: HTTP/1.1)
POST /wd/hub/session HTTP/1.1
User-Agent: selenium/4.10.0 (java mac)
traceparent: 00-6388563ccbfdf0f998b09455804eab0a-004daee6829dee9c-01
Content-Length: 351
Content-Type: application/json; charset=utf-8
host: hub.lambdatest.com
authorization: Basic cm9zaGFuazpMVF8wdXVaNmxZbjhzeFE1NWFHWWlYTERHM2x3YWtmRXNjY3h1V0JCZm00RWVNYjRXbQ==
accept: */*

Response DefaultHttpResponse(decodeResult: success, version: HTTP/1.1)
HTTP/1.1 200 OK
Date: Thu, 27 Mar 2025 14:01:13 GMT
Content-Type: application/json
Content-Length: 854
Connection: keep-alive
Vary: Accept-Encoding

19:31:13.394 [AsyncHttpClient-1-2] DEBUG org.asynchttpclient.netty.channel.ChannelManager - Adding key: https://hub.lambdatest.com:443 for channel [id: 0x143e8858, L:/192.168.100.119:55408 - R:hub.lambdatest.com/43.204.87.215:443]
19:31:13.496 [Forwarding setTimeout on session 290045122958190ce15a9388800a1a3e to remote] DEBUG org.asynchttpclient.netty.request.NettyRequestSender - Using pooled Channel '[id: 0x143e8858, L:/192.168.100.119:55408 - R:hub.lambdatest.com/43.204.87.215:443]' for 'POST' to 'https://roshank:LT_0uuZ6lYn8sxQ55aGYiXLDG3lwakfEsccxuWBBfm4EeMb4Wm@hub.lambdatest.com/wd/hub/session/290045122958190ce15a9388800a1a3e/timeouts'
19:31:13.497 [Forwarding setTimeout on session 290045122958190ce15a9388800a1a3e to remote] DEBUG org.asynchttpclient.netty.request.NettyRequestSender - Using open Channel [id: 0x143e8858, L:/192.168.100.119:55408 - R:hub.lambdatest.com/43.204.87.215:443] for POST '/wd/hub/session/290045122958190ce15a9388800a1a3e/timeouts'
19:31:13.805 [AsyncHttpClient-1-2] DEBUG org.asynchttpclient.netty.handler.HttpHandler - 

Request DefaultHttpRequest(decodeResult: success, version: HTTP/1.1)
POST /wd/hub/session/290045122958190ce15a9388800a1a3e/timeouts HTTP/1.1
User-Agent: selenium/4.10.0 (java mac)
traceparent: 00-b2f7c5053644a5b6d3bf5d616bf8105f-d4228785cd222443-01
Content-Length: 23
Content-Type: application/json; charset=utf-8
host: hub.lambdatest.com
authorization: Basic cm9zaGFuazpMVF8wdXVaNmxZbjhzeFE1NWFHWWlYTERHM2x3YWtmRXNjY3h1V0JCZm00RWVNYjRXbQ==
accept: */*

Response DefaultHttpResponse(decodeResult: success, version: HTTP/1.1)
HTTP/1.1 200 OK
Date: Thu, 27 Mar 2025 14:01:13 GMT
Content-Type: application/json
Content-Length: 14
Connection: keep-alive

19:31:13.806 [AsyncHttpClient-1-2] DEBUG org.asynchttpclient.netty.channel.ChannelManager - Adding key: https://hub.lambdatest.com:443 for channel [id: 0x143e8858, L:/192.168.100.119:55408 - R:hub.lambdatest.com/43.204.87.215:443]
19:31:13.817 [Forwarding get on session 290045122958190ce15a9388800a1a3e to remote] DEBUG org.asynchttpclient.netty.request.NettyRequestSender - Using pooled Channel '[id: 0x143e8858, L:/192.168.100.119:55408 - R:hub.lambdatest.com/43.204.87.215:443]' for 'POST' to 'https://roshank:LT_0uuZ6lYn8sxQ55aGYiXLDG3lwakfEsccxuWBBfm4EeMb4Wm@hub.lambdatest.com/wd/hub/session/290045122958190ce15a9388800a1a3e/url'
19:31:13.817 [Forwarding get on session 290045122958190ce15a9388800a1a3e to remote] DEBUG org.asynchttpclient.netty.request.NettyRequestSender - Using open Channel [id: 0x143e8858, L:/192.168.100.119:55408 - R:hub.lambdatest.com/43.204.87.215:443] for POST '/wd/hub/session/290045122958190ce15a9388800a1a3e/url'
19:31:15.983 [AsyncHttpClient-1-2] DEBUG org.asynchttpclient.netty.handler.HttpHandler - 

Request DefaultHttpRequest(decodeResult: success, version: HTTP/1.1)
POST /wd/hub/session/290045122958190ce15a9388800a1a3e/url HTTP/1.1
User-Agent: selenium/4.10.0 (java mac)
traceparent: 00-c4d8cb7f7e1c861135fd3a7b544f10d1-0d2fe3dc999e1b94-01
Content-Length: 61
Content-Type: application/json; charset=utf-8
host: hub.lambdatest.com
authorization: Basic cm9zaGFuazpMVF8wdXVaNmxZbjhzeFE1NWFHWWlYTERHM2x3YWtmRXNjY3h1V0JCZm00RWVNYjRXbQ==
accept: */*

Response DefaultHttpResponse(decodeResult: success, version: HTTP/1.1)
HTTP/1.1 200 OK
Date: Thu, 27 Mar 2025 14:01:15 GMT
Content-Type: application/json
Content-Length: 14
Connection: keep-alive

19:31:15.984 [AsyncHttpClient-1-2] DEBUG org.asynchttpclient.netty.channel.ChannelManager - Adding key: https://hub.lambdatest.com:443 for channel [id: 0x143e8858, L:/192.168.100.119:55408 - R:hub.lambdatest.com/43.204.87.215:443]
19:31:15.990 [Forwarding findElement on session 290045122958190ce15a9388800a1a3e to remote] DEBUG org.asynchttpclient.netty.request.NettyRequestSender - Using pooled Channel '[id: 0x143e8858, L:/192.168.100.119:55408 - R:hub.lambdatest.com/43.204.87.215:443]' for 'POST' to 'https://roshank:LT_0uuZ6lYn8sxQ55aGYiXLDG3lwakfEsccxuWBBfm4EeMb4Wm@hub.lambdatest.com/wd/hub/session/290045122958190ce15a9388800a1a3e/element'
19:31:15.990 [Forwarding findElement on session 290045122958190ce15a9388800a1a3e to remote] DEBUG org.asynchttpclient.netty.request.NettyRequestSender - Using open Channel [id: 0x143e8858, L:/192.168.100.119:55408 - R:hub.lambdatest.com/43.204.87.215:443] for POST '/wd/hub/session/290045122958190ce15a9388800a1a3e/element'
19:31:16.331 [AsyncHttpClient-1-2] DEBUG org.asynchttpclient.netty.handler.HttpHandler - 

Request DefaultHttpRequest(decodeResult: success, version: HTTP/1.1)
POST /wd/hub/session/290045122958190ce15a9388800a1a3e/element HTTP/1.1
User-Agent: selenium/4.10.0 (java mac)
traceparent: 00-14603737e33d55c1930fb6274be4ada3-728d26bedf0da3f6-01
Content-Length: 50
Content-Type: application/json; charset=utf-8
host: hub.lambdatest.com
authorization: Basic cm9zaGFuazpMVF8wdXVaNmxZbjhzeFE1NWFHWWlYTERHM2x3YWtmRXNjY3h1V0JCZm00RWVNYjRXbQ==
accept: */*

Response DefaultHttpResponse(decodeResult: success, version: HTTP/1.1)
HTTP/1.1 200 OK
Date: Thu, 27 Mar 2025 14:01:16 GMT
Content-Type: application/json
Content-Length: 126
Connection: keep-alive
Vary: Accept-Encoding

19:31:16.332 [AsyncHttpClient-1-2] DEBUG org.asynchttpclient.netty.channel.ChannelManager - Adding key: https://hub.lambdatest.com:443 for channel [id: 0x143e8858, L:/192.168.100.119:55408 - R:hub.lambdatest.com/43.204.87.215:443]
19:31:16.344 [Forwarding sendKeysToElement on session 290045122958190ce15a9388800a1a3e to remote] DEBUG org.asynchttpclient.netty.request.NettyRequestSender - Using pooled Channel '[id: 0x143e8858, L:/192.168.100.119:55408 - R:hub.lambdatest.com/43.204.87.215:443]' for 'POST' to 'https://roshank:LT_0uuZ6lYn8sxQ55aGYiXLDG3lwakfEsccxuWBBfm4EeMb4Wm@hub.lambdatest.com/wd/hub/session/290045122958190ce15a9388800a1a3e/element/f.E849424D1A08DF7CE9DCC818C7112D39.d.DB3DE0B18B24CDFC36323A3246320B3E.e.29/value'
19:31:16.344 [Forwarding sendKeysToElement on session 290045122958190ce15a9388800a1a3e to remote] DEBUG org.asynchttpclient.netty.request.NettyRequestSender - Using open Channel [id: 0x143e8858, L:/192.168.100.119:55408 - R:hub.lambdatest.com/43.204.87.215:443] for POST '/wd/hub/session/290045122958190ce15a9388800a1a3e/element/f.E849424D1A08DF7CE9DCC818C7112D39.d.DB3DE0B18B24CDFC36323A3246320B3E.e.29/value'
19:31:16.726 [AsyncHttpClient-1-2] DEBUG org.asynchttpclient.netty.handler.HttpHandler - 

Request DefaultHttpRequest(decodeResult: success, version: HTTP/1.1)
POST /wd/hub/session/290045122958190ce15a9388800a1a3e/element/f.E849424D1A08DF7CE9DCC818C7112D39.d.DB3DE0B18B24CDFC36323A3246320B3E.e.29/value HTTP/1.1
User-Agent: selenium/4.10.0 (java mac)
traceparent: 00-8d96d6528e28fe2b105d1092171a1362-ad08c73d04d174c9-01
Content-Length: 379
Content-Type: application/json; charset=utf-8
host: hub.lambdatest.com
authorization: Basic cm9zaGFuazpMVF8wdXVaNmxZbjhzeFE1NWFHWWlYTERHM2x3YWtmRXNjY3h1V0JCZm00RWVNYjRXbQ==
accept: */*

Response DefaultHttpResponse(decodeResult: success, version: HTTP/1.1)
HTTP/1.1 200 OK
Date: Thu, 27 Mar 2025 14:01:16 GMT
Content-Type: application/json
Content-Length: 14
Connection: keep-alive

19:31:16.727 [AsyncHttpClient-1-2] DEBUG org.asynchttpclient.netty.channel.ChannelManager - Adding key: https://hub.lambdatest.com:443 for channel [id: 0x143e8858, L:/192.168.100.119:55408 - R:hub.lambdatest.com/43.204.87.215:443]
19:31:16.732 [Forwarding findElement on session 290045122958190ce15a9388800a1a3e to remote] DEBUG org.asynchttpclient.netty.request.NettyRequestSender - Using pooled Channel '[id: 0x143e8858, L:/192.168.100.119:55408 - R:hub.lambdatest.com/43.204.87.215:443]' for 'POST' to 'https://roshank:LT_0uuZ6lYn8sxQ55aGYiXLDG3lwakfEsccxuWBBfm4EeMb4Wm@hub.lambdatest.com/wd/hub/session/290045122958190ce15a9388800a1a3e/element'
19:31:16.732 [Forwarding findElement on session 290045122958190ce15a9388800a1a3e to remote] DEBUG org.asynchttpclient.netty.request.NettyRequestSender - Using open Channel [id: 0x143e8858, L:/192.168.100.119:55408 - R:hub.lambdatest.com/43.204.87.215:443] for POST '/wd/hub/session/290045122958190ce15a9388800a1a3e/element'
19:31:16.918 [AsyncHttpClient-1-2] DEBUG org.asynchttpclient.netty.handler.HttpHandler - 

Request DefaultHttpRequest(decodeResult: success, version: HTTP/1.1)
POST /wd/hub/session/290045122958190ce15a9388800a1a3e/element HTTP/1.1
User-Agent: selenium/4.10.0 (java mac)
traceparent: 00-1f801d093be76da5b2aefb54499380b3-a4e5c8c275e1b808-01
Content-Length: 53
Content-Type: application/json; charset=utf-8
host: hub.lambdatest.com
authorization: Basic cm9zaGFuazpMVF8wdXVaNmxZbjhzeFE1NWFHWWlYTERHM2x3YWtmRXNjY3h1V0JCZm00RWVNYjRXbQ==
accept: */*

Response DefaultHttpResponse(decodeResult: success, version: HTTP/1.1)
HTTP/1.1 200 OK
Date: Thu, 27 Mar 2025 14:01:16 GMT
Content-Type: application/json
Content-Length: 126
Connection: keep-alive
Vary: Accept-Encoding

19:31:16.919 [AsyncHttpClient-1-2] DEBUG org.asynchttpclient.netty.channel.ChannelManager - Adding key: https://hub.lambdatest.com:443 for channel [id: 0x143e8858, L:/192.168.100.119:55408 - R:hub.lambdatest.com/43.204.87.215:443]
19:31:16.924 [Forwarding sendKeysToElement on session 290045122958190ce15a9388800a1a3e to remote] DEBUG org.asynchttpclient.netty.request.NettyRequestSender - Using pooled Channel '[id: 0x143e8858, L:/192.168.100.119:55408 - R:hub.lambdatest.com/43.204.87.215:443]' for 'POST' to 'https://roshank:LT_0uuZ6lYn8sxQ55aGYiXLDG3lwakfEsccxuWBBfm4EeMb4Wm@hub.lambdatest.com/wd/hub/session/290045122958190ce15a9388800a1a3e/element/f.E849424D1A08DF7CE9DCC818C7112D39.d.DB3DE0B18B24CDFC36323A3246320B3E.e.30/value'
19:31:16.925 [Forwarding sendKeysToElement on session 290045122958190ce15a9388800a1a3e to remote] DEBUG org.asynchttpclient.netty.request.NettyRequestSender - Using open Channel [id: 0x143e8858, L:/192.168.100.119:55408 - R:hub.lambdatest.com/43.204.87.215:443] for POST '/wd/hub/session/290045122958190ce15a9388800a1a3e/element/f.E849424D1A08DF7CE9DCC818C7112D39.d.DB3DE0B18B24CDFC36323A3246320B3E.e.30/value'
19:31:17.150 [AsyncHttpClient-1-2] DEBUG org.asynchttpclient.netty.handler.HttpHandler - 

Request DefaultHttpRequest(decodeResult: success, version: HTTP/1.1)
POST /wd/hub/session/290045122958190ce15a9388800a1a3e/element/f.E849424D1A08DF7CE9DCC818C7112D39.d.DB3DE0B18B24CDFC36323A3246320B3E.e.30/value HTTP/1.1
User-Agent: selenium/4.10.0 (java mac)
traceparent: 00-ecf4df5b318ff7627d85134798f195b6-42c053b04f84658d-01
Content-Length: 249
Content-Type: application/json; charset=utf-8
host: hub.lambdatest.com
authorization: Basic cm9zaGFuazpMVF8wdXVaNmxZbjhzeFE1NWFHWWlYTERHM2x3YWtmRXNjY3h1V0JCZm00RWVNYjRXbQ==
accept: */*

Response DefaultHttpResponse(decodeResult: success, version: HTTP/1.1)
HTTP/1.1 200 OK
Date: Thu, 27 Mar 2025 14:01:17 GMT
Content-Type: application/json
Content-Length: 14
Connection: keep-alive

19:31:17.151 [AsyncHttpClient-1-2] DEBUG org.asynchttpclient.netty.channel.ChannelManager - Adding key: https://hub.lambdatest.com:443 for channel [id: 0x143e8858, L:/192.168.100.119:55408 - R:hub.lambdatest.com/43.204.87.215:443]
19:31:17.155 [Forwarding findElement on session 290045122958190ce15a9388800a1a3e to remote] DEBUG org.asynchttpclient.netty.request.NettyRequestSender - Using pooled Channel '[id: 0x143e8858, L:/192.168.100.119:55408 - R:hub.lambdatest.com/43.204.87.215:443]' for 'POST' to 'https://roshank:LT_0uuZ6lYn8sxQ55aGYiXLDG3lwakfEsccxuWBBfm4EeMb4Wm@hub.lambdatest.com/wd/hub/session/290045122958190ce15a9388800a1a3e/element'
19:31:17.155 [Forwarding findElement on session 290045122958190ce15a9388800a1a3e to remote] DEBUG org.asynchttpclient.netty.request.NettyRequestSender - Using open Channel [id: 0x143e8858, L:/192.168.100.119:55408 - R:hub.lambdatest.com/43.204.87.215:443] for POST '/wd/hub/session/290045122958190ce15a9388800a1a3e/element'
19:31:17.341 [AsyncHttpClient-1-2] DEBUG org.asynchttpclient.netty.handler.HttpHandler - 

Request DefaultHttpRequest(decodeResult: success, version: HTTP/1.1)
POST /wd/hub/session/290045122958190ce15a9388800a1a3e/element HTTP/1.1
User-Agent: selenium/4.10.0 (java mac)
traceparent: 00-2994fc886b685d7630b24e0a66bfa340-c58e6b566289b748-01
Content-Length: 73
Content-Type: application/json; charset=utf-8
host: hub.lambdatest.com
authorization: Basic cm9zaGFuazpMVF8wdXVaNmxZbjhzeFE1NWFHWWlYTERHM2x3YWtmRXNjY3h1V0JCZm00RWVNYjRXbQ==
accept: */*

Response DefaultHttpResponse(decodeResult: success, version: HTTP/1.1)
HTTP/1.1 200 OK
Date: Thu, 27 Mar 2025 14:01:17 GMT
Content-Type: application/json
Content-Length: 125
Connection: keep-alive
Vary: Accept-Encoding

19:31:17.342 [AsyncHttpClient-1-2] DEBUG org.asynchttpclient.netty.channel.ChannelManager - Adding key: https://hub.lambdatest.com:443 for channel [id: 0x143e8858, L:/192.168.100.119:55408 - R:hub.lambdatest.com/43.204.87.215:443]
19:31:17.348 [Forwarding clickElement on session 290045122958190ce15a9388800a1a3e to remote] DEBUG org.asynchttpclient.netty.request.NettyRequestSender - Using pooled Channel '[id: 0x143e8858, L:/192.168.100.119:55408 - R:hub.lambdatest.com/43.204.87.215:443]' for 'POST' to 'https://roshank:LT_0uuZ6lYn8sxQ55aGYiXLDG3lwakfEsccxuWBBfm4EeMb4Wm@hub.lambdatest.com/wd/hub/session/290045122958190ce15a9388800a1a3e/element/f.E849424D1A08DF7CE9DCC818C7112D39.d.DB3DE0B18B24CDFC36323A3246320B3E.e.3/click'
19:31:17.348 [Forwarding clickElement on session 290045122958190ce15a9388800a1a3e to remote] DEBUG org.asynchttpclient.netty.request.NettyRequestSender - Using open Channel [id: 0x143e8858, L:/192.168.100.119:55408 - R:hub.lambdatest.com/43.204.87.215:443] for POST '/wd/hub/session/290045122958190ce15a9388800a1a3e/element/f.E849424D1A08DF7CE9DCC818C7112D39.d.DB3DE0B18B24CDFC36323A3246320B3E.e.3/click'
19:31:17.574 [AsyncHttpClient-1-2] DEBUG org.asynchttpclient.netty.handler.HttpHandler - 

Request DefaultHttpRequest(decodeResult: success, version: HTTP/1.1)
POST /wd/hub/session/290045122958190ce15a9388800a1a3e/element/f.E849424D1A08DF7CE9DCC818C7112D39.d.DB3DE0B18B24CDFC36323A3246320B3E.e.3/click HTTP/1.1
User-Agent: selenium/4.10.0 (java mac)
traceparent: 00-d625cc569ea03cdbd54fdf90173b8a6b-dfc9b7646dc31c16-01
Content-Length: 87
Content-Type: application/json; charset=utf-8
host: hub.lambdatest.com
authorization: Basic cm9zaGFuazpMVF8wdXVaNmxZbjhzeFE1NWFHWWlYTERHM2x3YWtmRXNjY3h1V0JCZm00RWVNYjRXbQ==
accept: */*

Response DefaultHttpResponse(decodeResult: success, version: HTTP/1.1)
HTTP/1.1 200 OK
Date: Thu, 27 Mar 2025 14:01:17 GMT
Content-Type: application/json
Content-Length: 14
Connection: keep-alive

19:31:17.575 [AsyncHttpClient-1-2] DEBUG org.asynchttpclient.netty.channel.ChannelManager - Adding key: https://hub.lambdatest.com:443 for channel [id: 0x143e8858, L:/192.168.100.119:55408 - R:hub.lambdatest.com/43.204.87.215:443]
19:31:17.601 [AsyncHttpClient-1-1] DEBUG org.asynchttpclient.netty.channel.DefaultChannelPool - Entry count for : https://hub.lambdatest.com:443 : 1
19:31:18.697 [AsyncHttpClient-1-1] DEBUG org.asynchttpclient.netty.channel.DefaultChannelPool - Entry count for : https://hub.lambdatest.com:443 : 1
19:31:19.799 [AsyncHttpClient-1-1] DEBUG org.asynchttpclient.netty.channel.DefaultChannelPool - Entry count for : https://hub.lambdatest.com:443 : 1
19:31:20.901 [AsyncHttpClient-1-1] DEBUG org.asynchttpclient.netty.channel.DefaultChannelPool - Entry count for : https://hub.lambdatest.com:443 : 1
19:31:22.000 [AsyncHttpClient-1-1] DEBUG org.asynchttpclient.netty.channel.DefaultChannelPool - Entry count for : https://hub.lambdatest.com:443 : 1
19:31:22.588 [Forwarding getTitle on session 290045122958190ce15a9388800a1a3e to remote] DEBUG org.asynchttpclient.netty.request.NettyRequestSender - Using pooled Channel '[id: 0x143e8858, L:/192.168.100.119:55408 - R:hub.lambdatest.com/43.204.87.215:443]' for 'GET' to 'https://roshank:LT_0uuZ6lYn8sxQ55aGYiXLDG3lwakfEsccxuWBBfm4EeMb4Wm@hub.lambdatest.com/wd/hub/session/290045122958190ce15a9388800a1a3e/title'
19:31:22.588 [Forwarding getTitle on session 290045122958190ce15a9388800a1a3e to remote] DEBUG org.asynchttpclient.netty.request.NettyRequestSender - Using open Channel [id: 0x143e8858, L:/192.168.100.119:55408 - R:hub.lambdatest.com/43.204.87.215:443] for GET '/wd/hub/session/290045122958190ce15a9388800a1a3e/title'
19:31:23.007 [AsyncHttpClient-1-2] DEBUG org.asynchttpclient.netty.handler.HttpHandler - 

Request DefaultFullHttpRequest(decodeResult: success, version: HTTP/1.1, content: EmptyByteBufBE)
GET /wd/hub/session/290045122958190ce15a9388800a1a3e/title HTTP/1.1
User-Agent: selenium/4.10.0 (java mac)
Cache-Control: no-cache
traceparent: 00-0d6edaca99b809b74dd46bb80f6ad788-33709d8c887558c6-01
Content-Type: application/json; charset=utf-8
host: hub.lambdatest.com
authorization: Basic cm9zaGFuazpMVF8wdXVaNmxZbjhzeFE1NWFHWWlYTERHM2x3YWtmRXNjY3h1V0JCZm00RWVNYjRXbQ==
accept: */*

Response DefaultHttpResponse(decodeResult: success, version: HTTP/1.1)
HTTP/1.1 200 OK
Date: Thu, 27 Mar 2025 14:01:23 GMT
Content-Type: application/json
Content-Length: 108
Connection: keep-alive
Vary: Accept-Encoding

19:31:23.007 [AsyncHttpClient-1-2] DEBUG org.asynchttpclient.netty.channel.ChannelManager - Adding key: https://hub.lambdatest.com:443 for channel [id: 0x143e8858, L:/192.168.100.119:55408 - R:hub.lambdatest.com/43.204.87.215:443]
Login Successful on LambdaTest!
19:31:23.024 [Forwarding quit on session 290045122958190ce15a9388800a1a3e to remote] DEBUG org.asynchttpclient.netty.request.NettyRequestSender - Using pooled Channel '[id: 0x143e8858, L:/192.168.100.119:55408 - R:hub.lambdatest.com/43.204.87.215:443]' for 'DELETE' to 'https://roshank:LT_0uuZ6lYn8sxQ55aGYiXLDG3lwakfEsccxuWBBfm4EeMb4Wm@hub.lambdatest.com/wd/hub/session/290045122958190ce15a9388800a1a3e'
19:31:23.025 [Forwarding quit on session 290045122958190ce15a9388800a1a3e to remote] DEBUG org.asynchttpclient.netty.request.NettyRequestSender - Using open Channel [id: 0x143e8858, L:/192.168.100.119:55408 - R:hub.lambdatest.com/43.204.87.215:443] for DELETE '/wd/hub/session/290045122958190ce15a9388800a1a3e'
19:31:23.290 [AsyncHttpClient-1-2] DEBUG org.asynchttpclient.netty.handler.HttpHandler - 

Request DefaultFullHttpRequest(decodeResult: success, version: HTTP/1.1, content: EmptyByteBufBE)
DELETE /wd/hub/session/290045122958190ce15a9388800a1a3e HTTP/1.1
User-Agent: selenium/4.10.0 (java mac)
traceparent: 00-b5ad4ed6614c839dfa4c0b8e5f96589d-4b86d961cafa1a50-01
Content-Type: application/json; charset=utf-8
host: hub.lambdatest.com
authorization: Basic cm9zaGFuazpMVF8wdXVaNmxZbjhzeFE1NWFHWWlYTERHM2x3YWtmRXNjY3h1V0JCZm00RWVNYjRXbQ==
accept: */*

Response DefaultHttpResponse(decodeResult: success, version: HTTP/1.1)
HTTP/1.1 200 OK
Date: Thu, 27 Mar 2025 14:01:23 GMT
Content-Type: application/json
Content-Length: 14
Connection: keep-alive

19:31:23.291 [AsyncHttpClient-1-2] DEBUG org.asynchttpclient.netty.channel.ChannelManager - Adding key: https://hub.lambdatest.com:443 for channel [id: 0x143e8858, L:/192.168.100.119:55408 - R:hub.lambdatest.com/43.204.87.215:443]
]]></system-out>
    <system-err><![CDATA[Mar 27, 2025 7:31:00 PM org.openqa.selenium.remote.tracing.opentelemetry.OpenTelemetryTracer createTracer
INFO: Using OpenTelemetry for tracing
]]></system-err>
  </testcase>
</testsuite>